2025-03-26 21:40:14,347 - 开始数据检查 - 检查期间: 2024-03-26 到 2025-03-26
2025-03-26 21:40:14,347 - 目标日期: 2025-03-26
2025-03-26 21:40:14,347 - 
检查信号: CreditSpread_9M
2025-03-26 21:40:14,411 - 文件 ChinaDevelopmentBankBonds.csv 数据不完整: 缺少以下日期: ['2025-03-25', '2025-03-26']
2025-03-26 21:40:14,444 - 文件 ChinaMediumTermNotes.csv 数据不完整: 缺少以下日期: ['2025-03-25', '2025-03-26']
2025-03-26 21:40:14,444 - 信号 CreditSpread_9M 检查完成，状态: error

2025-03-26 21:40:14,444 - 
检查信号: CreditSpread_5Y
2025-03-26 21:40:14,458 - 文件 ChinaDevelopmentBankBonds.csv 数据不完整: 缺少以下日期: ['2025-03-25', '2025-03-26']
2025-03-26 21:40:14,470 - 文件 ChinaMediumTermNotes.csv 数据不完整: 缺少以下日期: ['2025-03-25', '2025-03-26']
2025-03-26 21:40:14,470 - 信号 CreditSpread_5Y 检查完成，状态: error

2025-03-26 21:40:14,470 - 
检查信号: Shibor_2W
2025-03-26 21:40:14,507 - 文件 Shibor.csv 数据不完整: 缺少以下日期: ['2025-03-25', '2025-03-26']
2025-03-26 21:40:14,507 - 信号 Shibor_2W 检查完成，状态: error

2025-03-26 21:40:14,507 - 
检查信号: Shibor_9M
2025-03-26 21:40:14,520 - 文件 Shibor.csv 数据不完整: 缺少以下日期: ['2025-03-25', '2025-03-26']
2025-03-26 21:40:14,520 - 信号 Shibor_9M 检查完成，状态: error

2025-03-26 21:40:14,520 - 
检查信号: Bond_3Y
2025-03-26 21:40:14,555 - 文件 ChinaGovernmentBonds.csv 数据不完整: 缺少以下日期: ['2025-03-25', '2025-03-26']
2025-03-26 21:40:14,555 - 信号 Bond_3Y 检查完成，状态: error

2025-03-26 21:40:14,555 - 
检查信号: Bond_10Y
2025-03-26 21:40:14,567 - 文件 ChinaGovernmentBonds.csv 数据不完整: 缺少以下日期: ['2025-03-25', '2025-03-26']
2025-03-26 21:40:14,567 - 信号 Bond_10Y 检查完成，状态: error

2025-03-26 21:40:14,567 - 
检查信号: USDX
2025-03-26 21:40:14,610 - 文件 UsDollar.csv 数据不完整: 缺少以下日期: ['2025-03-25', '2025-03-26']
2025-03-26 21:40:14,610 - 信号 USDX 检查完成，状态: error

2025-03-26 21:40:14,610 - 
检查信号: TermSpread_9Y
2025-03-26 21:40:14,626 - 文件 ChinaDevelopmentBankBonds.csv 数据不完整: 缺少以下日期: ['2025-03-25', '2025-03-26']
2025-03-26 21:40:14,626 - 信号 TermSpread_9Y 检查完成，状态: error

2025-03-26 21:40:14,626 - 
检查信号: M1M2
2025-03-26 21:40:14,683 - 文件 M1M2.csv 数据不完整: 缺少以下日期: ['2025-03-25', '2025-03-26']
2025-03-26 21:40:14,683 - 信号 M1M2 检查完成，状态: error

2025-03-26 21:40:14,683 - 
检查信号: RelativeVolume_std
2025-03-26 21:40:14,697 - 文件 IndexVolume.csv 数据不完整: 缺少以下日期: ['2024-09-24', '2024-09-25', '2024-09-26', '2024-09-27', '2024-09-30', '2024-10-21', '2025-03-26']
2025-03-26 21:40:14,697 - 信号 RelativeVolume_std 检查完成，状态: error

2025-03-26 21:40:14,697 - 
检查信号: RelativeReturn_std
2025-03-26 21:40:14,710 - 文件 index_return.csv 数据不完整: 缺少以下日期: ['2025-02-28', '2025-03-03', '2025-03-04', '2025-03-05', '2025-03-06', '2025-03-07', '2025-03-10', '2025-03-11', '2025-03-12', '2025-03-13', '2025-03-14', '2025-03-17', '2025-03-18', '2025-03-19', '2025-03-20', '2025-03-21', '2025-03-24', '2025-03-25', '2025-03-26']
2025-03-26 21:40:14,711 - 信号 RelativeReturn_std 检查完成，状态: error

2025-03-26 21:40:14,711 - 
检查信号: EarningsYield_Reverse
2025-03-26 21:40:14,711 - 文件不存在: not found
2025-03-26 21:40:14,711 - 文件不存在: not found
2025-03-26 21:40:14,711 - 信号 EarningsYield_Reverse 检查完成，状态: error

2025-03-26 21:40:14,711 - 检查过程出错: 信号 Growth 未在配置文件中找到
2025-03-26 21:40:14,711 - 
检查信号: LHBProportion
2025-03-26 21:40:14,738 - 文件 LHB_AMT_proportion.csv 数据不完整: 缺少以下日期: ['2025-01-02', '2025-01-03', '2025-03-24', '2025-03-25', '2025-03-26']
2025-03-26 21:40:14,752 - 文件 IndexAmt.csv 数据不完整: 缺少以下日期: ['2024-09-24', '2024-09-25', '2024-09-26', '2024-09-27', '2024-09-30', '2024-10-21', '2024-12-26', '2024-12-27', '2024-12-30', '2024-12-31', '2025-02-28', '2025-03-26']
2025-03-26 21:40:14,752 - 信号 LHBProportion 检查完成，状态: error

2025-03-26 21:40:14,752 - 
检查信号: NLBP_difference
2025-03-26 21:40:14,770 - 文件 NetLeverageBuying.csv 数据不完整: 缺少以下日期: ['2025-03-24', '2025-03-25', '2025-03-26']
2025-03-26 21:40:14,770 - 信号 NLBP_difference 检查完成，状态: error

