2025-04-01 17:40:43,350 - 开始数据检查 - 检查期间: 2024-03-31 到 2025-03-31
2025-04-01 17:40:43,350 - 目标日期: 2025-03-31
2025-04-01 17:40:43,351 - 
检查信号: CreditSpread_9M
2025-04-01 17:40:43,373 - 文件 ChinaDevelopmentBankBonds.csv 数据完整
2025-04-01 17:40:43,394 - 文件 ChinaMediumTermNotes.csv 数据完整
2025-04-01 17:40:43,394 - 信号 CreditSpread_9M 检查完成，状态: normal

2025-04-01 17:40:43,394 - 
检查信号数据: CreditSpread_9M_1D_9_combine
2025-04-01 17:40:43,394 - 数据路径: E:\kai\Signal\signal_boost\prod\CreditSpread_9M_1D_9_combine
2025-04-01 17:40:43,394 - 信号数据文件夹不存在: E:\kai\Signal\signal_boost\prod\CreditSpread_9M_1D_9_combine
2025-04-01 17:40:43,395 - 
检查信号: CreditSpread_5Y
2025-04-01 17:40:43,405 - 文件 ChinaDevelopmentBankBonds.csv 数据完整
2025-04-01 17:40:43,415 - 文件 ChinaMediumTermNotes.csv 数据完整
2025-04-01 17:40:43,415 - 信号 CreditSpread_5Y 检查完成，状态: normal

2025-04-01 17:40:43,415 - 
检查信号数据: CreditSpread_5Y_1D_9_combine
2025-04-01 17:40:43,416 - 数据路径: E:\kai\Signal\signal_boost\prod\CreditSpread_5Y_1D_9_combine
2025-04-01 17:40:43,416 - 信号数据文件夹不存在: E:\kai\Signal\signal_boost\prod\CreditSpread_5Y_1D_9_combine
2025-04-01 17:40:43,416 - 
检查信号: Shibor_2W
2025-04-01 17:40:43,436 - 文件 Shibor.csv 数据完整
2025-04-01 17:40:43,436 - 信号 Shibor_2W 检查完成，状态: normal

2025-04-01 17:40:43,436 - 
检查信号数据: Shibor_2W_45D_9_combine
2025-04-01 17:40:43,436 - 数据路径: E:\kai\Signal\signal_boost\prod\Shibor_2W_45D_9_combine
2025-04-01 17:40:43,437 - 信号数据文件夹不存在: E:\kai\Signal\signal_boost\prod\Shibor_2W_45D_9_combine
2025-04-01 17:40:43,437 - 
检查信号: Shibor_9M
2025-04-01 17:40:43,447 - 文件 Shibor.csv 数据完整
2025-04-01 17:40:43,447 - 信号 Shibor_9M 检查完成，状态: normal

2025-04-01 17:40:43,447 - 
检查信号数据: Shibor_9M_45D_9_combine
2025-04-01 17:40:43,447 - 数据路径: E:\kai\Signal\signal_boost\prod\Shibor_9M_45D_9_combine
2025-04-01 17:40:43,447 - 信号数据文件夹不存在: E:\kai\Signal\signal_boost\prod\Shibor_9M_45D_9_combine
2025-04-01 17:40:43,447 - 
检查信号: Bond_3Y
2025-04-01 17:40:43,480 - 文件 ChinaGovernmentBonds.csv 数据完整
2025-04-01 17:40:43,481 - 信号 Bond_3Y 检查完成，状态: normal

2025-04-01 17:40:43,481 - 
检查信号数据: Bond_3Y_90D_9_combine
2025-04-01 17:40:43,481 - 数据路径: E:\kai\Signal\signal_boost\prod\Bond_3Y_90D_9_combine
2025-04-01 17:40:43,481 - 信号数据文件夹不存在: E:\kai\Signal\signal_boost\prod\Bond_3Y_90D_9_combine
2025-04-01 17:40:43,481 - 
检查信号: Bond_10Y
2025-04-01 17:40:43,491 - 文件 ChinaGovernmentBonds.csv 数据完整
2025-04-01 17:40:43,492 - 信号 Bond_10Y 检查完成，状态: normal

2025-04-01 17:40:43,492 - 
检查信号数据: Bond_10Y_90D_9_combine
2025-04-01 17:40:43,492 - 数据路径: E:\kai\Signal\signal_boost\prod\Bond_10Y_90D_9_combine
2025-04-01 17:40:43,492 - 信号数据文件夹不存在: E:\kai\Signal\signal_boost\prod\Bond_10Y_90D_9_combine
2025-04-01 17:40:43,492 - 
检查信号: USDX
2025-04-01 17:40:43,513 - 文件 UsDollar.csv 数据完整
2025-04-01 17:40:43,513 - 信号 USDX 检查完成，状态: normal

2025-04-01 17:40:43,513 - 
检查信号数据: USDX_120D_9_combine
2025-04-01 17:40:43,513 - 数据路径: E:\kai\Signal\signal_boost\prod\USDX_120D_9_combine
2025-04-01 17:40:43,513 - 信号数据文件夹不存在: E:\kai\Signal\signal_boost\prod\USDX_120D_9_combine
2025-04-01 17:40:43,513 - 
检查信号: TermSpread_9Y
2025-04-01 17:40:43,524 - 文件 ChinaDevelopmentBankBonds.csv 数据完整
2025-04-01 17:40:43,524 - 信号 TermSpread_9Y 检查完成，状态: normal

2025-04-01 17:40:43,524 - 
检查信号数据: TermSpread_9Y_120D_9_combine
2025-04-01 17:40:43,525 - 数据路径: E:\kai\Signal\signal_boost\prod\TermSpread_9Y_120D_9_combine
2025-04-01 17:40:43,525 - 信号数据文件夹不存在: E:\kai\Signal\signal_boost\prod\TermSpread_9Y_120D_9_combine
2025-04-01 17:40:43,525 - 
检查信号: M1M2
2025-04-01 17:40:43,546 - 文件 M1M2.csv 数据完整
2025-04-01 17:40:43,546 - 信号 M1M2 检查完成，状态: normal

2025-04-01 17:40:43,546 - 
检查信号数据: M1M2_90D_9_combine
2025-04-01 17:40:43,546 - 数据路径: E:\kai\Signal\signal_boost\prod\M1M2_90D_9_combine
2025-04-01 17:40:43,546 - 信号数据文件夹不存在: E:\kai\Signal\signal_boost\prod\M1M2_90D_9_combine
2025-04-01 17:40:43,547 - 
检查信号: RelativeVolume_std
2025-04-01 17:40:43,570 - 文件 IndexVolume.csv 数据完整
2025-04-01 17:40:43,570 - 信号 RelativeVolume_std 检查完成，状态: normal

2025-04-01 17:40:43,570 - 
检查信号数据: RelativeVolume_std_20D_9_combine
2025-04-01 17:40:43,570 - 数据路径: E:\kai\Signal\signal_boost\prod\RelativeVolume_std_20D_9_combine
2025-04-01 17:40:43,571 - 信号数据文件夹不存在: E:\kai\Signal\signal_boost\prod\RelativeVolume_std_20D_9_combine
2025-04-01 17:40:43,571 - 
检查信号: RelativeReturn_std
2025-04-01 17:40:43,646 - 文件 index_return.csv 数据完整
2025-04-01 17:40:43,646 - 信号 RelativeReturn_std 检查完成，状态: normal

2025-04-01 17:40:43,646 - 
检查信号数据: RelativeReturn_std_20D_9_combine
2025-04-01 17:40:43,646 - 数据路径: E:\kai\Signal\signal_boost\prod\RelativeReturn_std_20D_9_combine
2025-04-01 17:40:43,646 - 信号数据文件夹不存在: E:\kai\Signal\signal_boost\prod\RelativeReturn_std_20D_9_combine
2025-04-01 17:40:43,646 - 
检查信号: EarningsYield_Reverse
2025-04-01 17:40:43,647 - 文件不存在: not found
2025-04-01 17:40:43,647 - 文件不存在: not found
2025-04-01 17:40:43,647 - 信号 EarningsYield_Reverse 检查完成，状态: error

2025-04-01 17:40:43,647 - 检查过程出错: 信号 Growth 未在配置文件中找到
2025-04-01 17:40:43,647 - 
检查信号: LHBProportion
2025-04-01 17:40:43,666 - 文件 LHB_AMT_proportion.csv 数据完整
2025-04-01 17:40:43,690 - 文件 IndexAmt.csv 数据完整
2025-04-01 17:40:43,691 - 信号 LHBProportion 检查完成，状态: normal

2025-04-01 17:40:43,691 - 
检查信号数据: LHBProportion_1D_9_combine
2025-04-01 17:40:43,691 - 数据路径: E:\kai\Signal\signal_boost\prod\LHBProportion_1D_9_combine
2025-04-01 17:40:43,691 - 信号数据文件夹不存在: E:\kai\Signal\signal_boost\prod\LHBProportion_1D_9_combine
2025-04-01 17:40:43,691 - 
检查信号: NLBP_difference
2025-04-01 17:40:43,710 - 文件 NetLeverageBuying.csv 数据完整
2025-04-01 17:40:43,710 - 信号 NLBP_difference 检查完成，状态: normal

2025-04-01 17:40:43,710 - 
检查信号数据: NLBP_difference_1D_9_combine
2025-04-01 17:40:43,710 - 数据路径: E:\kai\Signal\signal_boost\prod\NLBP_difference_1D_9_combine
2025-04-01 17:40:43,711 - 信号数据文件夹不存在: E:\kai\Signal\signal_boost\prod\NLBP_difference_1D_9_combine
2025-04-01 17:40:43,711 - 检查过程出错: 信号 LargeOrder_difference 未在配置文件中找到
2025-04-01 21:57:47,980 - 开始数据检查 - 检查期间: 2024-04-01 到 2025-04-01
2025-04-01 21:57:47,980 - 目标日期: 2025-04-01
2025-04-01 21:57:47,981 - 
检查信号: CreditSpread_9M
2025-04-01 21:57:48,003 - 文件 ChinaDevelopmentBankBonds.csv 数据不完整: 缺少以下日期: ['2025-04-01']
2025-04-01 21:57:48,024 - 文件 ChinaMediumTermNotes.csv 数据不完整: 缺少以下日期: ['2025-04-01']
2025-04-01 21:57:48,024 - 信号 CreditSpread_9M 检查完成，状态: error

2025-04-01 21:57:48,024 - 
检查信号: CreditSpread_5Y
2025-04-01 21:57:48,035 - 文件 ChinaDevelopmentBankBonds.csv 数据不完整: 缺少以下日期: ['2025-04-01']
2025-04-01 21:57:48,045 - 文件 ChinaMediumTermNotes.csv 数据不完整: 缺少以下日期: ['2025-04-01']
2025-04-01 21:57:48,045 - 信号 CreditSpread_5Y 检查完成，状态: error

2025-04-01 21:57:48,046 - 
检查信号: Shibor_2W
2025-04-01 21:57:48,066 - 文件 Shibor.csv 数据不完整: 缺少以下日期: ['2025-04-01']
2025-04-01 21:57:48,067 - 信号 Shibor_2W 检查完成，状态: error

2025-04-01 21:57:48,067 - 
检查信号: Shibor_9M
2025-04-01 21:57:48,077 - 文件 Shibor.csv 数据不完整: 缺少以下日期: ['2025-04-01']
2025-04-01 21:57:48,077 - 信号 Shibor_9M 检查完成，状态: error

2025-04-01 21:57:48,077 - 
检查信号: Bond_3Y
2025-04-01 21:57:48,109 - 文件 ChinaGovernmentBonds.csv 数据不完整: 缺少以下日期: ['2025-04-01']
2025-04-01 21:57:48,109 - 信号 Bond_3Y 检查完成，状态: error

2025-04-01 21:57:48,109 - 
检查信号: Bond_10Y
2025-04-01 21:57:48,119 - 文件 ChinaGovernmentBonds.csv 数据不完整: 缺少以下日期: ['2025-04-01']
2025-04-01 21:57:48,119 - 信号 Bond_10Y 检查完成，状态: error

2025-04-01 21:57:48,119 - 
检查信号: USDX
2025-04-01 21:57:48,139 - 文件 UsDollar.csv 数据不完整: 缺少以下日期: ['2025-04-01']
2025-04-01 21:57:48,139 - 信号 USDX 检查完成，状态: error

2025-04-01 21:57:48,139 - 
检查信号: TermSpread_9Y
2025-04-01 21:57:48,150 - 文件 ChinaDevelopmentBankBonds.csv 数据不完整: 缺少以下日期: ['2025-04-01']
2025-04-01 21:57:48,150 - 信号 TermSpread_9Y 检查完成，状态: error

2025-04-01 21:57:48,150 - 
检查信号: M1M2
2025-04-01 21:57:48,171 - 文件 M1M2.csv 数据不完整: 缺少以下日期: ['2025-04-01']
2025-04-01 21:57:48,172 - 信号 M1M2 检查完成，状态: error

2025-04-01 21:57:48,172 - 
检查信号: RelativeVolume_std
2025-04-01 21:57:48,195 - 文件 IndexVolume.csv 数据不完整: 缺少以下日期: ['2025-04-01']
2025-04-01 21:57:48,195 - 信号 RelativeVolume_std 检查完成，状态: error

2025-04-01 21:57:48,195 - 
检查信号: RelativeReturn_std
2025-04-01 21:57:48,218 - 文件 index_return.csv 数据不完整: 缺少以下日期: ['2025-04-01']
2025-04-01 21:57:48,218 - 信号 RelativeReturn_std 检查完成，状态: error

2025-04-01 21:57:48,218 - 
检查信号: EarningsYield_Reverse
2025-04-01 21:57:48,218 - 文件不存在: not found
2025-04-01 21:57:48,218 - 文件不存在: not found
2025-04-01 21:57:48,219 - 信号 EarningsYield_Reverse 检查完成，状态: error

2025-04-01 21:57:48,219 - 检查过程出错: 信号 Growth 未在配置文件中找到
2025-04-01 21:57:48,219 - 
检查信号: LHBProportion
2025-04-01 21:57:48,239 - 文件 LHB_AMT_proportion.csv 数据不完整: 缺少以下日期: ['2025-04-01']
2025-04-01 21:57:48,265 - 文件 IndexAmt.csv 数据不完整: 缺少以下日期: ['2025-04-01']
2025-04-01 21:57:48,265 - 信号 LHBProportion 检查完成，状态: error

2025-04-01 21:57:48,265 - 
检查信号: NLBP_difference
2025-04-01 21:57:48,285 - 文件 NetLeverageBuying.csv 数据不完整: 缺少以下日期: ['2025-04-01']
2025-04-01 21:57:48,285 - 信号 NLBP_difference 检查完成，状态: error

2025-04-01 21:57:48,285 - 检查过程出错: 信号 LargeOrder_difference 未在配置文件中找到
2025-04-01 22:18:38,221 - 开始数据检查 - 检查期间: 2024-04-01 到 2025-04-01
2025-04-01 22:18:38,222 - 目标日期: 2025-04-01
2025-04-01 22:18:38,223 - 
检查信号: CreditSpread_9M
2025-04-01 22:18:38,233 - 文件 ChinaDevelopmentBankBonds.csv 数据不完整: 缺少以下日期: ['2025-04-01']
2025-04-01 22:18:38,243 - 文件 ChinaMediumTermNotes.csv 数据不完整: 缺少以下日期: ['2025-04-01']
2025-04-01 22:18:38,243 - 信号 CreditSpread_9M 检查完成，状态: error

2025-04-01 22:18:38,244 - 
检查信号: CreditSpread_5Y
2025-04-01 22:18:38,254 - 文件 ChinaDevelopmentBankBonds.csv 数据不完整: 缺少以下日期: ['2025-04-01']
2025-04-01 22:18:38,264 - 文件 ChinaMediumTermNotes.csv 数据不完整: 缺少以下日期: ['2025-04-01']
2025-04-01 22:18:38,264 - 信号 CreditSpread_5Y 检查完成，状态: error

2025-04-01 22:18:38,264 - 
检查信号: Shibor_2W
2025-04-01 22:18:38,274 - 文件 Shibor.csv 数据不完整: 缺少以下日期: ['2025-04-01']
2025-04-01 22:18:38,274 - 信号 Shibor_2W 检查完成，状态: error

2025-04-01 22:18:38,274 - 
检查信号: Shibor_9M
2025-04-01 22:18:38,284 - 文件 Shibor.csv 数据不完整: 缺少以下日期: ['2025-04-01']
2025-04-01 22:18:38,284 - 信号 Shibor_9M 检查完成，状态: error

2025-04-01 22:18:38,284 - 
检查信号: Bond_3Y
2025-04-01 22:18:38,294 - 文件 ChinaGovernmentBonds.csv 数据不完整: 缺少以下日期: ['2025-04-01']
2025-04-01 22:18:38,294 - 信号 Bond_3Y 检查完成，状态: error

2025-04-01 22:18:38,294 - 
检查信号: Bond_10Y
2025-04-01 22:18:38,304 - 文件 ChinaGovernmentBonds.csv 数据不完整: 缺少以下日期: ['2025-04-01']
2025-04-01 22:18:38,304 - 信号 Bond_10Y 检查完成，状态: error

2025-04-01 22:18:38,304 - 
检查信号: USDX
2025-04-01 22:18:38,314 - 文件 UsDollar.csv 数据不完整: 缺少以下日期: ['2025-04-01']
2025-04-01 22:18:38,314 - 信号 USDX 检查完成，状态: error

2025-04-01 22:18:38,314 - 
检查信号: TermSpread_9Y
2025-04-01 22:18:38,325 - 文件 ChinaDevelopmentBankBonds.csv 数据不完整: 缺少以下日期: ['2025-04-01']
2025-04-01 22:18:38,325 - 信号 TermSpread_9Y 检查完成，状态: error

2025-04-01 22:18:38,325 - 
检查信号: M1M2
2025-04-01 22:18:38,336 - 文件 M1M2.csv 数据不完整: 缺少以下日期: ['2025-04-01']
2025-04-01 22:18:38,336 - 信号 M1M2 检查完成，状态: error

2025-04-01 22:18:38,336 - 
检查信号: RelativeVolume_std
2025-04-01 22:18:38,350 - 文件 IndexVolume.csv 数据不完整: 缺少以下日期: ['2025-04-01']
2025-04-01 22:18:38,350 - 信号 RelativeVolume_std 检查完成，状态: error

2025-04-01 22:18:38,350 - 
检查信号: RelativeReturn_std
2025-04-01 22:18:38,370 - 文件 index_return.csv 数据不完整: 缺少以下日期: ['2025-04-01']
2025-04-01 22:18:38,370 - 信号 RelativeReturn_std 检查完成，状态: error

2025-04-01 22:18:38,370 - 
检查信号: EarningsYield_Reverse
2025-04-01 22:18:38,370 - 文件不存在: not found
2025-04-01 22:18:38,370 - 文件不存在: not found
2025-04-01 22:18:38,370 - 信号 EarningsYield_Reverse 检查完成，状态: error

2025-04-01 22:18:38,371 - 检查过程出错: 信号 Growth 未在配置文件中找到
2025-04-01 22:18:38,371 - 
检查信号: LHBProportion
2025-04-01 22:18:38,371 - 文件不存在: E:\kai\OneDrive\Data_prepared_test\data_timeSeries\mkt_data\LHB_AMT_proportion.csv
2025-04-01 22:18:38,385 - 文件 IndexAmt.csv 数据不完整: 缺少以下日期: ['2025-04-01']
2025-04-01 22:18:38,385 - 信号 LHBProportion 检查完成，状态: error

2025-04-01 22:18:38,385 - 
检查信号: NLBP_difference
2025-04-01 22:18:38,394 - 文件 NetLeverageBuying.csv 数据不完整: 缺少以下日期: ['2025-04-01']
2025-04-01 22:18:38,394 - 信号 NLBP_difference 检查完成，状态: error

2025-04-01 22:18:38,394 - 检查过程出错: 信号 LargeOrder_difference 未在配置文件中找到
2025-04-01 22:19:30,826 - 开始数据检查 - 检查期间: 2023-03-29 到 2024-03-29
2025-04-01 22:19:30,827 - 目标日期: 2024-03-29
2025-04-01 22:19:30,827 - 
检查信号: CreditSpread_9M
2025-04-01 22:19:30,839 - 文件 ChinaDevelopmentBankBonds.csv 数据完整
2025-04-01 22:19:30,849 - 文件 ChinaMediumTermNotes.csv 数据完整
2025-04-01 22:19:30,849 - 信号 CreditSpread_9M 检查完成，状态: normal

2025-04-01 22:19:30,849 - 
检查信号数据: CreditSpread_9M_1D_9_combine
2025-04-01 22:19:30,849 - 数据路径: E:\kai\Signal\signal_boost\prod\CreditSpread_9M_1D_9_combine
2025-04-01 22:19:30,849 - 信号数据文件夹不存在: E:\kai\Signal\signal_boost\prod\CreditSpread_9M_1D_9_combine
2025-04-01 22:20:33,614 - 开始数据检查 - 检查期间: 2023-03-29 到 2024-03-29
2025-04-01 22:20:33,615 - 目标日期: 2024-03-29
2025-04-01 22:20:33,615 - 
检查信号: CreditSpread_9M
2025-04-01 22:20:33,627 - 文件 ChinaDevelopmentBankBonds.csv 数据完整
2025-04-01 22:20:33,637 - 文件 ChinaMediumTermNotes.csv 数据完整
2025-04-01 22:20:33,637 - 信号 CreditSpread_9M 检查完成，状态: normal

2025-04-01 22:20:33,637 - 
检查信号数据: CreditSpread_9M_1D_9_combine
2025-04-01 22:20:33,637 - 数据路径: E:\kai\Signal\signal_boost\prod\CreditSpread_9M_1D_9_combine
2025-04-01 22:20:33,638 - 信号数据文件夹不存在: E:\kai\Signal\signal_boost\prod\CreditSpread_9M_1D_9_combine
2025-04-01 22:21:21,552 - 
检查信号: CreditSpread_5Y
2025-04-01 22:21:21,564 - 文件 ChinaDevelopmentBankBonds.csv 数据完整
2025-04-01 22:21:21,573 - 文件 ChinaMediumTermNotes.csv 数据完整
2025-04-01 22:21:21,573 - 信号 CreditSpread_5Y 检查完成，状态: normal

2025-04-01 22:21:21,573 - 
检查信号数据: CreditSpread_5Y_1D_9_combine
2025-04-01 22:21:21,574 - 数据路径: E:\kai\Signal\signal_boost\prod\CreditSpread_5Y_1D_9_combine
2025-04-01 22:21:21,574 - 信号数据文件夹不存在: E:\kai\Signal\signal_boost\prod\CreditSpread_5Y_1D_9_combine
2025-04-01 22:22:28,453 - 
检查信号: Shibor_2W
2025-04-01 22:22:28,463 - 文件 Shibor.csv 数据完整
2025-04-01 22:22:28,463 - 信号 Shibor_2W 检查完成，状态: normal

2025-04-01 22:22:28,463 - 
检查信号数据: Shibor_2W_45D_9_combine
2025-04-01 22:22:28,463 - 数据路径: E:\kai\Signal\signal_boost\prod\Shibor_2W_45D_9_combine
2025-04-01 22:22:28,464 - 信号数据文件夹不存在: E:\kai\Signal\signal_boost\prod\Shibor_2W_45D_9_combine
2025-04-01 22:23:11,125 - 开始数据检查 - 检查期间: 2024-03-31 到 2025-03-31
2025-04-01 22:23:11,126 - 目标日期: 2025-03-31
2025-04-01 22:23:11,126 - 
检查信号: CreditSpread_9M
2025-04-01 22:23:11,138 - 文件 ChinaDevelopmentBankBonds.csv 数据完整
2025-04-01 22:23:11,148 - 文件 ChinaMediumTermNotes.csv 数据完整
2025-04-01 22:23:11,148 - 信号 CreditSpread_9M 检查完成，状态: normal

2025-04-01 22:23:11,148 - 
检查信号数据: CreditSpread_9M_1D_9_combine
2025-04-01 22:23:11,149 - 数据路径: E:\kai\Signal\signal_boost\prod\CreditSpread_9M_1D_9_combine
2025-04-01 22:23:11,347 - 缺少以下日期的数据: ['2024-04-02', '2024-04-03', '2024-04-08', '2024-04-09', '2024-04-10', '2024-04-11', '2024-04-12', '2024-04-15', '2024-04-16', '2024-04-17', '2024-04-18', '2024-04-19', '2024-04-22', '2024-04-23', '2024-04-24', '2024-04-25', '2024-04-26', '2024-04-29', '2024-04-30', '2024-05-06', '2024-05-07', '2024-05-08', '2024-05-09', '2024-05-10', '2024-05-13', '2024-05-14', '2024-05-15', '2024-05-16', '2024-05-17', '2024-05-20', '2024-05-21', '2024-05-22', '2024-05-23', '2024-05-24', '2024-05-27', '2024-05-28', '2024-05-29', '2024-05-30', '2024-05-31', '2024-06-03', '2024-06-04', '2024-06-05', '2024-06-06', '2024-06-07', '2024-06-11', '2024-06-12', '2024-06-13', '2024-06-14', '2024-06-17', '2024-06-18', '2024-06-19', '2024-06-20', '2024-06-21', '2024-06-24', '2024-06-25', '2024-06-26', '2024-06-27', '2024-06-28', '2024-07-01', '2024-07-02', '2024-07-03', '2024-07-04', '2024-07-05', '2024-07-08', '2024-07-09', '2024-07-10', '2024-07-11', '2024-07-12', '2024-07-15', '2024-07-16', '2024-07-17', '2024-07-18', '2024-07-19', '2024-07-22', '2024-07-23', '2024-07-24', '2024-07-25', '2024-07-26', '2024-07-29', '2024-07-30', '2024-07-31', '2024-08-01', '2024-08-02', '2024-08-05', '2024-08-06', '2024-08-07', '2024-08-08', '2024-08-09', '2024-08-12', '2024-08-13', '2024-08-14', '2024-08-15', '2024-08-16', '2024-08-19', '2024-08-20', '2024-08-21', '2024-08-22', '2024-08-23', '2024-08-26', '2024-08-27', '2024-08-28', '2024-08-29', '2024-08-30', '2024-09-02', '2024-09-03', '2024-09-04', '2024-09-05', '2024-09-06', '2024-09-09', '2024-09-10', '2024-09-11', '2024-09-12', '2024-09-13', '2024-09-18', '2024-09-19', '2024-09-20', '2024-09-23', '2024-09-24', '2024-09-25', '2024-09-26', '2024-09-27', '2024-09-30', '2024-10-08', '2024-10-09', '2024-10-10', '2024-10-11', '2024-10-14', '2024-10-15', '2024-10-16', '2024-10-17', '2024-10-18', '2024-10-21', '2024-10-22', '2024-10-23', '2024-10-24', '2024-10-25', '2024-10-28', '2024-10-29', '2024-10-30', '2024-10-31', '2024-11-01', '2024-11-04', '2024-11-05', '2024-11-06', '2024-11-07', '2024-11-08', '2024-11-11', '2024-11-12', '2024-11-13', '2024-11-14', '2024-11-15', '2024-11-18', '2024-11-19', '2024-11-20', '2024-11-21', '2024-11-22', '2024-11-25', '2024-11-26', '2024-11-27', '2024-11-28', '2024-11-29', '2024-12-02', '2024-12-03', '2024-12-04', '2024-12-05', '2024-12-06', '2024-12-09', '2024-12-10', '2024-12-11', '2024-12-12', '2024-12-13', '2024-12-16', '2024-12-17', '2024-12-18', '2024-12-19', '2024-12-20', '2024-12-23', '2024-12-24', '2024-12-25', '2024-12-26', '2024-12-27', '2024-12-30', '2024-12-31', '2025-01-02', '2025-01-03', '2025-01-06', '2025-01-07', '2025-01-08', '2025-01-09', '2025-01-10', '2025-01-13', '2025-01-14', '2025-01-15', '2025-01-16', '2025-01-17', '2025-01-20', '2025-01-21', '2025-01-22', '2025-01-23', '2025-01-24', '2025-01-27', '2025-02-05', '2025-02-06', '2025-02-07', '2025-02-10', '2025-02-11', '2025-02-12', '2025-02-13', '2025-02-14', '2025-02-17', '2025-02-18', '2025-02-19', '2025-02-20', '2025-02-21', '2025-02-24', '2025-02-25', '2025-02-26', '2025-02-27', '2025-02-28', '2025-03-03', '2025-03-04', '2025-03-05', '2025-03-06', '2025-03-07', '2025-03-10', '2025-03-11', '2025-03-12', '2025-03-13', '2025-03-14', '2025-03-17', '2025-03-18', '2025-03-19', '2025-03-20', '2025-03-21', '2025-03-24', '2025-03-25', '2025-03-26', '2025-03-27', '2025-03-28', '2025-03-31']
2025-04-01 22:23:11,347 - 最新数据日期: 2024-04-01
2025-04-01 22:23:11,347 - 信号 CreditSpread_9M_1D_9_combine 检查完成，状态: error

2025-04-01 22:23:22,700 - 
检查信号: CreditSpread_5Y
2025-04-01 22:23:22,710 - 文件 ChinaDevelopmentBankBonds.csv 数据完整
2025-04-01 22:23:22,720 - 文件 ChinaMediumTermNotes.csv 数据完整
2025-04-01 22:23:22,721 - 信号 CreditSpread_5Y 检查完成，状态: normal

2025-04-01 22:23:22,721 - 
检查信号数据: CreditSpread_5Y_1D_9_combine
2025-04-01 22:23:22,721 - 数据路径: E:\kai\Signal\signal_boost\prod\CreditSpread_5Y_1D_9_combine
2025-04-01 22:23:23,005 - 缺少以下日期的数据: ['2024-04-02', '2024-04-03', '2024-04-08', '2024-04-09', '2024-04-10', '2024-04-11', '2024-04-12', '2024-04-15', '2024-04-16', '2024-04-17', '2024-04-18', '2024-04-19', '2024-04-22', '2024-04-23', '2024-04-24', '2024-04-25', '2024-04-26', '2024-04-29', '2024-04-30', '2024-05-06', '2024-05-07', '2024-05-08', '2024-05-09', '2024-05-10', '2024-05-13', '2024-05-14', '2024-05-15', '2024-05-16', '2024-05-17', '2024-05-20', '2024-05-21', '2024-05-22', '2024-05-23', '2024-05-24', '2024-05-27', '2024-05-28', '2024-05-29', '2024-05-30', '2024-05-31', '2024-06-03', '2024-06-04', '2024-06-05', '2024-06-06', '2024-06-07', '2024-06-11', '2024-06-12', '2024-06-13', '2024-06-14', '2024-06-17', '2024-06-18', '2024-06-19', '2024-06-20', '2024-06-21', '2024-06-24', '2024-06-25', '2024-06-26', '2024-06-27', '2024-06-28', '2024-07-01', '2024-07-02', '2024-07-03', '2024-07-04', '2024-07-05', '2024-07-08', '2024-07-09', '2024-07-10', '2024-07-11', '2024-07-12', '2024-07-15', '2024-07-16', '2024-07-17', '2024-07-18', '2024-07-19', '2024-07-22', '2024-07-23', '2024-07-24', '2024-07-25', '2024-07-26', '2024-07-29', '2024-07-30', '2024-07-31', '2024-08-01', '2024-08-02', '2024-08-05', '2024-08-06', '2024-08-07', '2024-08-08', '2024-08-09', '2024-08-12', '2024-08-13', '2024-08-14', '2024-08-15', '2024-08-16', '2024-08-19', '2024-08-20', '2024-08-21', '2024-08-22', '2024-08-23', '2024-08-26', '2024-08-27', '2024-08-28', '2024-08-29', '2024-08-30', '2024-09-02', '2024-09-03', '2024-09-04', '2024-09-05', '2024-09-06', '2024-09-09', '2024-09-10', '2024-09-11', '2024-09-12', '2024-09-13', '2024-09-18', '2024-09-19', '2024-09-20', '2024-09-23', '2024-09-24', '2024-09-25', '2024-09-26', '2024-09-27', '2024-09-30', '2024-10-08', '2024-10-09', '2024-10-10', '2024-10-11', '2024-10-14', '2024-10-15', '2024-10-16', '2024-10-17', '2024-10-18', '2024-10-21', '2024-10-22', '2024-10-23', '2024-10-24', '2024-10-25', '2024-10-28', '2024-10-29', '2024-10-30', '2024-10-31', '2024-11-01', '2024-11-04', '2024-11-05', '2024-11-06', '2024-11-07', '2024-11-08', '2024-11-11', '2024-11-12', '2024-11-13', '2024-11-14', '2024-11-15', '2024-11-18', '2024-11-19', '2024-11-20', '2024-11-21', '2024-11-22', '2024-11-25', '2024-11-26', '2024-11-27', '2024-11-28', '2024-11-29', '2024-12-02', '2024-12-03', '2024-12-04', '2024-12-05', '2024-12-06', '2024-12-09', '2024-12-10', '2024-12-11', '2024-12-12', '2024-12-13', '2024-12-16', '2024-12-17', '2024-12-18', '2024-12-19', '2024-12-20', '2024-12-23', '2024-12-24', '2024-12-25', '2024-12-26', '2024-12-27', '2024-12-30', '2024-12-31', '2025-01-02', '2025-01-03', '2025-01-06', '2025-01-07', '2025-01-08', '2025-01-09', '2025-01-10', '2025-01-13', '2025-01-14', '2025-01-15', '2025-01-16', '2025-01-17', '2025-01-20', '2025-01-21', '2025-01-22', '2025-01-23', '2025-01-24', '2025-01-27', '2025-02-05', '2025-02-06', '2025-02-07', '2025-02-10', '2025-02-11', '2025-02-12', '2025-02-13', '2025-02-14', '2025-02-17', '2025-02-18', '2025-02-19', '2025-02-20', '2025-02-21', '2025-02-24', '2025-02-25', '2025-02-26', '2025-02-27', '2025-02-28', '2025-03-03', '2025-03-04', '2025-03-05', '2025-03-06', '2025-03-07', '2025-03-10', '2025-03-11', '2025-03-12', '2025-03-13', '2025-03-14', '2025-03-17', '2025-03-18', '2025-03-19', '2025-03-20', '2025-03-21', '2025-03-24', '2025-03-25', '2025-03-26', '2025-03-27', '2025-03-28', '2025-03-31']
2025-04-01 22:23:23,005 - 最新数据日期: 2024-04-01
2025-04-01 22:23:23,005 - 信号 CreditSpread_5Y_1D_9_combine 检查完成，状态: error

2025-04-01 22:23:34,835 - 
检查信号: Shibor_2W
2025-04-01 22:23:34,846 - 文件 Shibor.csv 数据完整
2025-04-01 22:23:34,846 - 信号 Shibor_2W 检查完成，状态: normal

2025-04-01 22:23:34,846 - 
检查信号数据: Shibor_2W_45D_9_combine
2025-04-01 22:23:34,846 - 数据路径: E:\kai\Signal\signal_boost\prod\Shibor_2W_45D_9_combine
2025-04-01 22:23:34,846 - 信号数据文件夹不存在: E:\kai\Signal\signal_boost\prod\Shibor_2W_45D_9_combine
2025-04-01 22:46:03,470 - 
检查信号: Shibor_9M
2025-04-01 22:46:03,492 - 文件 Shibor.csv 数据完整
2025-04-01 22:46:03,492 - 信号 Shibor_9M 检查完成，状态: normal

2025-04-01 22:46:03,492 - 
检查信号数据: Shibor_9M_45D_9_combine
2025-04-01 22:46:03,492 - 数据路径: E:\kai\Signal\signal_boost\prod\Shibor_9M_45D_9_combine
2025-04-01 22:46:03,492 - 信号数据文件夹不存在: E:\kai\Signal\signal_boost\prod\Shibor_9M_45D_9_combine
2025-04-01 22:48:47,895 - 
检查信号: Bond_3Y
2025-04-01 22:48:47,928 - 文件 ChinaGovernmentBonds.csv 数据完整
2025-04-01 22:48:47,928 - 信号 Bond_3Y 检查完成，状态: normal

2025-04-01 22:48:47,929 - 
检查信号数据: Bond_3Y_90D_9_combine
2025-04-01 22:48:47,929 - 数据路径: E:\kai\Signal\signal_boost\prod\Bond_3Y_90D_9_combine
2025-04-01 22:48:47,929 - 信号数据文件夹不存在: E:\kai\Signal\signal_boost\prod\Bond_3Y_90D_9_combine
2025-04-01 23:06:33,926 - 
检查信号: Bond_10Y
2025-04-01 23:06:33,936 - 文件 ChinaGovernmentBonds.csv 数据完整
2025-04-01 23:06:33,937 - 信号 Bond_10Y 检查完成，状态: normal

2025-04-01 23:06:33,937 - 
检查信号数据: Bond_10Y_90D_9_combine
2025-04-01 23:06:33,937 - 数据路径: E:\kai\Signal\signal_boost\prod\Bond_10Y_90D_9_combine
2025-04-01 23:06:33,937 - 信号数据文件夹不存在: E:\kai\Signal\signal_boost\prod\Bond_10Y_90D_9_combine
2025-04-01 23:24:20,716 - 
检查信号: USDX
2025-04-01 23:24:20,737 - 文件 UsDollar.csv 数据完整
2025-04-01 23:24:20,737 - 信号 USDX 检查完成，状态: normal

2025-04-01 23:24:20,737 - 
检查信号数据: USDX_120D_9_combine
2025-04-01 23:24:20,737 - 数据路径: E:\kai\Signal\signal_boost\prod\USDX_120D_9_combine
2025-04-01 23:24:20,738 - 信号数据文件夹不存在: E:\kai\Signal\signal_boost\prod\USDX_120D_9_combine
2025-04-01 23:40:33,575 - 
检查信号: TermSpread_9Y
2025-04-01 23:40:33,598 - 文件 ChinaDevelopmentBankBonds.csv 数据完整
2025-04-01 23:40:33,598 - 信号 TermSpread_9Y 检查完成，状态: normal

2025-04-01 23:40:33,598 - 
检查信号数据: TermSpread_9Y_120D_9_combine
2025-04-01 23:40:33,598 - 数据路径: E:\kai\Signal\signal_boost\prod\TermSpread_9Y_120D_9_combine
2025-04-01 23:40:33,599 - 信号数据文件夹不存在: E:\kai\Signal\signal_boost\prod\TermSpread_9Y_120D_9_combine
2025-04-01 23:55:34,444 - 
检查信号: M1M2
2025-04-01 23:55:34,467 - 文件 M1M2.csv 数据完整
2025-04-01 23:55:34,467 - 信号 M1M2 检查完成，状态: normal

2025-04-01 23:55:34,467 - 
检查信号数据: M1M2_90D_9_combine
2025-04-01 23:55:34,467 - 数据路径: E:\kai\Signal\signal_boost\prod\M1M2_90D_9_combine
2025-04-01 23:55:34,467 - 信号数据文件夹不存在: E:\kai\Signal\signal_boost\prod\M1M2_90D_9_combine
2025-04-01 23:57:31,266 - 
检查信号: RelativeVolume_std
2025-04-01 23:57:31,291 - 文件 IndexVolume.csv 数据完整
2025-04-01 23:57:31,291 - 信号 RelativeVolume_std 检查完成，状态: normal

2025-04-01 23:57:31,291 - 
检查信号数据: RelativeVolume_std_20D_9_combine
2025-04-01 23:57:31,292 - 数据路径: E:\kai\Signal\signal_boost\prod\RelativeVolume_std_20D_9_combine
2025-04-01 23:57:31,292 - 信号数据文件夹不存在: E:\kai\Signal\signal_boost\prod\RelativeVolume_std_20D_9_combine
2025-04-01 23:59:14,758 - 
检查信号: RelativeReturn_std
2025-04-01 23:59:14,773 - 文件 index_return.csv 数据完整
2025-04-01 23:59:14,773 - 信号 RelativeReturn_std 检查完成，状态: normal

2025-04-01 23:59:14,773 - 
检查信号数据: RelativeReturn_std_20D_9_combine
2025-04-01 23:59:14,773 - 数据路径: E:\kai\Signal\signal_boost\prod\RelativeReturn_std_20D_9_combine
2025-04-01 23:59:14,773 - 信号数据文件夹不存在: E:\kai\Signal\signal_boost\prod\RelativeReturn_std_20D_9_combine
2025-04-02 00:00:59,403 - 
检查信号: EarningsYield_Reverse
2025-04-02 00:00:59,403 - 文件不存在: not found
2025-04-02 00:00:59,403 - 文件不存在: not found
2025-04-02 00:00:59,404 - 信号 EarningsYield_Reverse 检查完成，状态: error

2025-04-02 00:00:59,404 - 检查过程出错: 信号 Growth 未在配置文件中找到
2025-04-02 00:00:59,404 - 
检查信号: LHBProportion
2025-04-02 00:00:59,426 - 文件 LHB_AMT_proportion.csv 数据完整
2025-04-02 00:00:59,442 - 文件 IndexAmt.csv 数据完整
2025-04-02 00:00:59,442 - 信号 LHBProportion 检查完成，状态: normal

2025-04-02 00:00:59,442 - 
检查信号数据: LHBProportion_1D_9_combine
2025-04-02 00:00:59,443 - 数据路径: E:\kai\Signal\signal_boost\prod\LHBProportion_1D_9_combine
2025-04-02 00:00:59,443 - 信号数据文件夹不存在: E:\kai\Signal\signal_boost\prod\LHBProportion_1D_9_combine
2025-04-02 00:02:14,602 - 
检查信号: NLBP_difference
2025-04-02 00:02:14,623 - 文件 NetLeverageBuying.csv 数据完整
2025-04-02 00:02:14,623 - 信号 NLBP_difference 检查完成，状态: normal

2025-04-02 00:02:14,623 - 
检查信号数据: NLBP_difference_1D_9_combine
2025-04-02 00:02:14,623 - 数据路径: E:\kai\Signal\signal_boost\prod\NLBP_difference_1D_9_combine
2025-04-02 00:02:14,623 - 信号数据文件夹不存在: E:\kai\Signal\signal_boost\prod\NLBP_difference_1D_9_combine
2025-04-02 00:03:30,794 - 检查过程出错: 信号 LargeOrder_difference 未在配置文件中找到
