2025-03-19 20:05:14,701 - 开始数据检查 - 检查期间: 2024-03-20 到 2025-03-20
2025-03-19 20:05:14,701 - 目标日期: 2025-03-20
2025-03-19 20:05:14,702 - 
检查信号: Shibor_2W
2025-03-19 20:05:14,716 - 文件 Shibor.csv 数据不完整: 缺少以下日期: ['2025-03-12', '2025-03-19', '2025-03-20']
2025-03-19 20:05:14,716 - 信号 Shibor_2W 检查完成，状态: error

2025-03-19 20:05:14,716 - 
检查信号: Shibor_9M
2025-03-19 20:05:14,731 - 文件 Shibor.csv 数据不完整: 缺少以下日期: ['2025-03-12', '2025-03-19', '2025-03-20']
2025-03-19 20:05:14,732 - 信号 Shibor_9M 检查完成，状态: error

2025-03-19 20:05:14,732 - 
检查信号: Bond_3Y
2025-03-19 20:05:14,747 - 文件 ChinaGovernmentBonds.csv 数据不完整: 缺少以下日期: ['2025-03-12', '2025-03-19', '2025-03-20']
2025-03-19 20:05:14,747 - 信号 Bond_3Y 检查完成，状态: error

2025-03-19 20:05:14,747 - 
检查信号: Bond_10Y
2025-03-19 20:05:14,763 - 文件 ChinaGovernmentBonds.csv 数据不完整: 缺少以下日期: ['2025-03-12', '2025-03-19', '2025-03-20']
2025-03-19 20:05:14,763 - 信号 Bond_10Y 检查完成，状态: error

2025-03-19 20:05:14,764 - 
检查信号: USDX
2025-03-19 20:05:14,778 - 文件 UsDollar.csv 数据不完整: 缺少以下日期: ['2025-03-12', '2025-03-19', '2025-03-20']
2025-03-19 20:05:14,779 - 信号 USDX 检查完成，状态: error

2025-03-19 20:05:14,779 - 
检查信号: CreditSpread_9M
2025-03-19 20:05:14,794 - 文件 ChinaDevelopmentBankBonds.csv 数据不完整: 缺少以下日期: ['2025-03-12', '2025-03-19', '2025-03-20']
2025-03-19 20:05:14,808 - 文件 ChinaMediumTermNotes.csv 数据不完整: 缺少以下日期: ['2025-03-12', '2025-03-19', '2025-03-20']
2025-03-19 20:05:14,809 - 信号 CreditSpread_9M 检查完成，状态: error

2025-03-19 20:05:14,809 - 
检查信号: CreditSpread_5Y
2025-03-19 20:05:14,824 - 文件 ChinaDevelopmentBankBonds.csv 数据不完整: 缺少以下日期: ['2025-03-12', '2025-03-19', '2025-03-20']
2025-03-19 20:05:14,839 - 文件 ChinaMediumTermNotes.csv 数据不完整: 缺少以下日期: ['2025-03-12', '2025-03-19', '2025-03-20']
2025-03-19 20:05:14,839 - 信号 CreditSpread_5Y 检查完成，状态: error

2025-03-19 20:05:14,839 - 
检查信号: TermSpread_9Y
2025-03-19 20:05:14,854 - 文件 ChinaDevelopmentBankBonds.csv 数据不完整: 缺少以下日期: ['2025-03-12', '2025-03-19', '2025-03-20']
2025-03-19 20:05:14,854 - 信号 TermSpread_9Y 检查完成，状态: error

2025-03-19 20:05:14,855 - 
检查信号: M1M2
2025-03-19 20:05:14,872 - 文件 M1M2.csv 数据不完整: 缺少以下日期: ['2025-03-12', '2025-03-19', '2025-03-20']
2025-03-19 20:05:14,872 - 信号 M1M2 检查完成，状态: error

2025-03-19 20:05:14,872 - 
检查信号: RelativeVolume_std
2025-03-19 20:05:14,887 - 文件 IndexVolume.csv 数据不完整: 缺少以下日期: ['2025-03-12', '2025-03-19', '2025-03-20']
2025-03-19 20:05:14,887 - 信号 RelativeVolume_std 检查完成，状态: error

2025-03-19 20:05:14,888 - 
检查信号: RelativeReturn_std
2025-03-19 20:05:14,901 - 文件 index_return.csv 数据不完整: 缺少以下日期: ['2025-03-19', '2025-03-20']
2025-03-19 20:05:14,902 - 信号 RelativeReturn_std 检查完成，状态: error

2025-03-19 20:05:14,902 - 
检查信号: EarningsYield_Reverse
2025-03-19 20:05:14,926 - 文件 hs300因子风险暴露.csv 数据不完整: 缺少以下日期: ['2025-03-19', '2025-03-20']
2025-03-19 20:05:14,952 - 文件 gz2000因子风险暴露.csv 数据不完整: 缺少以下日期: ['2025-03-19', '2025-03-20']
2025-03-19 20:05:14,953 - 信号 EarningsYield_Reverse 检查完成，状态: error

2025-03-19 20:05:14,953 - 
检查信号: LHBProportion
2025-03-19 20:05:14,955 - 文件 LHB_AMT_proportion.csv 数据不完整: 缺少以下日期: ['2024-03-20', '2024-03-21', '2024-03-22', '2024-03-25', '2024-03-26', '2024-03-27', '2024-03-28', '2024-03-29', '2024-04-01', '2024-04-02', '2024-04-03', '2024-04-08', '2024-04-09', '2024-04-10', '2024-04-11', '2024-04-12', '2024-04-15', '2024-04-16', '2024-04-17', '2024-04-18', '2024-04-19', '2024-04-22', '2024-04-23', '2024-04-24', '2024-04-25', '2024-04-26', '2024-04-29', '2024-04-30', '2024-05-06', '2024-05-07', '2024-05-08', '2024-05-09', '2024-05-10', '2024-05-13', '2024-05-14', '2024-05-15', '2024-05-16', '2024-05-17', '2024-05-20', '2024-05-21', '2024-05-22', '2024-05-23', '2024-05-24', '2024-05-27', '2024-05-28', '2024-05-29', '2024-05-30', '2024-05-31', '2024-06-03', '2024-06-04', '2024-06-05', '2024-06-06', '2024-06-07', '2024-06-11', '2024-06-12', '2024-06-13', '2024-06-14', '2024-06-17', '2024-06-18', '2024-06-19', '2024-06-20', '2024-06-21', '2024-06-24', '2024-06-25', '2024-06-26', '2024-06-27', '2024-06-28', '2024-07-01', '2024-07-02', '2024-07-03', '2024-07-04', '2024-07-05', '2024-07-08', '2024-07-09', '2024-07-10', '2024-07-11', '2024-07-12', '2024-07-15', '2024-07-16', '2024-07-17', '2024-07-18', '2024-07-19', '2024-07-22', '2024-07-23', '2024-07-24', '2024-07-25', '2024-07-26', '2024-07-29', '2024-07-30', '2024-07-31', '2024-08-01', '2024-08-02', '2024-08-05', '2024-08-06', '2024-08-07', '2024-08-08', '2024-08-09', '2024-08-12', '2024-08-13', '2024-08-14', '2024-08-15', '2024-08-16', '2024-08-19', '2024-08-20', '2024-08-21', '2024-08-22', '2024-08-23', '2024-08-26', '2024-08-27', '2024-08-28', '2024-08-29', '2024-08-30', '2024-09-02', '2024-09-03', '2024-09-04', '2024-09-05', '2024-09-06', '2024-09-09', '2024-09-10', '2024-09-11', '2024-09-12', '2024-09-13', '2024-09-18', '2024-09-19', '2024-09-20', '2024-09-23', '2024-09-24', '2024-09-25', '2024-09-26', '2024-09-27', '2024-09-30', '2024-10-08', '2024-10-09', '2024-10-10', '2024-10-11', '2024-10-14', '2024-10-15', '2024-10-16', '2024-10-17', '2024-10-18', '2024-10-21', '2024-10-22', '2024-10-23', '2024-10-24', '2024-10-25', '2024-10-28', '2024-10-29', '2024-10-30', '2024-10-31', '2024-11-01', '2024-11-04', '2024-11-05', '2024-11-06', '2024-11-07', '2024-11-08', '2024-11-11', '2024-11-12', '2024-11-13', '2024-11-14', '2024-11-15', '2024-11-18', '2024-11-19', '2024-11-20', '2024-11-21', '2024-11-22', '2024-11-25', '2024-11-26', '2024-11-27', '2024-11-28', '2024-11-29', '2024-12-02', '2024-12-03', '2024-12-04', '2024-12-05', '2024-12-06', '2024-12-09', '2024-12-10', '2024-12-11', '2024-12-12', '2024-12-13', '2024-12-16', '2024-12-17', '2024-12-18', '2024-12-19', '2024-12-20', '2024-12-23', '2024-12-24', '2024-12-25', '2024-12-26', '2024-12-27', '2024-12-30', '2024-12-31', '2025-03-11', '2025-03-19', '2025-03-20']
2025-03-19 20:05:14,971 - 文件 IndexAmt.csv 数据不完整: 缺少以下日期: ['2025-03-12', '2025-03-19', '2025-03-20']
2025-03-19 20:05:14,971 - 信号 LHBProportion 检查完成，状态: error

2025-03-19 20:05:14,972 - 
检查信号: NLBP_difference
2025-03-19 20:05:14,984 - 文件 NetLeverageBuying.csv 数据不完整: 缺少以下日期: ['2025-03-19', '2025-03-20']
2025-03-19 20:05:14,985 - 信号 NLBP_difference 检查完成，状态: error

2025-03-19 20:05:25,244 - 开始数据检查 - 检查期间: 2024-03-20 到 2025-03-20
2025-03-19 20:05:25,247 - 目标日期: 2025-03-20
2025-03-19 20:05:25,247 - 
检查信号: Shibor_2W
2025-03-19 20:05:25,261 - 文件 Shibor.csv 数据不完整: 缺少以下日期: ['2025-03-12', '2025-03-19', '2025-03-20']
2025-03-19 20:05:25,261 - 信号 Shibor_2W 检查完成，状态: error

2025-03-19 20:05:25,261 - 
检查信号: Shibor_9M
2025-03-19 20:05:25,274 - 文件 Shibor.csv 数据不完整: 缺少以下日期: ['2025-03-12', '2025-03-19', '2025-03-20']
2025-03-19 20:05:25,274 - 信号 Shibor_9M 检查完成，状态: error

2025-03-19 20:05:25,274 - 
检查信号: Bond_3Y
2025-03-19 20:05:25,289 - 文件 ChinaGovernmentBonds.csv 数据不完整: 缺少以下日期: ['2025-03-12', '2025-03-19', '2025-03-20']
2025-03-19 20:05:25,289 - 信号 Bond_3Y 检查完成，状态: error

2025-03-19 20:05:25,290 - 
检查信号: Bond_10Y
2025-03-19 20:05:25,304 - 文件 ChinaGovernmentBonds.csv 数据不完整: 缺少以下日期: ['2025-03-12', '2025-03-19', '2025-03-20']
2025-03-19 20:05:25,304 - 信号 Bond_10Y 检查完成，状态: error

2025-03-19 20:05:25,305 - 
检查信号: USDX
2025-03-19 20:05:25,319 - 文件 UsDollar.csv 数据不完整: 缺少以下日期: ['2025-03-12', '2025-03-19', '2025-03-20']
2025-03-19 20:05:25,319 - 信号 USDX 检查完成，状态: error

2025-03-19 20:05:25,319 - 
检查信号: CreditSpread_9M
2025-03-19 20:05:25,334 - 文件 ChinaDevelopmentBankBonds.csv 数据不完整: 缺少以下日期: ['2025-03-12', '2025-03-19', '2025-03-20']
2025-03-19 20:05:25,348 - 文件 ChinaMediumTermNotes.csv 数据不完整: 缺少以下日期: ['2025-03-12', '2025-03-19', '2025-03-20']
2025-03-19 20:05:25,348 - 信号 CreditSpread_9M 检查完成，状态: error

2025-03-19 20:05:25,348 - 
检查信号: CreditSpread_5Y
2025-03-19 20:05:25,363 - 文件 ChinaDevelopmentBankBonds.csv 数据不完整: 缺少以下日期: ['2025-03-12', '2025-03-19', '2025-03-20']
2025-03-19 20:05:25,377 - 文件 ChinaMediumTermNotes.csv 数据不完整: 缺少以下日期: ['2025-03-12', '2025-03-19', '2025-03-20']
2025-03-19 20:05:25,377 - 信号 CreditSpread_5Y 检查完成，状态: error

2025-03-19 20:05:25,377 - 
检查信号: TermSpread_9Y
2025-03-19 20:05:25,406 - 文件 ChinaDevelopmentBankBonds.csv 数据不完整: 缺少以下日期: ['2025-03-12', '2025-03-19', '2025-03-20']
2025-03-19 20:05:25,407 - 信号 TermSpread_9Y 检查完成，状态: error

2025-03-19 20:05:25,407 - 
检查信号: M1M2
2025-03-19 20:05:25,426 - 文件 M1M2.csv 数据不完整: 缺少以下日期: ['2025-03-12', '2025-03-19', '2025-03-20']
2025-03-19 20:05:25,426 - 信号 M1M2 检查完成，状态: error

2025-03-19 20:05:25,426 - 
检查信号: RelativeVolume_std
2025-03-19 20:05:25,441 - 文件 IndexVolume.csv 数据不完整: 缺少以下日期: ['2025-03-12', '2025-03-19', '2025-03-20']
2025-03-19 20:05:25,441 - 信号 RelativeVolume_std 检查完成，状态: error

2025-03-19 20:05:25,441 - 
检查信号: RelativeReturn_std
2025-03-19 20:05:25,455 - 文件 index_return.csv 数据不完整: 缺少以下日期: ['2025-03-19', '2025-03-20']
2025-03-19 20:05:25,455 - 信号 RelativeReturn_std 检查完成，状态: error

2025-03-19 20:05:25,456 - 
检查信号: EarningsYield_Reverse
2025-03-19 20:05:25,481 - 文件 hs300因子风险暴露.csv 数据不完整: 缺少以下日期: ['2025-03-19', '2025-03-20']
2025-03-19 20:05:25,507 - 文件 gz2000因子风险暴露.csv 数据不完整: 缺少以下日期: ['2025-03-19', '2025-03-20']
2025-03-19 20:05:25,507 - 信号 EarningsYield_Reverse 检查完成，状态: error

2025-03-19 20:05:25,507 - 
检查信号: LHBProportion
2025-03-19 20:05:25,509 - 文件 LHB_AMT_proportion.csv 数据不完整: 缺少以下日期: ['2024-03-20', '2024-03-21', '2024-03-22', '2024-03-25', '2024-03-26', '2024-03-27', '2024-03-28', '2024-03-29', '2024-04-01', '2024-04-02', '2024-04-03', '2024-04-08', '2024-04-09', '2024-04-10', '2024-04-11', '2024-04-12', '2024-04-15', '2024-04-16', '2024-04-17', '2024-04-18', '2024-04-19', '2024-04-22', '2024-04-23', '2024-04-24', '2024-04-25', '2024-04-26', '2024-04-29', '2024-04-30', '2024-05-06', '2024-05-07', '2024-05-08', '2024-05-09', '2024-05-10', '2024-05-13', '2024-05-14', '2024-05-15', '2024-05-16', '2024-05-17', '2024-05-20', '2024-05-21', '2024-05-22', '2024-05-23', '2024-05-24', '2024-05-27', '2024-05-28', '2024-05-29', '2024-05-30', '2024-05-31', '2024-06-03', '2024-06-04', '2024-06-05', '2024-06-06', '2024-06-07', '2024-06-11', '2024-06-12', '2024-06-13', '2024-06-14', '2024-06-17', '2024-06-18', '2024-06-19', '2024-06-20', '2024-06-21', '2024-06-24', '2024-06-25', '2024-06-26', '2024-06-27', '2024-06-28', '2024-07-01', '2024-07-02', '2024-07-03', '2024-07-04', '2024-07-05', '2024-07-08', '2024-07-09', '2024-07-10', '2024-07-11', '2024-07-12', '2024-07-15', '2024-07-16', '2024-07-17', '2024-07-18', '2024-07-19', '2024-07-22', '2024-07-23', '2024-07-24', '2024-07-25', '2024-07-26', '2024-07-29', '2024-07-30', '2024-07-31', '2024-08-01', '2024-08-02', '2024-08-05', '2024-08-06', '2024-08-07', '2024-08-08', '2024-08-09', '2024-08-12', '2024-08-13', '2024-08-14', '2024-08-15', '2024-08-16', '2024-08-19', '2024-08-20', '2024-08-21', '2024-08-22', '2024-08-23', '2024-08-26', '2024-08-27', '2024-08-28', '2024-08-29', '2024-08-30', '2024-09-02', '2024-09-03', '2024-09-04', '2024-09-05', '2024-09-06', '2024-09-09', '2024-09-10', '2024-09-11', '2024-09-12', '2024-09-13', '2024-09-18', '2024-09-19', '2024-09-20', '2024-09-23', '2024-09-24', '2024-09-25', '2024-09-26', '2024-09-27', '2024-09-30', '2024-10-08', '2024-10-09', '2024-10-10', '2024-10-11', '2024-10-14', '2024-10-15', '2024-10-16', '2024-10-17', '2024-10-18', '2024-10-21', '2024-10-22', '2024-10-23', '2024-10-24', '2024-10-25', '2024-10-28', '2024-10-29', '2024-10-30', '2024-10-31', '2024-11-01', '2024-11-04', '2024-11-05', '2024-11-06', '2024-11-07', '2024-11-08', '2024-11-11', '2024-11-12', '2024-11-13', '2024-11-14', '2024-11-15', '2024-11-18', '2024-11-19', '2024-11-20', '2024-11-21', '2024-11-22', '2024-11-25', '2024-11-26', '2024-11-27', '2024-11-28', '2024-11-29', '2024-12-02', '2024-12-03', '2024-12-04', '2024-12-05', '2024-12-06', '2024-12-09', '2024-12-10', '2024-12-11', '2024-12-12', '2024-12-13', '2024-12-16', '2024-12-17', '2024-12-18', '2024-12-19', '2024-12-20', '2024-12-23', '2024-12-24', '2024-12-25', '2024-12-26', '2024-12-27', '2024-12-30', '2024-12-31', '2025-03-11', '2025-03-19', '2025-03-20']
2025-03-19 20:05:25,524 - 文件 IndexAmt.csv 数据不完整: 缺少以下日期: ['2025-03-12', '2025-03-19', '2025-03-20']
2025-03-19 20:05:25,524 - 信号 LHBProportion 检查完成，状态: error

2025-03-19 20:05:25,525 - 
检查信号: NLBP_difference
2025-03-19 20:05:25,538 - 文件 NetLeverageBuying.csv 数据不完整: 缺少以下日期: ['2025-03-19', '2025-03-20']
2025-03-19 20:05:25,538 - 信号 NLBP_difference 检查完成，状态: error

2025-03-19 20:06:14,119 - 开始数据检查 - 检查期间: 2024-03-19 到 2025-03-19
2025-03-19 20:06:14,127 - 目标日期: 2025-03-19
2025-03-19 20:06:14,127 - 
检查信号: Shibor_2W
2025-03-19 20:06:14,141 - 文件 Shibor.csv 数据不完整: 缺少以下日期: ['2025-03-12', '2025-03-19']
2025-03-19 20:06:14,141 - 信号 Shibor_2W 检查完成，状态: error

2025-03-19 20:06:14,142 - 
检查信号: Shibor_9M
2025-03-19 20:06:14,156 - 文件 Shibor.csv 数据不完整: 缺少以下日期: ['2025-03-12', '2025-03-19']
2025-03-19 20:06:14,156 - 信号 Shibor_9M 检查完成，状态: error

2025-03-19 20:06:14,156 - 
检查信号: Bond_3Y
2025-03-19 20:06:14,171 - 文件 ChinaGovernmentBonds.csv 数据不完整: 缺少以下日期: ['2025-03-12', '2025-03-19']
2025-03-19 20:06:14,171 - 信号 Bond_3Y 检查完成，状态: error

2025-03-19 20:06:14,172 - 
检查信号: Bond_10Y
2025-03-19 20:06:14,186 - 文件 ChinaGovernmentBonds.csv 数据不完整: 缺少以下日期: ['2025-03-12', '2025-03-19']
2025-03-19 20:06:14,186 - 信号 Bond_10Y 检查完成，状态: error

2025-03-19 20:06:14,187 - 
检查信号: USDX
2025-03-19 20:06:14,202 - 文件 UsDollar.csv 数据不完整: 缺少以下日期: ['2025-03-12', '2025-03-19']
2025-03-19 20:06:14,202 - 信号 USDX 检查完成，状态: error

2025-03-19 20:06:14,202 - 
检查信号: CreditSpread_9M
2025-03-19 20:06:14,216 - 文件 ChinaDevelopmentBankBonds.csv 数据不完整: 缺少以下日期: ['2025-03-12', '2025-03-19']
2025-03-19 20:06:14,231 - 文件 ChinaMediumTermNotes.csv 数据不完整: 缺少以下日期: ['2025-03-12', '2025-03-19']
2025-03-19 20:06:14,231 - 信号 CreditSpread_9M 检查完成，状态: error

2025-03-19 20:06:14,231 - 
检查信号: CreditSpread_5Y
2025-03-19 20:06:14,246 - 文件 ChinaDevelopmentBankBonds.csv 数据不完整: 缺少以下日期: ['2025-03-12', '2025-03-19']
2025-03-19 20:06:14,261 - 文件 ChinaMediumTermNotes.csv 数据不完整: 缺少以下日期: ['2025-03-12', '2025-03-19']
2025-03-19 20:06:14,262 - 信号 CreditSpread_5Y 检查完成，状态: error

2025-03-19 20:06:14,262 - 
检查信号: TermSpread_9Y
2025-03-19 20:06:14,278 - 文件 ChinaDevelopmentBankBonds.csv 数据不完整: 缺少以下日期: ['2025-03-12', '2025-03-19']
2025-03-19 20:06:14,278 - 信号 TermSpread_9Y 检查完成，状态: error

2025-03-19 20:06:14,279 - 
检查信号: M1M2
2025-03-19 20:06:14,297 - 文件 M1M2.csv 数据不完整: 缺少以下日期: ['2025-03-12', '2025-03-19']
2025-03-19 20:06:14,297 - 信号 M1M2 检查完成，状态: error

2025-03-19 20:06:14,298 - 
检查信号: RelativeVolume_std
2025-03-19 20:06:14,314 - 文件 IndexVolume.csv 数据不完整: 缺少以下日期: ['2025-03-12', '2025-03-19']
2025-03-19 20:06:14,314 - 信号 RelativeVolume_std 检查完成，状态: error

2025-03-19 20:06:14,314 - 
检查信号: RelativeReturn_std
2025-03-19 20:06:14,330 - 文件 index_return.csv 数据不完整: 缺少以下日期: ['2025-03-19']
2025-03-19 20:06:14,330 - 信号 RelativeReturn_std 检查完成，状态: error

2025-03-19 20:06:14,330 - 
检查信号: EarningsYield_Reverse
2025-03-19 20:06:14,356 - 文件 hs300因子风险暴露.csv 数据不完整: 缺少以下日期: ['2025-03-19']
2025-03-19 20:06:14,384 - 文件 gz2000因子风险暴露.csv 数据不完整: 缺少以下日期: ['2025-03-19']
2025-03-19 20:06:14,384 - 信号 EarningsYield_Reverse 检查完成，状态: error

2025-03-19 20:06:14,384 - 
检查信号: LHBProportion
2025-03-19 20:06:14,386 - 文件 LHB_AMT_proportion.csv 数据不完整: 缺少以下日期: ['2024-03-19', '2024-03-20', '2024-03-21', '2024-03-22', '2024-03-25', '2024-03-26', '2024-03-27', '2024-03-28', '2024-03-29', '2024-04-01', '2024-04-02', '2024-04-03', '2024-04-08', '2024-04-09', '2024-04-10', '2024-04-11', '2024-04-12', '2024-04-15', '2024-04-16', '2024-04-17', '2024-04-18', '2024-04-19', '2024-04-22', '2024-04-23', '2024-04-24', '2024-04-25', '2024-04-26', '2024-04-29', '2024-04-30', '2024-05-06', '2024-05-07', '2024-05-08', '2024-05-09', '2024-05-10', '2024-05-13', '2024-05-14', '2024-05-15', '2024-05-16', '2024-05-17', '2024-05-20', '2024-05-21', '2024-05-22', '2024-05-23', '2024-05-24', '2024-05-27', '2024-05-28', '2024-05-29', '2024-05-30', '2024-05-31', '2024-06-03', '2024-06-04', '2024-06-05', '2024-06-06', '2024-06-07', '2024-06-11', '2024-06-12', '2024-06-13', '2024-06-14', '2024-06-17', '2024-06-18', '2024-06-19', '2024-06-20', '2024-06-21', '2024-06-24', '2024-06-25', '2024-06-26', '2024-06-27', '2024-06-28', '2024-07-01', '2024-07-02', '2024-07-03', '2024-07-04', '2024-07-05', '2024-07-08', '2024-07-09', '2024-07-10', '2024-07-11', '2024-07-12', '2024-07-15', '2024-07-16', '2024-07-17', '2024-07-18', '2024-07-19', '2024-07-22', '2024-07-23', '2024-07-24', '2024-07-25', '2024-07-26', '2024-07-29', '2024-07-30', '2024-07-31', '2024-08-01', '2024-08-02', '2024-08-05', '2024-08-06', '2024-08-07', '2024-08-08', '2024-08-09', '2024-08-12', '2024-08-13', '2024-08-14', '2024-08-15', '2024-08-16', '2024-08-19', '2024-08-20', '2024-08-21', '2024-08-22', '2024-08-23', '2024-08-26', '2024-08-27', '2024-08-28', '2024-08-29', '2024-08-30', '2024-09-02', '2024-09-03', '2024-09-04', '2024-09-05', '2024-09-06', '2024-09-09', '2024-09-10', '2024-09-11', '2024-09-12', '2024-09-13', '2024-09-18', '2024-09-19', '2024-09-20', '2024-09-23', '2024-09-24', '2024-09-25', '2024-09-26', '2024-09-27', '2024-09-30', '2024-10-08', '2024-10-09', '2024-10-10', '2024-10-11', '2024-10-14', '2024-10-15', '2024-10-16', '2024-10-17', '2024-10-18', '2024-10-21', '2024-10-22', '2024-10-23', '2024-10-24', '2024-10-25', '2024-10-28', '2024-10-29', '2024-10-30', '2024-10-31', '2024-11-01', '2024-11-04', '2024-11-05', '2024-11-06', '2024-11-07', '2024-11-08', '2024-11-11', '2024-11-12', '2024-11-13', '2024-11-14', '2024-11-15', '2024-11-18', '2024-11-19', '2024-11-20', '2024-11-21', '2024-11-22', '2024-11-25', '2024-11-26', '2024-11-27', '2024-11-28', '2024-11-29', '2024-12-02', '2024-12-03', '2024-12-04', '2024-12-05', '2024-12-06', '2024-12-09', '2024-12-10', '2024-12-11', '2024-12-12', '2024-12-13', '2024-12-16', '2024-12-17', '2024-12-18', '2024-12-19', '2024-12-20', '2024-12-23', '2024-12-24', '2024-12-25', '2024-12-26', '2024-12-27', '2024-12-30', '2024-12-31', '2025-03-11', '2025-03-19']
2025-03-19 20:06:14,437 - 文件 IndexAmt.csv 数据不完整: 缺少以下日期: ['2025-03-12', '2025-03-19']
2025-03-19 20:06:14,439 - 信号 LHBProportion 检查完成，状态: error

2025-03-19 20:06:14,440 - 
检查信号: NLBP_difference
2025-03-19 20:06:14,453 - 文件 NetLeverageBuying.csv 数据不完整: 缺少以下日期: ['2025-03-19']
2025-03-19 20:06:14,454 - 信号 NLBP_difference 检查完成，状态: error

