2025-04-29 00:00:17,033 - 开始数据检查 - 检查期间: 2024-04-28 到 2025-04-28
2025-04-29 00:00:17,034 - 目标日期: 2025-04-28
2025-04-29 00:00:17,034 - 
检查信号: CreditSpread_9M
2025-04-29 00:00:17,045 - 文件 ChinaDevelopmentBankBonds.csv 数据完整
2025-04-29 00:00:17,054 - 文件 ChinaMediumTermNotes.csv 数据完整
2025-04-29 00:00:17,054 - 信号 CreditSpread_9M 检查完成，状态: normal

2025-04-29 00:00:17,055 - 
检查信号数据: CreditSpread_9M_1D_9_combine
2025-04-29 00:00:17,055 - 数据路径: D:\Signal\signal_boost\prod\CreditSpread_9M_1D_9_combine
2025-04-29 00:00:17,356 - 所有工作日数据完整
2025-04-29 00:00:17,356 - 最新数据日期: 2025-04-29
2025-04-29 00:00:17,357 - 信号 CreditSpread_9M_1D_9_combine 检查完成，状态: normal

2025-04-29 00:00:22,708 - 
检查信号: CreditSpread_5Y
2025-04-29 00:00:22,718 - 文件 ChinaDevelopmentBankBonds.csv 数据完整
2025-04-29 00:00:22,729 - 文件 ChinaMediumTermNotes.csv 数据完整
2025-04-29 00:00:22,729 - 信号 CreditSpread_5Y 检查完成，状态: normal

2025-04-29 00:00:22,729 - 
检查信号数据: CreditSpread_5Y_1D_9_combine
2025-04-29 00:00:22,729 - 数据路径: D:\Signal\signal_boost\prod\CreditSpread_5Y_1D_9_combine
2025-04-29 00:00:23,037 - 所有工作日数据完整
2025-04-29 00:00:23,037 - 最新数据日期: 2025-04-29
2025-04-29 00:00:23,037 - 信号 CreditSpread_5Y_1D_9_combine 检查完成，状态: normal

2025-04-29 00:00:28,355 - 
检查信号: Shibor_2W
2025-04-29 00:00:28,364 - 文件 Shibor.csv 数据完整
2025-04-29 00:00:28,364 - 信号 Shibor_2W 检查完成，状态: normal

2025-04-29 00:00:28,364 - 
检查信号数据: Shibor_2W_45D_9_combine
2025-04-29 00:00:28,365 - 数据路径: D:\Signal\signal_boost\prod\Shibor_2W_45D_9_combine
2025-04-29 00:00:28,653 - 所有工作日数据完整
2025-04-29 00:00:28,653 - 最新数据日期: 2025-04-29
2025-04-29 00:00:28,653 - 信号 Shibor_2W_45D_9_combine 检查完成，状态: normal

2025-04-29 00:00:37,189 - 
检查信号: Shibor_9M
2025-04-29 00:00:37,201 - 文件 Shibor.csv 数据完整
2025-04-29 00:00:37,201 - 信号 Shibor_9M 检查完成，状态: normal

2025-04-29 00:00:37,201 - 
检查信号数据: Shibor_9M_45D_9_combine
2025-04-29 00:00:37,201 - 数据路径: D:\Signal\signal_boost\prod\Shibor_9M_45D_9_combine
2025-04-29 00:00:37,507 - 所有工作日数据完整
2025-04-29 00:00:37,507 - 最新数据日期: 2025-04-29
2025-04-29 00:00:37,507 - 信号 Shibor_9M_45D_9_combine 检查完成，状态: normal

2025-04-29 00:00:43,587 - 
检查信号: Bond_3Y
2025-04-29 00:00:43,597 - 文件 ChinaGovernmentBonds.csv 数据完整
2025-04-29 00:00:43,597 - 信号 Bond_3Y 检查完成，状态: normal

2025-04-29 00:00:43,597 - 
检查信号数据: Bond_3Y_90D_9_combine
2025-04-29 00:00:43,598 - 数据路径: D:\Signal\signal_boost\prod\Bond_3Y_90D_9_combine
2025-04-29 00:00:43,881 - 所有工作日数据完整
2025-04-29 00:00:43,882 - 最新数据日期: 2025-04-29
2025-04-29 00:00:43,882 - 信号 Bond_3Y_90D_9_combine 检查完成，状态: normal

2025-04-29 00:00:51,108 - 
检查信号: Bond_10Y
2025-04-29 00:00:51,118 - 文件 ChinaGovernmentBonds.csv 数据完整
2025-04-29 00:00:51,118 - 信号 Bond_10Y 检查完成，状态: normal

2025-04-29 00:00:51,118 - 
检查信号数据: Bond_10Y_90D_9_combine
2025-04-29 00:00:51,118 - 数据路径: D:\Signal\signal_boost\prod\Bond_10Y_90D_9_combine
2025-04-29 00:00:51,401 - 所有工作日数据完整
2025-04-29 00:00:51,401 - 最新数据日期: 2025-04-29
2025-04-29 00:00:51,401 - 信号 Bond_10Y_90D_9_combine 检查完成，状态: normal

2025-04-29 00:00:58,479 - 
检查信号: USDX
2025-04-29 00:00:58,488 - 文件 UsDollar.csv 数据完整
2025-04-29 00:00:58,488 - 信号 USDX 检查完成，状态: normal

2025-04-29 00:00:58,488 - 
检查信号数据: USDX_120D_9_combine
2025-04-29 00:00:58,488 - 数据路径: D:\Signal\signal_boost\prod\USDX_120D_9_combine
2025-04-29 00:00:58,767 - 所有工作日数据完整
2025-04-29 00:00:58,768 - 最新数据日期: 2025-04-29
2025-04-29 00:00:58,768 - 信号 USDX_120D_9_combine 检查完成，状态: normal

2025-04-29 00:01:06,047 - 
检查信号: TermSpread_9Y
2025-04-29 00:01:06,058 - 文件 ChinaDevelopmentBankBonds.csv 数据完整
2025-04-29 00:01:06,058 - 信号 TermSpread_9Y 检查完成，状态: normal

2025-04-29 00:01:06,058 - 
检查信号数据: TermSpread_9Y_120D_9_combine
2025-04-29 00:01:06,058 - 数据路径: D:\Signal\signal_boost\prod\TermSpread_9Y_120D_9_combine
2025-04-29 00:01:06,334 - 所有工作日数据完整
2025-04-29 00:01:06,334 - 最新数据日期: 2025-04-29
2025-04-29 00:01:06,334 - 信号 TermSpread_9Y_120D_9_combine 检查完成，状态: normal

2025-04-29 00:01:13,346 - 
检查信号: M1M2
2025-04-29 00:01:13,357 - 文件 M1M2.csv 数据完整
2025-04-29 00:01:13,357 - 信号 M1M2 检查完成，状态: normal

2025-04-29 00:01:13,357 - 
检查信号数据: M1M2_90D_9_combine
2025-04-29 00:01:13,357 - 数据路径: D:\Signal\signal_boost\prod\M1M2_90D_9_combine
2025-04-29 00:01:13,632 - 所有工作日数据完整
2025-04-29 00:01:13,632 - 最新数据日期: 2025-04-29
2025-04-29 00:01:13,632 - 信号 M1M2_90D_9_combine 检查完成，状态: normal

2025-04-29 00:01:20,418 - 
检查信号: RelativeVolume_std
2025-04-29 00:01:20,432 - 文件 IndexVolume.csv 数据完整
2025-04-29 00:01:20,432 - 信号 RelativeVolume_std 检查完成，状态: normal

2025-04-29 00:01:20,432 - 
检查信号数据: RelativeVolume_std_20D_9_combine
2025-04-29 00:01:20,432 - 数据路径: D:\Signal\signal_boost\prod\RelativeVolume_std_20D_9_combine
2025-04-29 00:01:20,744 - 所有工作日数据完整
2025-04-29 00:01:20,744 - 最新数据日期: 2025-04-29
2025-04-29 00:01:20,744 - 信号 RelativeVolume_std_20D_9_combine 检查完成，状态: normal

2025-04-29 00:01:26,091 - 
检查信号: RelativeReturn_std
2025-04-29 00:01:26,115 - 文件 index_return.csv 数据完整
2025-04-29 00:01:26,115 - 信号 RelativeReturn_std 检查完成，状态: normal

2025-04-29 00:01:26,115 - 
检查信号数据: RelativeReturn_std_20D_9_combine
2025-04-29 00:01:26,115 - 数据路径: D:\Signal\signal_boost\prod\RelativeReturn_std_20D_9_combine
2025-04-29 00:01:26,438 - 所有工作日数据完整
2025-04-29 00:01:26,438 - 最新数据日期: 2025-04-29
2025-04-29 00:01:26,438 - 信号 RelativeReturn_std_20D_9_combine 检查完成，状态: normal

2025-04-29 00:01:31,880 - 
检查信号: EarningsYield_Reverse
2025-04-29 00:01:31,893 - 文件 ygData.csv 数据完整
2025-04-29 00:01:31,894 - 信号 EarningsYield_Reverse 检查完成，状态: normal

2025-04-29 00:01:31,894 - 
检查信号数据: EarningsYield_Reverse_1D_9_combine
2025-04-29 00:01:31,894 - 数据路径: D:\Signal\signal_boost\prod\EarningsYield_Reverse_1D_9_combine
2025-04-29 00:01:32,202 - 所有工作日数据完整
2025-04-29 00:01:32,203 - 最新数据日期: 2025-04-29
2025-04-29 00:01:32,203 - 信号 EarningsYield_Reverse_1D_9_combine 检查完成，状态: normal

2025-04-29 00:01:37,415 - 
检查信号: Growth
2025-04-29 00:01:37,429 - 文件 ygData.csv 数据完整
2025-04-29 00:01:37,429 - 信号 Growth 检查完成，状态: normal

2025-04-29 00:01:37,429 - 
检查信号数据: Growth_1D_9_combine
2025-04-29 00:01:37,429 - 数据路径: D:\Signal\signal_boost\prod\Growth_1D_9_combine
2025-04-29 00:01:37,738 - 所有工作日数据完整
2025-04-29 00:01:37,738 - 最新数据日期: 2025-04-29
2025-04-29 00:01:37,738 - 信号 Growth_1D_9_combine 检查完成，状态: normal

2025-04-29 00:01:42,934 - 
检查信号: LHBProportion
2025-04-29 00:01:42,942 - 文件 LHB_AMT_proportion.csv 数据完整
2025-04-29 00:01:42,956 - 文件 IndexAmt.csv 数据完整
2025-04-29 00:01:42,956 - 信号 LHBProportion 检查完成，状态: normal

2025-04-29 00:01:42,957 - 
检查信号数据: LHBProportion_1D_9_combine
2025-04-29 00:01:42,957 - 数据路径: D:\Signal\signal_boost\prod\LHBProportion_1D_9_combine
2025-04-29 00:01:43,266 - 所有工作日数据完整
2025-04-29 00:01:43,266 - 最新数据日期: 2025-04-29
2025-04-29 00:01:43,267 - 信号 LHBProportion_1D_9_combine 检查完成，状态: normal

2025-04-29 00:01:48,470 - 
检查信号: NLBP_difference
2025-04-29 00:01:48,479 - 文件 NetLeverageBuying.csv 数据完整
2025-04-29 00:01:48,479 - 信号 NLBP_difference 检查完成，状态: normal

2025-04-29 00:01:48,479 - 
检查信号数据: NLBP_difference_1D_9_combine
2025-04-29 00:01:48,479 - 数据路径: D:\Signal\signal_boost\prod\NLBP_difference_1D_9_combine
2025-04-29 00:01:48,801 - 所有工作日数据完整
2025-04-29 00:01:48,802 - 最新数据日期: 2025-04-29
2025-04-29 00:01:48,802 - 信号 NLBP_difference_1D_9_combine 检查完成，状态: normal

2025-04-29 00:01:54,056 - 
检查信号: LargeOrder_difference
2025-04-29 00:01:54,066 - 文件 LargeOrderInflow.csv 数据完整
2025-04-29 00:01:54,066 - 信号 LargeOrder_difference 检查完成，状态: normal

2025-04-29 00:01:54,066 - 
检查信号数据: LargeOrder_difference_1D_9_combine
2025-04-29 00:01:54,066 - 数据路径: D:\Signal\signal_boost\prod\LargeOrder_difference_1D_9_combine
2025-04-29 00:01:54,354 - 所有工作日数据完整
2025-04-29 00:01:54,355 - 最新数据日期: 2025-04-29
2025-04-29 00:01:54,355 - 信号 LargeOrder_difference_1D_9_combine 检查完成，状态: normal

2025-04-29 00:01:58,595 - 
检查信号: Monthly_effect
2025-04-29 00:01:58,619 - 文件 index_return.csv 数据完整
2025-04-29 00:01:58,619 - 信号 Monthly_effect 检查完成，状态: normal

2025-04-29 00:01:58,619 - 
检查信号数据: Monthly_effect_1D_9_combine
2025-04-29 00:01:58,619 - 数据路径: D:\Signal\signal_boost\prod\Monthly_effect_1D_9_combine
2025-04-29 00:01:58,941 - 所有工作日数据完整
2025-04-29 00:01:58,941 - 最新数据日期: 2025-04-29
2025-04-29 00:01:58,941 - 信号 Monthly_effect_1D_9_combine 检查完成，状态: normal

2025-04-29 00:02:07,621 - 
检查信号: CPI
2025-04-29 00:02:07,632 - 文件 CPI.csv 数据完整
2025-04-29 00:02:07,632 - 信号 CPI 检查完成，状态: normal

2025-04-29 00:02:07,632 - 
检查信号数据: CPI_1D_9_combine
2025-04-29 00:02:07,632 - 数据路径: D:\Signal\signal_boost\prod\CPI_1D_9_combine
2025-04-29 00:02:07,954 - 所有工作日数据完整
2025-04-29 00:02:07,954 - 最新数据日期: 2025-04-29
2025-04-29 00:02:07,954 - 信号 CPI_1D_9_combine 检查完成，状态: normal

2025-04-29 00:02:13,712 - 
检查信号: PPI
2025-04-29 00:02:13,723 - 文件 PPI.csv 数据完整
2025-04-29 00:02:13,723 - 信号 PPI 检查完成，状态: normal

2025-04-29 00:02:13,723 - 
检查信号数据: PPI_1D_9_combine
2025-04-29 00:02:13,723 - 数据路径: D:\Signal\signal_boost\prod\PPI_1D_9_combine
2025-04-29 00:02:14,046 - 所有工作日数据完整
2025-04-29 00:02:14,046 - 最新数据日期: 2025-04-29
2025-04-29 00:02:14,046 - 信号 PPI_1D_9_combine 检查完成，状态: normal

2025-04-29 00:02:19,829 - 
检查信号: PMI
2025-04-29 00:02:19,840 - 文件 PMI.csv 数据完整
2025-04-29 00:02:19,840 - 信号 PMI 检查完成，状态: normal

2025-04-29 00:02:19,840 - 
检查信号数据: PMI_1D_9_combine
2025-04-29 00:02:19,840 - 数据路径: D:\Signal\signal_boost\prod\PMI_1D_9_combine
2025-04-29 00:02:20,162 - 所有工作日数据完整
2025-04-29 00:02:20,162 - 最新数据日期: 2025-04-29
2025-04-29 00:02:20,162 - 信号 PMI_1D_9_combine 检查完成，状态: normal

2025-04-29 00:02:25,888 - 
检查信号: Stock_HL
2025-04-29 00:02:28,160 - 文件 stock_close.csv 数据完整
2025-04-29 00:02:28,160 - 信号 Stock_HL 检查完成，状态: normal

2025-04-29 00:02:28,160 - 
检查信号数据: Stock_HL_1D_9_combine
2025-04-29 00:02:28,160 - 数据路径: D:\Signal\signal_boost\prod\Stock_HL_1D_9_combine
2025-04-29 00:02:28,438 - 所有工作日数据完整
2025-04-29 00:02:28,438 - 最新数据日期: 2025-04-29
2025-04-29 00:02:28,438 - 信号 Stock_HL_1D_9_combine 检查完成，状态: normal

2025-04-29 00:02:56,338 - 
检查信号: Rsi_difference
2025-04-29 00:02:58,565 - 文件 stock_close.csv 数据完整
2025-04-29 00:02:58,565 - 信号 Rsi_difference 检查完成，状态: normal

2025-04-29 00:02:58,565 - 
检查信号数据: Rsi_difference_1D_9_combine
2025-04-29 00:02:58,565 - 数据路径: D:\Signal\signal_boost\prod\Rsi_difference_1D_9_combine
2025-04-29 00:02:58,863 - 所有工作日数据完整
2025-04-29 00:02:58,863 - 最新数据日期: 2025-04-29
2025-04-29 00:02:58,863 - 信号 Rsi_difference_1D_9_combine 检查完成，状态: normal

2025-04-29 00:03:26,835 - 
检查信号: RaisingTrend_proportion
2025-04-29 00:03:29,079 - 文件 stock_close.csv 数据完整
2025-04-29 00:03:29,079 - 信号 RaisingTrend_proportion 检查完成，状态: normal

2025-04-29 00:03:29,079 - 
检查信号数据: RaisingTrend_proportion_1D_9_combine
2025-04-29 00:03:29,079 - 数据路径: D:\Signal\signal_boost\prod\RaisingTrend_proportion_1D_9_combine
2025-04-29 00:03:29,337 - 所有工作日数据完整
2025-04-29 00:03:29,337 - 最新数据日期: 2025-04-29
2025-04-29 00:03:29,337 - 信号 RaisingTrend_proportion_1D_9_combine 检查完成，状态: normal

2025-04-29 00:03:45,875 - 
检查信号: TargetIndex_MACD
2025-04-29 00:03:45,898 - 文件 index_return.csv 数据完整
2025-04-29 00:03:45,899 - 信号 TargetIndex_MACD 检查完成，状态: normal

2025-04-29 00:03:45,899 - 
检查信号数据: TargetIndex_MACD_1D_9_combine
2025-04-29 00:03:45,899 - 数据路径: D:\Signal\signal_boost\prod\TargetIndex_MACD_1D_9_combine
2025-04-29 00:03:46,224 - 所有工作日数据完整
2025-04-29 00:03:46,224 - 最新数据日期: 2025-04-29
2025-04-29 00:03:46,224 - 信号 TargetIndex_MACD_1D_9_combine 检查完成，状态: normal

2025-04-29 00:03:51,543 - 
检查信号: TargetIndex_BBANDS
2025-04-29 00:03:51,566 - 文件 index_return.csv 数据完整
2025-04-29 00:03:51,566 - 信号 TargetIndex_BBANDS 检查完成，状态: normal

2025-04-29 00:03:51,566 - 
检查信号数据: TargetIndex_BBANDS_1D_9_combine
2025-04-29 00:03:51,566 - 数据路径: D:\Signal\signal_boost\prod\TargetIndex_BBANDS_1D_9_combine
2025-04-29 00:03:51,894 - 所有工作日数据完整
2025-04-29 00:03:51,894 - 最新数据日期: 2025-04-29
2025-04-29 00:03:51,894 - 信号 TargetIndex_BBANDS_1D_9_combine 检查完成，状态: normal

2025-04-29 00:03:57,312 - 
检查信号: TargetIndex_MOMENTUM
2025-04-29 00:03:57,335 - 文件 index_return.csv 数据完整
2025-04-29 00:03:57,336 - 信号 TargetIndex_MOMENTUM 检查完成，状态: normal

2025-04-29 00:03:57,336 - 
检查信号数据: TargetIndex_MOMENTUM_1D_9_combine
2025-04-29 00:03:57,336 - 数据路径: D:\Signal\signal_boost\prod\TargetIndex_MOMENTUM_1D_9_combine
2025-04-29 00:03:57,657 - 所有工作日数据完整
2025-04-29 00:03:57,658 - 最新数据日期: 2025-04-29
2025-04-29 00:03:57,658 - 信号 TargetIndex_MOMENTUM_1D_9_combine 检查完成，状态: normal

2025-04-29 00:04:03,009 - 
检查信号: TargetIndex_PSA
2025-04-29 00:04:03,022 - 文件 IndexClose.csv 数据完整
2025-04-29 00:04:03,035 - 文件 IndexHigh.csv 数据完整
2025-04-29 00:04:03,048 - 文件 IndexLow.csv 数据完整
2025-04-29 00:04:03,048 - 信号 TargetIndex_PSA 检查完成，状态: normal

2025-04-29 00:04:03,048 - 
检查信号数据: TargetIndex_PSA_1D_9_combine
2025-04-29 00:04:03,048 - 数据路径: D:\Signal\signal_boost\prod\TargetIndex_PSA_1D_9_combine
2025-04-29 00:04:03,370 - 所有工作日数据完整
2025-04-29 00:04:03,371 - 最新数据日期: 2025-04-29
2025-04-29 00:04:03,372 - 信号 TargetIndex_PSA_1D_9_combine 检查完成，状态: normal

2025-04-29 00:04:08,948 - 
检查信号: TargetIndex_MOMENTUM2
2025-04-29 00:04:08,971 - 文件 index_return.csv 数据完整
2025-04-29 00:04:08,971 - 信号 TargetIndex_MOMENTUM2 检查完成，状态: normal

2025-04-29 00:04:08,971 - 
检查信号数据: TargetIndex_MOMENTUM2_1D_9_combine
2025-04-29 00:04:08,971 - 数据路径: D:\Signal\signal_boost\prod\TargetIndex_MOMENTUM2_1D_9_combine
2025-04-29 00:04:09,296 - 所有工作日数据完整
2025-04-29 00:04:09,296 - 最新数据日期: 2025-04-29
2025-04-29 00:04:09,296 - 信号 TargetIndex_MOMENTUM2_1D_9_combine 检查完成，状态: normal

2025-04-29 00:04:15,925 - 
检查信号: TargetIndex_REVERSE
2025-04-29 00:04:15,948 - 文件 index_return.csv 数据完整
2025-04-29 00:04:15,948 - 信号 TargetIndex_REVERSE 检查完成，状态: normal

2025-04-29 00:04:15,948 - 
检查信号数据: TargetIndex_REVERSE_1D_9_combine
2025-04-29 00:04:15,948 - 数据路径: D:\Signal\signal_boost\prod\TargetIndex_REVERSE_1D_9_combine
2025-04-29 00:04:16,271 - 所有工作日数据完整
2025-04-29 00:04:16,271 - 最新数据日期: 2025-04-29
2025-04-29 00:04:16,271 - 信号 TargetIndex_REVERSE_1D_9_combine 检查完成，状态: normal

2025-04-29 00:04:22,912 - 
检查信号: Future_difference
2025-04-29 00:04:22,919 - 文件 indexFutureDifference.csv 数据完整
2025-04-29 00:04:22,919 - 信号 Future_difference 检查完成，状态: normal

2025-04-29 00:04:22,919 - 
检查信号数据: Future_difference_1D_9_combine
2025-04-29 00:04:22,920 - 数据路径: D:\Signal\signal_boost\prod\Future_difference_1D_9_combine
2025-04-29 00:04:23,189 - 所有工作日数据完整
2025-04-29 00:04:23,189 - 最新数据日期: 2025-04-29
2025-04-29 00:04:23,189 - 信号 Future_difference_1D_9_combine 检查完成，状态: normal

