2025-04-10 21:30:22,452 - 开始数据检查 - 检查期间: 2024-04-10 到 2025-04-10
2025-04-10 21:30:22,452 - 目标日期: 2025-04-10
2025-04-10 21:30:22,453 - 
检查信号: CreditSpread_9M
2025-04-10 21:30:22,458 - 文件 ChinaDevelopmentBankBonds.csv 数据完整
2025-04-10 21:30:22,463 - 文件 ChinaMediumTermNotes.csv 数据完整
2025-04-10 21:30:22,463 - 信号 CreditSpread_9M 检查完成，状态: normal

2025-04-10 21:30:22,463 - 
检查信号数据: CreditSpread_9M_1D_9_combine
2025-04-10 21:30:22,463 - 数据路径: D:\Signal\signal_boost\prod\CreditSpread_9M_1D_9_combine
2025-04-10 21:30:22,555 - 缺少以下日期的数据: ['2025-04-08', '2025-04-09', '2025-04-10']
2025-04-10 21:30:22,555 - 最新数据日期: 2025-04-07
2025-04-10 21:30:22,555 - 信号 CreditSpread_9M_1D_9_combine 检查完成，状态: error

2025-04-10 21:30:24,613 - 
检查信号: CreditSpread_5Y
2025-04-10 21:30:24,617 - 文件 ChinaDevelopmentBankBonds.csv 数据完整
2025-04-10 21:30:24,621 - 文件 ChinaMediumTermNotes.csv 数据完整
2025-04-10 21:30:24,621 - 信号 CreditSpread_5Y 检查完成，状态: normal

2025-04-10 21:30:24,621 - 
检查信号数据: CreditSpread_5Y_1D_9_combine
2025-04-10 21:30:24,621 - 数据路径: D:\Signal\signal_boost\prod\CreditSpread_5Y_1D_9_combine
2025-04-10 21:30:24,753 - 缺少以下日期的数据: ['2025-04-08', '2025-04-09', '2025-04-10']
2025-04-10 21:30:24,753 - 最新数据日期: 2025-04-07
2025-04-10 21:30:24,753 - 信号 CreditSpread_5Y_1D_9_combine 检查完成，状态: error

2025-04-10 21:30:27,066 - 
检查信号: Shibor_2W
2025-04-10 21:30:27,071 - 文件 Shibor.csv 数据完整
2025-04-10 21:30:27,071 - 信号 Shibor_2W 检查完成，状态: normal

2025-04-10 21:30:27,071 - 
检查信号数据: Shibor_2W_45D_9_combine
2025-04-10 21:30:27,071 - 数据路径: D:\Signal\signal_boost\prod\Shibor_2W_45D_9_combine
2025-04-10 21:30:27,181 - 缺少以下日期的数据: ['2025-04-08', '2025-04-09', '2025-04-10']
2025-04-10 21:30:27,182 - 最新数据日期: 2025-04-07
2025-04-10 21:30:27,182 - 信号 Shibor_2W_45D_9_combine 检查完成，状态: error

2025-04-10 21:30:30,664 - 
检查信号: Shibor_9M
2025-04-10 21:30:30,669 - 文件 Shibor.csv 数据完整
2025-04-10 21:30:30,669 - 信号 Shibor_9M 检查完成，状态: normal

2025-04-10 21:30:30,669 - 
检查信号数据: Shibor_9M_45D_9_combine
2025-04-10 21:30:30,669 - 数据路径: D:\Signal\signal_boost\prod\Shibor_9M_45D_9_combine
2025-04-10 21:30:30,782 - 缺少以下日期的数据: ['2025-04-08', '2025-04-09', '2025-04-10']
2025-04-10 21:30:30,782 - 最新数据日期: 2025-04-07
2025-04-10 21:30:30,782 - 信号 Shibor_9M_45D_9_combine 检查完成，状态: error

2025-04-10 21:30:33,266 - 
检查信号: Bond_3Y
2025-04-10 21:30:33,272 - 文件 ChinaGovernmentBonds.csv 数据完整
2025-04-10 21:30:33,273 - 信号 Bond_3Y 检查完成，状态: normal

2025-04-10 21:30:33,273 - 
检查信号数据: Bond_3Y_90D_9_combine
2025-04-10 21:30:33,273 - 数据路径: D:\Signal\signal_boost\prod\Bond_3Y_90D_9_combine
2025-04-10 21:30:33,387 - 缺少以下日期的数据: ['2025-04-08', '2025-04-09', '2025-04-10']
2025-04-10 21:30:33,387 - 最新数据日期: 2025-04-07
2025-04-10 21:30:33,387 - 信号 Bond_3Y_90D_9_combine 检查完成，状态: error

2025-04-10 21:30:36,739 - 
检查信号: Bond_10Y
2025-04-10 21:30:36,744 - 文件 ChinaGovernmentBonds.csv 数据完整
2025-04-10 21:30:36,744 - 信号 Bond_10Y 检查完成，状态: normal

2025-04-10 21:30:36,744 - 
检查信号数据: Bond_10Y_90D_9_combine
2025-04-10 21:30:36,744 - 数据路径: D:\Signal\signal_boost\prod\Bond_10Y_90D_9_combine
2025-04-10 21:30:36,870 - 缺少以下日期的数据: ['2025-04-08', '2025-04-09', '2025-04-10']
2025-04-10 21:30:36,870 - 最新数据日期: 2025-04-07
2025-04-10 21:30:36,870 - 信号 Bond_10Y_90D_9_combine 检查完成，状态: error

2025-04-10 21:30:40,254 - 
检查信号: USDX
2025-04-10 21:30:40,259 - 文件 UsDollar.csv 数据完整
2025-04-10 21:30:40,259 - 信号 USDX 检查完成，状态: normal

2025-04-10 21:30:40,259 - 
检查信号数据: USDX_120D_9_combine
2025-04-10 21:30:40,259 - 数据路径: D:\Signal\signal_boost\prod\USDX_120D_9_combine
2025-04-10 21:30:40,367 - 缺少以下日期的数据: ['2025-04-08', '2025-04-09', '2025-04-10']
2025-04-10 21:30:40,367 - 最新数据日期: 2025-04-07
2025-04-10 21:30:40,367 - 信号 USDX_120D_9_combine 检查完成，状态: error

2025-04-10 21:30:43,721 - 
检查信号: TermSpread_9Y
2025-04-10 21:30:43,727 - 文件 ChinaDevelopmentBankBonds.csv 数据完整
2025-04-10 21:30:43,727 - 信号 TermSpread_9Y 检查完成，状态: normal

2025-04-10 21:30:43,727 - 
检查信号数据: TermSpread_9Y_120D_9_combine
2025-04-10 21:30:43,727 - 数据路径: D:\Signal\signal_boost\prod\TermSpread_9Y_120D_9_combine
2025-04-10 21:30:43,862 - 缺少以下日期的数据: ['2025-04-08', '2025-04-09', '2025-04-10']
2025-04-10 21:30:43,862 - 最新数据日期: 2025-04-07
2025-04-10 21:30:43,862 - 信号 TermSpread_9Y_120D_9_combine 检查完成，状态: error

2025-04-10 21:30:47,210 - 
检查信号: M1M2
2025-04-10 21:30:47,216 - 文件 M1M2.csv 数据完整
2025-04-10 21:30:47,216 - 信号 M1M2 检查完成，状态: normal

2025-04-10 21:30:47,216 - 
检查信号数据: M1M2_90D_9_combine
2025-04-10 21:30:47,216 - 数据路径: D:\Signal\signal_boost\prod\M1M2_90D_9_combine
2025-04-10 21:30:47,331 - 缺少以下日期的数据: ['2025-04-08', '2025-04-09', '2025-04-10']
2025-04-10 21:30:47,331 - 最新数据日期: 2025-04-07
2025-04-10 21:30:47,331 - 信号 M1M2_90D_9_combine 检查完成，状态: error

2025-04-10 21:30:50,567 - 
检查信号: RelativeVolume_std
2025-04-10 21:30:50,574 - 文件 IndexVolume.csv 数据完整
2025-04-10 21:30:50,574 - 信号 RelativeVolume_std 检查完成，状态: normal

2025-04-10 21:30:50,574 - 
检查信号数据: RelativeVolume_std_20D_9_combine
2025-04-10 21:30:50,574 - 数据路径: D:\Signal\signal_boost\prod\RelativeVolume_std_20D_9_combine
2025-04-10 21:30:50,708 - 缺少以下日期的数据: ['2025-04-08', '2025-04-09', '2025-04-10']
2025-04-10 21:30:50,708 - 最新数据日期: 2025-04-07
2025-04-10 21:30:50,708 - 信号 RelativeVolume_std_20D_9_combine 检查完成，状态: error

2025-04-10 21:30:53,419 - 
检查信号: RelativeReturn_std
2025-04-10 21:30:53,431 - 文件 index_return.csv 数据完整
2025-04-10 21:30:53,431 - 信号 RelativeReturn_std 检查完成，状态: normal

2025-04-10 21:30:53,431 - 
检查信号数据: RelativeReturn_std_20D_9_combine
2025-04-10 21:30:53,431 - 数据路径: D:\Signal\signal_boost\prod\RelativeReturn_std_20D_9_combine
2025-04-10 21:30:53,569 - 缺少以下日期的数据: ['2025-04-08', '2025-04-09', '2025-04-10']
2025-04-10 21:30:53,570 - 最新数据日期: 2025-04-07
2025-04-10 21:30:53,570 - 信号 RelativeReturn_std_20D_9_combine 检查完成，状态: error

2025-04-10 21:30:56,223 - 
检查信号: EarningsYield_Reverse
2025-04-10 21:30:56,229 - 文件 ygData.csv 数据完整
2025-04-10 21:30:56,229 - 信号 EarningsYield_Reverse 检查完成，状态: normal

2025-04-10 21:30:56,229 - 
检查信号数据: EarningsYield_Reverse_1D_9_combine
2025-04-10 21:30:56,229 - 数据路径: D:\Signal\signal_boost\prod\EarningsYield_Reverse_1D_9_combine
2025-04-10 21:30:56,360 - 缺少以下日期的数据: ['2025-04-08', '2025-04-09', '2025-04-10']
2025-04-10 21:30:56,361 - 最新数据日期: 2025-04-07
2025-04-10 21:30:56,361 - 信号 EarningsYield_Reverse_1D_9_combine 检查完成，状态: error

2025-04-10 21:30:58,809 - 
检查信号: Growth
2025-04-10 21:30:58,816 - 文件 ygData.csv 数据完整
2025-04-10 21:30:58,816 - 信号 Growth 检查完成，状态: normal

2025-04-10 21:30:58,816 - 
检查信号数据: Growth_1D_9_combine
2025-04-10 21:30:58,816 - 数据路径: D:\Signal\signal_boost\prod\Growth_1D_9_combine
2025-04-10 21:30:58,953 - 缺少以下日期的数据: ['2025-04-08', '2025-04-09', '2025-04-10']
2025-04-10 21:30:58,954 - 最新数据日期: 2025-04-07
2025-04-10 21:30:58,954 - 信号 Growth_1D_9_combine 检查完成，状态: error

2025-04-10 21:31:01,308 - 
检查信号: LHBProportion
2025-04-10 21:31:01,313 - 文件 LHB_AMT_proportion.csv 数据完整
2025-04-10 21:31:01,320 - 文件 IndexAmt.csv 数据完整
2025-04-10 21:31:01,320 - 信号 LHBProportion 检查完成，状态: normal

2025-04-10 21:31:01,320 - 
检查信号数据: LHBProportion_1D_9_combine
2025-04-10 21:31:01,320 - 数据路径: D:\Signal\signal_boost\prod\LHBProportion_1D_9_combine
2025-04-10 21:31:01,454 - 缺少以下日期的数据: ['2025-04-08', '2025-04-09', '2025-04-10']
2025-04-10 21:31:01,454 - 最新数据日期: 2025-04-07
2025-04-10 21:31:01,454 - 信号 LHBProportion_1D_9_combine 检查完成，状态: error

2025-04-10 21:31:03,903 - 
检查信号: NLBP_difference
2025-04-10 21:31:03,910 - 文件 NetLeverageBuying.csv 数据完整
2025-04-10 21:31:03,911 - 信号 NLBP_difference 检查完成，状态: normal

2025-04-10 21:31:03,911 - 
检查信号数据: NLBP_difference_1D_9_combine
2025-04-10 21:31:03,911 - 数据路径: D:\Signal\signal_boost\prod\NLBP_difference_1D_9_combine
2025-04-10 21:31:04,077 - 缺少以下日期的数据: ['2025-04-08', '2025-04-09', '2025-04-10']
2025-04-10 21:31:04,077 - 最新数据日期: 2025-04-07
2025-04-10 21:31:04,077 - 信号 NLBP_difference_1D_9_combine 检查完成，状态: error

2025-04-10 21:31:06,554 - 
检查信号: LargeOrder_difference
2025-04-10 21:31:06,560 - 文件 LargeOrderInflow.csv 数据完整
2025-04-10 21:31:06,560 - 信号 LargeOrder_difference 检查完成，状态: normal

2025-04-10 21:31:06,560 - 
检查信号数据: LargeOrder_difference_1D_9_combine
2025-04-10 21:31:06,560 - 数据路径: D:\Signal\signal_boost\prod\LargeOrder_difference_1D_9_combine
2025-04-10 21:31:06,677 - 缺少以下日期的数据: ['2025-04-08', '2025-04-09', '2025-04-10']
2025-04-10 21:31:06,678 - 最新数据日期: 2025-04-07
2025-04-10 21:31:06,678 - 信号 LargeOrder_difference_1D_9_combine 检查完成，状态: error

2025-04-10 21:31:08,560 - 
检查信号: Monthly_effect
2025-04-10 21:31:08,571 - 文件 index_return.csv 数据完整
2025-04-10 21:31:08,571 - 信号 Monthly_effect 检查完成，状态: normal

2025-04-10 21:31:08,571 - 
检查信号数据: Monthly_effect_1D_9_combine
2025-04-10 21:31:08,571 - 数据路径: D:\Signal\signal_boost\prod\Monthly_effect_1D_9_combine
2025-04-10 21:31:08,709 - 缺少以下日期的数据: ['2025-04-08', '2025-04-09', '2025-04-10']
2025-04-10 21:31:08,709 - 最新数据日期: 2025-04-07
2025-04-10 21:31:08,709 - 信号 Monthly_effect_1D_9_combine 检查完成，状态: error

2025-04-10 21:31:12,471 - 
检查信号: CPI
2025-04-10 21:31:12,476 - 文件 CPI.csv 数据完整
2025-04-10 21:31:12,476 - 信号 CPI 检查完成，状态: normal

2025-04-10 21:31:12,476 - 
检查信号数据: CPI_1D_9_combine
2025-04-10 21:31:12,476 - 数据路径: D:\Signal\signal_boost\prod\CPI_1D_9_combine
2025-04-10 21:31:12,477 - 信号数据文件夹不存在: D:\Signal\signal_boost\prod\CPI_1D_9_combine
2025-04-10 21:31:56,035 - 
检查信号: PPI
2025-04-10 21:31:56,040 - 文件 PPI.csv 数据完整
2025-04-10 21:31:56,040 - 信号 PPI 检查完成，状态: normal

2025-04-10 21:31:56,040 - 
检查信号数据: PPI_1D_9_combine
2025-04-10 21:31:56,040 - 数据路径: D:\Signal\signal_boost\prod\PPI_1D_9_combine
2025-04-10 21:31:56,040 - 信号数据文件夹不存在: D:\Signal\signal_boost\prod\PPI_1D_9_combine
2025-04-10 21:32:41,970 - 
检查信号: PMI
2025-04-10 21:32:41,976 - 文件 PMI.csv 数据完整
2025-04-10 21:32:41,976 - 信号 PMI 检查完成，状态: normal

2025-04-10 21:32:41,976 - 
检查信号数据: PMI_1D_9_combine
2025-04-10 21:32:41,976 - 数据路径: D:\Signal\signal_boost\prod\PMI_1D_9_combine
2025-04-10 21:32:41,977 - 信号数据文件夹不存在: D:\Signal\signal_boost\prod\PMI_1D_9_combine
2025-04-10 21:33:27,648 - 
检查信号: Stock_HL
2025-04-10 21:33:28,802 - 文件 stock_close.csv 数据完整
2025-04-10 21:33:28,802 - 信号 Stock_HL 检查完成，状态: normal

2025-04-10 21:33:28,802 - 
检查信号数据: Stock_HL_1D_9_combine
2025-04-10 21:33:28,802 - 数据路径: D:\Signal\signal_boost\prod\Stock_HL_1D_9_combine
2025-04-10 21:33:28,802 - 信号数据文件夹不存在: D:\Signal\signal_boost\prod\Stock_HL_1D_9_combine
2025-04-10 21:34:17,883 - 检查过程出错: 信号 Rsi_difference 未在配置文件中找到
2025-04-10 21:34:17,884 - 检查过程出错: 信号 RaisingTrend_proportion 未在配置文件中找到
2025-04-10 21:37:27,284 - 开始数据检查 - 检查期间: 2024-04-10 到 2025-04-10
2025-04-10 21:37:27,285 - 目标日期: 2025-04-10
2025-04-10 21:37:27,285 - 
检查信号: CreditSpread_9M
2025-04-10 21:37:27,290 - 文件 ChinaDevelopmentBankBonds.csv 数据完整
2025-04-10 21:37:27,295 - 文件 ChinaMediumTermNotes.csv 数据完整
2025-04-10 21:37:27,296 - 信号 CreditSpread_9M 检查完成，状态: normal

2025-04-10 21:37:27,296 - 
检查信号数据: CreditSpread_9M_1D_9_combine
2025-04-10 21:37:27,296 - 数据路径: D:\Signal\signal_boost\prod\CreditSpread_9M_1D_9_combine
2025-04-10 21:37:27,394 - 所有工作日数据完整
2025-04-10 21:37:27,394 - 最新数据日期: 2025-04-11
2025-04-10 21:37:27,394 - 信号 CreditSpread_9M_1D_9_combine 检查完成，状态: normal

2025-04-10 21:37:29,317 - 
检查信号: CreditSpread_5Y
2025-04-10 21:37:29,322 - 文件 ChinaDevelopmentBankBonds.csv 数据完整
2025-04-10 21:37:29,327 - 文件 ChinaMediumTermNotes.csv 数据完整
2025-04-10 21:37:29,327 - 信号 CreditSpread_5Y 检查完成，状态: normal

2025-04-10 21:37:29,327 - 
检查信号数据: CreditSpread_5Y_1D_9_combine
2025-04-10 21:37:29,327 - 数据路径: D:\Signal\signal_boost\prod\CreditSpread_5Y_1D_9_combine
2025-04-10 21:37:29,444 - 所有工作日数据完整
2025-04-10 21:37:29,444 - 最新数据日期: 2025-04-11
2025-04-10 21:37:29,444 - 信号 CreditSpread_5Y_1D_9_combine 检查完成，状态: normal

2025-04-10 21:37:31,523 - 
检查信号: Shibor_2W
2025-04-10 21:37:31,528 - 文件 Shibor.csv 数据完整
2025-04-10 21:37:31,528 - 信号 Shibor_2W 检查完成，状态: normal

2025-04-10 21:37:31,528 - 
检查信号数据: Shibor_2W_45D_9_combine
2025-04-10 21:37:31,528 - 数据路径: D:\Signal\signal_boost\prod\Shibor_2W_45D_9_combine
2025-04-10 21:37:31,635 - 所有工作日数据完整
2025-04-10 21:37:31,635 - 最新数据日期: 2025-04-11
2025-04-10 21:37:31,635 - 信号 Shibor_2W_45D_9_combine 检查完成，状态: normal

2025-04-10 21:37:34,387 - 
检查信号: Shibor_9M
2025-04-10 21:37:34,391 - 文件 Shibor.csv 数据完整
2025-04-10 21:37:34,391 - 信号 Shibor_9M 检查完成，状态: normal

2025-04-10 21:37:34,391 - 
检查信号数据: Shibor_9M_45D_9_combine
2025-04-10 21:37:34,391 - 数据路径: D:\Signal\signal_boost\prod\Shibor_9M_45D_9_combine
2025-04-10 21:37:34,496 - 所有工作日数据完整
2025-04-10 21:37:34,496 - 最新数据日期: 2025-04-11
2025-04-10 21:37:34,496 - 信号 Shibor_9M_45D_9_combine 检查完成，状态: normal

2025-04-10 21:37:36,739 - 
检查信号: Bond_3Y
2025-04-10 21:37:36,743 - 文件 ChinaGovernmentBonds.csv 数据完整
2025-04-10 21:37:36,744 - 信号 Bond_3Y 检查完成，状态: normal

2025-04-10 21:37:36,744 - 
检查信号数据: Bond_3Y_90D_9_combine
2025-04-10 21:37:36,744 - 数据路径: D:\Signal\signal_boost\prod\Bond_3Y_90D_9_combine
2025-04-10 21:37:36,850 - 所有工作日数据完整
2025-04-10 21:37:36,850 - 最新数据日期: 2025-04-11
2025-04-10 21:37:36,850 - 信号 Bond_3Y_90D_9_combine 检查完成，状态: normal

2025-04-10 21:37:39,580 - 
检查信号: Bond_10Y
2025-04-10 21:37:39,584 - 文件 ChinaGovernmentBonds.csv 数据完整
2025-04-10 21:37:39,584 - 信号 Bond_10Y 检查完成，状态: normal

2025-04-10 21:37:39,584 - 
检查信号数据: Bond_10Y_90D_9_combine
2025-04-10 21:37:39,584 - 数据路径: D:\Signal\signal_boost\prod\Bond_10Y_90D_9_combine
2025-04-10 21:37:39,698 - 所有工作日数据完整
2025-04-10 21:37:39,698 - 最新数据日期: 2025-04-11
2025-04-10 21:37:39,698 - 信号 Bond_10Y_90D_9_combine 检查完成，状态: normal

2025-04-10 21:37:42,438 - 
检查信号: USDX
2025-04-10 21:37:42,442 - 文件 UsDollar.csv 数据完整
2025-04-10 21:37:42,442 - 信号 USDX 检查完成，状态: normal

2025-04-10 21:37:42,442 - 
检查信号数据: USDX_120D_9_combine
2025-04-10 21:37:42,442 - 数据路径: D:\Signal\signal_boost\prod\USDX_120D_9_combine
2025-04-10 21:37:42,546 - 所有工作日数据完整
2025-04-10 21:37:42,546 - 最新数据日期: 2025-04-11
2025-04-10 21:37:42,546 - 信号 USDX_120D_9_combine 检查完成，状态: normal

2025-04-10 21:37:45,317 - 
检查信号: TermSpread_9Y
2025-04-10 21:37:45,322 - 文件 ChinaDevelopmentBankBonds.csv 数据完整
2025-04-10 21:37:45,322 - 信号 TermSpread_9Y 检查完成，状态: normal

2025-04-10 21:37:45,322 - 
检查信号数据: TermSpread_9Y_120D_9_combine
2025-04-10 21:37:45,322 - 数据路径: D:\Signal\signal_boost\prod\TermSpread_9Y_120D_9_combine
2025-04-10 21:37:45,419 - 所有工作日数据完整
2025-04-10 21:37:45,419 - 最新数据日期: 2025-04-11
2025-04-10 21:37:45,419 - 信号 TermSpread_9Y_120D_9_combine 检查完成，状态: normal

2025-04-10 21:37:48,171 - 
检查信号: M1M2
2025-04-10 21:37:48,176 - 文件 M1M2.csv 数据完整
2025-04-10 21:37:48,177 - 信号 M1M2 检查完成，状态: normal

2025-04-10 21:37:48,177 - 
检查信号数据: M1M2_90D_9_combine
2025-04-10 21:37:48,177 - 数据路径: D:\Signal\signal_boost\prod\M1M2_90D_9_combine
2025-04-10 21:37:48,282 - 所有工作日数据完整
2025-04-10 21:37:48,282 - 最新数据日期: 2025-04-11
2025-04-10 21:37:48,282 - 信号 M1M2_90D_9_combine 检查完成，状态: normal

2025-04-10 21:37:51,028 - 
检查信号: RelativeVolume_std
2025-04-10 21:37:51,034 - 文件 IndexVolume.csv 数据完整
2025-04-10 21:37:51,034 - 信号 RelativeVolume_std 检查完成，状态: normal

2025-04-10 21:37:51,034 - 
检查信号数据: RelativeVolume_std_20D_9_combine
2025-04-10 21:37:51,035 - 数据路径: D:\Signal\signal_boost\prod\RelativeVolume_std_20D_9_combine
2025-04-10 21:37:51,149 - 所有工作日数据完整
2025-04-10 21:37:51,149 - 最新数据日期: 2025-04-11
2025-04-10 21:37:51,149 - 信号 RelativeVolume_std_20D_9_combine 检查完成，状态: normal

2025-04-10 21:37:53,249 - 
检查信号: RelativeReturn_std
2025-04-10 21:37:53,258 - 文件 index_return.csv 数据完整
2025-04-10 21:37:53,258 - 信号 RelativeReturn_std 检查完成，状态: normal

2025-04-10 21:37:53,258 - 
检查信号数据: RelativeReturn_std_20D_9_combine
2025-04-10 21:37:53,258 - 数据路径: D:\Signal\signal_boost\prod\RelativeReturn_std_20D_9_combine
2025-04-10 21:37:53,374 - 所有工作日数据完整
2025-04-10 21:37:53,374 - 最新数据日期: 2025-04-11
2025-04-10 21:37:53,374 - 信号 RelativeReturn_std_20D_9_combine 检查完成，状态: normal

2025-04-10 21:37:55,536 - 
检查信号: EarningsYield_Reverse
2025-04-10 21:37:55,542 - 文件 ygData.csv 数据完整
2025-04-10 21:37:55,542 - 信号 EarningsYield_Reverse 检查完成，状态: normal

2025-04-10 21:37:55,542 - 
检查信号数据: EarningsYield_Reverse_1D_9_combine
2025-04-10 21:37:55,542 - 数据路径: D:\Signal\signal_boost\prod\EarningsYield_Reverse_1D_9_combine
2025-04-10 21:37:55,660 - 所有工作日数据完整
2025-04-10 21:37:55,660 - 最新数据日期: 2025-04-11
2025-04-10 21:37:55,660 - 信号 EarningsYield_Reverse_1D_9_combine 检查完成，状态: normal

2025-04-10 21:37:57,689 - 
检查信号: Growth
2025-04-10 21:37:57,695 - 文件 ygData.csv 数据完整
2025-04-10 21:37:57,695 - 信号 Growth 检查完成，状态: normal

2025-04-10 21:37:57,695 - 
检查信号数据: Growth_1D_9_combine
2025-04-10 21:37:57,695 - 数据路径: D:\Signal\signal_boost\prod\Growth_1D_9_combine
2025-04-10 21:37:57,812 - 所有工作日数据完整
2025-04-10 21:37:57,812 - 最新数据日期: 2025-04-11
2025-04-10 21:37:57,812 - 信号 Growth_1D_9_combine 检查完成，状态: normal

2025-04-10 21:37:59,849 - 
检查信号: LHBProportion
2025-04-10 21:37:59,854 - 文件 LHB_AMT_proportion.csv 数据完整
2025-04-10 21:37:59,860 - 文件 IndexAmt.csv 数据完整
2025-04-10 21:37:59,860 - 信号 LHBProportion 检查完成，状态: normal

2025-04-10 21:37:59,860 - 
检查信号数据: LHBProportion_1D_9_combine
2025-04-10 21:37:59,860 - 数据路径: D:\Signal\signal_boost\prod\LHBProportion_1D_9_combine
2025-04-10 21:37:59,973 - 所有工作日数据完整
2025-04-10 21:37:59,973 - 最新数据日期: 2025-04-11
2025-04-10 21:37:59,973 - 信号 LHBProportion_1D_9_combine 检查完成，状态: normal

2025-04-10 21:38:02,008 - 
检查信号: NLBP_difference
2025-04-10 21:38:02,012 - 文件 NetLeverageBuying.csv 数据完整
2025-04-10 21:38:02,012 - 信号 NLBP_difference 检查完成，状态: normal

2025-04-10 21:38:02,012 - 
检查信号数据: NLBP_difference_1D_9_combine
2025-04-10 21:38:02,012 - 数据路径: D:\Signal\signal_boost\prod\NLBP_difference_1D_9_combine
2025-04-10 21:38:02,130 - 所有工作日数据完整
2025-04-10 21:38:02,130 - 最新数据日期: 2025-04-11
2025-04-10 21:38:02,130 - 信号 NLBP_difference_1D_9_combine 检查完成，状态: normal

2025-04-10 21:38:04,182 - 
检查信号: LargeOrder_difference
2025-04-10 21:38:04,187 - 文件 LargeOrderInflow.csv 数据完整
2025-04-10 21:38:04,187 - 信号 LargeOrder_difference 检查完成，状态: normal

2025-04-10 21:38:04,187 - 
检查信号数据: LargeOrder_difference_1D_9_combine
2025-04-10 21:38:04,187 - 数据路径: D:\Signal\signal_boost\prod\LargeOrder_difference_1D_9_combine
2025-04-10 21:38:04,306 - 所有工作日数据完整
2025-04-10 21:38:04,306 - 最新数据日期: 2025-04-11
2025-04-10 21:38:04,306 - 信号 LargeOrder_difference_1D_9_combine 检查完成，状态: normal

2025-04-10 21:38:05,963 - 
检查信号: Monthly_effect
2025-04-10 21:38:05,972 - 文件 index_return.csv 数据完整
2025-04-10 21:38:05,972 - 信号 Monthly_effect 检查完成，状态: normal

2025-04-10 21:38:05,972 - 
检查信号数据: Monthly_effect_1D_9_combine
2025-04-10 21:38:05,972 - 数据路径: D:\Signal\signal_boost\prod\Monthly_effect_1D_9_combine
2025-04-10 21:38:06,092 - 所有工作日数据完整
2025-04-10 21:38:06,092 - 最新数据日期: 2025-04-11
2025-04-10 21:38:06,092 - 信号 Monthly_effect_1D_9_combine 检查完成，状态: normal

2025-04-10 21:38:09,495 - 
检查信号: CPI
2025-04-10 21:38:09,500 - 文件 CPI.csv 数据完整
2025-04-10 21:38:09,500 - 信号 CPI 检查完成，状态: normal

2025-04-10 21:38:09,500 - 
检查信号数据: CPI_1D_9_combine
2025-04-10 21:38:09,500 - 数据路径: D:\Signal\signal_boost\prod\CPI_1D_9_combine
2025-04-10 21:38:09,620 - 所有工作日数据完整
2025-04-10 21:38:09,620 - 最新数据日期: 2025-04-11
2025-04-10 21:38:09,620 - 信号 CPI_1D_9_combine 检查完成，状态: normal

2025-04-10 21:38:11,861 - 
检查信号: PPI
2025-04-10 21:38:11,867 - 文件 PPI.csv 数据完整
2025-04-10 21:38:11,867 - 信号 PPI 检查完成，状态: normal

2025-04-10 21:38:11,867 - 
检查信号数据: PPI_1D_9_combine
2025-04-10 21:38:11,867 - 数据路径: D:\Signal\signal_boost\prod\PPI_1D_9_combine
2025-04-10 21:38:11,986 - 所有工作日数据完整
2025-04-10 21:38:11,986 - 最新数据日期: 2025-04-11
2025-04-10 21:38:11,987 - 信号 PPI_1D_9_combine 检查完成，状态: normal

2025-04-10 21:38:14,252 - 
检查信号: PMI
2025-04-10 21:38:14,258 - 文件 PMI.csv 数据完整
2025-04-10 21:38:14,258 - 信号 PMI 检查完成，状态: normal

2025-04-10 21:38:14,258 - 
检查信号数据: PMI_1D_9_combine
2025-04-10 21:38:14,258 - 数据路径: D:\Signal\signal_boost\prod\PMI_1D_9_combine
2025-04-10 21:38:14,377 - 所有工作日数据完整
2025-04-10 21:38:14,377 - 最新数据日期: 2025-04-11
2025-04-10 21:38:14,377 - 信号 PMI_1D_9_combine 检查完成，状态: normal

2025-04-10 21:38:16,623 - 
检查信号: Stock_HL
2025-04-10 21:38:17,587 - 文件 stock_close.csv 数据完整
2025-04-10 21:38:17,587 - 信号 Stock_HL 检查完成，状态: normal

2025-04-10 21:38:17,587 - 
检查信号数据: Stock_HL_1D_9_combine
2025-04-10 21:38:17,587 - 数据路径: D:\Signal\signal_boost\prod\Stock_HL_1D_9_combine
2025-04-10 21:38:17,690 - 所有工作日数据完整
2025-04-10 21:38:17,690 - 最新数据日期: 2025-04-11
2025-04-10 21:38:17,690 - 信号 Stock_HL_1D_9_combine 检查完成，状态: normal

2025-04-10 21:38:29,799 - 检查过程出错: 信号 Rsi_difference 未在配置文件中找到
2025-04-10 21:38:29,800 - 检查过程出错: 信号 RaisingTrend_proportion 未在配置文件中找到
2025-04-10 21:40:26,179 - 开始数据检查 - 检查期间: 2024-04-10 到 2025-04-10
2025-04-10 21:40:26,179 - 目标日期: 2025-04-10
2025-04-10 21:40:26,179 - 
检查信号: CreditSpread_9M
2025-04-10 21:40:26,185 - 文件 ChinaDevelopmentBankBonds.csv 数据完整
2025-04-10 21:40:26,189 - 文件 ChinaMediumTermNotes.csv 数据完整
2025-04-10 21:40:26,189 - 信号 CreditSpread_9M 检查完成，状态: normal

2025-04-10 21:40:26,189 - 
检查信号数据: CreditSpread_9M_1D_9_combine
2025-04-10 21:40:26,189 - 数据路径: D:\Signal\signal_boost\prod\CreditSpread_9M_1D_9_combine
2025-04-10 21:40:26,278 - 所有工作日数据完整
2025-04-10 21:40:26,278 - 最新数据日期: 2025-04-11
2025-04-10 21:40:26,279 - 信号 CreditSpread_9M_1D_9_combine 检查完成，状态: normal

2025-04-10 21:40:28,207 - 
检查信号: CreditSpread_5Y
2025-04-10 21:40:28,212 - 文件 ChinaDevelopmentBankBonds.csv 数据完整
2025-04-10 21:40:28,217 - 文件 ChinaMediumTermNotes.csv 数据完整
2025-04-10 21:40:28,217 - 信号 CreditSpread_5Y 检查完成，状态: normal

2025-04-10 21:40:28,217 - 
检查信号数据: CreditSpread_5Y_1D_9_combine
2025-04-10 21:40:28,217 - 数据路径: D:\Signal\signal_boost\prod\CreditSpread_5Y_1D_9_combine
2025-04-10 21:40:28,334 - 所有工作日数据完整
2025-04-10 21:40:28,334 - 最新数据日期: 2025-04-11
2025-04-10 21:40:28,334 - 信号 CreditSpread_5Y_1D_9_combine 检查完成，状态: normal

2025-04-10 21:40:30,414 - 
检查信号: Shibor_2W
2025-04-10 21:40:30,418 - 文件 Shibor.csv 数据完整
2025-04-10 21:40:30,419 - 信号 Shibor_2W 检查完成，状态: normal

2025-04-10 21:40:30,419 - 
检查信号数据: Shibor_2W_45D_9_combine
2025-04-10 21:40:30,419 - 数据路径: D:\Signal\signal_boost\prod\Shibor_2W_45D_9_combine
2025-04-10 21:40:30,529 - 所有工作日数据完整
2025-04-10 21:40:30,530 - 最新数据日期: 2025-04-11
2025-04-10 21:40:30,530 - 信号 Shibor_2W_45D_9_combine 检查完成，状态: normal

2025-04-10 21:40:33,317 - 
检查信号: Shibor_9M
2025-04-10 21:40:33,321 - 文件 Shibor.csv 数据完整
2025-04-10 21:40:33,321 - 信号 Shibor_9M 检查完成，状态: normal

2025-04-10 21:40:33,322 - 
检查信号数据: Shibor_9M_45D_9_combine
2025-04-10 21:40:33,322 - 数据路径: D:\Signal\signal_boost\prod\Shibor_9M_45D_9_combine
2025-04-10 21:40:33,429 - 所有工作日数据完整
2025-04-10 21:40:33,430 - 最新数据日期: 2025-04-11
2025-04-10 21:40:33,430 - 信号 Shibor_9M_45D_9_combine 检查完成，状态: normal

2025-04-10 21:40:35,660 - 
检查信号: Bond_3Y
2025-04-10 21:40:35,665 - 文件 ChinaGovernmentBonds.csv 数据完整
2025-04-10 21:40:35,665 - 信号 Bond_3Y 检查完成，状态: normal

2025-04-10 21:40:35,665 - 
检查信号数据: Bond_3Y_90D_9_combine
2025-04-10 21:40:35,665 - 数据路径: D:\Signal\signal_boost\prod\Bond_3Y_90D_9_combine
2025-04-10 21:40:35,768 - 所有工作日数据完整
2025-04-10 21:40:35,768 - 最新数据日期: 2025-04-11
2025-04-10 21:40:35,768 - 信号 Bond_3Y_90D_9_combine 检查完成，状态: normal

2025-04-10 21:40:38,497 - 
检查信号: Bond_10Y
2025-04-10 21:40:38,503 - 文件 ChinaGovernmentBonds.csv 数据完整
2025-04-10 21:40:38,503 - 信号 Bond_10Y 检查完成，状态: normal

2025-04-10 21:40:38,503 - 
检查信号数据: Bond_10Y_90D_9_combine
2025-04-10 21:40:38,503 - 数据路径: D:\Signal\signal_boost\prod\Bond_10Y_90D_9_combine
2025-04-10 21:40:38,605 - 所有工作日数据完整
2025-04-10 21:40:38,605 - 最新数据日期: 2025-04-11
2025-04-10 21:40:38,605 - 信号 Bond_10Y_90D_9_combine 检查完成，状态: normal

2025-04-10 21:40:41,387 - 
检查信号: USDX
2025-04-10 21:40:41,391 - 文件 UsDollar.csv 数据完整
2025-04-10 21:40:41,391 - 信号 USDX 检查完成，状态: normal

2025-04-10 21:40:41,391 - 
检查信号数据: USDX_120D_9_combine
2025-04-10 21:40:41,391 - 数据路径: D:\Signal\signal_boost\prod\USDX_120D_9_combine
2025-04-10 21:40:41,495 - 所有工作日数据完整
2025-04-10 21:40:41,495 - 最新数据日期: 2025-04-11
2025-04-10 21:40:41,495 - 信号 USDX_120D_9_combine 检查完成，状态: normal

2025-04-10 21:40:44,246 - 
检查信号: TermSpread_9Y
2025-04-10 21:40:44,251 - 文件 ChinaDevelopmentBankBonds.csv 数据完整
2025-04-10 21:40:44,251 - 信号 TermSpread_9Y 检查完成，状态: normal

2025-04-10 21:40:44,251 - 
检查信号数据: TermSpread_9Y_120D_9_combine
2025-04-10 21:40:44,251 - 数据路径: D:\Signal\signal_boost\prod\TermSpread_9Y_120D_9_combine
2025-04-10 21:40:44,354 - 所有工作日数据完整
2025-04-10 21:40:44,355 - 最新数据日期: 2025-04-11
2025-04-10 21:40:44,355 - 信号 TermSpread_9Y_120D_9_combine 检查完成，状态: normal

2025-04-10 21:40:47,103 - 
检查信号: M1M2
2025-04-10 21:40:47,108 - 文件 M1M2.csv 数据完整
2025-04-10 21:40:47,108 - 信号 M1M2 检查完成，状态: normal

2025-04-10 21:40:47,108 - 
检查信号数据: M1M2_90D_9_combine
2025-04-10 21:40:47,108 - 数据路径: D:\Signal\signal_boost\prod\M1M2_90D_9_combine
2025-04-10 21:40:47,210 - 所有工作日数据完整
2025-04-10 21:40:47,210 - 最新数据日期: 2025-04-11
2025-04-10 21:40:47,210 - 信号 M1M2_90D_9_combine 检查完成，状态: normal

2025-04-10 21:40:49,973 - 
检查信号: RelativeVolume_std
2025-04-10 21:40:49,979 - 文件 IndexVolume.csv 数据完整
2025-04-10 21:40:49,979 - 信号 RelativeVolume_std 检查完成，状态: normal

2025-04-10 21:40:49,979 - 
检查信号数据: RelativeVolume_std_20D_9_combine
2025-04-10 21:40:49,979 - 数据路径: D:\Signal\signal_boost\prod\RelativeVolume_std_20D_9_combine
2025-04-10 21:40:50,098 - 所有工作日数据完整
2025-04-10 21:40:50,098 - 最新数据日期: 2025-04-11
2025-04-10 21:40:50,098 - 信号 RelativeVolume_std_20D_9_combine 检查完成，状态: normal

2025-04-10 21:40:52,201 - 
检查信号: RelativeReturn_std
2025-04-10 21:40:52,212 - 文件 index_return.csv 数据完整
2025-04-10 21:40:52,212 - 信号 RelativeReturn_std 检查完成，状态: normal

2025-04-10 21:40:52,212 - 
检查信号数据: RelativeReturn_std_20D_9_combine
2025-04-10 21:40:52,212 - 数据路径: D:\Signal\signal_boost\prod\RelativeReturn_std_20D_9_combine
2025-04-10 21:40:52,337 - 所有工作日数据完整
2025-04-10 21:40:52,338 - 最新数据日期: 2025-04-11
2025-04-10 21:40:52,338 - 信号 RelativeReturn_std_20D_9_combine 检查完成，状态: normal

2025-04-10 21:40:54,500 - 
检查信号: EarningsYield_Reverse
2025-04-10 21:40:54,506 - 文件 ygData.csv 数据完整
2025-04-10 21:40:54,506 - 信号 EarningsYield_Reverse 检查完成，状态: normal

2025-04-10 21:40:54,507 - 
检查信号数据: EarningsYield_Reverse_1D_9_combine
2025-04-10 21:40:54,507 - 数据路径: D:\Signal\signal_boost\prod\EarningsYield_Reverse_1D_9_combine
2025-04-10 21:40:54,626 - 所有工作日数据完整
2025-04-10 21:40:54,626 - 最新数据日期: 2025-04-11
2025-04-10 21:40:54,626 - 信号 EarningsYield_Reverse_1D_9_combine 检查完成，状态: normal

2025-04-10 21:40:56,667 - 
检查信号: Growth
2025-04-10 21:40:56,674 - 文件 ygData.csv 数据完整
2025-04-10 21:40:56,674 - 信号 Growth 检查完成，状态: normal

2025-04-10 21:40:56,674 - 
检查信号数据: Growth_1D_9_combine
2025-04-10 21:40:56,674 - 数据路径: D:\Signal\signal_boost\prod\Growth_1D_9_combine
2025-04-10 21:40:56,790 - 所有工作日数据完整
2025-04-10 21:40:56,790 - 最新数据日期: 2025-04-11
2025-04-10 21:40:56,790 - 信号 Growth_1D_9_combine 检查完成，状态: normal

2025-04-10 21:40:58,831 - 
检查信号: LHBProportion
2025-04-10 21:40:58,835 - 文件 LHB_AMT_proportion.csv 数据完整
2025-04-10 21:40:58,842 - 文件 IndexAmt.csv 数据完整
2025-04-10 21:40:58,842 - 信号 LHBProportion 检查完成，状态: normal

2025-04-10 21:40:58,842 - 
检查信号数据: LHBProportion_1D_9_combine
2025-04-10 21:40:58,842 - 数据路径: D:\Signal\signal_boost\prod\LHBProportion_1D_9_combine
2025-04-10 21:40:58,959 - 所有工作日数据完整
2025-04-10 21:40:58,959 - 最新数据日期: 2025-04-11
2025-04-10 21:40:58,959 - 信号 LHBProportion_1D_9_combine 检查完成，状态: normal

2025-04-10 21:41:00,991 - 
检查信号: NLBP_difference
2025-04-10 21:41:00,996 - 文件 NetLeverageBuying.csv 数据完整
2025-04-10 21:41:00,996 - 信号 NLBP_difference 检查完成，状态: normal

2025-04-10 21:41:00,996 - 
检查信号数据: NLBP_difference_1D_9_combine
2025-04-10 21:41:00,996 - 数据路径: D:\Signal\signal_boost\prod\NLBP_difference_1D_9_combine
2025-04-10 21:41:01,114 - 所有工作日数据完整
2025-04-10 21:41:01,114 - 最新数据日期: 2025-04-11
2025-04-10 21:41:01,114 - 信号 NLBP_difference_1D_9_combine 检查完成，状态: normal

2025-04-10 21:41:03,154 - 
检查信号: LargeOrder_difference
2025-04-10 21:41:03,159 - 文件 LargeOrderInflow.csv 数据完整
2025-04-10 21:41:03,159 - 信号 LargeOrder_difference 检查完成，状态: normal

2025-04-10 21:41:03,159 - 
检查信号数据: LargeOrder_difference_1D_9_combine
2025-04-10 21:41:03,159 - 数据路径: D:\Signal\signal_boost\prod\LargeOrder_difference_1D_9_combine
2025-04-10 21:41:03,268 - 所有工作日数据完整
2025-04-10 21:41:03,269 - 最新数据日期: 2025-04-11
2025-04-10 21:41:03,269 - 信号 LargeOrder_difference_1D_9_combine 检查完成，状态: normal

2025-04-10 21:41:04,930 - 
检查信号: Monthly_effect
2025-04-10 21:41:04,941 - 文件 index_return.csv 数据完整
2025-04-10 21:41:04,942 - 信号 Monthly_effect 检查完成，状态: normal

2025-04-10 21:41:04,942 - 
检查信号数据: Monthly_effect_1D_9_combine
2025-04-10 21:41:04,942 - 数据路径: D:\Signal\signal_boost\prod\Monthly_effect_1D_9_combine
2025-04-10 21:41:05,064 - 所有工作日数据完整
2025-04-10 21:41:05,064 - 最新数据日期: 2025-04-11
2025-04-10 21:41:05,065 - 信号 Monthly_effect_1D_9_combine 检查完成，状态: normal

2025-04-10 21:41:08,502 - 
检查信号: CPI
2025-04-10 21:41:08,507 - 文件 CPI.csv 数据完整
2025-04-10 21:41:08,507 - 信号 CPI 检查完成，状态: normal

2025-04-10 21:41:08,507 - 
检查信号数据: CPI_1D_9_combine
2025-04-10 21:41:08,507 - 数据路径: D:\Signal\signal_boost\prod\CPI_1D_9_combine
2025-04-10 21:41:08,627 - 所有工作日数据完整
2025-04-10 21:41:08,627 - 最新数据日期: 2025-04-11
2025-04-10 21:41:08,627 - 信号 CPI_1D_9_combine 检查完成，状态: normal

2025-04-10 21:41:10,883 - 
检查信号: PPI
2025-04-10 21:41:10,888 - 文件 PPI.csv 数据完整
2025-04-10 21:41:10,888 - 信号 PPI 检查完成，状态: normal

2025-04-10 21:41:10,888 - 
检查信号数据: PPI_1D_9_combine
2025-04-10 21:41:10,888 - 数据路径: D:\Signal\signal_boost\prod\PPI_1D_9_combine
2025-04-10 21:41:11,009 - 所有工作日数据完整
2025-04-10 21:41:11,009 - 最新数据日期: 2025-04-11
2025-04-10 21:41:11,009 - 信号 PPI_1D_9_combine 检查完成，状态: normal

2025-04-10 21:41:13,266 - 
检查信号: PMI
2025-04-10 21:41:13,271 - 文件 PMI.csv 数据完整
2025-04-10 21:41:13,271 - 信号 PMI 检查完成，状态: normal

2025-04-10 21:41:13,271 - 
检查信号数据: PMI_1D_9_combine
2025-04-10 21:41:13,271 - 数据路径: D:\Signal\signal_boost\prod\PMI_1D_9_combine
2025-04-10 21:41:13,393 - 所有工作日数据完整
2025-04-10 21:41:13,393 - 最新数据日期: 2025-04-11
2025-04-10 21:41:13,393 - 信号 PMI_1D_9_combine 检查完成，状态: normal

2025-04-10 21:41:15,637 - 
检查信号: Stock_HL
2025-04-10 21:41:16,588 - 文件 stock_close.csv 数据完整
2025-04-10 21:41:16,589 - 信号 Stock_HL 检查完成，状态: normal

2025-04-10 21:41:16,589 - 
检查信号数据: Stock_HL_1D_9_combine
2025-04-10 21:41:16,589 - 数据路径: D:\Signal\signal_boost\prod\Stock_HL_1D_9_combine
2025-04-10 21:41:16,695 - 所有工作日数据完整
2025-04-10 21:41:16,695 - 最新数据日期: 2025-04-11
2025-04-10 21:41:16,695 - 信号 Stock_HL_1D_9_combine 检查完成，状态: normal

2025-04-10 21:41:29,011 - 
检查信号: Rsi_difference
2025-04-10 21:41:29,978 - 文件 stock_close.csv 数据完整
2025-04-10 21:41:29,978 - 信号 Rsi_difference 检查完成，状态: normal

2025-04-10 21:41:29,978 - 
检查信号数据: Rsi_difference_1D_9_combine
2025-04-10 21:41:29,978 - 数据路径: D:\Signal\signal_boost\prod\Rsi_difference_1D_9_combine
2025-04-10 21:41:29,978 - 信号数据文件夹不存在: D:\Signal\signal_boost\prod\Rsi_difference_1D_9_combine
2025-04-10 21:42:12,313 - 
检查信号: RaisingTrend_proportion
2025-04-10 21:42:13,258 - 文件 stock_close.csv 数据完整
2025-04-10 21:42:13,258 - 信号 RaisingTrend_proportion 检查完成，状态: normal

2025-04-10 21:42:13,258 - 
检查信号数据: RaisingTrend_proportion_1D_9_combine
2025-04-10 21:42:13,258 - 数据路径: D:\Signal\signal_boost\prod\RaisingTrend_proportion_1D_9_combine
2025-04-10 21:42:13,259 - 信号数据文件夹不存在: D:\Signal\signal_boost\prod\RaisingTrend_proportion_1D_9_combine
2025-04-10 22:00:15,602 - 开始数据检查 - 检查期间: 2024-04-10 到 2025-04-10
2025-04-10 22:00:15,602 - 目标日期: 2025-04-10
2025-04-10 22:00:15,602 - 
检查信号: CreditSpread_9M
2025-04-10 22:00:15,608 - 文件 ChinaDevelopmentBankBonds.csv 数据完整
2025-04-10 22:00:15,612 - 文件 ChinaMediumTermNotes.csv 数据完整
2025-04-10 22:00:15,613 - 信号 CreditSpread_9M 检查完成，状态: normal

2025-04-10 22:00:15,613 - 
检查信号数据: CreditSpread_9M_1D_9_combine
2025-04-10 22:00:15,613 - 数据路径: D:\Signal\signal_boost\prod\CreditSpread_9M_1D_9_combine
2025-04-10 22:00:15,709 - 所有工作日数据完整
2025-04-10 22:00:15,709 - 最新数据日期: 2025-04-11
2025-04-10 22:00:15,709 - 信号 CreditSpread_9M_1D_9_combine 检查完成，状态: normal

2025-04-10 22:00:17,725 - 
检查信号: CreditSpread_5Y
2025-04-10 22:00:17,730 - 文件 ChinaDevelopmentBankBonds.csv 数据完整
2025-04-10 22:00:17,735 - 文件 ChinaMediumTermNotes.csv 数据完整
2025-04-10 22:00:17,735 - 信号 CreditSpread_5Y 检查完成，状态: normal

2025-04-10 22:00:17,735 - 
检查信号数据: CreditSpread_5Y_1D_9_combine
2025-04-10 22:00:17,736 - 数据路径: D:\Signal\signal_boost\prod\CreditSpread_5Y_1D_9_combine
2025-04-10 22:00:17,856 - 所有工作日数据完整
2025-04-10 22:00:17,856 - 最新数据日期: 2025-04-11
2025-04-10 22:00:17,856 - 信号 CreditSpread_5Y_1D_9_combine 检查完成，状态: normal

2025-04-10 22:00:20,111 - 
检查信号: Shibor_2W
2025-04-10 22:00:20,116 - 文件 Shibor.csv 数据完整
2025-04-10 22:00:20,116 - 信号 Shibor_2W 检查完成，状态: normal

2025-04-10 22:00:20,116 - 
检查信号数据: Shibor_2W_45D_9_combine
2025-04-10 22:00:20,116 - 数据路径: D:\Signal\signal_boost\prod\Shibor_2W_45D_9_combine
2025-04-10 22:00:20,230 - 所有工作日数据完整
2025-04-10 22:00:20,230 - 最新数据日期: 2025-04-11
2025-04-10 22:00:20,230 - 信号 Shibor_2W_45D_9_combine 检查完成，状态: normal

2025-04-10 22:00:23,211 - 
检查信号: Shibor_9M
2025-04-10 22:00:23,216 - 文件 Shibor.csv 数据完整
2025-04-10 22:00:23,216 - 信号 Shibor_9M 检查完成，状态: normal

2025-04-10 22:00:23,216 - 
检查信号数据: Shibor_9M_45D_9_combine
2025-04-10 22:00:23,216 - 数据路径: D:\Signal\signal_boost\prod\Shibor_9M_45D_9_combine
2025-04-10 22:00:23,328 - 所有工作日数据完整
2025-04-10 22:00:23,328 - 最新数据日期: 2025-04-11
2025-04-10 22:00:23,328 - 信号 Shibor_9M_45D_9_combine 检查完成，状态: normal

2025-04-10 22:00:25,840 - 
检查信号: Bond_3Y
2025-04-10 22:00:25,845 - 文件 ChinaGovernmentBonds.csv 数据完整
2025-04-10 22:00:25,845 - 信号 Bond_3Y 检查完成，状态: normal

2025-04-10 22:00:25,845 - 
检查信号数据: Bond_3Y_90D_9_combine
2025-04-10 22:00:25,845 - 数据路径: D:\Signal\signal_boost\prod\Bond_3Y_90D_9_combine
2025-04-10 22:00:25,954 - 所有工作日数据完整
2025-04-10 22:00:25,954 - 最新数据日期: 2025-04-11
2025-04-10 22:00:25,954 - 信号 Bond_3Y_90D_9_combine 检查完成，状态: normal

2025-04-10 22:00:39,908 - 开始数据检查 - 检查期间: 2024-04-10 到 2025-04-10
2025-04-10 22:00:39,908 - 目标日期: 2025-04-10
2025-04-10 22:00:39,908 - 
检查信号: CreditSpread_9M
2025-04-10 22:00:39,915 - 文件 ChinaDevelopmentBankBonds.csv 数据完整
2025-04-10 22:00:39,920 - 文件 ChinaMediumTermNotes.csv 数据完整
2025-04-10 22:00:39,920 - 信号 CreditSpread_9M 检查完成，状态: normal

2025-04-10 22:00:39,920 - 
检查信号数据: CreditSpread_9M_1D_9_combine
2025-04-10 22:00:39,920 - 数据路径: D:\Signal\signal_boost\prod\CreditSpread_9M_1D_9_combine
2025-04-10 22:00:40,014 - 所有工作日数据完整
2025-04-10 22:00:40,014 - 最新数据日期: 2025-04-11
2025-04-10 22:00:40,014 - 信号 CreditSpread_9M_1D_9_combine 检查完成，状态: normal

2025-04-10 22:00:42,011 - 
检查信号: CreditSpread_5Y
2025-04-10 22:00:42,017 - 文件 ChinaDevelopmentBankBonds.csv 数据完整
2025-04-10 22:00:42,021 - 文件 ChinaMediumTermNotes.csv 数据完整
2025-04-10 22:00:42,021 - 信号 CreditSpread_5Y 检查完成，状态: normal

2025-04-10 22:00:42,021 - 
检查信号数据: CreditSpread_5Y_1D_9_combine
2025-04-10 22:00:42,021 - 数据路径: D:\Signal\signal_boost\prod\CreditSpread_5Y_1D_9_combine
2025-04-10 22:00:42,142 - 所有工作日数据完整
2025-04-10 22:00:42,142 - 最新数据日期: 2025-04-11
2025-04-10 22:00:42,142 - 信号 CreditSpread_5Y_1D_9_combine 检查完成，状态: normal

2025-04-10 22:00:44,292 - 
检查信号: Shibor_2W
2025-04-10 22:00:44,298 - 文件 Shibor.csv 数据完整
2025-04-10 22:00:44,298 - 信号 Shibor_2W 检查完成，状态: normal

2025-04-10 22:00:44,298 - 
检查信号数据: Shibor_2W_45D_9_combine
2025-04-10 22:00:44,298 - 数据路径: D:\Signal\signal_boost\prod\Shibor_2W_45D_9_combine
2025-04-10 22:00:44,418 - 所有工作日数据完整
2025-04-10 22:00:44,418 - 最新数据日期: 2025-04-11
2025-04-10 22:00:44,418 - 信号 Shibor_2W_45D_9_combine 检查完成，状态: normal

2025-04-10 22:00:47,296 - 
检查信号: Shibor_9M
2025-04-10 22:00:47,302 - 文件 Shibor.csv 数据完整
2025-04-10 22:00:47,302 - 信号 Shibor_9M 检查完成，状态: normal

2025-04-10 22:00:47,302 - 
检查信号数据: Shibor_9M_45D_9_combine
2025-04-10 22:00:47,302 - 数据路径: D:\Signal\signal_boost\prod\Shibor_9M_45D_9_combine
2025-04-10 22:00:47,415 - 所有工作日数据完整
2025-04-10 22:00:47,415 - 最新数据日期: 2025-04-11
2025-04-10 22:00:47,415 - 信号 Shibor_9M_45D_9_combine 检查完成，状态: normal

2025-04-10 22:00:49,743 - 
检查信号: Bond_3Y
2025-04-10 22:00:49,747 - 文件 ChinaGovernmentBonds.csv 数据完整
2025-04-10 22:00:49,747 - 信号 Bond_3Y 检查完成，状态: normal

2025-04-10 22:00:49,747 - 
检查信号数据: Bond_3Y_90D_9_combine
2025-04-10 22:00:49,747 - 数据路径: D:\Signal\signal_boost\prod\Bond_3Y_90D_9_combine
2025-04-10 22:00:49,858 - 所有工作日数据完整
2025-04-10 22:00:49,858 - 最新数据日期: 2025-04-11
2025-04-10 22:00:49,858 - 信号 Bond_3Y_90D_9_combine 检查完成，状态: normal

2025-04-10 22:00:52,718 - 
检查信号: Bond_10Y
2025-04-10 22:00:52,723 - 文件 ChinaGovernmentBonds.csv 数据完整
2025-04-10 22:00:52,723 - 信号 Bond_10Y 检查完成，状态: normal

2025-04-10 22:00:52,723 - 
检查信号数据: Bond_10Y_90D_9_combine
2025-04-10 22:00:52,723 - 数据路径: D:\Signal\signal_boost\prod\Bond_10Y_90D_9_combine
2025-04-10 22:00:52,834 - 所有工作日数据完整
2025-04-10 22:00:52,835 - 最新数据日期: 2025-04-11
2025-04-10 22:00:52,835 - 信号 Bond_10Y_90D_9_combine 检查完成，状态: normal

2025-04-10 22:00:55,687 - 
检查信号: USDX
2025-04-10 22:00:55,692 - 文件 UsDollar.csv 数据完整
2025-04-10 22:00:55,692 - 信号 USDX 检查完成，状态: normal

2025-04-10 22:00:55,692 - 
检查信号数据: USDX_120D_9_combine
2025-04-10 22:00:55,692 - 数据路径: D:\Signal\signal_boost\prod\USDX_120D_9_combine
2025-04-10 22:00:55,799 - 所有工作日数据完整
2025-04-10 22:00:55,799 - 最新数据日期: 2025-04-11
2025-04-10 22:00:55,799 - 信号 USDX_120D_9_combine 检查完成，状态: normal

2025-04-10 22:00:59,082 - 
检查信号: TermSpread_9Y
2025-04-10 22:00:59,087 - 文件 ChinaDevelopmentBankBonds.csv 数据完整
2025-04-10 22:00:59,087 - 信号 TermSpread_9Y 检查完成，状态: normal

2025-04-10 22:00:59,087 - 
检查信号数据: TermSpread_9Y_120D_9_combine
2025-04-10 22:00:59,087 - 数据路径: D:\Signal\signal_boost\prod\TermSpread_9Y_120D_9_combine
2025-04-10 22:00:59,193 - 所有工作日数据完整
2025-04-10 22:00:59,193 - 最新数据日期: 2025-04-11
2025-04-10 22:00:59,193 - 信号 TermSpread_9Y_120D_9_combine 检查完成，状态: normal

2025-04-10 22:01:02,032 - 
检查信号: M1M2
2025-04-10 22:01:02,038 - 文件 M1M2.csv 数据完整
2025-04-10 22:01:02,038 - 信号 M1M2 检查完成，状态: normal

2025-04-10 22:01:02,038 - 
检查信号数据: M1M2_90D_9_combine
2025-04-10 22:01:02,038 - 数据路径: D:\Signal\signal_boost\prod\M1M2_90D_9_combine
2025-04-10 22:01:02,141 - 所有工作日数据完整
2025-04-10 22:01:02,141 - 最新数据日期: 2025-04-11
2025-04-10 22:01:02,141 - 信号 M1M2_90D_9_combine 检查完成，状态: normal

2025-04-10 22:01:04,971 - 
检查信号: RelativeVolume_std
2025-04-10 22:01:04,978 - 文件 IndexVolume.csv 数据完整
2025-04-10 22:01:04,978 - 信号 RelativeVolume_std 检查完成，状态: normal

2025-04-10 22:01:04,978 - 
检查信号数据: RelativeVolume_std_20D_9_combine
2025-04-10 22:01:04,978 - 数据路径: D:\Signal\signal_boost\prod\RelativeVolume_std_20D_9_combine
2025-04-10 22:01:05,098 - 所有工作日数据完整
2025-04-10 22:01:05,098 - 最新数据日期: 2025-04-11
2025-04-10 22:01:05,098 - 信号 RelativeVolume_std_20D_9_combine 检查完成，状态: normal

2025-04-10 22:01:07,274 - 
检查信号: RelativeReturn_std
2025-04-10 22:01:07,286 - 文件 index_return.csv 数据完整
2025-04-10 22:01:07,286 - 信号 RelativeReturn_std 检查完成，状态: normal

2025-04-10 22:01:07,286 - 
检查信号数据: RelativeReturn_std_20D_9_combine
2025-04-10 22:01:07,286 - 数据路径: D:\Signal\signal_boost\prod\RelativeReturn_std_20D_9_combine
2025-04-10 22:01:07,406 - 所有工作日数据完整
2025-04-10 22:01:07,406 - 最新数据日期: 2025-04-11
2025-04-10 22:01:07,406 - 信号 RelativeReturn_std_20D_9_combine 检查完成，状态: normal

2025-04-10 22:01:09,644 - 
检查信号: EarningsYield_Reverse
2025-04-10 22:01:09,651 - 文件 ygData.csv 数据完整
2025-04-10 22:01:09,651 - 信号 EarningsYield_Reverse 检查完成，状态: normal

2025-04-10 22:01:09,651 - 
检查信号数据: EarningsYield_Reverse_1D_9_combine
2025-04-10 22:01:09,651 - 数据路径: D:\Signal\signal_boost\prod\EarningsYield_Reverse_1D_9_combine
2025-04-10 22:01:09,772 - 所有工作日数据完整
2025-04-10 22:01:09,772 - 最新数据日期: 2025-04-11
2025-04-10 22:01:09,772 - 信号 EarningsYield_Reverse_1D_9_combine 检查完成，状态: normal

2025-04-10 22:01:11,836 - 
检查信号: Growth
2025-04-10 22:01:11,842 - 文件 ygData.csv 数据完整
2025-04-10 22:01:11,842 - 信号 Growth 检查完成，状态: normal

2025-04-10 22:01:11,842 - 
检查信号数据: Growth_1D_9_combine
2025-04-10 22:01:11,842 - 数据路径: D:\Signal\signal_boost\prod\Growth_1D_9_combine
2025-04-10 22:01:11,964 - 所有工作日数据完整
2025-04-10 22:01:11,964 - 最新数据日期: 2025-04-11
2025-04-10 22:01:11,964 - 信号 Growth_1D_9_combine 检查完成，状态: normal

2025-04-10 22:01:14,070 - 
检查信号: LHBProportion
2025-04-10 22:01:14,075 - 文件 LHB_AMT_proportion.csv 数据完整
2025-04-10 22:01:14,081 - 文件 IndexAmt.csv 数据完整
2025-04-10 22:01:14,082 - 信号 LHBProportion 检查完成，状态: normal

2025-04-10 22:01:14,082 - 
检查信号数据: LHBProportion_1D_9_combine
2025-04-10 22:01:14,082 - 数据路径: D:\Signal\signal_boost\prod\LHBProportion_1D_9_combine
2025-04-10 22:01:14,200 - 所有工作日数据完整
2025-04-10 22:01:14,200 - 最新数据日期: 2025-04-11
2025-04-10 22:01:14,200 - 信号 LHBProportion_1D_9_combine 检查完成，状态: normal

2025-04-10 22:01:16,263 - 
检查信号: NLBP_difference
2025-04-10 22:01:16,268 - 文件 NetLeverageBuying.csv 数据完整
2025-04-10 22:01:16,268 - 信号 NLBP_difference 检查完成，状态: normal

2025-04-10 22:01:16,268 - 
检查信号数据: NLBP_difference_1D_9_combine
2025-04-10 22:01:16,268 - 数据路径: D:\Signal\signal_boost\prod\NLBP_difference_1D_9_combine
2025-04-10 22:01:16,389 - 所有工作日数据完整
2025-04-10 22:01:16,390 - 最新数据日期: 2025-04-11
2025-04-10 22:01:16,390 - 信号 NLBP_difference_1D_9_combine 检查完成，状态: normal

2025-04-10 22:01:18,496 - 
检查信号: LargeOrder_difference
2025-04-10 22:01:18,501 - 文件 LargeOrderInflow.csv 数据完整
2025-04-10 22:01:18,501 - 信号 LargeOrder_difference 检查完成，状态: normal

2025-04-10 22:01:18,501 - 
检查信号数据: LargeOrder_difference_1D_9_combine
2025-04-10 22:01:18,501 - 数据路径: D:\Signal\signal_boost\prod\LargeOrder_difference_1D_9_combine
2025-04-10 22:01:18,609 - 所有工作日数据完整
2025-04-10 22:01:18,609 - 最新数据日期: 2025-04-11
2025-04-10 22:01:18,609 - 信号 LargeOrder_difference_1D_9_combine 检查完成，状态: normal

2025-04-10 22:01:20,314 - 
检查信号: Monthly_effect
2025-04-10 22:01:20,325 - 文件 index_return.csv 数据完整
2025-04-10 22:01:20,325 - 信号 Monthly_effect 检查完成，状态: normal

2025-04-10 22:01:20,325 - 
检查信号数据: Monthly_effect_1D_9_combine
2025-04-10 22:01:20,325 - 数据路径: D:\Signal\signal_boost\prod\Monthly_effect_1D_9_combine
2025-04-10 22:01:20,452 - 所有工作日数据完整
2025-04-10 22:01:20,452 - 最新数据日期: 2025-04-11
2025-04-10 22:01:20,452 - 信号 Monthly_effect_1D_9_combine 检查完成，状态: normal

2025-04-10 22:01:23,980 - 
检查信号: CPI
2025-04-10 22:01:23,985 - 文件 CPI.csv 数据完整
2025-04-10 22:01:23,985 - 信号 CPI 检查完成，状态: normal

2025-04-10 22:01:23,985 - 
检查信号数据: CPI_1D_9_combine
2025-04-10 22:01:23,985 - 数据路径: D:\Signal\signal_boost\prod\CPI_1D_9_combine
2025-04-10 22:01:24,103 - 所有工作日数据完整
2025-04-10 22:01:24,104 - 最新数据日期: 2025-04-11
2025-04-10 22:01:24,104 - 信号 CPI_1D_9_combine 检查完成，状态: normal

2025-04-10 22:01:26,434 - 
检查信号: PPI
2025-04-10 22:01:26,440 - 文件 PPI.csv 数据完整
2025-04-10 22:01:26,440 - 信号 PPI 检查完成，状态: normal

2025-04-10 22:01:26,440 - 
检查信号数据: PPI_1D_9_combine
2025-04-10 22:01:26,440 - 数据路径: D:\Signal\signal_boost\prod\PPI_1D_9_combine
2025-04-10 22:01:26,562 - 所有工作日数据完整
2025-04-10 22:01:26,563 - 最新数据日期: 2025-04-11
2025-04-10 22:01:26,563 - 信号 PPI_1D_9_combine 检查完成，状态: normal

2025-04-10 22:01:28,858 - 
检查信号: PMI
2025-04-10 22:01:28,863 - 文件 PMI.csv 数据完整
2025-04-10 22:01:28,863 - 信号 PMI 检查完成，状态: normal

2025-04-10 22:01:28,863 - 
检查信号数据: PMI_1D_9_combine
2025-04-10 22:01:28,863 - 数据路径: D:\Signal\signal_boost\prod\PMI_1D_9_combine
2025-04-10 22:01:28,988 - 所有工作日数据完整
2025-04-10 22:01:28,988 - 最新数据日期: 2025-04-11
2025-04-10 22:01:28,988 - 信号 PMI_1D_9_combine 检查完成，状态: normal

2025-04-10 22:01:31,300 - 
检查信号: Stock_HL
2025-04-10 22:01:32,281 - 文件 stock_close.csv 数据完整
2025-04-10 22:01:32,282 - 信号 Stock_HL 检查完成，状态: normal

2025-04-10 22:01:32,282 - 
检查信号数据: Stock_HL_1D_9_combine
2025-04-10 22:01:32,282 - 数据路径: D:\Signal\signal_boost\prod\Stock_HL_1D_9_combine
2025-04-10 22:01:32,391 - 所有工作日数据完整
2025-04-10 22:01:32,391 - 最新数据日期: 2025-04-11
2025-04-10 22:01:32,391 - 信号 Stock_HL_1D_9_combine 检查完成，状态: normal

2025-04-10 22:01:45,426 - 
检查信号: Rsi_difference
2025-04-10 22:01:46,417 - 文件 stock_close.csv 数据完整
2025-04-10 22:01:46,417 - 信号 Rsi_difference 检查完成，状态: normal

2025-04-10 22:01:46,417 - 
检查信号数据: Rsi_difference_1D_9_combine
2025-04-10 22:01:46,417 - 数据路径: D:\Signal\signal_boost\prod\Rsi_difference_1D_9_combine
2025-04-10 22:01:46,529 - 所有工作日数据完整
2025-04-10 22:01:46,529 - 最新数据日期: 2025-04-11
2025-04-10 22:01:46,529 - 信号 Rsi_difference_1D_9_combine 检查完成，状态: normal

2025-04-10 22:01:58,468 - 
检查信号: RaisingTrend_proportion
2025-04-10 22:01:59,444 - 文件 stock_close.csv 数据完整
2025-04-10 22:01:59,444 - 信号 RaisingTrend_proportion 检查完成，状态: normal

2025-04-10 22:01:59,444 - 
检查信号数据: RaisingTrend_proportion_1D_9_combine
2025-04-10 22:01:59,444 - 数据路径: D:\Signal\signal_boost\prod\RaisingTrend_proportion_1D_9_combine
2025-04-10 22:01:59,547 - 所有工作日数据完整
2025-04-10 22:01:59,547 - 最新数据日期: 2025-04-11
2025-04-10 22:01:59,547 - 信号 RaisingTrend_proportion_1D_9_combine 检查完成，状态: normal

