2025-04-19 19:46:27,330 - 开始数据检查 - 检查期间: 2024-04-18 到 2025-04-18
2025-04-19 19:46:27,330 - 目标日期: 2025-04-18
2025-04-19 19:46:27,330 - 
检查信号: CreditSpread_9M
2025-04-19 19:46:27,344 - 文件 ChinaDevelopmentBankBonds.csv 数据完整
2025-04-19 19:46:27,360 - 文件 ChinaMediumTermNotes.csv 数据完整
2025-04-19 19:46:27,360 - 信号 CreditSpread_9M 检查完成，状态: normal

2025-04-19 19:46:27,360 - 
检查信号数据: CreditSpread_9M_1D_9_combine
2025-04-19 19:46:27,360 - 数据路径: D:\Signal\signal_boost\prod\CreditSpread_9M_1D_9_combine
2025-04-19 19:46:27,443 - 缺少以下日期的数据: ['2025-04-17', '2025-04-18']
2025-04-19 19:46:27,443 - 最新数据日期: 2025-04-16
2025-04-19 19:46:27,443 - 信号 CreditSpread_9M_1D_9_combine 检查完成，状态: error

2025-04-19 19:46:29,370 - 
检查信号: CreditSpread_5Y
2025-04-19 19:46:29,375 - 文件 ChinaDevelopmentBankBonds.csv 数据完整
2025-04-19 19:46:29,380 - 文件 ChinaMediumTermNotes.csv 数据完整
2025-04-19 19:46:29,380 - 信号 CreditSpread_5Y 检查完成，状态: normal

2025-04-19 19:46:29,380 - 
检查信号数据: CreditSpread_5Y_1D_9_combine
2025-04-19 19:46:29,380 - 数据路径: D:\Signal\signal_boost\prod\CreditSpread_5Y_1D_9_combine
2025-04-19 19:46:29,490 - 缺少以下日期的数据: ['2025-04-17', '2025-04-18']
2025-04-19 19:46:29,490 - 最新数据日期: 2025-04-16
2025-04-19 19:46:29,490 - 信号 CreditSpread_5Y_1D_9_combine 检查完成，状态: error

2025-04-19 19:46:31,481 - 
检查信号: Shibor_2W
2025-04-19 19:46:31,555 - 文件 Shibor.csv 数据完整
2025-04-19 19:46:31,556 - 信号 Shibor_2W 检查完成，状态: normal

2025-04-19 19:46:31,556 - 
检查信号数据: Shibor_2W_45D_9_combine
2025-04-19 19:46:31,556 - 数据路径: D:\Signal\signal_boost\prod\Shibor_2W_45D_9_combine
2025-04-19 19:46:31,659 - 缺少以下日期的数据: ['2025-04-17', '2025-04-18']
2025-04-19 19:46:31,659 - 最新数据日期: 2025-04-16
2025-04-19 19:46:31,659 - 信号 Shibor_2W_45D_9_combine 检查完成，状态: error

2025-04-19 19:46:34,715 - 
检查信号: Shibor_9M
2025-04-19 19:46:34,719 - 文件 Shibor.csv 数据完整
2025-04-19 19:46:34,720 - 信号 Shibor_9M 检查完成，状态: normal

2025-04-19 19:46:34,720 - 
检查信号数据: Shibor_9M_45D_9_combine
2025-04-19 19:46:34,720 - 数据路径: D:\Signal\signal_boost\prod\Shibor_9M_45D_9_combine
2025-04-19 19:46:34,823 - 缺少以下日期的数据: ['2025-04-17', '2025-04-18']
2025-04-19 19:46:34,823 - 最新数据日期: 2025-04-16
2025-04-19 19:46:34,823 - 信号 Shibor_9M_45D_9_combine 检查完成，状态: error

2025-04-19 19:46:37,159 - 
检查信号: Bond_3Y
2025-04-19 19:46:37,171 - 文件 ChinaGovernmentBonds.csv 数据完整
2025-04-19 19:46:37,171 - 信号 Bond_3Y 检查完成，状态: normal

2025-04-19 19:46:37,171 - 
检查信号数据: Bond_3Y_90D_9_combine
2025-04-19 19:46:37,171 - 数据路径: D:\Signal\signal_boost\prod\Bond_3Y_90D_9_combine
2025-04-19 19:46:37,269 - 缺少以下日期的数据: ['2025-04-17', '2025-04-18']
2025-04-19 19:46:37,269 - 最新数据日期: 2025-04-16
2025-04-19 19:46:37,269 - 信号 Bond_3Y_90D_9_combine 检查完成，状态: error

2025-04-19 19:46:40,018 - 
检查信号: Bond_10Y
2025-04-19 19:46:40,022 - 文件 ChinaGovernmentBonds.csv 数据完整
2025-04-19 19:46:40,022 - 信号 Bond_10Y 检查完成，状态: normal

2025-04-19 19:46:40,022 - 
检查信号数据: Bond_10Y_90D_9_combine
2025-04-19 19:46:40,022 - 数据路径: D:\Signal\signal_boost\prod\Bond_10Y_90D_9_combine
2025-04-19 19:46:40,120 - 缺少以下日期的数据: ['2025-04-17', '2025-04-18']
2025-04-19 19:46:40,120 - 最新数据日期: 2025-04-16
2025-04-19 19:46:40,120 - 信号 Bond_10Y_90D_9_combine 检查完成，状态: error

2025-04-19 19:46:42,930 - 
检查信号: USDX
2025-04-19 19:46:42,942 - 文件 UsDollar.csv 数据完整
2025-04-19 19:46:42,942 - 信号 USDX 检查完成，状态: normal

2025-04-19 19:46:42,942 - 
检查信号数据: USDX_120D_9_combine
2025-04-19 19:46:42,942 - 数据路径: D:\Signal\signal_boost\prod\USDX_120D_9_combine
2025-04-19 19:46:43,036 - 缺少以下日期的数据: ['2025-04-17', '2025-04-18']
2025-04-19 19:46:43,036 - 最新数据日期: 2025-04-16
2025-04-19 19:46:43,036 - 信号 USDX_120D_9_combine 检查完成，状态: error

2025-04-19 19:46:45,920 - 
检查信号: TermSpread_9Y
2025-04-19 19:46:45,925 - 文件 ChinaDevelopmentBankBonds.csv 数据完整
2025-04-19 19:46:45,925 - 信号 TermSpread_9Y 检查完成，状态: normal

2025-04-19 19:46:45,925 - 
检查信号数据: TermSpread_9Y_120D_9_combine
2025-04-19 19:46:45,925 - 数据路径: D:\Signal\signal_boost\prod\TermSpread_9Y_120D_9_combine
2025-04-19 19:46:46,022 - 缺少以下日期的数据: ['2025-04-17', '2025-04-18']
2025-04-19 19:46:46,022 - 最新数据日期: 2025-04-16
2025-04-19 19:46:46,022 - 信号 TermSpread_9Y_120D_9_combine 检查完成，状态: error

2025-04-19 19:46:48,912 - 
检查信号: M1M2
2025-04-19 19:46:48,928 - 文件 M1M2.csv 数据完整
2025-04-19 19:46:48,928 - 信号 M1M2 检查完成，状态: normal

2025-04-19 19:46:48,928 - 
检查信号数据: M1M2_90D_9_combine
2025-04-19 19:46:48,928 - 数据路径: D:\Signal\signal_boost\prod\M1M2_90D_9_combine
2025-04-19 19:46:49,026 - 缺少以下日期的数据: ['2025-04-17', '2025-04-18']
2025-04-19 19:46:49,026 - 最新数据日期: 2025-04-16
2025-04-19 19:46:49,026 - 信号 M1M2_90D_9_combine 检查完成，状态: error

2025-04-19 19:46:51,642 - 
检查信号: RelativeVolume_std
2025-04-19 19:46:51,669 - 文件 IndexVolume.csv 数据完整
2025-04-19 19:46:51,669 - 信号 RelativeVolume_std 检查完成，状态: normal

2025-04-19 19:46:51,669 - 
检查信号数据: RelativeVolume_std_20D_9_combine
2025-04-19 19:46:51,669 - 数据路径: D:\Signal\signal_boost\prod\RelativeVolume_std_20D_9_combine
2025-04-19 19:46:51,776 - 缺少以下日期的数据: ['2025-04-17', '2025-04-18']
2025-04-19 19:46:51,776 - 最新数据日期: 2025-04-16
2025-04-19 19:46:51,776 - 信号 RelativeVolume_std_20D_9_combine 检查完成，状态: error

2025-04-19 19:46:54,000 - 
检查信号: RelativeReturn_std
2025-04-19 19:46:54,012 - 文件 index_return.csv 数据完整
2025-04-19 19:46:54,012 - 信号 RelativeReturn_std 检查完成，状态: normal

2025-04-19 19:46:54,012 - 
检查信号数据: RelativeReturn_std_20D_9_combine
2025-04-19 19:46:54,012 - 数据路径: D:\Signal\signal_boost\prod\RelativeReturn_std_20D_9_combine
2025-04-19 19:46:54,122 - 缺少以下日期的数据: ['2025-04-17', '2025-04-18']
2025-04-19 19:46:54,122 - 最新数据日期: 2025-04-16
2025-04-19 19:46:54,122 - 信号 RelativeReturn_std_20D_9_combine 检查完成，状态: error

2025-04-19 19:46:56,169 - 
检查信号: EarningsYield_Reverse
2025-04-19 19:46:56,186 - 文件 ygData.csv 数据完整
2025-04-19 19:46:56,186 - 信号 EarningsYield_Reverse 检查完成，状态: normal

2025-04-19 19:46:56,186 - 
检查信号数据: EarningsYield_Reverse_1D_9_combine
2025-04-19 19:46:56,186 - 数据路径: D:\Signal\signal_boost\prod\EarningsYield_Reverse_1D_9_combine
2025-04-19 19:46:56,298 - 缺少以下日期的数据: ['2025-04-17', '2025-04-18']
2025-04-19 19:46:56,298 - 最新数据日期: 2025-04-16
2025-04-19 19:46:56,298 - 信号 EarningsYield_Reverse_1D_9_combine 检查完成，状态: error

2025-04-19 19:46:58,255 - 
检查信号: Growth
2025-04-19 19:46:58,262 - 文件 ygData.csv 数据完整
2025-04-19 19:46:58,262 - 信号 Growth 检查完成，状态: normal

2025-04-19 19:46:58,262 - 
检查信号数据: Growth_1D_9_combine
2025-04-19 19:46:58,262 - 数据路径: D:\Signal\signal_boost\prod\Growth_1D_9_combine
2025-04-19 19:46:58,372 - 缺少以下日期的数据: ['2025-04-17', '2025-04-18']
2025-04-19 19:46:58,372 - 最新数据日期: 2025-04-16
2025-04-19 19:46:58,372 - 信号 Growth_1D_9_combine 检查完成，状态: error

2025-04-19 19:47:00,355 - 
检查信号: LHBProportion
2025-04-19 19:47:00,360 - 文件 LHB_AMT_proportion.csv 数据完整
2025-04-19 19:47:00,367 - 文件 IndexAmt.csv 数据完整
2025-04-19 19:47:00,367 - 信号 LHBProportion 检查完成，状态: normal

2025-04-19 19:47:00,367 - 
检查信号数据: LHBProportion_1D_9_combine
2025-04-19 19:47:00,367 - 数据路径: D:\Signal\signal_boost\prod\LHBProportion_1D_9_combine
2025-04-19 19:47:00,473 - 缺少以下日期的数据: ['2025-04-17', '2025-04-18']
2025-04-19 19:47:00,473 - 最新数据日期: 2025-04-16
2025-04-19 19:47:00,474 - 信号 LHBProportion_1D_9_combine 检查完成，状态: error

2025-04-19 19:47:02,403 - 
检查信号: NLBP_difference
2025-04-19 19:47:02,417 - 文件 NetLeverageBuying.csv 数据不完整: 缺少以下日期: ['2025-04-18']
2025-04-19 19:47:02,417 - 信号 NLBP_difference 检查完成，状态: error

2025-04-19 19:47:02,418 - 
检查信号: LargeOrder_difference
2025-04-19 19:47:02,434 - 文件 LargeOrderInflow.csv 数据完整
2025-04-19 19:47:02,434 - 信号 LargeOrder_difference 检查完成，状态: normal

2025-04-19 19:47:02,434 - 
检查信号数据: LargeOrder_difference_1D_9_combine
2025-04-19 19:47:02,434 - 数据路径: D:\Signal\signal_boost\prod\LargeOrder_difference_1D_9_combine
2025-04-19 19:47:02,534 - 缺少以下日期的数据: ['2025-04-17', '2025-04-18']
2025-04-19 19:47:02,534 - 最新数据日期: 2025-04-16
2025-04-19 19:47:02,534 - 信号 LargeOrder_difference_1D_9_combine 检查完成，状态: error

2025-04-19 19:47:04,123 - 
检查信号: Monthly_effect
2025-04-19 19:47:04,136 - 文件 index_return.csv 数据完整
2025-04-19 19:47:04,136 - 信号 Monthly_effect 检查完成，状态: normal

2025-04-19 19:47:04,136 - 
检查信号数据: Monthly_effect_1D_9_combine
2025-04-19 19:47:04,136 - 数据路径: D:\Signal\signal_boost\prod\Monthly_effect_1D_9_combine
2025-04-19 19:47:04,249 - 缺少以下日期的数据: ['2025-04-17', '2025-04-18']
2025-04-19 19:47:04,249 - 最新数据日期: 2025-04-16
2025-04-19 19:47:04,249 - 信号 Monthly_effect_1D_9_combine 检查完成，状态: error

2025-04-19 19:47:07,538 - 
检查信号: CPI
2025-04-19 19:47:08,213 - 文件 CPI.csv 数据完整
2025-04-19 19:47:08,213 - 信号 CPI 检查完成，状态: normal

2025-04-19 19:47:08,213 - 
检查信号数据: CPI_1D_9_combine
2025-04-19 19:47:08,213 - 数据路径: D:\Signal\signal_boost\prod\CPI_1D_9_combine
2025-04-19 19:47:08,324 - 缺少以下日期的数据: ['2025-04-17', '2025-04-18']
2025-04-19 19:47:08,324 - 最新数据日期: 2025-04-16
2025-04-19 19:47:08,324 - 信号 CPI_1D_9_combine 检查完成，状态: error

2025-04-19 19:47:10,509 - 
检查信号: PPI
2025-04-19 19:47:10,528 - 文件 PPI.csv 数据完整
2025-04-19 19:47:10,528 - 信号 PPI 检查完成，状态: normal

2025-04-19 19:47:10,528 - 
检查信号数据: PPI_1D_9_combine
2025-04-19 19:47:10,528 - 数据路径: D:\Signal\signal_boost\prod\PPI_1D_9_combine
2025-04-19 19:47:10,640 - 缺少以下日期的数据: ['2025-04-17', '2025-04-18']
2025-04-19 19:47:10,640 - 最新数据日期: 2025-04-16
2025-04-19 19:47:10,640 - 信号 PPI_1D_9_combine 检查完成，状态: error

2025-04-19 19:47:12,750 - 
检查信号: PMI
2025-04-19 19:47:12,766 - 文件 PMI.csv 数据完整
2025-04-19 19:47:12,766 - 信号 PMI 检查完成，状态: normal

2025-04-19 19:47:12,766 - 
检查信号数据: PMI_1D_9_combine
2025-04-19 19:47:12,766 - 数据路径: D:\Signal\signal_boost\prod\PMI_1D_9_combine
2025-04-19 19:47:12,875 - 缺少以下日期的数据: ['2025-04-17', '2025-04-18']
2025-04-19 19:47:12,875 - 最新数据日期: 2025-04-16
2025-04-19 19:47:12,875 - 信号 PMI_1D_9_combine 检查完成，状态: error

2025-04-19 19:47:15,060 - 
检查信号: Stock_HL
2025-04-19 19:47:16,159 - 文件 stock_close.csv 数据完整
2025-04-19 19:47:16,159 - 信号 Stock_HL 检查完成，状态: normal

2025-04-19 19:47:16,160 - 
检查信号数据: Stock_HL_1D_9_combine
2025-04-19 19:47:16,160 - 数据路径: D:\Signal\signal_boost\prod\Stock_HL_1D_9_combine
2025-04-19 19:47:16,257 - 缺少以下日期的数据: ['2025-04-17', '2025-04-18']
2025-04-19 19:47:16,257 - 最新数据日期: 2025-04-16
2025-04-19 19:47:16,257 - 信号 Stock_HL_1D_9_combine 检查完成，状态: error

2025-04-19 19:47:28,530 - 
检查信号: Rsi_difference
2025-04-19 19:47:29,434 - 文件 stock_close.csv 数据完整
2025-04-19 19:47:29,435 - 信号 Rsi_difference 检查完成，状态: normal

2025-04-19 19:47:29,435 - 
检查信号数据: Rsi_difference_1D_9_combine
2025-04-19 19:47:29,435 - 数据路径: D:\Signal\signal_boost\prod\Rsi_difference_1D_9_combine
2025-04-19 19:47:29,537 - 缺少以下日期的数据: ['2025-04-17', '2025-04-18']
2025-04-19 19:47:29,537 - 最新数据日期: 2025-04-16
2025-04-19 19:47:29,537 - 信号 Rsi_difference_1D_9_combine 检查完成，状态: error

2025-04-19 19:47:41,526 - 
检查信号: RaisingTrend_proportion
2025-04-19 19:47:42,421 - 文件 stock_close.csv 数据完整
2025-04-19 19:47:42,422 - 信号 RaisingTrend_proportion 检查完成，状态: normal

2025-04-19 19:47:42,422 - 
检查信号数据: RaisingTrend_proportion_1D_9_combine
2025-04-19 19:47:42,422 - 数据路径: D:\Signal\signal_boost\prod\RaisingTrend_proportion_1D_9_combine
2025-04-19 19:47:42,511 - 缺少以下日期的数据: ['2025-04-17', '2025-04-18']
2025-04-19 19:47:42,511 - 最新数据日期: 2025-04-16
2025-04-19 19:47:42,511 - 信号 RaisingTrend_proportion_1D_9_combine 检查完成，状态: error

2025-04-19 19:47:49,005 - 
检查信号: TargetIndex_MACD
2025-04-19 19:47:49,017 - 文件 index_return.csv 数据完整
2025-04-19 19:47:49,017 - 信号 TargetIndex_MACD 检查完成，状态: normal

2025-04-19 19:47:49,017 - 
检查信号数据: TargetIndex_MACD_1D_9_combine
2025-04-19 19:47:49,017 - 数据路径: D:\Signal\signal_boost\prod\TargetIndex_MACD_1D_9_combine
2025-04-19 19:47:49,134 - 缺少以下日期的数据: ['2025-04-17', '2025-04-18']
2025-04-19 19:47:49,134 - 最新数据日期: 2025-04-16
2025-04-19 19:47:49,134 - 信号 TargetIndex_MACD_1D_9_combine 检查完成，状态: error

2025-04-19 19:47:51,308 - 
检查信号: TargetIndex_BBANDS
2025-04-19 19:47:51,318 - 文件 index_return.csv 数据完整
2025-04-19 19:47:51,318 - 信号 TargetIndex_BBANDS 检查完成，状态: normal

2025-04-19 19:47:51,318 - 
检查信号数据: TargetIndex_BBANDS_1D_9_combine
2025-04-19 19:47:51,318 - 数据路径: D:\Signal\signal_boost\prod\TargetIndex_BBANDS_1D_9_combine
2025-04-19 19:47:51,430 - 缺少以下日期的数据: ['2025-04-17', '2025-04-18']
2025-04-19 19:47:51,430 - 最新数据日期: 2025-04-16
2025-04-19 19:47:51,430 - 信号 TargetIndex_BBANDS_1D_9_combine 检查完成，状态: error

2025-04-19 19:47:53,609 - 
检查信号: TargetIndex_MOMENTUM
2025-04-19 19:47:53,620 - 文件 index_return.csv 数据完整
2025-04-19 19:47:53,620 - 信号 TargetIndex_MOMENTUM 检查完成，状态: normal

2025-04-19 19:47:53,620 - 
检查信号数据: TargetIndex_MOMENTUM_1D_9_combine
2025-04-19 19:47:53,620 - 数据路径: D:\Signal\signal_boost\prod\TargetIndex_MOMENTUM_1D_9_combine
2025-04-19 19:47:53,743 - 缺少以下日期的数据: ['2025-04-17', '2025-04-18']
2025-04-19 19:47:53,743 - 最新数据日期: 2025-04-16
2025-04-19 19:47:53,743 - 信号 TargetIndex_MOMENTUM_1D_9_combine 检查完成，状态: error

2025-04-19 19:47:55,900 - 
检查信号: TargetIndex_PSA
2025-04-19 19:47:55,918 - 文件 IndexClose.csv 数据完整
2025-04-19 19:47:55,925 - 文件 IndexHigh.csv 数据完整
2025-04-19 19:47:55,931 - 文件 IndexLow.csv 数据完整
2025-04-19 19:47:55,931 - 信号 TargetIndex_PSA 检查完成，状态: normal

2025-04-19 19:47:55,931 - 
检查信号数据: TargetIndex_PSA_1D_9_combine
2025-04-19 19:47:55,931 - 数据路径: D:\Signal\signal_boost\prod\TargetIndex_PSA_1D_9_combine
2025-04-19 19:47:56,044 - 缺少以下日期的数据: ['2025-04-17', '2025-04-18']
2025-04-19 19:47:56,044 - 最新数据日期: 2025-04-16
2025-04-19 19:47:56,044 - 信号 TargetIndex_PSA_1D_9_combine 检查完成，状态: error

2025-04-19 19:47:58,628 - 
检查信号: TargetIndex_MOMENTUM2
2025-04-19 19:47:58,639 - 文件 index_return.csv 数据完整
2025-04-19 19:47:58,639 - 信号 TargetIndex_MOMENTUM2 检查完成，状态: normal

2025-04-19 19:47:58,639 - 
检查信号数据: TargetIndex_MOMENTUM2_1D_9_combine
2025-04-19 19:47:58,639 - 数据路径: D:\Signal\signal_boost\prod\TargetIndex_MOMENTUM2_1D_9_combine
2025-04-19 19:47:58,754 - 缺少以下日期的数据: ['2025-04-17', '2025-04-18']
2025-04-19 19:47:58,754 - 最新数据日期: 2025-04-16
2025-04-19 19:47:58,754 - 信号 TargetIndex_MOMENTUM2_1D_9_combine 检查完成，状态: error

2025-04-19 19:48:01,497 - 检查过程出错: 信号 TargetIndex_REVERSE 未在配置文件中找到
2025-04-19 19:49:45,492 - 开始数据检查 - 检查期间: 2024-04-18 到 2025-04-18
2025-04-19 19:49:45,492 - 目标日期: 2025-04-18
2025-04-19 19:49:45,492 - 
检查信号: CreditSpread_9M
2025-04-19 19:49:45,496 - 文件 ChinaDevelopmentBankBonds.csv 数据完整
2025-04-19 19:49:45,500 - 文件 ChinaMediumTermNotes.csv 数据完整
2025-04-19 19:49:45,500 - 信号 CreditSpread_9M 检查完成，状态: normal

2025-04-19 19:49:45,500 - 
检查信号数据: CreditSpread_9M_1D_9_combine
2025-04-19 19:49:45,501 - 数据路径: D:\Signal\signal_boost\prod\CreditSpread_9M_1D_9_combine
2025-04-19 19:49:45,584 - 所有工作日数据完整
2025-04-19 19:49:45,584 - 最新数据日期: 2025-04-21
2025-04-19 19:49:45,584 - 信号 CreditSpread_9M_1D_9_combine 检查完成，状态: normal

2025-04-19 19:49:47,445 - 
检查信号: CreditSpread_5Y
2025-04-19 19:49:47,449 - 文件 ChinaDevelopmentBankBonds.csv 数据完整
2025-04-19 19:49:47,454 - 文件 ChinaMediumTermNotes.csv 数据完整
2025-04-19 19:49:47,454 - 信号 CreditSpread_5Y 检查完成，状态: normal

2025-04-19 19:49:47,454 - 
检查信号数据: CreditSpread_5Y_1D_9_combine
2025-04-19 19:49:47,454 - 数据路径: D:\Signal\signal_boost\prod\CreditSpread_5Y_1D_9_combine
2025-04-19 19:49:47,563 - 所有工作日数据完整
2025-04-19 19:49:47,563 - 最新数据日期: 2025-04-21
2025-04-19 19:49:47,563 - 信号 CreditSpread_5Y_1D_9_combine 检查完成，状态: normal

2025-04-19 19:49:49,538 - 
检查信号: Shibor_2W
2025-04-19 19:49:49,542 - 文件 Shibor.csv 数据完整
2025-04-19 19:49:49,542 - 信号 Shibor_2W 检查完成，状态: normal

2025-04-19 19:49:49,542 - 
检查信号数据: Shibor_2W_45D_9_combine
2025-04-19 19:49:49,542 - 数据路径: D:\Signal\signal_boost\prod\Shibor_2W_45D_9_combine
2025-04-19 19:49:49,642 - 所有工作日数据完整
2025-04-19 19:49:49,642 - 最新数据日期: 2025-04-21
2025-04-19 19:49:49,642 - 信号 Shibor_2W_45D_9_combine 检查完成，状态: normal

2025-04-19 19:49:52,260 - 
检查信号: Shibor_9M
2025-04-19 19:49:52,264 - 文件 Shibor.csv 数据完整
2025-04-19 19:49:52,264 - 信号 Shibor_9M 检查完成，状态: normal

2025-04-19 19:49:52,264 - 
检查信号数据: Shibor_9M_45D_9_combine
2025-04-19 19:49:52,264 - 数据路径: D:\Signal\signal_boost\prod\Shibor_9M_45D_9_combine
2025-04-19 19:49:52,364 - 所有工作日数据完整
2025-04-19 19:49:52,364 - 最新数据日期: 2025-04-21
2025-04-19 19:49:52,364 - 信号 Shibor_9M_45D_9_combine 检查完成，状态: normal

2025-04-19 19:49:54,471 - 
检查信号: Bond_3Y
2025-04-19 19:49:54,476 - 文件 ChinaGovernmentBonds.csv 数据完整
2025-04-19 19:49:54,476 - 信号 Bond_3Y 检查完成，状态: normal

2025-04-19 19:49:54,476 - 
检查信号数据: Bond_3Y_90D_9_combine
2025-04-19 19:49:54,476 - 数据路径: D:\Signal\signal_boost\prod\Bond_3Y_90D_9_combine
2025-04-19 19:49:54,574 - 所有工作日数据完整
2025-04-19 19:49:54,574 - 最新数据日期: 2025-04-21
2025-04-19 19:49:54,574 - 信号 Bond_3Y_90D_9_combine 检查完成，状态: normal

2025-04-19 19:49:57,152 - 
检查信号: Bond_10Y
2025-04-19 19:49:57,156 - 文件 ChinaGovernmentBonds.csv 数据完整
2025-04-19 19:49:57,157 - 信号 Bond_10Y 检查完成，状态: normal

2025-04-19 19:49:57,157 - 
检查信号数据: Bond_10Y_90D_9_combine
2025-04-19 19:49:57,157 - 数据路径: D:\Signal\signal_boost\prod\Bond_10Y_90D_9_combine
2025-04-19 19:49:57,254 - 所有工作日数据完整
2025-04-19 19:49:57,254 - 最新数据日期: 2025-04-21
2025-04-19 19:49:57,254 - 信号 Bond_10Y_90D_9_combine 检查完成，状态: normal

2025-04-19 19:49:59,854 - 
检查信号: USDX
2025-04-19 19:49:59,858 - 文件 UsDollar.csv 数据完整
2025-04-19 19:49:59,858 - 信号 USDX 检查完成，状态: normal

2025-04-19 19:49:59,858 - 
检查信号数据: USDX_120D_9_combine
2025-04-19 19:49:59,858 - 数据路径: D:\Signal\signal_boost\prod\USDX_120D_9_combine
2025-04-19 19:49:59,955 - 所有工作日数据完整
2025-04-19 19:49:59,955 - 最新数据日期: 2025-04-21
2025-04-19 19:49:59,955 - 信号 USDX_120D_9_combine 检查完成，状态: normal

2025-04-19 19:50:02,575 - 
检查信号: TermSpread_9Y
2025-04-19 19:50:02,580 - 文件 ChinaDevelopmentBankBonds.csv 数据完整
2025-04-19 19:50:02,580 - 信号 TermSpread_9Y 检查完成，状态: normal

2025-04-19 19:50:02,580 - 
检查信号数据: TermSpread_9Y_120D_9_combine
2025-04-19 19:50:02,580 - 数据路径: D:\Signal\signal_boost\prod\TermSpread_9Y_120D_9_combine
2025-04-19 19:50:02,674 - 所有工作日数据完整
2025-04-19 19:50:02,674 - 最新数据日期: 2025-04-21
2025-04-19 19:50:02,674 - 信号 TermSpread_9Y_120D_9_combine 检查完成，状态: normal

2025-04-19 19:50:05,285 - 
检查信号: M1M2
2025-04-19 19:50:05,289 - 文件 M1M2.csv 数据完整
2025-04-19 19:50:05,289 - 信号 M1M2 检查完成，状态: normal

2025-04-19 19:50:05,289 - 
检查信号数据: M1M2_90D_9_combine
2025-04-19 19:50:05,289 - 数据路径: D:\Signal\signal_boost\prod\M1M2_90D_9_combine
2025-04-19 19:50:05,386 - 所有工作日数据完整
2025-04-19 19:50:05,386 - 最新数据日期: 2025-04-21
2025-04-19 19:50:05,386 - 信号 M1M2_90D_9_combine 检查完成，状态: normal

2025-04-19 19:50:08,005 - 
检查信号: RelativeVolume_std
2025-04-19 19:50:08,011 - 文件 IndexVolume.csv 数据完整
2025-04-19 19:50:08,011 - 信号 RelativeVolume_std 检查完成，状态: normal

2025-04-19 19:50:08,011 - 
检查信号数据: RelativeVolume_std_20D_9_combine
2025-04-19 19:50:08,011 - 数据路径: D:\Signal\signal_boost\prod\RelativeVolume_std_20D_9_combine
2025-04-19 19:50:08,120 - 所有工作日数据完整
2025-04-19 19:50:08,120 - 最新数据日期: 2025-04-21
2025-04-19 19:50:08,120 - 信号 RelativeVolume_std_20D_9_combine 检查完成，状态: normal

2025-04-19 19:50:10,087 - 
检查信号: RelativeReturn_std
2025-04-19 19:50:10,097 - 文件 index_return.csv 数据完整
2025-04-19 19:50:10,097 - 信号 RelativeReturn_std 检查完成，状态: normal

2025-04-19 19:50:10,097 - 
检查信号数据: RelativeReturn_std_20D_9_combine
2025-04-19 19:50:10,098 - 数据路径: D:\Signal\signal_boost\prod\RelativeReturn_std_20D_9_combine
2025-04-19 19:50:10,207 - 所有工作日数据完整
2025-04-19 19:50:10,207 - 最新数据日期: 2025-04-21
2025-04-19 19:50:10,207 - 信号 RelativeReturn_std_20D_9_combine 检查完成，状态: normal

2025-04-19 19:50:12,222 - 
检查信号: EarningsYield_Reverse
2025-04-19 19:50:12,227 - 文件 ygData.csv 数据完整
2025-04-19 19:50:12,227 - 信号 EarningsYield_Reverse 检查完成，状态: normal

2025-04-19 19:50:12,228 - 
检查信号数据: EarningsYield_Reverse_1D_9_combine
2025-04-19 19:50:12,228 - 数据路径: D:\Signal\signal_boost\prod\EarningsYield_Reverse_1D_9_combine
2025-04-19 19:50:12,340 - 所有工作日数据完整
2025-04-19 19:50:12,340 - 最新数据日期: 2025-04-21
2025-04-19 19:50:12,340 - 信号 EarningsYield_Reverse_1D_9_combine 检查完成，状态: normal

2025-04-19 19:50:14,249 - 
检查信号: Growth
2025-04-19 19:50:14,255 - 文件 ygData.csv 数据完整
2025-04-19 19:50:14,255 - 信号 Growth 检查完成，状态: normal

2025-04-19 19:50:14,256 - 
检查信号数据: Growth_1D_9_combine
2025-04-19 19:50:14,256 - 数据路径: D:\Signal\signal_boost\prod\Growth_1D_9_combine
2025-04-19 19:50:14,364 - 所有工作日数据完整
2025-04-19 19:50:14,364 - 最新数据日期: 2025-04-21
2025-04-19 19:50:14,364 - 信号 Growth_1D_9_combine 检查完成，状态: normal

2025-04-19 19:50:16,327 - 
检查信号: LHBProportion
2025-04-19 19:50:16,331 - 文件 LHB_AMT_proportion.csv 数据完整
2025-04-19 19:50:16,337 - 文件 IndexAmt.csv 数据完整
2025-04-19 19:50:16,337 - 信号 LHBProportion 检查完成，状态: normal

2025-04-19 19:50:16,337 - 
检查信号数据: LHBProportion_1D_9_combine
2025-04-19 19:50:16,337 - 数据路径: D:\Signal\signal_boost\prod\LHBProportion_1D_9_combine
2025-04-19 19:50:16,444 - 所有工作日数据完整
2025-04-19 19:50:16,444 - 最新数据日期: 2025-04-21
2025-04-19 19:50:16,444 - 信号 LHBProportion_1D_9_combine 检查完成，状态: normal

2025-04-19 19:50:18,332 - 
检查信号: NLBP_difference
2025-04-19 19:50:18,336 - 文件 NetLeverageBuying.csv 数据不完整: 缺少以下日期: ['2025-04-18']
2025-04-19 19:50:18,336 - 信号 NLBP_difference 检查完成，状态: error

2025-04-19 19:50:18,336 - 
检查信号: LargeOrder_difference
2025-04-19 19:50:18,341 - 文件 LargeOrderInflow.csv 数据完整
2025-04-19 19:50:18,341 - 信号 LargeOrder_difference 检查完成，状态: normal

2025-04-19 19:50:18,341 - 
检查信号数据: LargeOrder_difference_1D_9_combine
2025-04-19 19:50:18,341 - 数据路径: D:\Signal\signal_boost\prod\LargeOrder_difference_1D_9_combine
2025-04-19 19:50:18,440 - 所有工作日数据完整
2025-04-19 19:50:18,440 - 最新数据日期: 2025-04-21
2025-04-19 19:50:18,441 - 信号 LargeOrder_difference_1D_9_combine 检查完成，状态: normal

2025-04-19 19:50:20,014 - 
检查信号: Monthly_effect
2025-04-19 19:50:20,024 - 文件 index_return.csv 数据完整
2025-04-19 19:50:20,024 - 信号 Monthly_effect 检查完成，状态: normal

2025-04-19 19:50:20,024 - 
检查信号数据: Monthly_effect_1D_9_combine
2025-04-19 19:50:20,024 - 数据路径: D:\Signal\signal_boost\prod\Monthly_effect_1D_9_combine
2025-04-19 19:50:20,137 - 所有工作日数据完整
2025-04-19 19:50:20,137 - 最新数据日期: 2025-04-21
2025-04-19 19:50:20,137 - 信号 Monthly_effect_1D_9_combine 检查完成，状态: normal

2025-04-19 19:50:23,322 - 
检查信号: CPI
2025-04-19 19:50:23,326 - 文件 CPI.csv 数据完整
2025-04-19 19:50:23,327 - 信号 CPI 检查完成，状态: normal

2025-04-19 19:50:23,327 - 
检查信号数据: CPI_1D_9_combine
2025-04-19 19:50:23,327 - 数据路径: D:\Signal\signal_boost\prod\CPI_1D_9_combine
2025-04-19 19:50:23,438 - 所有工作日数据完整
2025-04-19 19:50:23,438 - 最新数据日期: 2025-04-21
2025-04-19 19:50:23,438 - 信号 CPI_1D_9_combine 检查完成，状态: normal

2025-04-19 19:50:25,569 - 
检查信号: PPI
2025-04-19 19:50:25,574 - 文件 PPI.csv 数据完整
2025-04-19 19:50:25,574 - 信号 PPI 检查完成，状态: normal

2025-04-19 19:50:25,574 - 
检查信号数据: PPI_1D_9_combine
2025-04-19 19:50:25,574 - 数据路径: D:\Signal\signal_boost\prod\PPI_1D_9_combine
2025-04-19 19:50:25,687 - 所有工作日数据完整
2025-04-19 19:50:25,687 - 最新数据日期: 2025-04-21
2025-04-19 19:50:25,687 - 信号 PPI_1D_9_combine 检查完成，状态: normal

2025-04-19 19:50:27,773 - 
检查信号: PMI
2025-04-19 19:50:27,780 - 文件 PMI.csv 数据完整
2025-04-19 19:50:27,780 - 信号 PMI 检查完成，状态: normal

2025-04-19 19:50:27,780 - 
检查信号数据: PMI_1D_9_combine
2025-04-19 19:50:27,780 - 数据路径: D:\Signal\signal_boost\prod\PMI_1D_9_combine
2025-04-19 19:50:27,891 - 所有工作日数据完整
2025-04-19 19:50:27,892 - 最新数据日期: 2025-04-21
2025-04-19 19:50:27,892 - 信号 PMI_1D_9_combine 检查完成，状态: normal

2025-04-19 19:50:30,020 - 
检查信号: Stock_HL
2025-04-19 19:50:30,907 - 文件 stock_close.csv 数据完整
2025-04-19 19:50:30,908 - 信号 Stock_HL 检查完成，状态: normal

2025-04-19 19:50:30,908 - 
检查信号数据: Stock_HL_1D_9_combine
2025-04-19 19:50:30,908 - 数据路径: D:\Signal\signal_boost\prod\Stock_HL_1D_9_combine
2025-04-19 19:50:31,005 - 所有工作日数据完整
2025-04-19 19:50:31,005 - 最新数据日期: 2025-04-21
2025-04-19 19:50:31,005 - 信号 Stock_HL_1D_9_combine 检查完成，状态: normal

2025-04-19 19:50:42,500 - 
检查信号: Rsi_difference
2025-04-19 19:50:43,386 - 文件 stock_close.csv 数据完整
2025-04-19 19:50:43,386 - 信号 Rsi_difference 检查完成，状态: normal

2025-04-19 19:50:43,386 - 
检查信号数据: Rsi_difference_1D_9_combine
2025-04-19 19:50:43,386 - 数据路径: D:\Signal\signal_boost\prod\Rsi_difference_1D_9_combine
2025-04-19 19:50:43,490 - 所有工作日数据完整
2025-04-19 19:50:43,490 - 最新数据日期: 2025-04-21
2025-04-19 19:50:43,490 - 信号 Rsi_difference_1D_9_combine 检查完成，状态: normal

2025-04-19 19:50:54,228 - 
检查信号: RaisingTrend_proportion
2025-04-19 19:50:55,119 - 文件 stock_close.csv 数据完整
2025-04-19 19:50:55,119 - 信号 RaisingTrend_proportion 检查完成，状态: normal

2025-04-19 19:50:55,119 - 
检查信号数据: RaisingTrend_proportion_1D_9_combine
2025-04-19 19:50:55,119 - 数据路径: D:\Signal\signal_boost\prod\RaisingTrend_proportion_1D_9_combine
2025-04-19 19:50:55,210 - 所有工作日数据完整
2025-04-19 19:50:55,211 - 最新数据日期: 2025-04-21
2025-04-19 19:50:55,211 - 信号 RaisingTrend_proportion_1D_9_combine 检查完成，状态: normal

2025-04-19 19:51:01,598 - 
检查信号: TargetIndex_MACD
2025-04-19 19:51:01,608 - 文件 index_return.csv 数据完整
2025-04-19 19:51:01,608 - 信号 TargetIndex_MACD 检查完成，状态: normal

2025-04-19 19:51:01,608 - 
检查信号数据: TargetIndex_MACD_1D_9_combine
2025-04-19 19:51:01,608 - 数据路径: D:\Signal\signal_boost\prod\TargetIndex_MACD_1D_9_combine
2025-04-19 19:51:01,727 - 所有工作日数据完整
2025-04-19 19:51:01,727 - 最新数据日期: 2025-04-21
2025-04-19 19:51:01,727 - 信号 TargetIndex_MACD_1D_9_combine 检查完成，状态: normal

2025-04-19 19:51:03,688 - 
检查信号: TargetIndex_BBANDS
2025-04-19 19:51:03,699 - 文件 index_return.csv 数据完整
2025-04-19 19:51:03,699 - 信号 TargetIndex_BBANDS 检查完成，状态: normal

2025-04-19 19:51:03,699 - 
检查信号数据: TargetIndex_BBANDS_1D_9_combine
2025-04-19 19:51:03,699 - 数据路径: D:\Signal\signal_boost\prod\TargetIndex_BBANDS_1D_9_combine
2025-04-19 19:51:03,816 - 所有工作日数据完整
2025-04-19 19:51:03,817 - 最新数据日期: 2025-04-21
2025-04-19 19:51:03,817 - 信号 TargetIndex_BBANDS_1D_9_combine 检查完成，状态: normal

2025-04-19 19:51:05,802 - 
检查信号: TargetIndex_MOMENTUM
2025-04-19 19:51:05,813 - 文件 index_return.csv 数据完整
2025-04-19 19:51:05,813 - 信号 TargetIndex_MOMENTUM 检查完成，状态: normal

2025-04-19 19:51:05,813 - 
检查信号数据: TargetIndex_MOMENTUM_1D_9_combine
2025-04-19 19:51:05,813 - 数据路径: D:\Signal\signal_boost\prod\TargetIndex_MOMENTUM_1D_9_combine
2025-04-19 19:51:05,926 - 所有工作日数据完整
2025-04-19 19:51:05,926 - 最新数据日期: 2025-04-21
2025-04-19 19:51:05,926 - 信号 TargetIndex_MOMENTUM_1D_9_combine 检查完成，状态: normal

2025-04-19 19:51:07,919 - 
检查信号: TargetIndex_PSA
2025-04-19 19:51:07,924 - 文件 IndexClose.csv 数据完整
2025-04-19 19:51:07,929 - 文件 IndexHigh.csv 数据完整
2025-04-19 19:51:07,936 - 文件 IndexLow.csv 数据完整
2025-04-19 19:51:07,936 - 信号 TargetIndex_PSA 检查完成，状态: normal

2025-04-19 19:51:07,936 - 
检查信号数据: TargetIndex_PSA_1D_9_combine
2025-04-19 19:51:07,936 - 数据路径: D:\Signal\signal_boost\prod\TargetIndex_PSA_1D_9_combine
2025-04-19 19:51:08,051 - 所有工作日数据完整
2025-04-19 19:51:08,051 - 最新数据日期: 2025-04-21
2025-04-19 19:51:08,051 - 信号 TargetIndex_PSA_1D_9_combine 检查完成，状态: normal

2025-04-19 19:51:10,138 - 
检查信号: TargetIndex_MOMENTUM2
2025-04-19 19:51:10,148 - 文件 index_return.csv 数据完整
2025-04-19 19:51:10,148 - 信号 TargetIndex_MOMENTUM2 检查完成，状态: normal

2025-04-19 19:51:10,148 - 
检查信号数据: TargetIndex_MOMENTUM2_1D_9_combine
2025-04-19 19:51:10,148 - 数据路径: D:\Signal\signal_boost\prod\TargetIndex_MOMENTUM2_1D_9_combine
2025-04-19 19:51:10,260 - 所有工作日数据完整
2025-04-19 19:51:10,260 - 最新数据日期: 2025-04-21
2025-04-19 19:51:10,260 - 信号 TargetIndex_MOMENTUM2_1D_9_combine 检查完成，状态: normal

2025-04-19 19:51:12,754 - 
检查信号: TargetIndex_REVERSE
2025-04-19 19:51:12,764 - 文件 index_return.csv 数据完整
2025-04-19 19:51:12,764 - 信号 TargetIndex_REVERSE 检查完成，状态: normal

2025-04-19 19:51:12,764 - 
检查信号数据: TargetIndex_REVERSE_1D_9_combine
2025-04-19 19:51:12,764 - 数据路径: D:\Signal\signal_boost\prod\TargetIndex_REVERSE_1D_9_combine
2025-04-19 19:51:12,764 - 信号数据文件夹不存在: D:\Signal\signal_boost\prod\TargetIndex_REVERSE_1D_9_combine
2025-04-19 19:58:24,413 - 开始数据检查 - 检查期间: 2024-04-18 到 2025-04-18
2025-04-19 19:58:24,413 - 目标日期: 2025-04-18
2025-04-19 19:58:24,413 - 
检查信号: CreditSpread_9M
2025-04-19 19:58:24,418 - 文件 ChinaDevelopmentBankBonds.csv 数据完整
2025-04-19 19:58:24,422 - 文件 ChinaMediumTermNotes.csv 数据完整
2025-04-19 19:58:24,422 - 信号 CreditSpread_9M 检查完成，状态: normal

2025-04-19 19:58:24,422 - 
检查信号数据: CreditSpread_9M_1D_9_combine
2025-04-19 19:58:24,422 - 数据路径: D:\Signal\signal_boost\prod\CreditSpread_9M_1D_9_combine
2025-04-19 19:58:24,502 - 所有工作日数据完整
2025-04-19 19:58:24,502 - 最新数据日期: 2025-04-21
2025-04-19 19:58:24,502 - 信号 CreditSpread_9M_1D_9_combine 检查完成，状态: normal

2025-04-19 19:58:26,339 - 
检查信号: CreditSpread_5Y
2025-04-19 19:58:26,344 - 文件 ChinaDevelopmentBankBonds.csv 数据完整
2025-04-19 19:58:26,348 - 文件 ChinaMediumTermNotes.csv 数据完整
2025-04-19 19:58:26,348 - 信号 CreditSpread_5Y 检查完成，状态: normal

2025-04-19 19:58:26,348 - 
检查信号数据: CreditSpread_5Y_1D_9_combine
2025-04-19 19:58:26,348 - 数据路径: D:\Signal\signal_boost\prod\CreditSpread_5Y_1D_9_combine
2025-04-19 19:58:26,457 - 所有工作日数据完整
2025-04-19 19:58:26,457 - 最新数据日期: 2025-04-21
2025-04-19 19:58:26,457 - 信号 CreditSpread_5Y_1D_9_combine 检查完成，状态: normal

