2025-04-24 00:00:11,736 - 开始数据检查 - 检查期间: 2024-04-23 到 2025-04-23
2025-04-24 00:00:11,737 - 目标日期: 2025-04-23
2025-04-24 00:00:11,737 - 
检查信号: CreditSpread_9M
2025-04-24 00:00:11,748 - 文件 ChinaDevelopmentBankBonds.csv 数据完整
2025-04-24 00:00:11,758 - 文件 ChinaMediumTermNotes.csv 数据完整
2025-04-24 00:00:11,758 - 信号 CreditSpread_9M 检查完成，状态: normal

2025-04-24 00:00:11,758 - 
检查信号数据: CreditSpread_9M_1D_9_combine
2025-04-24 00:00:11,758 - 数据路径: D:\Signal\signal_boost\prod\CreditSpread_9M_1D_9_combine
2025-04-24 00:00:11,923 - 所有工作日数据完整
2025-04-24 00:00:11,923 - 最新数据日期: 2025-04-24
2025-04-24 00:00:11,923 - 信号 CreditSpread_9M_1D_9_combine 检查完成，状态: normal

2025-04-24 00:00:17,134 - 
检查信号: CreditSpread_5Y
2025-04-24 00:00:17,144 - 文件 ChinaDevelopmentBankBonds.csv 数据完整
2025-04-24 00:00:17,154 - 文件 ChinaMediumTermNotes.csv 数据完整
2025-04-24 00:00:17,154 - 信号 CreditSpread_5Y 检查完成，状态: normal

2025-04-24 00:00:17,154 - 
检查信号数据: CreditSpread_5Y_1D_9_combine
2025-04-24 00:00:17,154 - 数据路径: D:\Signal\signal_boost\prod\CreditSpread_5Y_1D_9_combine
2025-04-24 00:00:17,318 - 所有工作日数据完整
2025-04-24 00:00:17,318 - 最新数据日期: 2025-04-24
2025-04-24 00:00:17,318 - 信号 CreditSpread_5Y_1D_9_combine 检查完成，状态: normal

2025-04-24 00:00:22,361 - 
检查信号: Shibor_2W
2025-04-24 00:00:22,370 - 文件 Shibor.csv 数据完整
2025-04-24 00:00:22,371 - 信号 Shibor_2W 检查完成，状态: normal

2025-04-24 00:00:22,371 - 
检查信号数据: Shibor_2W_45D_9_combine
2025-04-24 00:00:22,371 - 数据路径: D:\Signal\signal_boost\prod\Shibor_2W_45D_9_combine
2025-04-24 00:00:22,528 - 所有工作日数据完整
2025-04-24 00:00:22,528 - 最新数据日期: 2025-04-24
2025-04-24 00:00:22,528 - 信号 Shibor_2W_45D_9_combine 检查完成，状态: normal

2025-04-24 00:00:29,681 - 
检查信号: Shibor_9M
2025-04-24 00:00:29,690 - 文件 Shibor.csv 数据完整
2025-04-24 00:00:29,690 - 信号 Shibor_9M 检查完成，状态: normal

2025-04-24 00:00:29,690 - 
检查信号数据: Shibor_9M_45D_9_combine
2025-04-24 00:00:29,690 - 数据路径: D:\Signal\signal_boost\prod\Shibor_9M_45D_9_combine
2025-04-24 00:00:29,847 - 所有工作日数据完整
2025-04-24 00:00:29,847 - 最新数据日期: 2025-04-24
2025-04-24 00:00:29,847 - 信号 Shibor_9M_45D_9_combine 检查完成，状态: normal

2025-04-24 00:00:35,454 - 
检查信号: Bond_3Y
2025-04-24 00:00:35,464 - 文件 ChinaGovernmentBonds.csv 数据完整
2025-04-24 00:00:35,464 - 信号 Bond_3Y 检查完成，状态: normal

2025-04-24 00:00:35,464 - 
检查信号数据: Bond_3Y_90D_9_combine
2025-04-24 00:00:35,464 - 数据路径: D:\Signal\signal_boost\prod\Bond_3Y_90D_9_combine
2025-04-24 00:00:35,615 - 所有工作日数据完整
2025-04-24 00:00:35,615 - 最新数据日期: 2025-04-24
2025-04-24 00:00:35,615 - 信号 Bond_3Y_90D_9_combine 检查完成，状态: normal

2025-04-24 00:00:42,352 - 
检查信号: Bond_10Y
2025-04-24 00:00:42,362 - 文件 ChinaGovernmentBonds.csv 数据完整
2025-04-24 00:00:42,362 - 信号 Bond_10Y 检查完成，状态: normal

2025-04-24 00:00:42,362 - 
检查信号数据: Bond_10Y_90D_9_combine
2025-04-24 00:00:42,363 - 数据路径: D:\Signal\signal_boost\prod\Bond_10Y_90D_9_combine
2025-04-24 00:00:42,518 - 所有工作日数据完整
2025-04-24 00:00:42,518 - 最新数据日期: 2025-04-24
2025-04-24 00:00:42,518 - 信号 Bond_10Y_90D_9_combine 检查完成，状态: normal

2025-04-24 00:00:49,332 - 
检查信号: USDX
2025-04-24 00:00:49,341 - 文件 UsDollar.csv 数据完整
2025-04-24 00:00:49,341 - 信号 USDX 检查完成，状态: normal

2025-04-24 00:00:49,341 - 
检查信号数据: USDX_120D_9_combine
2025-04-24 00:00:49,341 - 数据路径: D:\Signal\signal_boost\prod\USDX_120D_9_combine
2025-04-24 00:00:49,491 - 所有工作日数据完整
2025-04-24 00:00:49,491 - 最新数据日期: 2025-04-24
2025-04-24 00:00:49,491 - 信号 USDX_120D_9_combine 检查完成，状态: normal

2025-04-24 00:00:56,239 - 
检查信号: TermSpread_9Y
2025-04-24 00:00:56,250 - 文件 ChinaDevelopmentBankBonds.csv 数据完整
2025-04-24 00:00:56,250 - 信号 TermSpread_9Y 检查完成，状态: normal

2025-04-24 00:00:56,250 - 
检查信号数据: TermSpread_9Y_120D_9_combine
2025-04-24 00:00:56,250 - 数据路径: D:\Signal\signal_boost\prod\TermSpread_9Y_120D_9_combine
2025-04-24 00:00:56,399 - 所有工作日数据完整
2025-04-24 00:00:56,399 - 最新数据日期: 2025-04-24
2025-04-24 00:00:56,399 - 信号 TermSpread_9Y_120D_9_combine 检查完成，状态: normal

2025-04-24 00:01:03,072 - 
检查信号: M1M2
2025-04-24 00:01:03,083 - 文件 M1M2.csv 数据完整
2025-04-24 00:01:03,083 - 信号 M1M2 检查完成，状态: normal

2025-04-24 00:01:03,083 - 
检查信号数据: M1M2_90D_9_combine
2025-04-24 00:01:03,084 - 数据路径: D:\Signal\signal_boost\prod\M1M2_90D_9_combine
2025-04-24 00:01:03,237 - 所有工作日数据完整
2025-04-24 00:01:03,237 - 最新数据日期: 2025-04-24
2025-04-24 00:01:03,237 - 信号 M1M2_90D_9_combine 检查完成，状态: normal

2025-04-24 00:01:09,817 - 
检查信号: RelativeVolume_std
2025-04-24 00:01:09,830 - 文件 IndexVolume.csv 数据完整
2025-04-24 00:01:09,830 - 信号 RelativeVolume_std 检查完成，状态: normal

2025-04-24 00:01:09,830 - 
检查信号数据: RelativeVolume_std_20D_9_combine
2025-04-24 00:01:09,830 - 数据路径: D:\Signal\signal_boost\prod\RelativeVolume_std_20D_9_combine
2025-04-24 00:01:09,992 - 所有工作日数据完整
2025-04-24 00:01:09,992 - 最新数据日期: 2025-04-24
2025-04-24 00:01:09,992 - 信号 RelativeVolume_std_20D_9_combine 检查完成，状态: normal

2025-04-24 00:01:15,213 - 
检查信号: RelativeReturn_std
2025-04-24 00:01:15,235 - 文件 index_return.csv 数据完整
2025-04-24 00:01:15,235 - 信号 RelativeReturn_std 检查完成，状态: normal

2025-04-24 00:01:15,235 - 
检查信号数据: RelativeReturn_std_20D_9_combine
2025-04-24 00:01:15,235 - 数据路径: D:\Signal\signal_boost\prod\RelativeReturn_std_20D_9_combine
2025-04-24 00:01:15,396 - 所有工作日数据完整
2025-04-24 00:01:15,397 - 最新数据日期: 2025-04-24
2025-04-24 00:01:15,397 - 信号 RelativeReturn_std_20D_9_combine 检查完成，状态: normal

2025-04-24 00:01:20,636 - 
检查信号: EarningsYield_Reverse
2025-04-24 00:01:20,649 - 文件 ygData.csv 数据完整
2025-04-24 00:01:20,649 - 信号 EarningsYield_Reverse 检查完成，状态: normal

2025-04-24 00:01:20,650 - 
检查信号数据: EarningsYield_Reverse_1D_9_combine
2025-04-24 00:01:20,650 - 数据路径: D:\Signal\signal_boost\prod\EarningsYield_Reverse_1D_9_combine
2025-04-24 00:01:20,951 - 所有工作日数据完整
2025-04-24 00:01:20,951 - 最新数据日期: 2025-04-24
2025-04-24 00:01:20,951 - 信号 EarningsYield_Reverse_1D_9_combine 检查完成，状态: normal

2025-04-24 00:01:26,135 - 
检查信号: Growth
2025-04-24 00:01:26,148 - 文件 ygData.csv 数据完整
2025-04-24 00:01:26,149 - 信号 Growth 检查完成，状态: normal

2025-04-24 00:01:26,149 - 
检查信号数据: Growth_1D_9_combine
2025-04-24 00:01:26,149 - 数据路径: D:\Signal\signal_boost\prod\Growth_1D_9_combine
2025-04-24 00:01:26,449 - 所有工作日数据完整
2025-04-24 00:01:26,449 - 最新数据日期: 2025-04-24
2025-04-24 00:01:26,449 - 信号 Growth_1D_9_combine 检查完成，状态: normal

2025-04-24 00:01:31,637 - 
检查信号: LHBProportion
2025-04-24 00:01:31,645 - 文件 LHB_AMT_proportion.csv 数据完整
2025-04-24 00:01:31,658 - 文件 IndexAmt.csv 数据完整
2025-04-24 00:01:31,659 - 信号 LHBProportion 检查完成，状态: normal

2025-04-24 00:01:31,659 - 
检查信号数据: LHBProportion_1D_9_combine
2025-04-24 00:01:31,659 - 数据路径: D:\Signal\signal_boost\prod\LHBProportion_1D_9_combine
2025-04-24 00:01:31,821 - 所有工作日数据完整
2025-04-24 00:01:31,821 - 最新数据日期: 2025-04-24
2025-04-24 00:01:31,821 - 信号 LHBProportion_1D_9_combine 检查完成，状态: normal

2025-04-24 00:01:36,893 - 
检查信号: NLBP_difference
2025-04-24 00:01:36,902 - 文件 NetLeverageBuying.csv 数据完整
2025-04-24 00:01:36,902 - 信号 NLBP_difference 检查完成，状态: normal

2025-04-24 00:01:36,902 - 
检查信号数据: NLBP_difference_1D_9_combine
2025-04-24 00:01:36,902 - 数据路径: D:\Signal\signal_boost\prod\NLBP_difference_1D_9_combine
2025-04-24 00:01:37,065 - 所有工作日数据完整
2025-04-24 00:01:37,065 - 最新数据日期: 2025-04-24
2025-04-24 00:01:37,066 - 信号 NLBP_difference_1D_9_combine 检查完成，状态: normal

2025-04-24 00:01:42,240 - 
检查信号: LargeOrder_difference
2025-04-24 00:01:42,249 - 文件 LargeOrderInflow.csv 数据完整
2025-04-24 00:01:42,250 - 信号 LargeOrder_difference 检查完成，状态: normal

2025-04-24 00:01:42,250 - 
检查信号数据: LargeOrder_difference_1D_9_combine
2025-04-24 00:01:42,250 - 数据路径: D:\Signal\signal_boost\prod\LargeOrder_difference_1D_9_combine
2025-04-24 00:01:42,528 - 所有工作日数据完整
2025-04-24 00:01:42,529 - 最新数据日期: 2025-04-24
2025-04-24 00:01:42,529 - 信号 LargeOrder_difference_1D_9_combine 检查完成，状态: normal

2025-04-24 00:01:46,808 - 
检查信号: Monthly_effect
2025-04-24 00:01:46,830 - 文件 index_return.csv 数据完整
2025-04-24 00:01:46,831 - 信号 Monthly_effect 检查完成，状态: normal

2025-04-24 00:01:46,831 - 
检查信号数据: Monthly_effect_1D_9_combine
2025-04-24 00:01:46,831 - 数据路径: D:\Signal\signal_boost\prod\Monthly_effect_1D_9_combine
2025-04-24 00:01:47,147 - 所有工作日数据完整
2025-04-24 00:01:47,148 - 最新数据日期: 2025-04-24
2025-04-24 00:01:47,148 - 信号 Monthly_effect_1D_9_combine 检查完成，状态: normal

2025-04-24 00:01:55,841 - 
检查信号: CPI
2025-04-24 00:01:55,852 - 文件 CPI.csv 数据完整
2025-04-24 00:01:55,852 - 信号 CPI 检查完成，状态: normal

2025-04-24 00:01:55,852 - 
检查信号数据: CPI_1D_9_combine
2025-04-24 00:01:55,852 - 数据路径: D:\Signal\signal_boost\prod\CPI_1D_9_combine
2025-04-24 00:01:56,164 - 所有工作日数据完整
2025-04-24 00:01:56,165 - 最新数据日期: 2025-04-24
2025-04-24 00:01:56,165 - 信号 CPI_1D_9_combine 检查完成，状态: normal

2025-04-24 00:02:01,916 - 
检查信号: PPI
2025-04-24 00:02:01,927 - 文件 PPI.csv 数据完整
2025-04-24 00:02:01,927 - 信号 PPI 检查完成，状态: normal

2025-04-24 00:02:01,927 - 
检查信号数据: PPI_1D_9_combine
2025-04-24 00:02:01,927 - 数据路径: D:\Signal\signal_boost\prod\PPI_1D_9_combine
2025-04-24 00:02:02,246 - 所有工作日数据完整
2025-04-24 00:02:02,247 - 最新数据日期: 2025-04-24
2025-04-24 00:02:02,247 - 信号 PPI_1D_9_combine 检查完成，状态: normal

2025-04-24 00:02:07,986 - 
检查信号: PMI
2025-04-24 00:02:07,996 - 文件 PMI.csv 数据完整
2025-04-24 00:02:07,997 - 信号 PMI 检查完成，状态: normal

2025-04-24 00:02:07,997 - 
检查信号数据: PMI_1D_9_combine
2025-04-24 00:02:07,997 - 数据路径: D:\Signal\signal_boost\prod\PMI_1D_9_combine
2025-04-24 00:02:08,309 - 所有工作日数据完整
2025-04-24 00:02:08,309 - 最新数据日期: 2025-04-24
2025-04-24 00:02:08,309 - 信号 PMI_1D_9_combine 检查完成，状态: normal

2025-04-24 00:02:14,050 - 
检查信号: Stock_HL
2025-04-24 00:02:15,182 - 文件 stock_close.csv 数据不完整: 缺少以下日期: ['2024-04-23', '2024-04-24', '2024-04-25', '2024-04-26', '2024-04-29', '2024-04-30', '2024-05-06', '2024-05-07', '2024-05-08', '2024-05-09', '2024-05-10', '2024-05-13', '2024-05-14', '2024-05-15', '2024-05-16', '2024-05-17', '2024-05-20', '2024-05-21', '2024-05-22', '2024-05-23', '2024-05-24', '2024-05-27', '2024-05-28', '2024-05-29', '2024-05-30', '2024-05-31', '2024-06-03', '2024-06-04', '2024-06-05', '2024-06-06', '2024-06-07', '2024-06-11', '2024-06-12', '2024-06-13', '2024-06-14', '2024-06-17', '2024-06-18', '2024-06-19', '2024-06-20', '2024-06-21', '2024-06-24', '2024-06-25', '2024-06-26', '2024-06-27', '2024-06-28', '2024-07-01', '2024-07-02', '2024-07-03', '2024-07-04', '2024-07-05', '2024-07-08', '2024-07-09', '2024-07-10', '2024-07-11', '2024-07-12', '2024-07-15', '2024-07-16', '2024-07-17', '2024-07-18', '2024-07-19', '2024-07-22', '2024-07-23', '2024-07-24', '2024-07-25', '2024-07-26', '2024-07-29', '2024-07-30', '2024-07-31', '2024-08-01', '2024-08-02', '2024-08-05', '2024-08-06', '2024-08-07', '2024-08-08', '2024-08-09', '2024-08-12', '2024-08-13', '2024-08-14', '2024-08-15', '2024-08-16', '2024-08-19', '2024-08-20', '2024-08-21', '2024-08-22', '2024-08-23', '2024-08-26', '2024-08-27', '2024-08-28', '2024-08-29', '2024-08-30', '2024-09-02', '2024-09-03', '2024-09-04', '2024-09-05', '2024-09-06', '2024-09-09', '2024-09-10', '2024-09-11', '2024-09-12', '2024-09-13', '2024-09-18', '2024-09-19', '2024-09-20', '2024-09-23', '2024-09-24', '2024-09-25', '2024-09-26', '2024-09-27', '2024-09-30', '2024-10-08', '2024-10-09', '2024-10-10', '2024-10-11', '2024-10-14', '2024-10-15', '2024-10-16', '2024-10-17', '2024-10-18', '2024-10-21', '2024-10-22', '2024-10-23', '2024-10-24', '2024-10-25', '2024-10-28', '2024-10-29', '2024-10-30', '2024-10-31', '2024-11-01', '2024-11-04', '2024-11-05', '2024-11-06', '2024-11-07', '2024-11-08', '2024-11-11', '2024-11-12', '2024-11-13', '2024-11-14', '2024-11-15', '2024-11-18', '2024-11-19', '2024-11-20', '2024-11-21', '2024-11-22', '2024-11-25', '2024-11-26', '2024-11-27', '2024-11-28', '2024-11-29', '2024-12-02', '2024-12-03', '2024-12-04', '2024-12-05', '2024-12-06', '2024-12-09', '2024-12-10', '2024-12-11', '2024-12-12', '2024-12-13', '2024-12-16', '2024-12-17', '2024-12-18', '2024-12-19', '2024-12-20', '2024-12-23', '2024-12-24', '2024-12-25', '2024-12-26', '2024-12-27', '2024-12-30', '2024-12-31', '2025-01-02', '2025-01-03', '2025-01-06', '2025-01-07', '2025-01-08', '2025-01-09', '2025-01-10', '2025-01-13', '2025-01-14', '2025-01-15', '2025-01-16', '2025-01-17', '2025-01-20', '2025-01-21', '2025-01-22', '2025-01-23', '2025-01-24', '2025-01-27', '2025-02-05', '2025-02-06', '2025-02-07', '2025-02-10', '2025-02-11', '2025-02-12', '2025-02-13', '2025-02-14', '2025-02-17', '2025-02-18', '2025-02-19', '2025-02-20', '2025-02-21', '2025-02-24', '2025-02-25', '2025-02-26', '2025-02-27', '2025-02-28', '2025-03-03', '2025-03-04', '2025-03-05', '2025-03-06', '2025-03-07', '2025-03-10', '2025-03-11', '2025-03-12', '2025-03-13', '2025-03-14', '2025-03-17', '2025-03-18', '2025-03-19', '2025-03-20', '2025-03-21', '2025-03-24', '2025-03-25', '2025-03-26', '2025-03-27', '2025-03-28', '2025-03-31', '2025-04-01', '2025-04-02', '2025-04-03', '2025-04-07', '2025-04-08', '2025-04-09', '2025-04-10', '2025-04-11', '2025-04-14', '2025-04-15', '2025-04-16', '2025-04-17', '2025-04-18', '2025-04-21', '2025-04-22', '2025-04-23']
2025-04-24 00:02:15,183 - 信号 Stock_HL 检查完成，状态: error

2025-04-24 00:02:15,183 - 
检查信号: Rsi_difference
2025-04-24 00:02:16,431 - 文件 stock_close.csv 数据不完整: 缺少以下日期: ['2024-04-23', '2024-04-24', '2024-04-25', '2024-04-26', '2024-04-29', '2024-04-30', '2024-05-06', '2024-05-07', '2024-05-08', '2024-05-09', '2024-05-10', '2024-05-13', '2024-05-14', '2024-05-15', '2024-05-16', '2024-05-17', '2024-05-20', '2024-05-21', '2024-05-22', '2024-05-23', '2024-05-24', '2024-05-27', '2024-05-28', '2024-05-29', '2024-05-30', '2024-05-31', '2024-06-03', '2024-06-04', '2024-06-05', '2024-06-06', '2024-06-07', '2024-06-11', '2024-06-12', '2024-06-13', '2024-06-14', '2024-06-17', '2024-06-18', '2024-06-19', '2024-06-20', '2024-06-21', '2024-06-24', '2024-06-25', '2024-06-26', '2024-06-27', '2024-06-28', '2024-07-01', '2024-07-02', '2024-07-03', '2024-07-04', '2024-07-05', '2024-07-08', '2024-07-09', '2024-07-10', '2024-07-11', '2024-07-12', '2024-07-15', '2024-07-16', '2024-07-17', '2024-07-18', '2024-07-19', '2024-07-22', '2024-07-23', '2024-07-24', '2024-07-25', '2024-07-26', '2024-07-29', '2024-07-30', '2024-07-31', '2024-08-01', '2024-08-02', '2024-08-05', '2024-08-06', '2024-08-07', '2024-08-08', '2024-08-09', '2024-08-12', '2024-08-13', '2024-08-14', '2024-08-15', '2024-08-16', '2024-08-19', '2024-08-20', '2024-08-21', '2024-08-22', '2024-08-23', '2024-08-26', '2024-08-27', '2024-08-28', '2024-08-29', '2024-08-30', '2024-09-02', '2024-09-03', '2024-09-04', '2024-09-05', '2024-09-06', '2024-09-09', '2024-09-10', '2024-09-11', '2024-09-12', '2024-09-13', '2024-09-18', '2024-09-19', '2024-09-20', '2024-09-23', '2024-09-24', '2024-09-25', '2024-09-26', '2024-09-27', '2024-09-30', '2024-10-08', '2024-10-09', '2024-10-10', '2024-10-11', '2024-10-14', '2024-10-15', '2024-10-16', '2024-10-17', '2024-10-18', '2024-10-21', '2024-10-22', '2024-10-23', '2024-10-24', '2024-10-25', '2024-10-28', '2024-10-29', '2024-10-30', '2024-10-31', '2024-11-01', '2024-11-04', '2024-11-05', '2024-11-06', '2024-11-07', '2024-11-08', '2024-11-11', '2024-11-12', '2024-11-13', '2024-11-14', '2024-11-15', '2024-11-18', '2024-11-19', '2024-11-20', '2024-11-21', '2024-11-22', '2024-11-25', '2024-11-26', '2024-11-27', '2024-11-28', '2024-11-29', '2024-12-02', '2024-12-03', '2024-12-04', '2024-12-05', '2024-12-06', '2024-12-09', '2024-12-10', '2024-12-11', '2024-12-12', '2024-12-13', '2024-12-16', '2024-12-17', '2024-12-18', '2024-12-19', '2024-12-20', '2024-12-23', '2024-12-24', '2024-12-25', '2024-12-26', '2024-12-27', '2024-12-30', '2024-12-31', '2025-01-02', '2025-01-03', '2025-01-06', '2025-01-07', '2025-01-08', '2025-01-09', '2025-01-10', '2025-01-13', '2025-01-14', '2025-01-15', '2025-01-16', '2025-01-17', '2025-01-20', '2025-01-21', '2025-01-22', '2025-01-23', '2025-01-24', '2025-01-27', '2025-02-05', '2025-02-06', '2025-02-07', '2025-02-10', '2025-02-11', '2025-02-12', '2025-02-13', '2025-02-14', '2025-02-17', '2025-02-18', '2025-02-19', '2025-02-20', '2025-02-21', '2025-02-24', '2025-02-25', '2025-02-26', '2025-02-27', '2025-02-28', '2025-03-03', '2025-03-04', '2025-03-05', '2025-03-06', '2025-03-07', '2025-03-10', '2025-03-11', '2025-03-12', '2025-03-13', '2025-03-14', '2025-03-17', '2025-03-18', '2025-03-19', '2025-03-20', '2025-03-21', '2025-03-24', '2025-03-25', '2025-03-26', '2025-03-27', '2025-03-28', '2025-03-31', '2025-04-01', '2025-04-02', '2025-04-03', '2025-04-07', '2025-04-08', '2025-04-09', '2025-04-10', '2025-04-11', '2025-04-14', '2025-04-15', '2025-04-16', '2025-04-17', '2025-04-18', '2025-04-21', '2025-04-22', '2025-04-23']
2025-04-24 00:02:16,431 - 信号 Rsi_difference 检查完成，状态: error

2025-04-24 00:02:16,432 - 
检查信号: RaisingTrend_proportion
2025-04-24 00:02:17,786 - 文件 stock_close.csv 数据不完整: 缺少以下日期: ['2024-04-23', '2024-04-24', '2024-04-25', '2024-04-26', '2024-04-29', '2024-04-30', '2024-05-06', '2024-05-07', '2024-05-08', '2024-05-09', '2024-05-10', '2024-05-13', '2024-05-14', '2024-05-15', '2024-05-16', '2024-05-17', '2024-05-20', '2024-05-21', '2024-05-22', '2024-05-23', '2024-05-24', '2024-05-27', '2024-05-28', '2024-05-29', '2024-05-30', '2024-05-31', '2024-06-03', '2024-06-04', '2024-06-05', '2024-06-06', '2024-06-07', '2024-06-11', '2024-06-12', '2024-06-13', '2024-06-14', '2024-06-17', '2024-06-18', '2024-06-19', '2024-06-20', '2024-06-21', '2024-06-24', '2024-06-25', '2024-06-26', '2024-06-27', '2024-06-28', '2024-07-01', '2024-07-02', '2024-07-03', '2024-07-04', '2024-07-05', '2024-07-08', '2024-07-09', '2024-07-10', '2024-07-11', '2024-07-12', '2024-07-15', '2024-07-16', '2024-07-17', '2024-07-18', '2024-07-19', '2024-07-22', '2024-07-23', '2024-07-24', '2024-07-25', '2024-07-26', '2024-07-29', '2024-07-30', '2024-07-31', '2024-08-01', '2024-08-02', '2024-08-05', '2024-08-06', '2024-08-07', '2024-08-08', '2024-08-09', '2024-08-12', '2024-08-13', '2024-08-14', '2024-08-15', '2024-08-16', '2024-08-19', '2024-08-20', '2024-08-21', '2024-08-22', '2024-08-23', '2024-08-26', '2024-08-27', '2024-08-28', '2024-08-29', '2024-08-30', '2024-09-02', '2024-09-03', '2024-09-04', '2024-09-05', '2024-09-06', '2024-09-09', '2024-09-10', '2024-09-11', '2024-09-12', '2024-09-13', '2024-09-18', '2024-09-19', '2024-09-20', '2024-09-23', '2024-09-24', '2024-09-25', '2024-09-26', '2024-09-27', '2024-09-30', '2024-10-08', '2024-10-09', '2024-10-10', '2024-10-11', '2024-10-14', '2024-10-15', '2024-10-16', '2024-10-17', '2024-10-18', '2024-10-21', '2024-10-22', '2024-10-23', '2024-10-24', '2024-10-25', '2024-10-28', '2024-10-29', '2024-10-30', '2024-10-31', '2024-11-01', '2024-11-04', '2024-11-05', '2024-11-06', '2024-11-07', '2024-11-08', '2024-11-11', '2024-11-12', '2024-11-13', '2024-11-14', '2024-11-15', '2024-11-18', '2024-11-19', '2024-11-20', '2024-11-21', '2024-11-22', '2024-11-25', '2024-11-26', '2024-11-27', '2024-11-28', '2024-11-29', '2024-12-02', '2024-12-03', '2024-12-04', '2024-12-05', '2024-12-06', '2024-12-09', '2024-12-10', '2024-12-11', '2024-12-12', '2024-12-13', '2024-12-16', '2024-12-17', '2024-12-18', '2024-12-19', '2024-12-20', '2024-12-23', '2024-12-24', '2024-12-25', '2024-12-26', '2024-12-27', '2024-12-30', '2024-12-31', '2025-01-02', '2025-01-03', '2025-01-06', '2025-01-07', '2025-01-08', '2025-01-09', '2025-01-10', '2025-01-13', '2025-01-14', '2025-01-15', '2025-01-16', '2025-01-17', '2025-01-20', '2025-01-21', '2025-01-22', '2025-01-23', '2025-01-24', '2025-01-27', '2025-02-05', '2025-02-06', '2025-02-07', '2025-02-10', '2025-02-11', '2025-02-12', '2025-02-13', '2025-02-14', '2025-02-17', '2025-02-18', '2025-02-19', '2025-02-20', '2025-02-21', '2025-02-24', '2025-02-25', '2025-02-26', '2025-02-27', '2025-02-28', '2025-03-03', '2025-03-04', '2025-03-05', '2025-03-06', '2025-03-07', '2025-03-10', '2025-03-11', '2025-03-12', '2025-03-13', '2025-03-14', '2025-03-17', '2025-03-18', '2025-03-19', '2025-03-20', '2025-03-21', '2025-03-24', '2025-03-25', '2025-03-26', '2025-03-27', '2025-03-28', '2025-03-31', '2025-04-01', '2025-04-02', '2025-04-03', '2025-04-07', '2025-04-08', '2025-04-09', '2025-04-10', '2025-04-11', '2025-04-14', '2025-04-15', '2025-04-16', '2025-04-17', '2025-04-18', '2025-04-21', '2025-04-22', '2025-04-23']
2025-04-24 00:02:17,786 - 信号 RaisingTrend_proportion 检查完成，状态: error

2025-04-24 00:02:17,786 - 
检查信号: TargetIndex_MACD
2025-04-24 00:02:17,810 - 文件 index_return.csv 数据完整
2025-04-24 00:02:17,810 - 信号 TargetIndex_MACD 检查完成，状态: normal

2025-04-24 00:02:17,810 - 
检查信号数据: TargetIndex_MACD_1D_9_combine
2025-04-24 00:02:17,811 - 数据路径: D:\Signal\signal_boost\prod\TargetIndex_MACD_1D_9_combine
2025-04-24 00:02:18,126 - 所有工作日数据完整
2025-04-24 00:02:18,127 - 最新数据日期: 2025-04-24
2025-04-24 00:02:18,127 - 信号 TargetIndex_MACD_1D_9_combine 检查完成，状态: normal

2025-04-24 00:02:23,450 - 
检查信号: TargetIndex_BBANDS
2025-04-24 00:02:23,472 - 文件 index_return.csv 数据完整
2025-04-24 00:02:23,472 - 信号 TargetIndex_BBANDS 检查完成，状态: normal

2025-04-24 00:02:23,473 - 
检查信号数据: TargetIndex_BBANDS_1D_9_combine
2025-04-24 00:02:23,473 - 数据路径: D:\Signal\signal_boost\prod\TargetIndex_BBANDS_1D_9_combine
2025-04-24 00:02:23,789 - 所有工作日数据完整
2025-04-24 00:02:23,789 - 最新数据日期: 2025-04-24
2025-04-24 00:02:23,789 - 信号 TargetIndex_BBANDS_1D_9_combine 检查完成，状态: normal

2025-04-24 00:02:29,112 - 
检查信号: TargetIndex_MOMENTUM
2025-04-24 00:02:29,135 - 文件 index_return.csv 数据完整
2025-04-24 00:02:29,135 - 信号 TargetIndex_MOMENTUM 检查完成，状态: normal

2025-04-24 00:02:29,135 - 
检查信号数据: TargetIndex_MOMENTUM_1D_9_combine
2025-04-24 00:02:29,135 - 数据路径: D:\Signal\signal_boost\prod\TargetIndex_MOMENTUM_1D_9_combine
2025-04-24 00:02:29,449 - 所有工作日数据完整
2025-04-24 00:02:29,449 - 最新数据日期: 2025-04-24
2025-04-24 00:02:29,449 - 信号 TargetIndex_MOMENTUM_1D_9_combine 检查完成，状态: normal

2025-04-24 00:02:34,743 - 
检查信号: TargetIndex_PSA
2025-04-24 00:02:34,757 - 文件 IndexClose.csv 数据完整
2025-04-24 00:02:34,769 - 文件 IndexHigh.csv 数据完整
2025-04-24 00:02:34,782 - 文件 IndexLow.csv 数据完整
2025-04-24 00:02:34,782 - 信号 TargetIndex_PSA 检查完成，状态: normal

2025-04-24 00:02:34,782 - 
检查信号数据: TargetIndex_PSA_1D_9_combine
2025-04-24 00:02:34,782 - 数据路径: D:\Signal\signal_boost\prod\TargetIndex_PSA_1D_9_combine
2025-04-24 00:02:35,095 - 所有工作日数据完整
2025-04-24 00:02:35,095 - 最新数据日期: 2025-04-24
2025-04-24 00:02:35,095 - 信号 TargetIndex_PSA_1D_9_combine 检查完成，状态: normal

2025-04-24 00:02:40,746 - 
检查信号: TargetIndex_MOMENTUM2
2025-04-24 00:02:40,768 - 文件 index_return.csv 数据完整
2025-04-24 00:02:40,768 - 信号 TargetIndex_MOMENTUM2 检查完成，状态: normal

2025-04-24 00:02:40,769 - 
检查信号数据: TargetIndex_MOMENTUM2_1D_9_combine
2025-04-24 00:02:40,769 - 数据路径: D:\Signal\signal_boost\prod\TargetIndex_MOMENTUM2_1D_9_combine
2025-04-24 00:02:41,088 - 所有工作日数据完整
2025-04-24 00:02:41,088 - 最新数据日期: 2025-04-24
2025-04-24 00:02:41,088 - 信号 TargetIndex_MOMENTUM2_1D_9_combine 检查完成，状态: normal

2025-04-24 00:02:47,704 - 
检查信号: TargetIndex_REVERSE
2025-04-24 00:02:47,727 - 文件 index_return.csv 数据完整
2025-04-24 00:02:47,728 - 信号 TargetIndex_REVERSE 检查完成，状态: normal

2025-04-24 00:02:47,728 - 
检查信号数据: TargetIndex_REVERSE_1D_9_combine
2025-04-24 00:02:47,728 - 数据路径: D:\Signal\signal_boost\prod\TargetIndex_REVERSE_1D_9_combine
2025-04-24 00:02:48,046 - 所有工作日数据完整
2025-04-24 00:02:48,046 - 最新数据日期: 2025-04-24
2025-04-24 00:02:48,046 - 信号 TargetIndex_REVERSE_1D_9_combine 检查完成，状态: normal

2025-04-24 22:19:21,250 - 开始数据检查 - 检查期间: 2024-04-24 到 2025-04-24
2025-04-24 22:19:21,250 - 目标日期: 2025-04-24
2025-04-24 22:19:21,264 - 
检查信号: CreditSpread_9M
2025-04-24 22:19:21,275 - 文件 ChinaDevelopmentBankBonds.csv 数据完整
2025-04-24 22:19:21,288 - 文件 ChinaMediumTermNotes.csv 数据完整
2025-04-24 22:19:21,289 - 信号 CreditSpread_9M 检查完成，状态: normal

2025-04-24 22:19:21,289 - 
检查信号数据: CreditSpread_9M_1D_9_combine
2025-04-24 22:19:21,290 - 数据路径: D:\Signal\signal_boost\prod\CreditSpread_9M_1D_9_combine
2025-04-24 22:19:21,455 - 所有工作日数据完整
2025-04-24 22:19:21,455 - 最新数据日期: 2025-04-24
2025-04-24 22:19:21,459 - 信号 CreditSpread_9M_1D_9_combine 检查完成，状态: normal

2025-04-24 22:19:26,652 - 
检查信号: CreditSpread_5Y
2025-04-24 22:19:26,662 - 文件 ChinaDevelopmentBankBonds.csv 数据完整
2025-04-24 22:19:26,671 - 文件 ChinaMediumTermNotes.csv 数据完整
2025-04-24 22:19:26,671 - 信号 CreditSpread_5Y 检查完成，状态: normal

2025-04-24 22:19:26,672 - 
检查信号数据: CreditSpread_5Y_1D_9_combine
2025-04-24 22:19:26,672 - 数据路径: D:\Signal\signal_boost\prod\CreditSpread_5Y_1D_9_combine
2025-04-24 22:19:26,838 - 所有工作日数据完整
2025-04-24 22:19:26,838 - 最新数据日期: 2025-04-24
2025-04-24 22:19:26,838 - 信号 CreditSpread_5Y_1D_9_combine 检查完成，状态: normal

2025-04-24 22:19:31,895 - 
检查信号: Shibor_2W
2025-04-24 22:19:31,904 - 文件 Shibor.csv 数据完整
2025-04-24 22:19:31,904 - 信号 Shibor_2W 检查完成，状态: normal

2025-04-24 22:19:31,905 - 
检查信号数据: Shibor_2W_45D_9_combine
2025-04-24 22:19:31,906 - 数据路径: D:\Signal\signal_boost\prod\Shibor_2W_45D_9_combine
2025-04-24 22:19:32,064 - 所有工作日数据完整
2025-04-24 22:19:32,064 - 最新数据日期: 2025-04-24
2025-04-24 22:19:32,065 - 信号 Shibor_2W_45D_9_combine 检查完成，状态: normal

2025-04-24 22:19:39,351 - 
检查信号: Shibor_9M
2025-04-24 22:19:39,361 - 文件 Shibor.csv 数据完整
2025-04-24 22:19:39,361 - 信号 Shibor_9M 检查完成，状态: normal

2025-04-24 22:19:39,361 - 
检查信号数据: Shibor_9M_45D_9_combine
2025-04-24 22:19:39,362 - 数据路径: D:\Signal\signal_boost\prod\Shibor_9M_45D_9_combine
2025-04-24 22:19:39,521 - 所有工作日数据完整
2025-04-24 22:19:39,521 - 最新数据日期: 2025-04-24
2025-04-24 22:19:39,522 - 信号 Shibor_9M_45D_9_combine 检查完成，状态: normal

2025-04-24 22:19:45,159 - 
检查信号: Bond_3Y
2025-04-24 22:19:45,168 - 文件 ChinaGovernmentBonds.csv 数据完整
2025-04-24 22:19:45,169 - 信号 Bond_3Y 检查完成，状态: normal

2025-04-24 22:19:45,169 - 
检查信号数据: Bond_3Y_90D_9_combine
2025-04-24 22:19:45,169 - 数据路径: D:\Signal\signal_boost\prod\Bond_3Y_90D_9_combine
2025-04-24 22:19:45,322 - 所有工作日数据完整
2025-04-24 22:19:45,322 - 最新数据日期: 2025-04-24
2025-04-24 22:19:45,323 - 信号 Bond_3Y_90D_9_combine 检查完成，状态: normal

2025-04-24 22:19:52,568 - 
检查信号: Bond_10Y
2025-04-24 22:19:52,577 - 文件 ChinaGovernmentBonds.csv 数据完整
2025-04-24 22:19:52,578 - 信号 Bond_10Y 检查完成，状态: normal

2025-04-24 22:19:52,578 - 
检查信号数据: Bond_10Y_90D_9_combine
2025-04-24 22:19:52,578 - 数据路径: D:\Signal\signal_boost\prod\Bond_10Y_90D_9_combine
2025-04-24 22:19:52,731 - 所有工作日数据完整
2025-04-24 22:19:52,731 - 最新数据日期: 2025-04-24
2025-04-24 22:19:52,732 - 信号 Bond_10Y_90D_9_combine 检查完成，状态: normal

2025-04-24 22:19:59,964 - 
检查信号: USDX
2025-04-24 22:19:59,973 - 文件 UsDollar.csv 数据完整
2025-04-24 22:19:59,973 - 信号 USDX 检查完成，状态: normal

2025-04-24 22:19:59,974 - 
检查信号数据: USDX_120D_9_combine
2025-04-24 22:19:59,975 - 数据路径: D:\Signal\signal_boost\prod\USDX_120D_9_combine
2025-04-24 22:20:00,122 - 所有工作日数据完整
2025-04-24 22:20:00,122 - 最新数据日期: 2025-04-24
2025-04-24 22:20:00,123 - 信号 USDX_120D_9_combine 检查完成，状态: normal

2025-04-24 22:20:07,551 - 
检查信号: TermSpread_9Y
2025-04-24 22:20:07,562 - 文件 ChinaDevelopmentBankBonds.csv 数据完整
2025-04-24 22:20:07,562 - 信号 TermSpread_9Y 检查完成，状态: normal

2025-04-24 22:20:07,562 - 
检查信号数据: TermSpread_9Y_120D_9_combine
2025-04-24 22:20:07,562 - 数据路径: D:\Signal\signal_boost\prod\TermSpread_9Y_120D_9_combine
2025-04-24 22:20:07,713 - 所有工作日数据完整
2025-04-24 22:20:07,713 - 最新数据日期: 2025-04-24
2025-04-24 22:20:07,714 - 信号 TermSpread_9Y_120D_9_combine 检查完成，状态: normal

2025-04-24 22:20:15,044 - 
检查信号: M1M2
2025-04-24 22:20:15,056 - 文件 M1M2.csv 数据完整
2025-04-24 22:20:15,056 - 信号 M1M2 检查完成，状态: normal

2025-04-24 22:20:15,056 - 
检查信号数据: M1M2_90D_9_combine
2025-04-24 22:20:15,056 - 数据路径: D:\Signal\signal_boost\prod\M1M2_90D_9_combine
2025-04-24 22:20:15,208 - 所有工作日数据完整
2025-04-24 22:20:15,208 - 最新数据日期: 2025-04-24
2025-04-24 22:20:15,209 - 信号 M1M2_90D_9_combine 检查完成，状态: normal

2025-04-24 22:20:22,221 - 
检查信号: RelativeVolume_std
2025-04-24 22:20:22,234 - 文件 IndexVolume.csv 数据完整
2025-04-24 22:20:22,234 - 信号 RelativeVolume_std 检查完成，状态: normal

2025-04-24 22:20:22,235 - 
检查信号数据: RelativeVolume_std_20D_9_combine
2025-04-24 22:20:22,235 - 数据路径: D:\Signal\signal_boost\prod\RelativeVolume_std_20D_9_combine
2025-04-24 22:20:22,398 - 所有工作日数据完整
2025-04-24 22:20:22,398 - 最新数据日期: 2025-04-24
2025-04-24 22:20:22,399 - 信号 RelativeVolume_std_20D_9_combine 检查完成，状态: normal

2025-04-24 22:20:27,731 - 
检查信号: RelativeReturn_std
2025-04-24 22:20:27,753 - 文件 index_return.csv 数据完整
2025-04-24 22:20:27,754 - 信号 RelativeReturn_std 检查完成，状态: normal

2025-04-24 22:20:27,755 - 
检查信号数据: RelativeReturn_std_20D_9_combine
2025-04-24 22:20:27,755 - 数据路径: D:\Signal\signal_boost\prod\RelativeReturn_std_20D_9_combine
2025-04-24 22:20:27,918 - 所有工作日数据完整
2025-04-24 22:20:27,919 - 最新数据日期: 2025-04-24
2025-04-24 22:20:27,920 - 信号 RelativeReturn_std_20D_9_combine 检查完成，状态: normal

2025-04-24 22:20:33,277 - 
检查信号: EarningsYield_Reverse
2025-04-24 22:20:33,291 - 文件 ygData.csv 数据完整
2025-04-24 22:20:33,291 - 信号 EarningsYield_Reverse 检查完成，状态: normal

2025-04-24 22:20:33,291 - 
检查信号数据: EarningsYield_Reverse_1D_9_combine
2025-04-24 22:20:33,292 - 数据路径: D:\Signal\signal_boost\prod\EarningsYield_Reverse_1D_9_combine
2025-04-24 22:20:33,596 - 所有工作日数据完整
2025-04-24 22:20:33,596 - 最新数据日期: 2025-04-24
2025-04-24 22:20:33,597 - 信号 EarningsYield_Reverse_1D_9_combine 检查完成，状态: normal

2025-04-24 22:20:38,763 - 
检查信号: Growth
2025-04-24 22:20:38,776 - 文件 ygData.csv 数据完整
2025-04-24 22:20:38,777 - 信号 Growth 检查完成，状态: normal

2025-04-24 22:20:38,777 - 
检查信号数据: Growth_1D_9_combine
2025-04-24 22:20:38,777 - 数据路径: D:\Signal\signal_boost\prod\Growth_1D_9_combine
2025-04-24 22:20:39,079 - 所有工作日数据完整
2025-04-24 22:20:39,079 - 最新数据日期: 2025-04-24
2025-04-24 22:20:39,080 - 信号 Growth_1D_9_combine 检查完成，状态: normal

2025-04-24 22:20:44,262 - 
检查信号: LHBProportion
2025-04-24 22:20:44,271 - 文件 LHB_AMT_proportion.csv 数据完整
2025-04-24 22:20:44,285 - 文件 IndexAmt.csv 数据完整
2025-04-24 22:20:44,285 - 信号 LHBProportion 检查完成，状态: normal

2025-04-24 22:20:44,286 - 
检查信号数据: LHBProportion_1D_9_combine
2025-04-24 22:20:44,286 - 数据路径: D:\Signal\signal_boost\prod\LHBProportion_1D_9_combine
2025-04-24 22:20:44,451 - 所有工作日数据完整
2025-04-24 22:20:44,451 - 最新数据日期: 2025-04-24
2025-04-24 22:20:44,452 - 信号 LHBProportion_1D_9_combine 检查完成，状态: normal

2025-04-24 22:20:49,535 - 
检查信号: NLBP_difference
2025-04-24 22:20:49,544 - 文件 NetLeverageBuying.csv 数据完整
2025-04-24 22:20:49,544 - 信号 NLBP_difference 检查完成，状态: normal

2025-04-24 22:20:49,544 - 
检查信号数据: NLBP_difference_1D_9_combine
2025-04-24 22:20:49,544 - 数据路径: D:\Signal\signal_boost\prod\NLBP_difference_1D_9_combine
2025-04-24 22:20:49,710 - 所有工作日数据完整
2025-04-24 22:20:49,710 - 最新数据日期: 2025-04-24
2025-04-24 22:20:49,711 - 信号 NLBP_difference_1D_9_combine 检查完成，状态: normal

2025-04-24 22:20:54,757 - 
检查信号: LargeOrder_difference
2025-04-24 22:20:54,767 - 文件 LargeOrderInflow.csv 数据完整
2025-04-24 22:20:54,767 - 信号 LargeOrder_difference 检查完成，状态: normal

2025-04-24 22:20:54,768 - 
检查信号数据: LargeOrder_difference_1D_9_combine
2025-04-24 22:20:54,768 - 数据路径: D:\Signal\signal_boost\prod\LargeOrder_difference_1D_9_combine
2025-04-24 22:20:55,047 - 所有工作日数据完整
2025-04-24 22:20:55,047 - 最新数据日期: 2025-04-24
2025-04-24 22:20:55,048 - 信号 LargeOrder_difference_1D_9_combine 检查完成，状态: normal

2025-04-24 22:20:59,256 - 
检查信号: Monthly_effect
2025-04-24 22:20:59,279 - 文件 index_return.csv 数据完整
2025-04-24 22:20:59,279 - 信号 Monthly_effect 检查完成，状态: normal

2025-04-24 22:20:59,280 - 
检查信号数据: Monthly_effect_1D_9_combine
2025-04-24 22:20:59,280 - 数据路径: D:\Signal\signal_boost\prod\Monthly_effect_1D_9_combine
2025-04-24 22:20:59,599 - 所有工作日数据完整
2025-04-24 22:20:59,600 - 最新数据日期: 2025-04-24
2025-04-24 22:20:59,601 - 信号 Monthly_effect_1D_9_combine 检查完成，状态: normal

2025-04-24 22:21:08,128 - 
检查信号: CPI
2025-04-24 22:21:08,139 - 文件 CPI.csv 数据完整
2025-04-24 22:21:08,139 - 信号 CPI 检查完成，状态: normal

2025-04-24 22:21:08,139 - 
检查信号数据: CPI_1D_9_combine
2025-04-24 22:21:08,139 - 数据路径: D:\Signal\signal_boost\prod\CPI_1D_9_combine
2025-04-24 22:21:08,454 - 所有工作日数据完整
2025-04-24 22:21:08,454 - 最新数据日期: 2025-04-24
2025-04-24 22:21:08,455 - 信号 CPI_1D_9_combine 检查完成，状态: normal

2025-04-24 22:21:14,181 - 
检查信号: PPI
2025-04-24 22:21:14,191 - 文件 PPI.csv 数据完整
2025-04-24 22:21:14,191 - 信号 PPI 检查完成，状态: normal

2025-04-24 22:21:14,192 - 
检查信号数据: PPI_1D_9_combine
2025-04-24 22:21:14,192 - 数据路径: D:\Signal\signal_boost\prod\PPI_1D_9_combine
2025-04-24 22:21:14,507 - 所有工作日数据完整
2025-04-24 22:21:14,508 - 最新数据日期: 2025-04-24
2025-04-24 22:21:14,509 - 信号 PPI_1D_9_combine 检查完成，状态: normal

2025-04-24 22:21:20,223 - 
检查信号: PMI
2025-04-24 22:21:20,234 - 文件 PMI.csv 数据完整
2025-04-24 22:21:20,234 - 信号 PMI 检查完成，状态: normal

2025-04-24 22:21:20,234 - 
检查信号数据: PMI_1D_9_combine
2025-04-24 22:21:20,234 - 数据路径: D:\Signal\signal_boost\prod\PMI_1D_9_combine
2025-04-24 22:21:20,549 - 所有工作日数据完整
2025-04-24 22:21:20,549 - 最新数据日期: 2025-04-24
2025-04-24 22:21:20,550 - 信号 PMI_1D_9_combine 检查完成，状态: normal

2025-04-24 22:21:26,349 - 
检查信号: Stock_HL
2025-04-24 22:21:28,600 - 文件 stock_close.csv 数据完整
2025-04-24 22:21:28,601 - 信号 Stock_HL 检查完成，状态: normal

2025-04-24 22:21:28,602 - 
检查信号数据: Stock_HL_1D_9_combine
2025-04-24 22:21:28,602 - 数据路径: D:\Signal\signal_boost\prod\Stock_HL_1D_9_combine
2025-04-24 22:21:28,876 - 缺少以下日期的数据: ['2025-04-24']
2025-04-24 22:21:28,877 - 最新数据日期: 2025-04-23
2025-04-24 22:21:28,883 - 信号 Stock_HL_1D_9_combine 检查完成，状态: error

2025-04-24 22:21:56,416 - 
检查信号: Rsi_difference
2025-04-24 22:21:58,669 - 文件 stock_close.csv 数据完整
2025-04-24 22:21:58,669 - 信号 Rsi_difference 检查完成，状态: normal

2025-04-24 22:21:58,671 - 
检查信号数据: Rsi_difference_1D_9_combine
2025-04-24 22:21:58,671 - 数据路径: D:\Signal\signal_boost\prod\Rsi_difference_1D_9_combine
2025-04-24 22:21:58,956 - 缺少以下日期的数据: ['2025-04-24']
2025-04-24 22:21:58,956 - 最新数据日期: 2025-04-23
2025-04-24 22:21:58,957 - 信号 Rsi_difference_1D_9_combine 检查完成，状态: error

2025-04-24 22:22:26,678 - 
检查信号: RaisingTrend_proportion
2025-04-24 22:22:28,935 - 文件 stock_close.csv 数据完整
2025-04-24 22:22:28,936 - 信号 RaisingTrend_proportion 检查完成，状态: normal

2025-04-24 22:22:28,937 - 
检查信号数据: RaisingTrend_proportion_1D_9_combine
2025-04-24 22:22:28,937 - 数据路径: D:\Signal\signal_boost\prod\RaisingTrend_proportion_1D_9_combine
2025-04-24 22:22:29,190 - 缺少以下日期的数据: ['2025-04-24']
2025-04-24 22:22:29,190 - 最新数据日期: 2025-04-23
2025-04-24 22:22:29,191 - 信号 RaisingTrend_proportion_1D_9_combine 检查完成，状态: error

2025-04-24 22:22:45,687 - 
检查信号: TargetIndex_MACD
2025-04-24 22:22:45,710 - 文件 index_return.csv 数据完整
2025-04-24 22:22:45,710 - 信号 TargetIndex_MACD 检查完成，状态: normal

2025-04-24 22:22:45,711 - 
检查信号数据: TargetIndex_MACD_1D_9_combine
2025-04-24 22:22:45,712 - 数据路径: D:\Signal\signal_boost\prod\TargetIndex_MACD_1D_9_combine
2025-04-24 22:22:46,030 - 所有工作日数据完整
2025-04-24 22:22:46,030 - 最新数据日期: 2025-04-24
2025-04-24 22:22:46,031 - 信号 TargetIndex_MACD_1D_9_combine 检查完成，状态: normal

2025-04-24 22:22:51,357 - 
检查信号: TargetIndex_BBANDS
2025-04-24 22:22:51,379 - 文件 index_return.csv 数据完整
2025-04-24 22:22:51,379 - 信号 TargetIndex_BBANDS 检查完成，状态: normal

2025-04-24 22:22:51,380 - 
检查信号数据: TargetIndex_BBANDS_1D_9_combine
2025-04-24 22:22:51,381 - 数据路径: D:\Signal\signal_boost\prod\TargetIndex_BBANDS_1D_9_combine
2025-04-24 22:22:51,699 - 所有工作日数据完整
2025-04-24 22:22:51,699 - 最新数据日期: 2025-04-24
2025-04-24 22:22:51,700 - 信号 TargetIndex_BBANDS_1D_9_combine 检查完成，状态: normal

2025-04-24 22:22:57,036 - 
检查信号: TargetIndex_MOMENTUM
2025-04-24 22:22:57,059 - 文件 index_return.csv 数据完整
2025-04-24 22:22:57,059 - 信号 TargetIndex_MOMENTUM 检查完成，状态: normal

2025-04-24 22:22:57,060 - 
检查信号数据: TargetIndex_MOMENTUM_1D_9_combine
2025-04-24 22:22:57,060 - 数据路径: D:\Signal\signal_boost\prod\TargetIndex_MOMENTUM_1D_9_combine
2025-04-24 22:22:57,375 - 所有工作日数据完整
2025-04-24 22:22:57,375 - 最新数据日期: 2025-04-24
2025-04-24 22:22:57,376 - 信号 TargetIndex_MOMENTUM_1D_9_combine 检查完成，状态: normal

2025-04-24 22:23:02,717 - 
检查信号: TargetIndex_PSA
2025-04-24 22:23:02,731 - 文件 IndexClose.csv 数据完整
2025-04-24 22:23:02,743 - 文件 IndexHigh.csv 数据完整
2025-04-24 22:23:02,756 - 文件 IndexLow.csv 数据完整
2025-04-24 22:23:02,756 - 信号 TargetIndex_PSA 检查完成，状态: normal

2025-04-24 22:23:02,757 - 
检查信号数据: TargetIndex_PSA_1D_9_combine
2025-04-24 22:23:02,757 - 数据路径: D:\Signal\signal_boost\prod\TargetIndex_PSA_1D_9_combine
2025-04-24 22:23:03,076 - 所有工作日数据完整
2025-04-24 22:23:03,076 - 最新数据日期: 2025-04-24
2025-04-24 22:23:03,077 - 信号 TargetIndex_PSA_1D_9_combine 检查完成，状态: normal

2025-04-24 22:23:08,620 - 
检查信号: TargetIndex_MOMENTUM2
2025-04-24 22:23:08,642 - 文件 index_return.csv 数据完整
2025-04-24 22:23:08,643 - 信号 TargetIndex_MOMENTUM2 检查完成，状态: normal

2025-04-24 22:23:08,644 - 
检查信号数据: TargetIndex_MOMENTUM2_1D_9_combine
2025-04-24 22:23:08,644 - 数据路径: D:\Signal\signal_boost\prod\TargetIndex_MOMENTUM2_1D_9_combine
2025-04-24 22:23:08,963 - 所有工作日数据完整
2025-04-24 22:23:08,963 - 最新数据日期: 2025-04-24
2025-04-24 22:23:08,964 - 信号 TargetIndex_MOMENTUM2_1D_9_combine 检查完成，状态: normal

2025-04-24 22:23:15,602 - 
检查信号: TargetIndex_REVERSE
2025-04-24 22:23:15,625 - 文件 index_return.csv 数据完整
2025-04-24 22:23:15,625 - 信号 TargetIndex_REVERSE 检查完成，状态: normal

2025-04-24 22:23:15,626 - 
检查信号数据: TargetIndex_REVERSE_1D_9_combine
2025-04-24 22:23:15,626 - 数据路径: D:\Signal\signal_boost\prod\TargetIndex_REVERSE_1D_9_combine
2025-04-24 22:23:15,944 - 所有工作日数据完整
2025-04-24 22:23:15,944 - 最新数据日期: 2025-04-24
2025-04-24 22:23:15,945 - 信号 TargetIndex_REVERSE_1D_9_combine 检查完成，状态: normal

