2025-04-04 21:09:13,337 - 开始数据检查 - 检查期间: 2024-04-03 到 2025-04-03
2025-04-04 21:09:13,337 - 目标日期: 2025-04-03
2025-04-04 21:09:13,337 - 
检查信号: CreditSpread_9M
2025-04-04 21:09:13,343 - 文件 ChinaDevelopmentBankBonds.csv 数据完整
2025-04-04 21:09:13,347 - 文件 ChinaMediumTermNotes.csv 数据完整
2025-04-04 21:09:13,347 - 信号 CreditSpread_9M 检查完成，状态: normal

2025-04-04 21:09:13,348 - 
检查信号数据: CreditSpread_9M_1D_9_combine
2025-04-04 21:09:13,348 - 数据路径: D:\Signal\signal_boost\prod\CreditSpread_9M_1D_9_combine
2025-04-04 21:09:13,589 - 缺少以下日期的数据: ['2025-04-01', '2025-04-02', '2025-04-03']
2025-04-04 21:09:13,590 - 最新数据日期: 2025-03-31
2025-04-04 21:09:13,590 - 信号 CreditSpread_9M_1D_9_combine 检查完成，状态: error

2025-04-04 21:09:15,538 - 
检查信号: CreditSpread_5Y
2025-04-04 21:09:15,544 - 文件 ChinaDevelopmentBankBonds.csv 数据完整
2025-04-04 21:09:15,548 - 文件 ChinaMediumTermNotes.csv 数据完整
2025-04-04 21:09:15,548 - 信号 CreditSpread_5Y 检查完成，状态: normal

2025-04-04 21:09:15,548 - 
检查信号数据: CreditSpread_5Y_1D_9_combine
2025-04-04 21:09:15,548 - 数据路径: D:\Signal\signal_boost\prod\CreditSpread_5Y_1D_9_combine
2025-04-04 21:09:15,771 - 缺少以下日期的数据: ['2025-04-01', '2025-04-02', '2025-04-03']
2025-04-04 21:09:15,772 - 最新数据日期: 2025-03-31
2025-04-04 21:09:15,772 - 信号 CreditSpread_5Y_1D_9_combine 检查完成，状态: error

2025-04-04 21:09:17,940 - 
检查信号: Shibor_2W
2025-04-04 21:09:17,944 - 文件 Shibor.csv 数据完整
2025-04-04 21:09:17,944 - 信号 Shibor_2W 检查完成，状态: normal

2025-04-04 21:09:17,944 - 
检查信号数据: Shibor_2W_45D_9_combine
2025-04-04 21:09:17,944 - 数据路径: D:\Signal\signal_boost\prod\Shibor_2W_45D_9_combine
2025-04-04 21:09:18,214 - 缺少以下日期的数据: ['2025-04-01', '2025-04-02', '2025-04-03']
2025-04-04 21:09:18,214 - 最新数据日期: 2025-03-31
2025-04-04 21:09:18,214 - 信号 Shibor_2W_45D_9_combine 检查完成，状态: error

2025-04-04 21:09:25,266 - 
检查信号: Shibor_9M
2025-04-04 21:09:25,274 - 文件 Shibor.csv 数据完整
2025-04-04 21:09:25,274 - 信号 Shibor_9M 检查完成，状态: normal

2025-04-04 21:09:25,274 - 
检查信号数据: Shibor_9M_45D_9_combine
2025-04-04 21:09:25,274 - 数据路径: D:\Signal\signal_boost\prod\Shibor_9M_45D_9_combine
2025-04-04 21:09:26,098 - 缺少以下日期的数据: ['2025-04-01', '2025-04-02', '2025-04-03']
2025-04-04 21:09:26,098 - 最新数据日期: 2025-03-31
2025-04-04 21:09:26,098 - 信号 Shibor_9M_45D_9_combine 检查完成，状态: error

2025-04-04 21:10:18,442 - 开始数据检查 - 检查期间: 2024-04-03 到 2025-04-03
2025-04-04 21:10:18,442 - 目标日期: 2025-04-03
2025-04-04 21:10:18,442 - 
检查信号: CreditSpread_9M
2025-04-04 21:10:18,449 - 文件 ChinaDevelopmentBankBonds.csv 数据完整
2025-04-04 21:10:18,454 - 文件 ChinaMediumTermNotes.csv 数据完整
2025-04-04 21:10:18,454 - 信号 CreditSpread_9M 检查完成，状态: normal

2025-04-04 21:10:18,454 - 
检查信号数据: CreditSpread_9M_1D_9_combine
2025-04-04 21:10:18,454 - 数据路径: D:\Signal\signal_boost\prod\CreditSpread_9M_1D_9_combine
2025-04-04 21:10:18,539 - 所有工作日数据完整
2025-04-04 21:10:18,540 - 最新数据日期: 2025-04-07
2025-04-04 21:10:18,540 - 信号 CreditSpread_9M_1D_9_combine 检查完成，状态: normal

2025-04-04 21:10:20,533 - 
检查信号: CreditSpread_5Y
2025-04-04 21:10:20,539 - 文件 ChinaDevelopmentBankBonds.csv 数据完整
2025-04-04 21:10:20,544 - 文件 ChinaMediumTermNotes.csv 数据完整
2025-04-04 21:10:20,544 - 信号 CreditSpread_5Y 检查完成，状态: normal

2025-04-04 21:10:20,544 - 
检查信号数据: CreditSpread_5Y_1D_9_combine
2025-04-04 21:10:20,544 - 数据路径: D:\Signal\signal_boost\prod\CreditSpread_5Y_1D_9_combine
2025-04-04 21:10:20,660 - 所有工作日数据完整
2025-04-04 21:10:20,660 - 最新数据日期: 2025-04-07
2025-04-04 21:10:20,660 - 信号 CreditSpread_5Y_1D_9_combine 检查完成，状态: normal

2025-04-04 21:10:22,747 - 
检查信号: Shibor_2W
2025-04-04 21:10:22,751 - 文件 Shibor.csv 数据完整
2025-04-04 21:10:22,751 - 信号 Shibor_2W 检查完成，状态: normal

2025-04-04 21:10:22,752 - 
检查信号数据: Shibor_2W_45D_9_combine
2025-04-04 21:10:22,752 - 数据路径: D:\Signal\signal_boost\prod\Shibor_2W_45D_9_combine
2025-04-04 21:10:22,856 - 所有工作日数据完整
2025-04-04 21:10:22,856 - 最新数据日期: 2025-04-07
2025-04-04 21:10:22,856 - 信号 Shibor_2W_45D_9_combine 检查完成，状态: normal

2025-04-04 21:10:25,633 - 
检查信号: Shibor_9M
2025-04-04 21:10:25,637 - 文件 Shibor.csv 数据完整
2025-04-04 21:10:25,637 - 信号 Shibor_9M 检查完成，状态: normal

2025-04-04 21:10:25,638 - 
检查信号数据: Shibor_9M_45D_9_combine
2025-04-04 21:10:25,638 - 数据路径: D:\Signal\signal_boost\prod\Shibor_9M_45D_9_combine
2025-04-04 21:10:25,742 - 缺少以下日期的数据: ['2025-04-01', '2025-04-02', '2025-04-03']
2025-04-04 21:10:25,742 - 最新数据日期: 2025-03-31
2025-04-04 21:10:25,742 - 信号 Shibor_9M_45D_9_combine 检查完成，状态: error

2025-04-04 21:10:28,603 - 
检查信号: Bond_3Y
2025-04-04 21:10:28,608 - 文件 ChinaGovernmentBonds.csv 数据完整
2025-04-04 21:10:28,608 - 信号 Bond_3Y 检查完成，状态: normal

2025-04-04 21:10:28,608 - 
检查信号数据: Bond_3Y_90D_9_combine
2025-04-04 21:10:28,608 - 数据路径: D:\Signal\signal_boost\prod\Bond_3Y_90D_9_combine
2025-04-04 21:10:28,868 - 缺少以下日期的数据: ['2025-04-01', '2025-04-02', '2025-04-03']
2025-04-04 21:10:28,868 - 最新数据日期: 2025-03-31
2025-04-04 21:10:28,868 - 信号 Bond_3Y_90D_9_combine 检查完成，状态: error

2025-04-04 21:10:31,934 - 
检查信号: Bond_10Y
2025-04-04 21:10:31,938 - 文件 ChinaGovernmentBonds.csv 数据完整
2025-04-04 21:10:31,938 - 信号 Bond_10Y 检查完成，状态: normal

2025-04-04 21:10:31,938 - 
检查信号数据: Bond_10Y_90D_9_combine
2025-04-04 21:10:31,938 - 数据路径: D:\Signal\signal_boost\prod\Bond_10Y_90D_9_combine
2025-04-04 21:10:32,195 - 缺少以下日期的数据: ['2025-04-01', '2025-04-02', '2025-04-03']
2025-04-04 21:10:32,195 - 最新数据日期: 2025-03-31
2025-04-04 21:10:32,195 - 信号 Bond_10Y_90D_9_combine 检查完成，状态: error

2025-04-04 21:10:35,286 - 
检查信号: USDX
2025-04-04 21:10:35,291 - 文件 UsDollar.csv 数据完整
2025-04-04 21:10:35,291 - 信号 USDX 检查完成，状态: normal

2025-04-04 21:10:35,291 - 
检查信号数据: USDX_120D_9_combine
2025-04-04 21:10:35,291 - 数据路径: D:\Signal\signal_boost\prod\USDX_120D_9_combine
2025-04-04 21:10:35,548 - 缺少以下日期的数据: ['2025-04-01', '2025-04-02', '2025-04-03']
2025-04-04 21:10:35,548 - 最新数据日期: 2025-03-31
2025-04-04 21:10:35,548 - 信号 USDX_120D_9_combine 检查完成，状态: error

2025-04-04 21:10:38,731 - 
检查信号: TermSpread_9Y
2025-04-04 21:10:38,736 - 文件 ChinaDevelopmentBankBonds.csv 数据完整
2025-04-04 21:10:38,736 - 信号 TermSpread_9Y 检查完成，状态: normal

2025-04-04 21:10:38,737 - 
检查信号数据: TermSpread_9Y_120D_9_combine
2025-04-04 21:10:38,737 - 数据路径: D:\Signal\signal_boost\prod\TermSpread_9Y_120D_9_combine
2025-04-04 21:10:38,982 - 缺少以下日期的数据: ['2025-04-01', '2025-04-02', '2025-04-03']
2025-04-04 21:10:38,982 - 最新数据日期: 2025-03-31
2025-04-04 21:10:38,982 - 信号 TermSpread_9Y_120D_9_combine 检查完成，状态: error

2025-04-04 21:10:44,248 - 
检查信号: M1M2
2025-04-04 21:10:44,254 - 文件 M1M2.csv 数据完整
2025-04-04 21:10:44,254 - 信号 M1M2 检查完成，状态: normal

2025-04-04 21:10:44,254 - 
检查信号数据: M1M2_90D_9_combine
2025-04-04 21:10:44,254 - 数据路径: D:\Signal\signal_boost\prod\M1M2_90D_9_combine
2025-04-04 21:10:44,486 - 缺少以下日期的数据: ['2025-04-01', '2025-04-02', '2025-04-03']
2025-04-04 21:10:44,486 - 最新数据日期: 2025-03-31
2025-04-04 21:10:44,486 - 信号 M1M2_90D_9_combine 检查完成，状态: error

2025-04-04 21:10:47,375 - 
检查信号: RelativeVolume_std
2025-04-04 21:10:47,382 - 文件 IndexVolume.csv 数据完整
2025-04-04 21:10:47,382 - 信号 RelativeVolume_std 检查完成，状态: normal

2025-04-04 21:10:47,382 - 
检查信号数据: RelativeVolume_std_20D_9_combine
2025-04-04 21:10:47,382 - 数据路径: D:\Signal\signal_boost\prod\RelativeVolume_std_20D_9_combine
2025-04-04 21:10:47,648 - 缺少以下日期的数据: ['2025-04-01', '2025-04-02', '2025-04-03']
2025-04-04 21:10:47,648 - 最新数据日期: 2025-03-31
2025-04-04 21:10:47,648 - 信号 RelativeVolume_std_20D_9_combine 检查完成，状态: error

2025-04-04 21:10:49,944 - 
检查信号: RelativeReturn_std
2025-04-04 21:10:49,954 - 文件 index_return.csv 数据完整
2025-04-04 21:10:49,954 - 信号 RelativeReturn_std 检查完成，状态: normal

2025-04-04 21:10:49,955 - 
检查信号数据: RelativeReturn_std_20D_9_combine
2025-04-04 21:10:49,955 - 数据路径: D:\Signal\signal_boost\prod\RelativeReturn_std_20D_9_combine
2025-04-04 21:10:50,183 - 缺少以下日期的数据: ['2025-04-01', '2025-04-02', '2025-04-03']
2025-04-04 21:10:50,183 - 最新数据日期: 2025-03-31
2025-04-04 21:10:50,183 - 信号 RelativeReturn_std_20D_9_combine 检查完成，状态: error

2025-04-04 21:10:52,450 - 
检查信号: EarningsYield_Reverse
2025-04-04 21:10:52,456 - 文件 ygData.csv 数据完整
2025-04-04 21:10:52,456 - 信号 EarningsYield_Reverse 检查完成，状态: normal

2025-04-04 21:10:52,456 - 
检查信号数据: EarningsYield_Reverse_1D_9_combine
2025-04-04 21:10:52,456 - 数据路径: D:\Signal\signal_boost\prod\EarningsYield_Reverse_1D_9_combine
2025-04-04 21:10:52,734 - 缺少以下日期的数据: ['2025-03-21', '2025-03-24', '2025-03-25', '2025-03-26', '2025-03-27', '2025-03-28', '2025-03-31', '2025-04-01', '2025-04-02', '2025-04-03']
2025-04-04 21:10:52,734 - 最新数据日期: 2025-03-20
2025-04-04 21:10:52,734 - 信号 EarningsYield_Reverse_1D_9_combine 检查完成，状态: error

2025-04-04 21:10:55,203 - 
检查信号: Growth
2025-04-04 21:10:55,209 - 文件 ygData.csv 数据完整
2025-04-04 21:10:55,209 - 信号 Growth 检查完成，状态: normal

2025-04-04 21:10:55,209 - 
检查信号数据: Growth_1D_9_combine
2025-04-04 21:10:55,209 - 数据路径: D:\Signal\signal_boost\prod\Growth_1D_9_combine
2025-04-04 21:10:55,444 - 缺少以下日期的数据: ['2025-03-21', '2025-03-24', '2025-03-25', '2025-03-26', '2025-03-27', '2025-03-28', '2025-03-31', '2025-04-01', '2025-04-02', '2025-04-03']
2025-04-04 21:10:55,444 - 最新数据日期: 2025-03-20
2025-04-04 21:10:55,444 - 信号 Growth_1D_9_combine 检查完成，状态: error

2025-04-04 21:10:57,692 - 
检查信号: LHBProportion
2025-04-04 21:10:57,696 - 文件 LHB_AMT_proportion.csv 数据完整
2025-04-04 21:10:57,703 - 文件 IndexAmt.csv 数据完整
2025-04-04 21:10:57,703 - 信号 LHBProportion 检查完成，状态: normal

2025-04-04 21:10:57,703 - 
检查信号数据: LHBProportion_1D_9_combine
2025-04-04 21:10:57,703 - 数据路径: D:\Signal\signal_boost\prod\LHBProportion_1D_9_combine
2025-04-04 21:10:57,966 - 缺少以下日期的数据: ['2025-04-01', '2025-04-02', '2025-04-03']
2025-04-04 21:10:57,966 - 最新数据日期: 2025-03-31
2025-04-04 21:10:57,966 - 信号 LHBProportion_1D_9_combine 检查完成，状态: error

2025-04-04 21:11:00,124 - 
检查信号: NLBP_difference
2025-04-04 21:11:00,137 - 文件 NetLeverageBuying.csv 数据不完整: 缺少以下日期: ['2025-04-03']
2025-04-04 21:11:00,138 - 信号 NLBP_difference 检查完成，状态: error

2025-04-04 21:11:00,138 - 
检查信号: LargeOrder_difference
2025-04-04 21:11:00,143 - 文件 LargeOrderInflow.csv 数据完整
2025-04-04 21:11:00,143 - 信号 LargeOrder_difference 检查完成，状态: normal

2025-04-04 21:11:00,143 - 
检查信号数据: LargeOrder_difference_1D_9_combine
2025-04-04 21:11:00,143 - 数据路径: D:\Signal\signal_boost\prod\LargeOrder_difference_1D_9_combine
2025-04-04 21:11:00,395 - 缺少以下日期的数据: ['2025-04-01', '2025-04-02', '2025-04-03']
2025-04-04 21:11:00,396 - 最新数据日期: 2025-03-31
2025-04-04 21:11:00,396 - 信号 LargeOrder_difference_1D_9_combine 检查完成，状态: error

2025-04-04 21:11:02,229 - 检查过程出错: 信号 Monthly_effect 未在配置文件中找到
2025-04-04 21:12:23,448 - 开始数据检查 - 检查期间: 2024-04-03 到 2025-04-03
2025-04-04 21:12:23,448 - 目标日期: 2025-04-03
2025-04-04 21:12:23,448 - 
检查信号: CreditSpread_9M
2025-04-04 21:12:23,453 - 文件 ChinaDevelopmentBankBonds.csv 数据完整
2025-04-04 21:12:23,457 - 文件 ChinaMediumTermNotes.csv 数据完整
2025-04-04 21:12:23,457 - 信号 CreditSpread_9M 检查完成，状态: normal

2025-04-04 21:12:23,457 - 
检查信号数据: CreditSpread_9M_1D_9_combine
2025-04-04 21:12:23,457 - 数据路径: D:\Signal\signal_boost\prod\CreditSpread_9M_1D_9_combine
2025-04-04 21:12:23,543 - 所有工作日数据完整
2025-04-04 21:12:23,543 - 最新数据日期: 2025-04-07
2025-04-04 21:12:23,543 - 信号 CreditSpread_9M_1D_9_combine 检查完成，状态: normal

2025-04-04 21:12:25,454 - 
检查信号: CreditSpread_5Y
2025-04-04 21:12:25,459 - 文件 ChinaDevelopmentBankBonds.csv 数据完整
2025-04-04 21:12:25,464 - 文件 ChinaMediumTermNotes.csv 数据完整
2025-04-04 21:12:25,464 - 信号 CreditSpread_5Y 检查完成，状态: normal

2025-04-04 21:12:25,464 - 
检查信号数据: CreditSpread_5Y_1D_9_combine
2025-04-04 21:12:25,464 - 数据路径: D:\Signal\signal_boost\prod\CreditSpread_5Y_1D_9_combine
2025-04-04 21:12:25,578 - 所有工作日数据完整
2025-04-04 21:12:25,578 - 最新数据日期: 2025-04-07
2025-04-04 21:12:25,578 - 信号 CreditSpread_5Y_1D_9_combine 检查完成，状态: normal

2025-04-04 21:12:27,674 - 
检查信号: Shibor_2W
2025-04-04 21:12:27,679 - 文件 Shibor.csv 数据完整
2025-04-04 21:12:27,679 - 信号 Shibor_2W 检查完成，状态: normal

2025-04-04 21:12:27,679 - 
检查信号数据: Shibor_2W_45D_9_combine
2025-04-04 21:12:27,679 - 数据路径: D:\Signal\signal_boost\prod\Shibor_2W_45D_9_combine
2025-04-04 21:12:27,787 - 所有工作日数据完整
2025-04-04 21:12:27,787 - 最新数据日期: 2025-04-07
2025-04-04 21:12:27,787 - 信号 Shibor_2W_45D_9_combine 检查完成，状态: normal

2025-04-04 21:12:31,765 - 
检查信号: Shibor_9M
2025-04-04 21:12:31,773 - 文件 Shibor.csv 数据完整
2025-04-04 21:12:31,773 - 信号 Shibor_9M 检查完成，状态: normal

2025-04-04 21:12:31,773 - 
检查信号数据: Shibor_9M_45D_9_combine
2025-04-04 21:12:31,773 - 数据路径: D:\Signal\signal_boost\prod\Shibor_9M_45D_9_combine
2025-04-04 21:12:32,040 - 所有工作日数据完整
2025-04-04 21:12:32,040 - 最新数据日期: 2025-04-07
2025-04-04 21:12:32,040 - 信号 Shibor_9M_45D_9_combine 检查完成，状态: normal

2025-04-04 21:12:36,851 - 
检查信号: Bond_3Y
2025-04-04 21:12:36,858 - 文件 ChinaGovernmentBonds.csv 数据完整
2025-04-04 21:12:36,858 - 信号 Bond_3Y 检查完成，状态: normal

2025-04-04 21:12:36,858 - 
检查信号数据: Bond_3Y_90D_9_combine
2025-04-04 21:12:36,858 - 数据路径: D:\Signal\signal_boost\prod\Bond_3Y_90D_9_combine
2025-04-04 21:12:37,118 - 所有工作日数据完整
2025-04-04 21:12:37,119 - 最新数据日期: 2025-04-07
2025-04-04 21:12:37,119 - 信号 Bond_3Y_90D_9_combine 检查完成，状态: normal

2025-04-04 21:12:43,015 - 
检查信号: Bond_10Y
2025-04-04 21:12:43,022 - 文件 ChinaGovernmentBonds.csv 数据完整
2025-04-04 21:12:43,022 - 信号 Bond_10Y 检查完成，状态: normal

2025-04-04 21:12:43,022 - 
检查信号数据: Bond_10Y_90D_9_combine
2025-04-04 21:12:43,022 - 数据路径: D:\Signal\signal_boost\prod\Bond_10Y_90D_9_combine
2025-04-04 21:12:43,268 - 所有工作日数据完整
2025-04-04 21:12:43,268 - 最新数据日期: 2025-04-07
2025-04-04 21:12:43,268 - 信号 Bond_10Y_90D_9_combine 检查完成，状态: normal

2025-04-04 21:12:49,075 - 
检查信号: USDX
2025-04-04 21:12:49,082 - 文件 UsDollar.csv 数据完整
2025-04-04 21:12:49,082 - 信号 USDX 检查完成，状态: normal

2025-04-04 21:12:49,082 - 
检查信号数据: USDX_120D_9_combine
2025-04-04 21:12:49,082 - 数据路径: D:\Signal\signal_boost\prod\USDX_120D_9_combine
2025-04-04 21:12:49,330 - 所有工作日数据完整
2025-04-04 21:12:49,331 - 最新数据日期: 2025-04-07
2025-04-04 21:12:49,331 - 信号 USDX_120D_9_combine 检查完成，状态: normal

2025-04-04 21:12:55,215 - 
检查信号: TermSpread_9Y
2025-04-04 21:12:55,224 - 文件 ChinaDevelopmentBankBonds.csv 数据完整
2025-04-04 21:12:55,224 - 信号 TermSpread_9Y 检查完成，状态: normal

2025-04-04 21:12:55,224 - 
检查信号数据: TermSpread_9Y_120D_9_combine
2025-04-04 21:12:55,224 - 数据路径: D:\Signal\signal_boost\prod\TermSpread_9Y_120D_9_combine
2025-04-04 21:12:55,468 - 所有工作日数据完整
2025-04-04 21:12:55,468 - 最新数据日期: 2025-04-07
2025-04-04 21:12:55,468 - 信号 TermSpread_9Y_120D_9_combine 检查完成，状态: normal

2025-04-04 21:13:01,264 - 
检查信号: M1M2
2025-04-04 21:13:01,273 - 文件 M1M2.csv 数据完整
2025-04-04 21:13:01,273 - 信号 M1M2 检查完成，状态: normal

2025-04-04 21:13:01,273 - 
检查信号数据: M1M2_90D_9_combine
2025-04-04 21:13:01,273 - 数据路径: D:\Signal\signal_boost\prod\M1M2_90D_9_combine
2025-04-04 21:13:01,527 - 所有工作日数据完整
2025-04-04 21:13:01,527 - 最新数据日期: 2025-04-07
2025-04-04 21:13:01,527 - 信号 M1M2_90D_9_combine 检查完成，状态: normal

2025-04-04 21:13:07,268 - 
检查信号: RelativeVolume_std
2025-04-04 21:13:07,278 - 文件 IndexVolume.csv 数据完整
2025-04-04 21:13:07,278 - 信号 RelativeVolume_std 检查完成，状态: normal

2025-04-04 21:13:07,278 - 
检查信号数据: RelativeVolume_std_20D_9_combine
2025-04-04 21:13:07,279 - 数据路径: D:\Signal\signal_boost\prod\RelativeVolume_std_20D_9_combine
2025-04-04 21:13:07,553 - 所有工作日数据完整
2025-04-04 21:13:07,553 - 最新数据日期: 2025-04-07
2025-04-04 21:13:07,553 - 信号 RelativeVolume_std_20D_9_combine 检查完成，状态: normal

2025-04-04 21:13:12,000 - 
检查信号: RelativeReturn_std
2025-04-04 21:13:12,019 - 文件 index_return.csv 数据完整
2025-04-04 21:13:12,019 - 信号 RelativeReturn_std 检查完成，状态: normal

2025-04-04 21:13:12,019 - 
检查信号数据: RelativeReturn_std_20D_9_combine
2025-04-04 21:13:12,020 - 数据路径: D:\Signal\signal_boost\prod\RelativeReturn_std_20D_9_combine
2025-04-04 21:13:12,299 - 所有工作日数据完整
2025-04-04 21:13:12,299 - 最新数据日期: 2025-04-07
2025-04-04 21:13:12,299 - 信号 RelativeReturn_std_20D_9_combine 检查完成，状态: normal

2025-04-04 21:13:16,885 - 
检查信号: EarningsYield_Reverse
2025-04-04 21:13:16,895 - 文件 ygData.csv 数据完整
2025-04-04 21:13:16,895 - 信号 EarningsYield_Reverse 检查完成，状态: normal

2025-04-04 21:13:16,895 - 
检查信号数据: EarningsYield_Reverse_1D_9_combine
2025-04-04 21:13:16,895 - 数据路径: D:\Signal\signal_boost\prod\EarningsYield_Reverse_1D_9_combine
2025-04-04 21:13:17,180 - 所有工作日数据完整
2025-04-04 21:13:17,180 - 最新数据日期: 2025-04-07
2025-04-04 21:13:17,180 - 信号 EarningsYield_Reverse_1D_9_combine 检查完成，状态: normal

2025-04-04 21:13:21,444 - 
检查信号: Growth
2025-04-04 21:13:21,455 - 文件 ygData.csv 数据完整
2025-04-04 21:13:21,455 - 信号 Growth 检查完成，状态: normal

2025-04-04 21:13:21,455 - 
检查信号数据: Growth_1D_9_combine
2025-04-04 21:13:21,455 - 数据路径: D:\Signal\signal_boost\prod\Growth_1D_9_combine
2025-04-04 21:13:21,761 - 所有工作日数据完整
2025-04-04 21:13:21,761 - 最新数据日期: 2025-04-07
2025-04-04 21:13:21,761 - 信号 Growth_1D_9_combine 检查完成，状态: normal

2025-04-04 21:13:26,102 - 
检查信号: LHBProportion
2025-04-04 21:13:26,109 - 文件 LHB_AMT_proportion.csv 数据完整
2025-04-04 21:13:26,120 - 文件 IndexAmt.csv 数据完整
2025-04-04 21:13:26,120 - 信号 LHBProportion 检查完成，状态: normal

2025-04-04 21:13:26,120 - 
检查信号数据: LHBProportion_1D_9_combine
2025-04-04 21:13:26,120 - 数据路径: D:\Signal\signal_boost\prod\LHBProportion_1D_9_combine
2025-04-04 21:13:26,400 - 所有工作日数据完整
2025-04-04 21:13:26,400 - 最新数据日期: 2025-04-07
2025-04-04 21:13:26,400 - 信号 LHBProportion_1D_9_combine 检查完成，状态: normal

2025-04-04 21:13:30,719 - 
检查信号: NLBP_difference
2025-04-04 21:13:30,726 - 文件 NetLeverageBuying.csv 数据不完整: 缺少以下日期: ['2025-04-03']
2025-04-04 21:13:30,726 - 信号 NLBP_difference 检查完成，状态: error

2025-04-04 21:13:30,726 - 
检查信号: LargeOrder_difference
2025-04-04 21:13:30,734 - 文件 LargeOrderInflow.csv 数据完整
2025-04-04 21:13:30,735 - 信号 LargeOrder_difference 检查完成，状态: normal

2025-04-04 21:13:30,735 - 
检查信号数据: LargeOrder_difference_1D_9_combine
2025-04-04 21:13:30,735 - 数据路径: D:\Signal\signal_boost\prod\LargeOrder_difference_1D_9_combine
2025-04-04 21:13:30,994 - 所有工作日数据完整
2025-04-04 21:13:30,995 - 最新数据日期: 2025-04-07
2025-04-04 21:13:30,995 - 信号 LargeOrder_difference_1D_9_combine 检查完成，状态: normal

2025-04-04 21:13:34,510 - 
检查信号: Monthly_effect
2025-04-04 21:13:34,527 - 文件 index_return.csv 数据完整
2025-04-04 21:13:34,527 - 信号 Monthly_effect 检查完成，状态: normal

2025-04-04 21:13:34,528 - 
检查信号数据: Monthly_effect_1D_9_combine
2025-04-04 21:13:34,528 - 数据路径: D:\Signal\signal_boost\prod\Monthly_effect_1D_9_combine
2025-04-04 21:13:34,528 - 信号数据文件夹不存在: D:\Signal\signal_boost\prod\Monthly_effect_1D_9_combine
2025-04-04 21:20:19,523 - 开始数据检查 - 检查期间: 2024-04-03 到 2025-04-03
2025-04-04 21:20:19,523 - 目标日期: 2025-04-03
2025-04-04 21:20:19,523 - 
检查信号: CreditSpread_9M
2025-04-04 21:20:19,530 - 文件 ChinaDevelopmentBankBonds.csv 数据完整
2025-04-04 21:20:19,534 - 文件 ChinaMediumTermNotes.csv 数据完整
2025-04-04 21:20:19,535 - 信号 CreditSpread_9M 检查完成，状态: normal

2025-04-04 21:20:19,535 - 
检查信号数据: CreditSpread_9M_1D_9_combine
2025-04-04 21:20:19,535 - 数据路径: D:\Signal\signal_boost\prod\CreditSpread_9M_1D_9_combine
2025-04-04 21:20:19,625 - 所有工作日数据完整
2025-04-04 21:20:19,625 - 最新数据日期: 2025-04-07
2025-04-04 21:20:19,625 - 信号 CreditSpread_9M_1D_9_combine 检查完成，状态: normal

2025-04-04 21:20:21,591 - 
检查信号: CreditSpread_5Y
2025-04-04 21:20:21,597 - 文件 ChinaDevelopmentBankBonds.csv 数据完整
2025-04-04 21:20:21,602 - 文件 ChinaMediumTermNotes.csv 数据完整
2025-04-04 21:20:21,602 - 信号 CreditSpread_5Y 检查完成，状态: normal

2025-04-04 21:20:21,602 - 
检查信号数据: CreditSpread_5Y_1D_9_combine
2025-04-04 21:20:21,602 - 数据路径: D:\Signal\signal_boost\prod\CreditSpread_5Y_1D_9_combine
2025-04-04 21:20:21,717 - 所有工作日数据完整
2025-04-04 21:20:21,717 - 最新数据日期: 2025-04-07
2025-04-04 21:20:21,717 - 信号 CreditSpread_5Y_1D_9_combine 检查完成，状态: normal

2025-04-04 21:20:23,834 - 
检查信号: Shibor_2W
2025-04-04 21:20:23,839 - 文件 Shibor.csv 数据完整
2025-04-04 21:20:23,839 - 信号 Shibor_2W 检查完成，状态: normal

2025-04-04 21:20:23,839 - 
检查信号数据: Shibor_2W_45D_9_combine
2025-04-04 21:20:23,839 - 数据路径: D:\Signal\signal_boost\prod\Shibor_2W_45D_9_combine
2025-04-04 21:20:23,946 - 所有工作日数据完整
2025-04-04 21:20:23,946 - 最新数据日期: 2025-04-07
2025-04-04 21:20:23,946 - 信号 Shibor_2W_45D_9_combine 检查完成，状态: normal

2025-04-04 21:20:26,757 - 
检查信号: Shibor_9M
2025-04-04 21:20:26,761 - 文件 Shibor.csv 数据完整
2025-04-04 21:20:26,762 - 信号 Shibor_9M 检查完成，状态: normal

2025-04-04 21:20:26,762 - 
检查信号数据: Shibor_9M_45D_9_combine
2025-04-04 21:20:26,762 - 数据路径: D:\Signal\signal_boost\prod\Shibor_9M_45D_9_combine
2025-04-04 21:20:26,868 - 所有工作日数据完整
2025-04-04 21:20:26,868 - 最新数据日期: 2025-04-07
2025-04-04 21:20:26,868 - 信号 Shibor_9M_45D_9_combine 检查完成，状态: normal

2025-04-04 21:20:29,148 - 
检查信号: Bond_3Y
2025-04-04 21:20:29,152 - 文件 ChinaGovernmentBonds.csv 数据完整
2025-04-04 21:20:29,152 - 信号 Bond_3Y 检查完成，状态: normal

2025-04-04 21:20:29,152 - 
检查信号数据: Bond_3Y_90D_9_combine
2025-04-04 21:20:29,152 - 数据路径: D:\Signal\signal_boost\prod\Bond_3Y_90D_9_combine
2025-04-04 21:20:29,259 - 所有工作日数据完整
2025-04-04 21:20:29,259 - 最新数据日期: 2025-04-07
2025-04-04 21:20:29,259 - 信号 Bond_3Y_90D_9_combine 检查完成，状态: normal

2025-04-04 21:20:32,024 - 
检查信号: Bond_10Y
2025-04-04 21:20:32,028 - 文件 ChinaGovernmentBonds.csv 数据完整
2025-04-04 21:20:32,028 - 信号 Bond_10Y 检查完成，状态: normal

2025-04-04 21:20:32,028 - 
检查信号数据: Bond_10Y_90D_9_combine
2025-04-04 21:20:32,028 - 数据路径: D:\Signal\signal_boost\prod\Bond_10Y_90D_9_combine
2025-04-04 21:20:32,133 - 所有工作日数据完整
2025-04-04 21:20:32,133 - 最新数据日期: 2025-04-07
2025-04-04 21:20:32,133 - 信号 Bond_10Y_90D_9_combine 检查完成，状态: normal

2025-04-04 21:20:34,919 - 
检查信号: USDX
2025-04-04 21:20:34,924 - 文件 UsDollar.csv 数据完整
2025-04-04 21:20:34,924 - 信号 USDX 检查完成，状态: normal

2025-04-04 21:20:34,924 - 
检查信号数据: USDX_120D_9_combine
2025-04-04 21:20:34,924 - 数据路径: D:\Signal\signal_boost\prod\USDX_120D_9_combine
2025-04-04 21:20:35,025 - 所有工作日数据完整
2025-04-04 21:20:35,025 - 最新数据日期: 2025-04-07
2025-04-04 21:20:35,025 - 信号 USDX_120D_9_combine 检查完成，状态: normal

2025-04-04 21:20:37,785 - 
检查信号: TermSpread_9Y
2025-04-04 21:20:37,790 - 文件 ChinaDevelopmentBankBonds.csv 数据完整
2025-04-04 21:20:37,790 - 信号 TermSpread_9Y 检查完成，状态: normal

2025-04-04 21:20:37,790 - 
检查信号数据: TermSpread_9Y_120D_9_combine
2025-04-04 21:20:37,790 - 数据路径: D:\Signal\signal_boost\prod\TermSpread_9Y_120D_9_combine
2025-04-04 21:20:37,889 - 所有工作日数据完整
2025-04-04 21:20:37,889 - 最新数据日期: 2025-04-07
2025-04-04 21:20:37,890 - 信号 TermSpread_9Y_120D_9_combine 检查完成，状态: normal

2025-04-04 21:20:40,626 - 
检查信号: M1M2
2025-04-04 21:20:40,632 - 文件 M1M2.csv 数据完整
2025-04-04 21:20:40,632 - 信号 M1M2 检查完成，状态: normal

2025-04-04 21:20:40,632 - 
检查信号数据: M1M2_90D_9_combine
2025-04-04 21:20:40,632 - 数据路径: D:\Signal\signal_boost\prod\M1M2_90D_9_combine
2025-04-04 21:20:40,731 - 所有工作日数据完整
2025-04-04 21:20:40,731 - 最新数据日期: 2025-04-07
2025-04-04 21:20:40,732 - 信号 M1M2_90D_9_combine 检查完成，状态: normal

2025-04-04 21:20:43,440 - 
检查信号: RelativeVolume_std
2025-04-04 21:20:43,447 - 文件 IndexVolume.csv 数据完整
2025-04-04 21:20:43,447 - 信号 RelativeVolume_std 检查完成，状态: normal

2025-04-04 21:20:43,447 - 
检查信号数据: RelativeVolume_std_20D_9_combine
2025-04-04 21:20:43,447 - 数据路径: D:\Signal\signal_boost\prod\RelativeVolume_std_20D_9_combine
2025-04-04 21:20:43,560 - 所有工作日数据完整
2025-04-04 21:20:43,560 - 最新数据日期: 2025-04-07
2025-04-04 21:20:43,560 - 信号 RelativeVolume_std_20D_9_combine 检查完成，状态: normal

2025-04-04 21:20:45,660 - 
检查信号: RelativeReturn_std
2025-04-04 21:20:45,670 - 文件 index_return.csv 数据完整
2025-04-04 21:20:45,670 - 信号 RelativeReturn_std 检查完成，状态: normal

2025-04-04 21:20:45,670 - 
检查信号数据: RelativeReturn_std_20D_9_combine
2025-04-04 21:20:45,670 - 数据路径: D:\Signal\signal_boost\prod\RelativeReturn_std_20D_9_combine
2025-04-04 21:20:45,783 - 所有工作日数据完整
2025-04-04 21:20:45,783 - 最新数据日期: 2025-04-07
2025-04-04 21:20:45,783 - 信号 RelativeReturn_std_20D_9_combine 检查完成，状态: normal

2025-04-04 21:20:47,926 - 
检查信号: EarningsYield_Reverse
2025-04-04 21:20:47,933 - 文件 ygData.csv 数据完整
2025-04-04 21:20:47,933 - 信号 EarningsYield_Reverse 检查完成，状态: normal

2025-04-04 21:20:47,933 - 
检查信号数据: EarningsYield_Reverse_1D_9_combine
2025-04-04 21:20:47,933 - 数据路径: D:\Signal\signal_boost\prod\EarningsYield_Reverse_1D_9_combine
2025-04-04 21:20:48,048 - 所有工作日数据完整
2025-04-04 21:20:48,048 - 最新数据日期: 2025-04-07
2025-04-04 21:20:48,048 - 信号 EarningsYield_Reverse_1D_9_combine 检查完成，状态: normal

2025-04-04 21:20:50,061 - 
检查信号: Growth
2025-04-04 21:20:50,067 - 文件 ygData.csv 数据完整
2025-04-04 21:20:50,067 - 信号 Growth 检查完成，状态: normal

2025-04-04 21:20:50,067 - 
检查信号数据: Growth_1D_9_combine
2025-04-04 21:20:50,067 - 数据路径: D:\Signal\signal_boost\prod\Growth_1D_9_combine
2025-04-04 21:20:50,181 - 所有工作日数据完整
2025-04-04 21:20:50,181 - 最新数据日期: 2025-04-07
2025-04-04 21:20:50,181 - 信号 Growth_1D_9_combine 检查完成，状态: normal

2025-04-04 21:20:52,207 - 
检查信号: LHBProportion
2025-04-04 21:20:52,211 - 文件 LHB_AMT_proportion.csv 数据完整
2025-04-04 21:20:52,217 - 文件 IndexAmt.csv 数据完整
2025-04-04 21:20:52,217 - 信号 LHBProportion 检查完成，状态: normal

2025-04-04 21:20:52,217 - 
检查信号数据: LHBProportion_1D_9_combine
2025-04-04 21:20:52,217 - 数据路径: D:\Signal\signal_boost\prod\LHBProportion_1D_9_combine
2025-04-04 21:20:52,329 - 所有工作日数据完整
2025-04-04 21:20:52,329 - 最新数据日期: 2025-04-07
2025-04-04 21:20:52,329 - 信号 LHBProportion_1D_9_combine 检查完成，状态: normal

2025-04-04 21:20:54,338 - 
检查信号: NLBP_difference
2025-04-04 21:20:54,342 - 文件 NetLeverageBuying.csv 数据完整
2025-04-04 21:20:54,343 - 信号 NLBP_difference 检查完成，状态: normal

2025-04-04 21:20:54,343 - 
检查信号数据: NLBP_difference_1D_9_combine
2025-04-04 21:20:54,343 - 数据路径: D:\Signal\signal_boost\prod\NLBP_difference_1D_9_combine
2025-04-04 21:20:54,456 - 缺少以下日期的数据: ['2025-04-01', '2025-04-02', '2025-04-03']
2025-04-04 21:20:54,456 - 最新数据日期: 2025-03-31
2025-04-04 21:20:54,456 - 信号 NLBP_difference_1D_9_combine 检查完成，状态: error

2025-04-04 21:20:56,478 - 
检查信号: LargeOrder_difference
2025-04-04 21:20:56,483 - 文件 LargeOrderInflow.csv 数据完整
2025-04-04 21:20:56,483 - 信号 LargeOrder_difference 检查完成，状态: normal

2025-04-04 21:20:56,483 - 
检查信号数据: LargeOrder_difference_1D_9_combine
2025-04-04 21:20:56,483 - 数据路径: D:\Signal\signal_boost\prod\LargeOrder_difference_1D_9_combine
2025-04-04 21:20:56,585 - 所有工作日数据完整
2025-04-04 21:20:56,585 - 最新数据日期: 2025-04-07
2025-04-04 21:20:56,585 - 信号 LargeOrder_difference_1D_9_combine 检查完成，状态: normal

2025-04-04 21:20:58,262 - 
检查信号: Monthly_effect
2025-04-04 21:20:58,273 - 文件 index_return.csv 数据完整
2025-04-04 21:20:58,273 - 信号 Monthly_effect 检查完成，状态: normal

2025-04-04 21:20:58,273 - 
检查信号数据: Monthly_effect_1D_9_combine
2025-04-04 21:20:58,273 - 数据路径: D:\Signal\signal_boost\prod\Monthly_effect_1D_9_combine
2025-04-04 21:20:58,390 - 所有工作日数据完整
2025-04-04 21:20:58,391 - 最新数据日期: 2025-04-07
2025-04-04 21:20:58,391 - 信号 Monthly_effect_1D_9_combine 检查完成，状态: normal

2025-04-04 21:24:00,202 - 开始数据检查 - 检查期间: 2024-04-03 到 2025-04-03
2025-04-04 21:24:00,202 - 目标日期: 2025-04-03
2025-04-04 21:24:00,202 - 
检查信号: CreditSpread_9M
2025-04-04 21:24:00,208 - 文件 ChinaDevelopmentBankBonds.csv 数据完整
2025-04-04 21:24:00,212 - 文件 ChinaMediumTermNotes.csv 数据完整
2025-04-04 21:24:00,212 - 信号 CreditSpread_9M 检查完成，状态: normal

2025-04-04 21:24:00,212 - 
检查信号数据: CreditSpread_9M_1D_9_combine
2025-04-04 21:24:00,212 - 数据路径: D:\Signal\signal_boost\prod\CreditSpread_9M_1D_9_combine
2025-04-04 21:24:00,300 - 所有工作日数据完整
2025-04-04 21:24:00,300 - 最新数据日期: 2025-04-07
2025-04-04 21:24:00,300 - 信号 CreditSpread_9M_1D_9_combine 检查完成，状态: normal

2025-04-04 21:24:02,216 - 
检查信号: CreditSpread_5Y
2025-04-04 21:24:02,222 - 文件 ChinaDevelopmentBankBonds.csv 数据完整
2025-04-04 21:24:02,227 - 文件 ChinaMediumTermNotes.csv 数据完整
2025-04-04 21:24:02,227 - 信号 CreditSpread_5Y 检查完成，状态: normal

2025-04-04 21:24:02,227 - 
检查信号数据: CreditSpread_5Y_1D_9_combine
2025-04-04 21:24:02,227 - 数据路径: D:\Signal\signal_boost\prod\CreditSpread_5Y_1D_9_combine
2025-04-04 21:24:02,341 - 所有工作日数据完整
2025-04-04 21:24:02,341 - 最新数据日期: 2025-04-07
2025-04-04 21:24:02,341 - 信号 CreditSpread_5Y_1D_9_combine 检查完成，状态: normal

2025-04-04 21:24:04,424 - 
检查信号: Shibor_2W
2025-04-04 21:24:04,429 - 文件 Shibor.csv 数据完整
2025-04-04 21:24:04,429 - 信号 Shibor_2W 检查完成，状态: normal

2025-04-04 21:24:04,429 - 
检查信号数据: Shibor_2W_45D_9_combine
2025-04-04 21:24:04,429 - 数据路径: D:\Signal\signal_boost\prod\Shibor_2W_45D_9_combine
2025-04-04 21:24:04,538 - 所有工作日数据完整
2025-04-04 21:24:04,539 - 最新数据日期: 2025-04-07
2025-04-04 21:24:04,539 - 信号 Shibor_2W_45D_9_combine 检查完成，状态: normal

2025-04-04 21:24:07,326 - 
检查信号: Shibor_9M
2025-04-04 21:24:07,330 - 文件 Shibor.csv 数据完整
2025-04-04 21:24:07,330 - 信号 Shibor_9M 检查完成，状态: normal

2025-04-04 21:24:07,330 - 
检查信号数据: Shibor_9M_45D_9_combine
2025-04-04 21:24:07,330 - 数据路径: D:\Signal\signal_boost\prod\Shibor_9M_45D_9_combine
2025-04-04 21:24:07,433 - 所有工作日数据完整
2025-04-04 21:24:07,433 - 最新数据日期: 2025-04-07
2025-04-04 21:24:07,433 - 信号 Shibor_9M_45D_9_combine 检查完成，状态: normal

2025-04-04 21:24:09,686 - 
检查信号: Bond_3Y
2025-04-04 21:24:09,690 - 文件 ChinaGovernmentBonds.csv 数据完整
2025-04-04 21:24:09,690 - 信号 Bond_3Y 检查完成，状态: normal

2025-04-04 21:24:09,690 - 
检查信号数据: Bond_3Y_90D_9_combine
2025-04-04 21:24:09,690 - 数据路径: D:\Signal\signal_boost\prod\Bond_3Y_90D_9_combine
2025-04-04 21:24:09,795 - 所有工作日数据完整
2025-04-04 21:24:09,795 - 最新数据日期: 2025-04-07
2025-04-04 21:24:09,795 - 信号 Bond_3Y_90D_9_combine 检查完成，状态: normal

2025-04-04 21:24:12,594 - 
检查信号: Bond_10Y
2025-04-04 21:24:12,598 - 文件 ChinaGovernmentBonds.csv 数据完整
2025-04-04 21:24:12,599 - 信号 Bond_10Y 检查完成，状态: normal

2025-04-04 21:24:12,599 - 
检查信号数据: Bond_10Y_90D_9_combine
2025-04-04 21:24:12,599 - 数据路径: D:\Signal\signal_boost\prod\Bond_10Y_90D_9_combine
2025-04-04 21:24:12,713 - 所有工作日数据完整
2025-04-04 21:24:12,713 - 最新数据日期: 2025-04-07
2025-04-04 21:24:12,713 - 信号 Bond_10Y_90D_9_combine 检查完成，状态: normal

2025-04-04 21:24:15,511 - 
检查信号: USDX
2025-04-04 21:24:15,515 - 文件 UsDollar.csv 数据完整
2025-04-04 21:24:15,516 - 信号 USDX 检查完成，状态: normal

2025-04-04 21:24:15,516 - 
检查信号数据: USDX_120D_9_combine
2025-04-04 21:24:15,516 - 数据路径: D:\Signal\signal_boost\prod\USDX_120D_9_combine
2025-04-04 21:24:15,618 - 所有工作日数据完整
2025-04-04 21:24:15,618 - 最新数据日期: 2025-04-07
2025-04-04 21:24:15,618 - 信号 USDX_120D_9_combine 检查完成，状态: normal

2025-04-04 21:24:18,400 - 
检查信号: TermSpread_9Y
2025-04-04 21:24:18,405 - 文件 ChinaDevelopmentBankBonds.csv 数据完整
2025-04-04 21:24:18,405 - 信号 TermSpread_9Y 检查完成，状态: normal

2025-04-04 21:24:18,405 - 
检查信号数据: TermSpread_9Y_120D_9_combine
2025-04-04 21:24:18,405 - 数据路径: D:\Signal\signal_boost\prod\TermSpread_9Y_120D_9_combine
2025-04-04 21:24:18,502 - 所有工作日数据完整
2025-04-04 21:24:18,502 - 最新数据日期: 2025-04-07
2025-04-04 21:24:18,502 - 信号 TermSpread_9Y_120D_9_combine 检查完成，状态: normal

2025-04-04 21:24:21,299 - 
检查信号: M1M2
2025-04-04 21:24:21,304 - 文件 M1M2.csv 数据完整
2025-04-04 21:24:21,304 - 信号 M1M2 检查完成，状态: normal

2025-04-04 21:24:21,304 - 
检查信号数据: M1M2_90D_9_combine
2025-04-04 21:24:21,304 - 数据路径: D:\Signal\signal_boost\prod\M1M2_90D_9_combine
2025-04-04 21:24:21,406 - 所有工作日数据完整
2025-04-04 21:24:21,406 - 最新数据日期: 2025-04-07
2025-04-04 21:24:21,406 - 信号 M1M2_90D_9_combine 检查完成，状态: normal

2025-04-04 21:24:24,146 - 
检查信号: RelativeVolume_std
2025-04-04 21:24:24,153 - 文件 IndexVolume.csv 数据完整
2025-04-04 21:24:24,153 - 信号 RelativeVolume_std 检查完成，状态: normal

2025-04-04 21:24:24,153 - 
检查信号数据: RelativeVolume_std_20D_9_combine
2025-04-04 21:24:24,153 - 数据路径: D:\Signal\signal_boost\prod\RelativeVolume_std_20D_9_combine
2025-04-04 21:24:24,265 - 所有工作日数据完整
2025-04-04 21:24:24,265 - 最新数据日期: 2025-04-07
2025-04-04 21:24:24,265 - 信号 RelativeVolume_std_20D_9_combine 检查完成，状态: normal

2025-04-04 21:24:26,366 - 
检查信号: RelativeReturn_std
2025-04-04 21:24:26,377 - 文件 index_return.csv 数据完整
2025-04-04 21:24:26,377 - 信号 RelativeReturn_std 检查完成，状态: normal

2025-04-04 21:24:26,377 - 
检查信号数据: RelativeReturn_std_20D_9_combine
2025-04-04 21:24:26,377 - 数据路径: D:\Signal\signal_boost\prod\RelativeReturn_std_20D_9_combine
2025-04-04 21:24:26,488 - 所有工作日数据完整
2025-04-04 21:24:26,488 - 最新数据日期: 2025-04-07
2025-04-04 21:24:26,488 - 信号 RelativeReturn_std_20D_9_combine 检查完成，状态: normal

2025-04-04 21:24:28,637 - 
检查信号: EarningsYield_Reverse
2025-04-04 21:24:28,643 - 文件 ygData.csv 数据完整
2025-04-04 21:24:28,643 - 信号 EarningsYield_Reverse 检查完成，状态: normal

2025-04-04 21:24:28,643 - 
检查信号数据: EarningsYield_Reverse_1D_9_combine
2025-04-04 21:24:28,643 - 数据路径: D:\Signal\signal_boost\prod\EarningsYield_Reverse_1D_9_combine
2025-04-04 21:24:28,756 - 所有工作日数据完整
2025-04-04 21:24:28,756 - 最新数据日期: 2025-04-07
2025-04-04 21:24:28,756 - 信号 EarningsYield_Reverse_1D_9_combine 检查完成，状态: normal

2025-04-04 21:24:30,786 - 
检查信号: Growth
2025-04-04 21:24:30,792 - 文件 ygData.csv 数据完整
2025-04-04 21:24:30,792 - 信号 Growth 检查完成，状态: normal

2025-04-04 21:24:30,792 - 
检查信号数据: Growth_1D_9_combine
2025-04-04 21:24:30,792 - 数据路径: D:\Signal\signal_boost\prod\Growth_1D_9_combine
2025-04-04 21:24:30,905 - 所有工作日数据完整
2025-04-04 21:24:30,905 - 最新数据日期: 2025-04-07
2025-04-04 21:24:30,905 - 信号 Growth_1D_9_combine 检查完成，状态: normal

2025-04-04 21:24:32,920 - 
检查信号: LHBProportion
2025-04-04 21:24:32,924 - 文件 LHB_AMT_proportion.csv 数据完整
2025-04-04 21:24:32,931 - 文件 IndexAmt.csv 数据完整
2025-04-04 21:24:32,931 - 信号 LHBProportion 检查完成，状态: normal

2025-04-04 21:24:32,931 - 
检查信号数据: LHBProportion_1D_9_combine
2025-04-04 21:24:32,931 - 数据路径: D:\Signal\signal_boost\prod\LHBProportion_1D_9_combine
2025-04-04 21:24:33,043 - 所有工作日数据完整
2025-04-04 21:24:33,044 - 最新数据日期: 2025-04-07
2025-04-04 21:24:33,044 - 信号 LHBProportion_1D_9_combine 检查完成，状态: normal

2025-04-04 21:24:35,054 - 
检查信号: NLBP_difference
2025-04-04 21:24:35,058 - 文件 NetLeverageBuying.csv 数据完整
2025-04-04 21:24:35,058 - 信号 NLBP_difference 检查完成，状态: normal

2025-04-04 21:24:35,058 - 
检查信号数据: NLBP_difference_1D_9_combine
2025-04-04 21:24:35,058 - 数据路径: D:\Signal\signal_boost\prod\NLBP_difference_1D_9_combine
2025-04-04 21:24:35,172 - 所有工作日数据完整
2025-04-04 21:24:35,173 - 最新数据日期: 2025-04-07
2025-04-04 21:24:35,173 - 信号 NLBP_difference_1D_9_combine 检查完成，状态: normal

2025-04-04 21:24:37,183 - 
检查信号: LargeOrder_difference
2025-04-04 21:24:37,187 - 文件 LargeOrderInflow.csv 数据完整
2025-04-04 21:24:37,187 - 信号 LargeOrder_difference 检查完成，状态: normal

2025-04-04 21:24:37,187 - 
检查信号数据: LargeOrder_difference_1D_9_combine
2025-04-04 21:24:37,187 - 数据路径: D:\Signal\signal_boost\prod\LargeOrder_difference_1D_9_combine
2025-04-04 21:24:37,290 - 所有工作日数据完整
2025-04-04 21:24:37,290 - 最新数据日期: 2025-04-07
2025-04-04 21:24:37,290 - 信号 LargeOrder_difference_1D_9_combine 检查完成，状态: normal

2025-04-04 21:24:38,954 - 
检查信号: Monthly_effect
2025-04-04 21:24:38,965 - 文件 index_return.csv 数据完整
2025-04-04 21:24:38,965 - 信号 Monthly_effect 检查完成，状态: normal

2025-04-04 21:24:38,965 - 
检查信号数据: Monthly_effect_1D_9_combine
2025-04-04 21:24:38,965 - 数据路径: D:\Signal\signal_boost\prod\Monthly_effect_1D_9_combine
2025-04-04 21:24:39,082 - 所有工作日数据完整
2025-04-04 21:24:39,082 - 最新数据日期: 2025-04-07
2025-04-04 21:24:39,082 - 信号 Monthly_effect_1D_9_combine 检查完成，状态: normal

