2025-04-15 22:08:03,219 - 开始数据检查 - 检查期间: 2024-04-15 到 2025-04-15
2025-04-15 22:08:03,219 - 目标日期: 2025-04-15
2025-04-15 22:08:03,219 - 
检查信号: CreditSpread_9M
2025-04-15 22:08:03,227 - 文件 ChinaDevelopmentBankBonds.csv 数据完整
2025-04-15 22:08:03,236 - 文件 ChinaMediumTermNotes.csv 数据完整
2025-04-15 22:08:03,236 - 信号 CreditSpread_9M 检查完成，状态: normal

2025-04-15 22:08:03,236 - 
检查信号数据: CreditSpread_9M_1D_9_combine
2025-04-15 22:08:03,236 - 数据路径: D:\Signal\signal_boost\prod\CreditSpread_9M_1D_9_combine
2025-04-15 22:08:03,388 - 缺少以下日期的数据: ['2025-04-15']
2025-04-15 22:08:03,388 - 最新数据日期: 2025-04-14
2025-04-15 22:08:03,388 - 信号 CreditSpread_9M_1D_9_combine 检查完成，状态: error

2025-04-15 22:08:22,986 - 开始数据检查 - 检查期间: 2024-04-15 到 2025-04-15
2025-04-15 22:08:22,986 - 目标日期: 2025-04-15
2025-04-15 22:08:22,986 - 
检查信号: CreditSpread_9M
2025-04-15 22:08:22,992 - 文件 ChinaDevelopmentBankBonds.csv 数据完整
2025-04-15 22:08:22,997 - 文件 ChinaMediumTermNotes.csv 数据完整
2025-04-15 22:08:22,997 - 信号 CreditSpread_9M 检查完成，状态: normal

2025-04-15 22:08:22,997 - 
检查信号数据: CreditSpread_9M_1D_9_combine
2025-04-15 22:08:22,997 - 数据路径: D:\Signal\signal_boost\prod\CreditSpread_9M_1D_9_combine
2025-04-15 22:08:23,087 - 缺少以下日期的数据: ['2025-04-15']
2025-04-15 22:08:23,088 - 最新数据日期: 2025-04-14
2025-04-15 22:08:23,088 - 信号 CreditSpread_9M_1D_9_combine 检查完成，状态: error

2025-04-15 22:09:08,338 - 开始数据检查 - 检查期间: 2024-04-15 到 2025-04-15
2025-04-15 22:09:08,339 - 目标日期: 2025-04-15
2025-04-15 22:09:08,339 - 
检查信号: CreditSpread_9M
2025-04-15 22:09:08,346 - 文件 ChinaDevelopmentBankBonds.csv 数据完整
2025-04-15 22:09:08,350 - 文件 ChinaMediumTermNotes.csv 数据完整
2025-04-15 22:09:08,351 - 信号 CreditSpread_9M 检查完成，状态: normal

2025-04-15 22:09:08,351 - 
检查信号数据: CreditSpread_9M_1D_9_combine
2025-04-15 22:09:08,351 - 数据路径: D:\Signal\signal_boost\prod\CreditSpread_9M_1D_9_combine
2025-04-15 22:09:08,442 - 缺少以下日期的数据: ['2025-04-15']
2025-04-15 22:09:08,442 - 最新数据日期: 2025-04-14
2025-04-15 22:09:08,442 - 信号 CreditSpread_9M_1D_9_combine 检查完成，状态: error

2025-04-15 22:09:23,169 - 开始数据检查 - 检查期间: 2024-04-15 到 2025-04-15
2025-04-15 22:09:23,170 - 目标日期: 2025-04-15
2025-04-15 22:09:23,170 - 
检查信号: CreditSpread_9M
2025-04-15 22:09:23,175 - 文件 ChinaDevelopmentBankBonds.csv 数据完整
2025-04-15 22:09:23,179 - 文件 ChinaMediumTermNotes.csv 数据完整
2025-04-15 22:09:23,180 - 信号 CreditSpread_9M 检查完成，状态: normal

2025-04-15 22:09:23,180 - 
检查信号数据: CreditSpread_9M_1D_9_combine
2025-04-15 22:09:23,180 - 数据路径: D:\Signal\signal_boost\prod\CreditSpread_9M_1D_9_combine
2025-04-15 22:09:23,267 - 缺少以下日期的数据: ['2025-04-15']
2025-04-15 22:09:23,268 - 最新数据日期: 2025-04-14
2025-04-15 22:09:23,268 - 信号 CreditSpread_9M_1D_9_combine 检查完成，状态: error

2025-04-15 22:09:54,506 - 开始数据检查 - 检查期间: 2024-04-15 到 2025-04-15
2025-04-15 22:09:54,506 - 目标日期: 2025-04-15
2025-04-15 22:09:54,506 - 
检查信号: CreditSpread_9M
2025-04-15 22:09:54,512 - 文件 ChinaDevelopmentBankBonds.csv 数据完整
2025-04-15 22:09:54,517 - 文件 ChinaMediumTermNotes.csv 数据完整
2025-04-15 22:09:54,517 - 信号 CreditSpread_9M 检查完成，状态: normal

2025-04-15 22:09:54,517 - 
检查信号数据: CreditSpread_9M_1D_9_combine
2025-04-15 22:09:54,517 - 数据路径: D:\Signal\signal_boost\prod\CreditSpread_9M_1D_9_combine
2025-04-15 22:09:54,607 - 缺少以下日期的数据: ['2025-04-15']
2025-04-15 22:09:54,607 - 最新数据日期: 2025-04-14
2025-04-15 22:09:54,607 - 信号 CreditSpread_9M_1D_9_combine 检查完成，状态: error

2025-04-15 22:13:17,968 - 开始数据检查 - 检查期间: 2024-04-15 到 2025-04-15
2025-04-15 22:13:17,968 - 目标日期: 2025-04-15
2025-04-15 22:13:17,968 - 
检查信号: CreditSpread_9M
2025-04-15 22:13:17,973 - 文件 ChinaDevelopmentBankBonds.csv 数据完整
2025-04-15 22:13:17,977 - 文件 ChinaMediumTermNotes.csv 数据完整
2025-04-15 22:13:17,977 - 信号 CreditSpread_9M 检查完成，状态: normal

2025-04-15 22:13:17,977 - 
检查信号数据: CreditSpread_9M_1D_9_combine
2025-04-15 22:13:17,977 - 数据路径: D:\Signal\signal_boost\prod\CreditSpread_9M_1D_9_combine
2025-04-15 22:13:18,064 - 缺少以下日期的数据: ['2025-04-15']
2025-04-15 22:13:18,064 - 最新数据日期: 2025-04-14
2025-04-15 22:13:18,064 - 信号 CreditSpread_9M_1D_9_combine 检查完成，状态: error

2025-04-15 22:14:07,100 - 开始数据检查 - 检查期间: 2024-04-15 到 2025-04-15
2025-04-15 22:14:07,101 - 目标日期: 2025-04-15
2025-04-15 22:14:07,101 - 
检查信号: CreditSpread_9M
2025-04-15 22:14:07,107 - 文件 ChinaDevelopmentBankBonds.csv 数据完整
2025-04-15 22:14:07,112 - 文件 ChinaMediumTermNotes.csv 数据完整
2025-04-15 22:14:07,113 - 信号 CreditSpread_9M 检查完成，状态: normal

2025-04-15 22:14:07,113 - 
检查信号数据: CreditSpread_9M_1D_9_combine
2025-04-15 22:14:07,113 - 数据路径: D:\Signal\signal_boost\prod\CreditSpread_9M_1D_9_combine
2025-04-15 22:14:07,211 - 缺少以下日期的数据: ['2025-04-15']
2025-04-15 22:14:07,211 - 最新数据日期: 2025-04-14
2025-04-15 22:14:07,211 - 信号 CreditSpread_9M_1D_9_combine 检查完成，状态: error

2025-04-15 22:42:17,515 - 开始数据检查 - 检查期间: 2024-04-15 到 2025-04-15
2025-04-15 22:42:17,515 - 目标日期: 2025-04-15
2025-04-15 22:42:17,515 - 
检查信号: CreditSpread_9M
2025-04-15 22:42:17,521 - 文件 ChinaDevelopmentBankBonds.csv 数据完整
2025-04-15 22:42:17,525 - 文件 ChinaMediumTermNotes.csv 数据完整
2025-04-15 22:42:17,525 - 信号 CreditSpread_9M 检查完成，状态: normal

2025-04-15 22:42:17,525 - 
检查信号数据: CreditSpread_9M_1D_9_combine
2025-04-15 22:42:17,525 - 数据路径: D:\Signal\signal_boost\prod\CreditSpread_9M_1D_9_combine
2025-04-15 22:42:17,619 - 缺少以下日期的数据: ['2025-04-15']
2025-04-15 22:42:17,619 - 最新数据日期: 2025-04-14
2025-04-15 22:42:17,619 - 信号 CreditSpread_9M_1D_9_combine 检查完成，状态: error

2025-04-15 22:42:19,616 - 
检查信号: CreditSpread_5Y
2025-04-15 22:42:19,621 - 文件 ChinaDevelopmentBankBonds.csv 数据完整
2025-04-15 22:42:19,626 - 文件 ChinaMediumTermNotes.csv 数据完整
2025-04-15 22:42:19,626 - 信号 CreditSpread_5Y 检查完成，状态: normal

2025-04-15 22:42:19,626 - 
检查信号数据: CreditSpread_5Y_1D_9_combine
2025-04-15 22:42:19,626 - 数据路径: D:\Signal\signal_boost\prod\CreditSpread_5Y_1D_9_combine
2025-04-15 22:42:19,749 - 缺少以下日期的数据: ['2025-04-15']
2025-04-15 22:42:19,749 - 最新数据日期: 2025-04-14
2025-04-15 22:42:19,749 - 信号 CreditSpread_5Y_1D_9_combine 检查完成，状态: error

2025-04-15 22:42:21,846 - 
检查信号: Shibor_2W
2025-04-15 22:42:21,851 - 文件 Shibor.csv 数据完整
2025-04-15 22:42:21,851 - 信号 Shibor_2W 检查完成，状态: normal

2025-04-15 22:42:21,851 - 
检查信号数据: Shibor_2W_45D_9_combine
2025-04-15 22:42:21,851 - 数据路径: D:\Signal\signal_boost\prod\Shibor_2W_45D_9_combine
2025-04-15 22:42:21,968 - 缺少以下日期的数据: ['2025-04-15']
2025-04-15 22:42:21,969 - 最新数据日期: 2025-04-14
2025-04-15 22:42:21,969 - 信号 Shibor_2W_45D_9_combine 检查完成，状态: error

2025-04-15 22:42:24,890 - 
检查信号: Shibor_9M
2025-04-15 22:42:24,895 - 文件 Shibor.csv 数据完整
2025-04-15 22:42:24,895 - 信号 Shibor_9M 检查完成，状态: normal

2025-04-15 22:42:24,895 - 
检查信号数据: Shibor_9M_45D_9_combine
2025-04-15 22:42:24,895 - 数据路径: D:\Signal\signal_boost\prod\Shibor_9M_45D_9_combine
2025-04-15 22:42:25,007 - 缺少以下日期的数据: ['2025-04-15']
2025-04-15 22:42:25,007 - 最新数据日期: 2025-04-14
2025-04-15 22:42:25,007 - 信号 Shibor_9M_45D_9_combine 检查完成，状态: error

2025-04-15 22:42:27,305 - 
检查信号: Bond_3Y
2025-04-15 22:42:27,310 - 文件 ChinaGovernmentBonds.csv 数据完整
2025-04-15 22:42:27,310 - 信号 Bond_3Y 检查完成，状态: normal

2025-04-15 22:42:27,310 - 
检查信号数据: Bond_3Y_90D_9_combine
2025-04-15 22:42:27,310 - 数据路径: D:\Signal\signal_boost\prod\Bond_3Y_90D_9_combine
2025-04-15 22:42:27,427 - 缺少以下日期的数据: ['2025-04-15']
2025-04-15 22:42:27,427 - 最新数据日期: 2025-04-14
2025-04-15 22:42:27,427 - 信号 Bond_3Y_90D_9_combine 检查完成，状态: error

2025-04-15 22:42:30,311 - 
检查信号: Bond_10Y
2025-04-15 22:42:30,315 - 文件 ChinaGovernmentBonds.csv 数据完整
2025-04-15 22:42:30,316 - 信号 Bond_10Y 检查完成，状态: normal

2025-04-15 22:42:30,316 - 
检查信号数据: Bond_10Y_90D_9_combine
2025-04-15 22:42:30,316 - 数据路径: D:\Signal\signal_boost\prod\Bond_10Y_90D_9_combine
2025-04-15 22:42:30,427 - 缺少以下日期的数据: ['2025-04-15']
2025-04-15 22:42:30,427 - 最新数据日期: 2025-04-14
2025-04-15 22:42:30,427 - 信号 Bond_10Y_90D_9_combine 检查完成，状态: error

2025-04-15 22:42:33,245 - 
检查信号: USDX
2025-04-15 22:42:33,250 - 文件 UsDollar.csv 数据完整
2025-04-15 22:42:33,250 - 信号 USDX 检查完成，状态: normal

2025-04-15 22:42:33,250 - 
检查信号数据: USDX_120D_9_combine
2025-04-15 22:42:33,250 - 数据路径: D:\Signal\signal_boost\prod\USDX_120D_9_combine
2025-04-15 22:42:33,359 - 缺少以下日期的数据: ['2025-04-15']
2025-04-15 22:42:33,359 - 最新数据日期: 2025-04-14
2025-04-15 22:42:33,359 - 信号 USDX_120D_9_combine 检查完成，状态: error

2025-04-15 22:42:36,139 - 
检查信号: TermSpread_9Y
2025-04-15 22:42:36,144 - 文件 ChinaDevelopmentBankBonds.csv 数据完整
2025-04-15 22:42:36,144 - 信号 TermSpread_9Y 检查完成，状态: normal

2025-04-15 22:42:36,144 - 
检查信号数据: TermSpread_9Y_120D_9_combine
2025-04-15 22:42:36,144 - 数据路径: D:\Signal\signal_boost\prod\TermSpread_9Y_120D_9_combine
2025-04-15 22:42:36,249 - 缺少以下日期的数据: ['2025-04-15']
2025-04-15 22:42:36,249 - 最新数据日期: 2025-04-14
2025-04-15 22:42:36,249 - 信号 TermSpread_9Y_120D_9_combine 检查完成，状态: error

2025-04-15 22:42:39,318 - 
检查信号: M1M2
2025-04-15 22:42:39,323 - 文件 M1M2.csv 数据完整
2025-04-15 22:42:39,323 - 信号 M1M2 检查完成，状态: normal

2025-04-15 22:42:39,323 - 
检查信号数据: M1M2_90D_9_combine
2025-04-15 22:42:39,324 - 数据路径: D:\Signal\signal_boost\prod\M1M2_90D_9_combine
2025-04-15 22:42:39,432 - 缺少以下日期的数据: ['2025-04-15']
2025-04-15 22:42:39,432 - 最新数据日期: 2025-04-14
2025-04-15 22:42:39,432 - 信号 M1M2_90D_9_combine 检查完成，状态: error

2025-04-15 22:42:42,291 - 
检查信号: RelativeVolume_std
2025-04-15 22:42:42,298 - 文件 IndexVolume.csv 数据完整
2025-04-15 22:42:42,298 - 信号 RelativeVolume_std 检查完成，状态: normal

2025-04-15 22:42:42,298 - 
检查信号数据: RelativeVolume_std_20D_9_combine
2025-04-15 22:42:42,299 - 数据路径: D:\Signal\signal_boost\prod\RelativeVolume_std_20D_9_combine
2025-04-15 22:42:42,429 - 缺少以下日期的数据: ['2025-04-15']
2025-04-15 22:42:42,429 - 最新数据日期: 2025-04-14
2025-04-15 22:42:42,429 - 信号 RelativeVolume_std_20D_9_combine 检查完成，状态: error

2025-04-15 22:42:44,573 - 
检查信号: RelativeReturn_std
2025-04-15 22:42:44,584 - 文件 index_return.csv 数据完整
2025-04-15 22:42:44,584 - 信号 RelativeReturn_std 检查完成，状态: normal

2025-04-15 22:42:44,584 - 
检查信号数据: RelativeReturn_std_20D_9_combine
2025-04-15 22:42:44,585 - 数据路径: D:\Signal\signal_boost\prod\RelativeReturn_std_20D_9_combine
2025-04-15 22:42:44,706 - 缺少以下日期的数据: ['2025-04-15']
2025-04-15 22:42:44,706 - 最新数据日期: 2025-04-14
2025-04-15 22:42:44,706 - 信号 RelativeReturn_std_20D_9_combine 检查完成，状态: error

2025-04-15 22:42:46,809 - 
检查信号: EarningsYield_Reverse
2025-04-15 22:42:46,815 - 文件 ygData.csv 数据完整
2025-04-15 22:42:46,815 - 信号 EarningsYield_Reverse 检查完成，状态: normal

2025-04-15 22:42:46,815 - 
检查信号数据: EarningsYield_Reverse_1D_9_combine
2025-04-15 22:42:46,815 - 数据路径: D:\Signal\signal_boost\prod\EarningsYield_Reverse_1D_9_combine
2025-04-15 22:42:46,949 - 缺少以下日期的数据: ['2025-04-15']
2025-04-15 22:42:46,950 - 最新数据日期: 2025-04-14
2025-04-15 22:42:46,950 - 信号 EarningsYield_Reverse_1D_9_combine 检查完成，状态: error

2025-04-15 22:42:48,938 - 
检查信号: Growth
2025-04-15 22:42:48,944 - 文件 ygData.csv 数据完整
2025-04-15 22:42:48,944 - 信号 Growth 检查完成，状态: normal

2025-04-15 22:42:48,944 - 
检查信号数据: Growth_1D_9_combine
2025-04-15 22:42:48,944 - 数据路径: D:\Signal\signal_boost\prod\Growth_1D_9_combine
2025-04-15 22:42:49,063 - 缺少以下日期的数据: ['2025-04-15']
2025-04-15 22:42:49,063 - 最新数据日期: 2025-04-14
2025-04-15 22:42:49,063 - 信号 Growth_1D_9_combine 检查完成，状态: error

2025-04-15 22:42:51,099 - 
检查信号: LHBProportion
2025-04-15 22:42:51,104 - 文件 LHB_AMT_proportion.csv 数据完整
2025-04-15 22:42:51,111 - 文件 IndexAmt.csv 数据完整
2025-04-15 22:42:51,111 - 信号 LHBProportion 检查完成，状态: normal

2025-04-15 22:42:51,111 - 
检查信号数据: LHBProportion_1D_9_combine
2025-04-15 22:42:51,111 - 数据路径: D:\Signal\signal_boost\prod\LHBProportion_1D_9_combine
2025-04-15 22:42:51,237 - 缺少以下日期的数据: ['2025-04-15']
2025-04-15 22:42:51,237 - 最新数据日期: 2025-04-14
2025-04-15 22:42:51,237 - 信号 LHBProportion_1D_9_combine 检查完成，状态: error

2025-04-15 22:42:53,187 - 
检查信号: NLBP_difference
2025-04-15 22:42:53,191 - 文件 NetLeverageBuying.csv 数据不完整: 缺少以下日期: ['2025-04-15']
2025-04-15 22:42:53,192 - 信号 NLBP_difference 检查完成，状态: error

2025-04-15 22:42:53,192 - 
检查信号: LargeOrder_difference
2025-04-15 22:42:53,196 - 文件 LargeOrderInflow.csv 数据完整
2025-04-15 22:42:53,196 - 信号 LargeOrder_difference 检查完成，状态: normal

2025-04-15 22:42:53,196 - 
检查信号数据: LargeOrder_difference_1D_9_combine
2025-04-15 22:42:53,196 - 数据路径: D:\Signal\signal_boost\prod\LargeOrder_difference_1D_9_combine
2025-04-15 22:42:53,312 - 缺少以下日期的数据: ['2025-04-15']
2025-04-15 22:42:53,313 - 最新数据日期: 2025-04-14
2025-04-15 22:42:53,313 - 信号 LargeOrder_difference_1D_9_combine 检查完成，状态: error

2025-04-15 22:42:54,914 - 
检查信号: Monthly_effect
2025-04-15 22:42:54,924 - 文件 index_return.csv 数据完整
2025-04-15 22:42:54,924 - 信号 Monthly_effect 检查完成，状态: normal

2025-04-15 22:42:54,924 - 
检查信号数据: Monthly_effect_1D_9_combine
2025-04-15 22:42:54,924 - 数据路径: D:\Signal\signal_boost\prod\Monthly_effect_1D_9_combine
2025-04-15 22:42:55,050 - 缺少以下日期的数据: ['2025-04-15']
2025-04-15 22:42:55,050 - 最新数据日期: 2025-04-14
2025-04-15 22:42:55,050 - 信号 Monthly_effect_1D_9_combine 检查完成，状态: error

2025-04-15 22:42:58,418 - 
检查信号: CPI
2025-04-15 22:42:58,423 - 文件 CPI.csv 数据完整
2025-04-15 22:42:58,423 - 信号 CPI 检查完成，状态: normal

2025-04-15 22:42:58,423 - 
检查信号数据: CPI_1D_9_combine
2025-04-15 22:42:58,423 - 数据路径: D:\Signal\signal_boost\prod\CPI_1D_9_combine
2025-04-15 22:42:58,543 - 缺少以下日期的数据: ['2025-04-15']
2025-04-15 22:42:58,543 - 最新数据日期: 2025-04-14
2025-04-15 22:42:58,543 - 信号 CPI_1D_9_combine 检查完成，状态: error

2025-04-15 22:43:00,796 - 
检查信号: PPI
2025-04-15 22:43:00,802 - 文件 PPI.csv 数据完整
2025-04-15 22:43:00,802 - 信号 PPI 检查完成，状态: normal

2025-04-15 22:43:00,802 - 
检查信号数据: PPI_1D_9_combine
2025-04-15 22:43:00,802 - 数据路径: D:\Signal\signal_boost\prod\PPI_1D_9_combine
2025-04-15 22:43:00,924 - 缺少以下日期的数据: ['2025-04-15']
2025-04-15 22:43:00,924 - 最新数据日期: 2025-04-14
2025-04-15 22:43:00,924 - 信号 PPI_1D_9_combine 检查完成，状态: error

2025-04-15 22:43:03,108 - 
检查信号: PMI
2025-04-15 22:43:03,113 - 文件 PMI.csv 数据完整
2025-04-15 22:43:03,113 - 信号 PMI 检查完成，状态: normal

2025-04-15 22:43:03,113 - 
检查信号数据: PMI_1D_9_combine
2025-04-15 22:43:03,113 - 数据路径: D:\Signal\signal_boost\prod\PMI_1D_9_combine
2025-04-15 22:43:03,233 - 缺少以下日期的数据: ['2025-04-15']
2025-04-15 22:43:03,233 - 最新数据日期: 2025-04-14
2025-04-15 22:43:03,233 - 信号 PMI_1D_9_combine 检查完成，状态: error

2025-04-15 22:43:05,390 - 
检查信号: Stock_HL
2025-04-15 22:43:06,357 - 文件 stock_close.csv 数据完整
2025-04-15 22:43:06,357 - 信号 Stock_HL 检查完成，状态: normal

2025-04-15 22:43:06,357 - 
检查信号数据: Stock_HL_1D_9_combine
2025-04-15 22:43:06,357 - 数据路径: D:\Signal\signal_boost\prod\Stock_HL_1D_9_combine
2025-04-15 22:43:06,460 - 缺少以下日期的数据: ['2025-04-15']
2025-04-15 22:43:06,460 - 最新数据日期: 2025-04-14
2025-04-15 22:43:06,460 - 信号 Stock_HL_1D_9_combine 检查完成，状态: error

2025-04-15 22:43:18,456 - 
检查信号: Rsi_difference
2025-04-15 22:43:19,380 - 文件 stock_close.csv 数据完整
2025-04-15 22:43:19,380 - 信号 Rsi_difference 检查完成，状态: normal

2025-04-15 22:43:19,380 - 
检查信号数据: Rsi_difference_1D_9_combine
2025-04-15 22:43:19,380 - 数据路径: D:\Signal\signal_boost\prod\Rsi_difference_1D_9_combine
2025-04-15 22:43:19,494 - 缺少以下日期的数据: ['2025-04-15']
2025-04-15 22:43:19,494 - 最新数据日期: 2025-04-14
2025-04-15 22:43:19,494 - 信号 Rsi_difference_1D_9_combine 检查完成，状态: error

2025-04-15 22:43:30,755 - 
检查信号: RaisingTrend_proportion
2025-04-15 22:43:31,686 - 文件 stock_close.csv 数据完整
2025-04-15 22:43:31,687 - 信号 RaisingTrend_proportion 检查完成，状态: normal

2025-04-15 22:43:31,687 - 
检查信号数据: RaisingTrend_proportion_1D_9_combine
2025-04-15 22:43:31,687 - 数据路径: D:\Signal\signal_boost\prod\RaisingTrend_proportion_1D_9_combine
2025-04-15 22:43:31,782 - 缺少以下日期的数据: ['2025-04-15']
2025-04-15 22:43:31,783 - 最新数据日期: 2025-04-14
2025-04-15 22:43:31,783 - 信号 RaisingTrend_proportion_1D_9_combine 检查完成，状态: error

2025-04-15 22:43:38,533 - 
检查信号: TargetIndex_MACD
2025-04-15 22:43:38,543 - 文件 index_return.csv 数据完整
2025-04-15 22:43:38,543 - 信号 TargetIndex_MACD 检查完成，状态: normal

2025-04-15 22:43:38,543 - 
检查信号数据: TargetIndex_MACD_1D_9_combine
2025-04-15 22:43:38,543 - 数据路径: D:\Signal\signal_boost\prod\TargetIndex_MACD_1D_9_combine
2025-04-15 22:43:38,667 - 缺少以下日期的数据: ['2025-04-15']
2025-04-15 22:43:38,667 - 最新数据日期: 2025-04-14
2025-04-15 22:43:38,667 - 信号 TargetIndex_MACD_1D_9_combine 检查完成，状态: error

2025-04-15 22:43:40,728 - 
检查信号: TargetIndex_RSI
2025-04-15 22:43:40,739 - 文件 index_return.csv 数据完整
2025-04-15 22:43:40,739 - 信号 TargetIndex_RSI 检查完成，状态: normal

2025-04-15 22:43:40,739 - 
检查信号数据: TargetIndex_RSI_1D_9_combine
2025-04-15 22:43:40,739 - 数据路径: D:\Signal\signal_boost\prod\TargetIndex_RSI_1D_9_combine
2025-04-15 22:43:40,864 - 缺少以下日期的数据: ['2025-04-15']
2025-04-15 22:43:40,864 - 最新数据日期: 2025-04-14
2025-04-15 22:43:40,864 - 信号 TargetIndex_RSI_1D_9_combine 检查完成，状态: error

2025-04-15 22:43:42,910 - 
检查信号: TargetIndex_BBANDS
2025-04-15 22:43:42,921 - 文件 index_return.csv 数据完整
2025-04-15 22:43:42,921 - 信号 TargetIndex_BBANDS 检查完成，状态: normal

2025-04-15 22:43:42,921 - 
检查信号数据: TargetIndex_BBANDS_1D_9_combine
2025-04-15 22:43:42,921 - 数据路径: D:\Signal\signal_boost\prod\TargetIndex_BBANDS_1D_9_combine
2025-04-15 22:43:43,040 - 缺少以下日期的数据: ['2025-04-15']
2025-04-15 22:43:43,040 - 最新数据日期: 2025-04-14
2025-04-15 22:43:43,040 - 信号 TargetIndex_BBANDS_1D_9_combine 检查完成，状态: error

2025-04-15 22:43:45,058 - 
检查信号: TargetIndex_MOMENTUM
2025-04-15 22:43:45,068 - 文件 index_return.csv 数据完整
2025-04-15 22:43:45,068 - 信号 TargetIndex_MOMENTUM 检查完成，状态: normal

2025-04-15 22:43:45,068 - 
检查信号数据: TargetIndex_MOMENTUM_1D_9_combine
2025-04-15 22:43:45,068 - 数据路径: D:\Signal\signal_boost\prod\TargetIndex_MOMENTUM_1D_9_combine
2025-04-15 22:43:45,191 - 缺少以下日期的数据: ['2025-04-15']
2025-04-15 22:43:45,191 - 最新数据日期: 2025-04-14
2025-04-15 22:43:45,191 - 信号 TargetIndex_MOMENTUM_1D_9_combine 检查完成，状态: error

2025-04-15 22:43:47,225 - 
检查信号: TargetIndex_PSA
2025-04-15 22:43:47,231 - 文件 IndexClose.csv 数据完整
2025-04-15 22:43:47,237 - 文件 IndexHigh.csv 数据完整
2025-04-15 22:43:47,243 - 文件 IndexLow.csv 数据完整
2025-04-15 22:43:47,243 - 信号 TargetIndex_PSA 检查完成，状态: normal

2025-04-15 22:43:47,243 - 
检查信号数据: TargetIndex_PSA_1D_9_combine
2025-04-15 22:43:47,243 - 数据路径: D:\Signal\signal_boost\prod\TargetIndex_PSA_1D_9_combine
2025-04-15 22:43:47,243 - 信号数据文件夹不存在: D:\Signal\signal_boost\prod\TargetIndex_PSA_1D_9_combine
2025-04-15 22:44:23,707 - 
检查信号: TargetIndex_MOMENTUM2
2025-04-15 22:44:23,707 - 文件不存在: not found
2025-04-15 22:44:23,707 - 信号 TargetIndex_MOMENTUM2 检查完成，状态: error

2025-04-15 22:45:59,512 - 开始数据检查 - 检查期间: 2024-04-15 到 2025-04-15
2025-04-15 22:45:59,512 - 目标日期: 2025-04-15
2025-04-15 22:45:59,513 - 
检查信号: CreditSpread_9M
2025-04-15 22:45:59,518 - 文件 ChinaDevelopmentBankBonds.csv 数据完整
2025-04-15 22:45:59,522 - 文件 ChinaMediumTermNotes.csv 数据完整
2025-04-15 22:45:59,522 - 信号 CreditSpread_9M 检查完成，状态: normal

2025-04-15 22:45:59,522 - 
检查信号数据: CreditSpread_9M_1D_9_combine
2025-04-15 22:45:59,522 - 数据路径: D:\Signal\signal_boost\prod\CreditSpread_9M_1D_9_combine
2025-04-15 22:45:59,609 - 所有工作日数据完整
2025-04-15 22:45:59,609 - 最新数据日期: 2025-04-16
2025-04-15 22:45:59,609 - 信号 CreditSpread_9M_1D_9_combine 检查完成，状态: normal

2025-04-15 22:46:01,514 - 
检查信号: CreditSpread_5Y
2025-04-15 22:46:01,519 - 文件 ChinaDevelopmentBankBonds.csv 数据完整
2025-04-15 22:46:01,524 - 文件 ChinaMediumTermNotes.csv 数据完整
2025-04-15 22:46:01,524 - 信号 CreditSpread_5Y 检查完成，状态: normal

2025-04-15 22:46:01,524 - 
检查信号数据: CreditSpread_5Y_1D_9_combine
2025-04-15 22:46:01,524 - 数据路径: D:\Signal\signal_boost\prod\CreditSpread_5Y_1D_9_combine
2025-04-15 22:46:01,640 - 所有工作日数据完整
2025-04-15 22:46:01,640 - 最新数据日期: 2025-04-16
2025-04-15 22:46:01,640 - 信号 CreditSpread_5Y_1D_9_combine 检查完成，状态: normal

2025-04-15 22:46:03,610 - 
检查信号: Shibor_2W
2025-04-15 22:46:03,614 - 文件 Shibor.csv 数据完整
2025-04-15 22:46:03,614 - 信号 Shibor_2W 检查完成，状态: normal

2025-04-15 22:46:03,614 - 
检查信号数据: Shibor_2W_45D_9_combine
2025-04-15 22:46:03,614 - 数据路径: D:\Signal\signal_boost\prod\Shibor_2W_45D_9_combine
2025-04-15 22:46:03,722 - 所有工作日数据完整
2025-04-15 22:46:03,722 - 最新数据日期: 2025-04-16
2025-04-15 22:46:03,722 - 信号 Shibor_2W_45D_9_combine 检查完成，状态: normal

2025-04-15 22:46:06,353 - 
检查信号: Shibor_9M
2025-04-15 22:46:06,357 - 文件 Shibor.csv 数据完整
2025-04-15 22:46:06,357 - 信号 Shibor_9M 检查完成，状态: normal

2025-04-15 22:46:06,357 - 
检查信号数据: Shibor_9M_45D_9_combine
2025-04-15 22:46:06,357 - 数据路径: D:\Signal\signal_boost\prod\Shibor_9M_45D_9_combine
2025-04-15 22:46:06,463 - 所有工作日数据完整
2025-04-15 22:46:06,463 - 最新数据日期: 2025-04-16
2025-04-15 22:46:06,463 - 信号 Shibor_9M_45D_9_combine 检查完成，状态: normal

2025-04-15 22:46:08,615 - 
检查信号: Bond_3Y
2025-04-15 22:46:08,618 - 文件 ChinaGovernmentBonds.csv 数据完整
2025-04-15 22:46:08,618 - 信号 Bond_3Y 检查完成，状态: normal

2025-04-15 22:46:08,618 - 
检查信号数据: Bond_3Y_90D_9_combine
2025-04-15 22:46:08,618 - 数据路径: D:\Signal\signal_boost\prod\Bond_3Y_90D_9_combine
2025-04-15 22:46:08,723 - 所有工作日数据完整
2025-04-15 22:46:08,723 - 最新数据日期: 2025-04-16
2025-04-15 22:46:08,723 - 信号 Bond_3Y_90D_9_combine 检查完成，状态: normal

2025-04-15 22:46:11,304 - 
检查信号: Bond_10Y
2025-04-15 22:46:11,309 - 文件 ChinaGovernmentBonds.csv 数据完整
2025-04-15 22:46:11,309 - 信号 Bond_10Y 检查完成，状态: normal

2025-04-15 22:46:11,309 - 
检查信号数据: Bond_10Y_90D_9_combine
2025-04-15 22:46:11,309 - 数据路径: D:\Signal\signal_boost\prod\Bond_10Y_90D_9_combine
2025-04-15 22:46:11,413 - 所有工作日数据完整
2025-04-15 22:46:11,413 - 最新数据日期: 2025-04-16
2025-04-15 22:46:11,413 - 信号 Bond_10Y_90D_9_combine 检查完成，状态: normal

2025-04-15 22:46:14,056 - 
检查信号: USDX
2025-04-15 22:46:14,060 - 文件 UsDollar.csv 数据完整
2025-04-15 22:46:14,060 - 信号 USDX 检查完成，状态: normal

2025-04-15 22:46:14,060 - 
检查信号数据: USDX_120D_9_combine
2025-04-15 22:46:14,060 - 数据路径: D:\Signal\signal_boost\prod\USDX_120D_9_combine
2025-04-15 22:46:14,161 - 所有工作日数据完整
2025-04-15 22:46:14,161 - 最新数据日期: 2025-04-16
2025-04-15 22:46:14,161 - 信号 USDX_120D_9_combine 检查完成，状态: normal

2025-04-15 22:46:16,786 - 
检查信号: TermSpread_9Y
2025-04-15 22:46:16,791 - 文件 ChinaDevelopmentBankBonds.csv 数据完整
2025-04-15 22:46:16,791 - 信号 TermSpread_9Y 检查完成，状态: normal

2025-04-15 22:46:16,791 - 
检查信号数据: TermSpread_9Y_120D_9_combine
2025-04-15 22:46:16,791 - 数据路径: D:\Signal\signal_boost\prod\TermSpread_9Y_120D_9_combine
2025-04-15 22:46:16,889 - 所有工作日数据完整
2025-04-15 22:46:16,889 - 最新数据日期: 2025-04-16
2025-04-15 22:46:16,889 - 信号 TermSpread_9Y_120D_9_combine 检查完成，状态: normal

2025-04-15 22:46:19,516 - 
检查信号: M1M2
2025-04-15 22:46:19,521 - 文件 M1M2.csv 数据完整
2025-04-15 22:46:19,521 - 信号 M1M2 检查完成，状态: normal

2025-04-15 22:46:19,521 - 
检查信号数据: M1M2_90D_9_combine
2025-04-15 22:46:19,521 - 数据路径: D:\Signal\signal_boost\prod\M1M2_90D_9_combine
2025-04-15 22:46:19,623 - 所有工作日数据完整
2025-04-15 22:46:19,623 - 最新数据日期: 2025-04-16
2025-04-15 22:46:19,624 - 信号 M1M2_90D_9_combine 检查完成，状态: normal

2025-04-15 22:46:22,232 - 
检查信号: RelativeVolume_std
2025-04-15 22:46:22,238 - 文件 IndexVolume.csv 数据完整
2025-04-15 22:46:22,238 - 信号 RelativeVolume_std 检查完成，状态: normal

2025-04-15 22:46:22,238 - 
检查信号数据: RelativeVolume_std_20D_9_combine
2025-04-15 22:46:22,238 - 数据路径: D:\Signal\signal_boost\prod\RelativeVolume_std_20D_9_combine
2025-04-15 22:46:22,352 - 所有工作日数据完整
2025-04-15 22:46:22,352 - 最新数据日期: 2025-04-16
2025-04-15 22:46:22,352 - 信号 RelativeVolume_std_20D_9_combine 检查完成，状态: normal

2025-04-15 22:46:24,347 - 
检查信号: RelativeReturn_std
2025-04-15 22:46:24,356 - 文件 index_return.csv 数据完整
2025-04-15 22:46:24,357 - 信号 RelativeReturn_std 检查完成，状态: normal

2025-04-15 22:46:24,357 - 
检查信号数据: RelativeReturn_std_20D_9_combine
2025-04-15 22:46:24,357 - 数据路径: D:\Signal\signal_boost\prod\RelativeReturn_std_20D_9_combine
2025-04-15 22:46:24,471 - 所有工作日数据完整
2025-04-15 22:46:24,471 - 最新数据日期: 2025-04-16
2025-04-15 22:46:24,471 - 信号 RelativeReturn_std_20D_9_combine 检查完成，状态: normal

2025-04-15 22:46:26,507 - 
检查信号: EarningsYield_Reverse
2025-04-15 22:46:26,514 - 文件 ygData.csv 数据完整
2025-04-15 22:46:26,514 - 信号 EarningsYield_Reverse 检查完成，状态: normal

2025-04-15 22:46:26,514 - 
检查信号数据: EarningsYield_Reverse_1D_9_combine
2025-04-15 22:46:26,514 - 数据路径: D:\Signal\signal_boost\prod\EarningsYield_Reverse_1D_9_combine
2025-04-15 22:46:26,632 - 所有工作日数据完整
2025-04-15 22:46:26,632 - 最新数据日期: 2025-04-16
2025-04-15 22:46:26,632 - 信号 EarningsYield_Reverse_1D_9_combine 检查完成，状态: normal

2025-04-15 22:46:28,533 - 
检查信号: Growth
2025-04-15 22:46:28,538 - 文件 ygData.csv 数据完整
2025-04-15 22:46:28,538 - 信号 Growth 检查完成，状态: normal

2025-04-15 22:46:28,539 - 
检查信号数据: Growth_1D_9_combine
2025-04-15 22:46:28,539 - 数据路径: D:\Signal\signal_boost\prod\Growth_1D_9_combine
2025-04-15 22:46:28,651 - 所有工作日数据完整
2025-04-15 22:46:28,651 - 最新数据日期: 2025-04-16
2025-04-15 22:46:28,651 - 信号 Growth_1D_9_combine 检查完成，状态: normal

2025-04-15 22:46:30,570 - 
检查信号: LHBProportion
2025-04-15 22:46:30,574 - 文件 LHB_AMT_proportion.csv 数据完整
2025-04-15 22:46:30,580 - 文件 IndexAmt.csv 数据完整
2025-04-15 22:46:30,580 - 信号 LHBProportion 检查完成，状态: normal

2025-04-15 22:46:30,580 - 
检查信号数据: LHBProportion_1D_9_combine
2025-04-15 22:46:30,580 - 数据路径: D:\Signal\signal_boost\prod\LHBProportion_1D_9_combine
2025-04-15 22:46:30,692 - 所有工作日数据完整
2025-04-15 22:46:30,692 - 最新数据日期: 2025-04-16
2025-04-15 22:46:30,692 - 信号 LHBProportion_1D_9_combine 检查完成，状态: normal

2025-04-15 22:46:32,602 - 
检查信号: NLBP_difference
2025-04-15 22:46:32,606 - 文件 NetLeverageBuying.csv 数据不完整: 缺少以下日期: ['2025-04-15']
2025-04-15 22:46:32,606 - 信号 NLBP_difference 检查完成，状态: error

2025-04-15 22:46:32,606 - 
检查信号: LargeOrder_difference
2025-04-15 22:46:32,611 - 文件 LargeOrderInflow.csv 数据完整
2025-04-15 22:46:32,611 - 信号 LargeOrder_difference 检查完成，状态: normal

2025-04-15 22:46:32,611 - 
检查信号数据: LargeOrder_difference_1D_9_combine
2025-04-15 22:46:32,611 - 数据路径: D:\Signal\signal_boost\prod\LargeOrder_difference_1D_9_combine
2025-04-15 22:46:32,715 - 所有工作日数据完整
2025-04-15 22:46:32,715 - 最新数据日期: 2025-04-16
2025-04-15 22:46:32,715 - 信号 LargeOrder_difference_1D_9_combine 检查完成，状态: normal

2025-04-15 22:46:34,282 - 
检查信号: Monthly_effect
2025-04-15 22:46:34,293 - 文件 index_return.csv 数据完整
2025-04-15 22:46:34,293 - 信号 Monthly_effect 检查完成，状态: normal

2025-04-15 22:46:34,293 - 
检查信号数据: Monthly_effect_1D_9_combine
2025-04-15 22:46:34,293 - 数据路径: D:\Signal\signal_boost\prod\Monthly_effect_1D_9_combine
2025-04-15 22:46:34,417 - 所有工作日数据完整
2025-04-15 22:46:34,417 - 最新数据日期: 2025-04-16
2025-04-15 22:46:34,417 - 信号 Monthly_effect_1D_9_combine 检查完成，状态: normal

2025-04-15 22:46:37,702 - 
检查信号: CPI
2025-04-15 22:46:37,707 - 文件 CPI.csv 数据完整
2025-04-15 22:46:37,707 - 信号 CPI 检查完成，状态: normal

2025-04-15 22:46:37,707 - 
检查信号数据: CPI_1D_9_combine
2025-04-15 22:46:37,707 - 数据路径: D:\Signal\signal_boost\prod\CPI_1D_9_combine
2025-04-15 22:46:37,825 - 所有工作日数据完整
2025-04-15 22:46:37,825 - 最新数据日期: 2025-04-16
2025-04-15 22:46:37,825 - 信号 CPI_1D_9_combine 检查完成，状态: normal

2025-04-15 22:46:39,978 - 
检查信号: PPI
2025-04-15 22:46:39,982 - 文件 PPI.csv 数据完整
2025-04-15 22:46:39,982 - 信号 PPI 检查完成，状态: normal

2025-04-15 22:46:39,982 - 
检查信号数据: PPI_1D_9_combine
2025-04-15 22:46:39,983 - 数据路径: D:\Signal\signal_boost\prod\PPI_1D_9_combine
2025-04-15 22:46:40,111 - 所有工作日数据完整
2025-04-15 22:46:40,111 - 最新数据日期: 2025-04-16
2025-04-15 22:46:40,111 - 信号 PPI_1D_9_combine 检查完成，状态: normal

2025-04-15 22:46:42,218 - 
检查信号: PMI
2025-04-15 22:46:42,222 - 文件 PMI.csv 数据完整
2025-04-15 22:46:42,222 - 信号 PMI 检查完成，状态: normal

2025-04-15 22:46:42,222 - 
检查信号数据: PMI_1D_9_combine
2025-04-15 22:46:42,223 - 数据路径: D:\Signal\signal_boost\prod\PMI_1D_9_combine
2025-04-15 22:46:42,338 - 所有工作日数据完整
2025-04-15 22:46:42,338 - 最新数据日期: 2025-04-16
2025-04-15 22:46:42,338 - 信号 PMI_1D_9_combine 检查完成，状态: normal

2025-04-15 22:46:44,477 - 
检查信号: Stock_HL
2025-04-15 22:46:45,459 - 文件 stock_close.csv 数据完整
2025-04-15 22:46:45,459 - 信号 Stock_HL 检查完成，状态: normal

2025-04-15 22:46:45,459 - 
检查信号数据: Stock_HL_1D_9_combine
2025-04-15 22:46:45,459 - 数据路径: D:\Signal\signal_boost\prod\Stock_HL_1D_9_combine
2025-04-15 22:46:45,563 - 所有工作日数据完整
2025-04-15 22:46:45,563 - 最新数据日期: 2025-04-16
2025-04-15 22:46:45,564 - 信号 Stock_HL_1D_9_combine 检查完成，状态: normal

2025-04-15 22:46:57,486 - 
检查信号: Rsi_difference
2025-04-15 22:46:58,383 - 文件 stock_close.csv 数据完整
2025-04-15 22:46:58,383 - 信号 Rsi_difference 检查完成，状态: normal

2025-04-15 22:46:58,383 - 
检查信号数据: Rsi_difference_1D_9_combine
2025-04-15 22:46:58,383 - 数据路径: D:\Signal\signal_boost\prod\Rsi_difference_1D_9_combine
2025-04-15 22:46:58,493 - 所有工作日数据完整
2025-04-15 22:46:58,493 - 最新数据日期: 2025-04-16
2025-04-15 22:46:58,493 - 信号 Rsi_difference_1D_9_combine 检查完成，状态: normal

2025-04-15 22:47:09,564 - 
检查信号: RaisingTrend_proportion
2025-04-15 22:47:10,462 - 文件 stock_close.csv 数据完整
2025-04-15 22:47:10,462 - 信号 RaisingTrend_proportion 检查完成，状态: normal

2025-04-15 22:47:10,462 - 
检查信号数据: RaisingTrend_proportion_1D_9_combine
2025-04-15 22:47:10,462 - 数据路径: D:\Signal\signal_boost\prod\RaisingTrend_proportion_1D_9_combine
2025-04-15 22:47:10,558 - 所有工作日数据完整
2025-04-15 22:47:10,558 - 最新数据日期: 2025-04-16
2025-04-15 22:47:10,558 - 信号 RaisingTrend_proportion_1D_9_combine 检查完成，状态: normal

2025-04-15 22:47:17,000 - 
检查信号: TargetIndex_MACD
2025-04-15 22:47:17,011 - 文件 index_return.csv 数据完整
2025-04-15 22:47:17,012 - 信号 TargetIndex_MACD 检查完成，状态: normal

2025-04-15 22:47:17,012 - 
检查信号数据: TargetIndex_MACD_1D_9_combine
2025-04-15 22:47:17,012 - 数据路径: D:\Signal\signal_boost\prod\TargetIndex_MACD_1D_9_combine
2025-04-15 22:47:17,136 - 所有工作日数据完整
2025-04-15 22:47:17,136 - 最新数据日期: 2025-04-16
2025-04-15 22:47:17,136 - 信号 TargetIndex_MACD_1D_9_combine 检查完成，状态: normal

2025-04-15 22:47:19,093 - 
检查信号: TargetIndex_RSI
2025-04-15 22:47:19,102 - 文件 index_return.csv 数据完整
2025-04-15 22:47:19,102 - 信号 TargetIndex_RSI 检查完成，状态: normal

2025-04-15 22:47:19,102 - 
检查信号数据: TargetIndex_RSI_1D_9_combine
2025-04-15 22:47:19,102 - 数据路径: D:\Signal\signal_boost\prod\TargetIndex_RSI_1D_9_combine
2025-04-15 22:47:19,221 - 所有工作日数据完整
2025-04-15 22:47:19,221 - 最新数据日期: 2025-04-16
2025-04-15 22:47:19,221 - 信号 TargetIndex_RSI_1D_9_combine 检查完成，状态: normal

2025-04-15 22:47:21,216 - 
检查信号: TargetIndex_BBANDS
2025-04-15 22:47:21,226 - 文件 index_return.csv 数据完整
2025-04-15 22:47:21,226 - 信号 TargetIndex_BBANDS 检查完成，状态: normal

2025-04-15 22:47:21,227 - 
检查信号数据: TargetIndex_BBANDS_1D_9_combine
2025-04-15 22:47:21,227 - 数据路径: D:\Signal\signal_boost\prod\TargetIndex_BBANDS_1D_9_combine
2025-04-15 22:47:21,345 - 所有工作日数据完整
2025-04-15 22:47:21,345 - 最新数据日期: 2025-04-16
2025-04-15 22:47:21,345 - 信号 TargetIndex_BBANDS_1D_9_combine 检查完成，状态: normal

2025-04-15 22:47:23,309 - 
检查信号: TargetIndex_MOMENTUM
2025-04-15 22:47:23,320 - 文件 index_return.csv 数据完整
2025-04-15 22:47:23,320 - 信号 TargetIndex_MOMENTUM 检查完成，状态: normal

2025-04-15 22:47:23,320 - 
检查信号数据: TargetIndex_MOMENTUM_1D_9_combine
2025-04-15 22:47:23,320 - 数据路径: D:\Signal\signal_boost\prod\TargetIndex_MOMENTUM_1D_9_combine
2025-04-15 22:47:23,439 - 所有工作日数据完整
2025-04-15 22:47:23,439 - 最新数据日期: 2025-04-16
2025-04-15 22:47:23,439 - 信号 TargetIndex_MOMENTUM_1D_9_combine 检查完成，状态: normal

2025-04-15 22:47:25,449 - 
检查信号: TargetIndex_PSA
2025-04-15 22:47:25,456 - 文件 IndexClose.csv 数据完整
2025-04-15 22:47:25,461 - 文件 IndexHigh.csv 数据完整
2025-04-15 22:47:25,467 - 文件 IndexLow.csv 数据完整
2025-04-15 22:47:25,467 - 信号 TargetIndex_PSA 检查完成，状态: normal

2025-04-15 22:47:25,467 - 
检查信号数据: TargetIndex_PSA_1D_9_combine
2025-04-15 22:47:25,468 - 数据路径: D:\Signal\signal_boost\prod\TargetIndex_PSA_1D_9_combine
2025-04-15 22:47:25,589 - 所有工作日数据完整
2025-04-15 22:47:25,589 - 最新数据日期: 2025-04-16
2025-04-15 22:47:25,589 - 信号 TargetIndex_PSA_1D_9_combine 检查完成，状态: normal

2025-04-15 22:47:27,637 - 
检查信号: TargetIndex_MOMENTUM2
2025-04-15 22:47:27,648 - 文件 index_return.csv 数据完整
2025-04-15 22:47:27,648 - 信号 TargetIndex_MOMENTUM2 检查完成，状态: normal

2025-04-15 22:47:27,648 - 
检查信号数据: TargetIndex_MOMENTUM2_1D_9_combine
2025-04-15 22:47:27,648 - 数据路径: D:\Signal\signal_boost\prod\TargetIndex_MOMENTUM2_1D_9_combine
2025-04-15 22:47:27,648 - 信号数据文件夹不存在: D:\Signal\signal_boost\prod\TargetIndex_MOMENTUM2_1D_9_combine
