2025-03-23 20:11:43,034 - 开始数据检查 - 检查期间: 2024-03-21 到 2025-03-21
2025-03-23 20:11:43,034 - 目标日期: 2025-03-21
2025-03-23 20:11:43,035 - 
检查信号: CreditSpread_9M
2025-03-23 20:11:43,046 - 文件 ChinaDevelopmentBankBonds.csv 数据完整
2025-03-23 20:11:43,056 - 文件 ChinaMediumTermNotes.csv 数据完整
2025-03-23 20:11:43,056 - 信号 CreditSpread_9M 检查完成，状态: normal

2025-03-23 20:11:43,056 - 
检查信号数据: CreditSpread_9M_1D_9_combine
2025-03-23 20:11:43,056 - 数据路径: D:\Signal\signal_boost\prod\CreditSpread_9M_1D_9_combine
2025-03-23 20:11:43,222 - 所有工作日数据完整
2025-03-23 20:11:43,223 - 最新数据日期: 2025-03-21
2025-03-23 20:11:43,223 - 信号 CreditSpread_9M_1D_9_combine 检查完成，状态: normal

2025-03-23 20:11:47,937 - 
检查信号: CreditSpread_5Y
2025-03-23 20:11:47,947 - 文件 ChinaDevelopmentBankBonds.csv 数据完整
2025-03-23 20:11:47,957 - 文件 ChinaMediumTermNotes.csv 数据完整
2025-03-23 20:11:47,957 - 信号 CreditSpread_5Y 检查完成，状态: normal

2025-03-23 20:11:47,957 - 
检查信号数据: CreditSpread_5Y_1D_9_combine
2025-03-23 20:11:47,957 - 数据路径: D:\Signal\signal_boost\prod\CreditSpread_5Y_1D_9_combine
2025-03-23 20:11:48,120 - 所有工作日数据完整
2025-03-23 20:11:48,120 - 最新数据日期: 2025-03-21
2025-03-23 20:11:48,120 - 信号 CreditSpread_5Y_1D_9_combine 检查完成，状态: normal

2025-03-23 20:11:53,061 - 
检查信号: Shibor_2W
2025-03-23 20:11:53,071 - 文件 Shibor.csv 数据完整
2025-03-23 20:11:53,072 - 信号 Shibor_2W 检查完成，状态: normal

2025-03-23 20:11:53,072 - 
检查信号数据: Shibor_2W_45D_9_combine
2025-03-23 20:11:53,072 - 数据路径: D:\Signal\signal_boost\prod\Shibor_2W_45D_9_combine
2025-03-23 20:11:53,230 - 所有工作日数据完整
2025-03-23 20:11:53,231 - 最新数据日期: 2025-03-21
2025-03-23 20:11:53,231 - 信号 Shibor_2W_45D_9_combine 检查完成，状态: normal

2025-03-23 20:12:00,351 - 
检查信号: Shibor_9M
2025-03-23 20:12:00,361 - 文件 Shibor.csv 数据完整
2025-03-23 20:12:00,361 - 信号 Shibor_9M 检查完成，状态: normal

2025-03-23 20:12:00,362 - 
检查信号数据: Shibor_9M_45D_9_combine
2025-03-23 20:12:00,362 - 数据路径: D:\Signal\signal_boost\prod\Shibor_9M_45D_9_combine
2025-03-23 20:12:00,518 - 所有工作日数据完整
2025-03-23 20:12:00,518 - 最新数据日期: 2025-03-21
2025-03-23 20:12:00,518 - 信号 Shibor_9M_45D_9_combine 检查完成，状态: normal

2025-03-23 20:12:05,908 - 
检查信号: Bond_3Y
2025-03-23 20:12:05,918 - 文件 ChinaGovernmentBonds.csv 数据完整
2025-03-23 20:12:05,918 - 信号 Bond_3Y 检查完成，状态: normal

2025-03-23 20:12:05,918 - 
检查信号数据: Bond_3Y_90D_9_combine
2025-03-23 20:12:05,918 - 数据路径: D:\Signal\signal_boost\prod\Bond_3Y_90D_9_combine
2025-03-23 20:12:06,070 - 所有工作日数据完整
2025-03-23 20:12:06,070 - 最新数据日期: 2025-03-21
2025-03-23 20:12:06,070 - 信号 Bond_3Y_90D_9_combine 检查完成，状态: normal

2025-03-23 20:12:13,144 - 
检查信号: Bond_10Y
2025-03-23 20:12:13,154 - 文件 ChinaGovernmentBonds.csv 数据完整
2025-03-23 20:12:13,154 - 信号 Bond_10Y 检查完成，状态: normal

2025-03-23 20:12:13,155 - 
检查信号数据: Bond_10Y_90D_9_combine
2025-03-23 20:12:13,155 - 数据路径: D:\Signal\signal_boost\prod\Bond_10Y_90D_9_combine
2025-03-23 20:12:13,308 - 所有工作日数据完整
2025-03-23 20:12:13,308 - 最新数据日期: 2025-03-21
2025-03-23 20:12:13,308 - 信号 Bond_10Y_90D_9_combine 检查完成，状态: normal

2025-03-23 20:12:20,427 - 
检查信号: USDX
2025-03-23 20:12:20,437 - 文件 UsDollar.csv 数据完整
2025-03-23 20:12:20,437 - 信号 USDX 检查完成，状态: normal

2025-03-23 20:12:20,437 - 
检查信号数据: USDX_120D_9_combine
2025-03-23 20:12:20,437 - 数据路径: D:\Signal\signal_boost\prod\USDX_120D_9_combine
2025-03-23 20:12:20,582 - 所有工作日数据完整
2025-03-23 20:12:20,583 - 最新数据日期: 2025-03-21
2025-03-23 20:12:20,583 - 信号 USDX_120D_9_combine 检查完成，状态: normal

2025-03-23 20:12:27,727 - 
检查信号: TermSpread_9Y
2025-03-23 20:12:27,737 - 文件 ChinaDevelopmentBankBonds.csv 数据完整
2025-03-23 20:12:27,738 - 信号 TermSpread_9Y 检查完成，状态: normal

2025-03-23 20:12:27,738 - 
检查信号数据: TermSpread_9Y_120D_9_combine
2025-03-23 20:12:27,738 - 数据路径: D:\Signal\signal_boost\prod\TermSpread_9Y_120D_9_combine
2025-03-23 20:12:27,882 - 所有工作日数据完整
2025-03-23 20:12:27,882 - 最新数据日期: 2025-03-21
2025-03-23 20:12:27,883 - 信号 TermSpread_9Y_120D_9_combine 检查完成，状态: normal

2025-03-23 20:12:34,918 - 
检查信号: M1M2
2025-03-23 20:12:34,930 - 文件 M1M2.csv 数据完整
2025-03-23 20:12:34,930 - 信号 M1M2 检查完成，状态: normal

2025-03-23 20:12:34,931 - 
检查信号数据: M1M2_90D_9_combine
2025-03-23 20:12:34,931 - 数据路径: D:\Signal\signal_boost\prod\M1M2_90D_9_combine
2025-03-23 20:12:35,081 - 所有工作日数据完整
2025-03-23 20:12:35,081 - 最新数据日期: 2025-03-21
2025-03-23 20:12:35,081 - 信号 M1M2_90D_9_combine 检查完成，状态: normal

2025-03-23 20:12:41,852 - 
检查信号: RelativeVolume_std
2025-03-23 20:12:41,866 - 文件 IndexVolume.csv 数据完整
2025-03-23 20:12:41,866 - 信号 RelativeVolume_std 检查完成，状态: normal

2025-03-23 20:12:41,867 - 
检查信号数据: RelativeVolume_std_20D_9_combine
2025-03-23 20:12:41,867 - 数据路径: D:\Signal\signal_boost\prod\RelativeVolume_std_20D_9_combine
2025-03-23 20:12:42,032 - 所有工作日数据完整
2025-03-23 20:12:42,032 - 最新数据日期: 2025-03-21
2025-03-23 20:12:42,033 - 信号 RelativeVolume_std_20D_9_combine 检查完成，状态: normal

2025-03-23 20:12:47,047 - 
检查信号: RelativeReturn_std
2025-03-23 20:12:47,062 - 文件 index_return.csv 数据完整
2025-03-23 20:12:47,062 - 信号 RelativeReturn_std 检查完成，状态: normal

2025-03-23 20:12:47,063 - 
检查信号数据: RelativeReturn_std_20D_9_combine
2025-03-23 20:12:47,063 - 数据路径: D:\Signal\signal_boost\prod\RelativeReturn_std_20D_9_combine
2025-03-23 20:12:47,221 - 所有工作日数据完整
2025-03-23 20:12:47,221 - 最新数据日期: 2025-03-21
2025-03-23 20:12:47,221 - 信号 RelativeReturn_std_20D_9_combine 检查完成，状态: normal

2025-03-23 20:12:52,250 - 
检查信号: EarningsYield_Reverse
2025-03-23 20:12:52,294 - 文件 hs300因子风险暴露.csv 数据完整
2025-03-23 20:12:52,338 - 文件 gz2000因子风险暴露.csv 数据完整
2025-03-23 20:12:52,339 - 信号 EarningsYield_Reverse 检查完成，状态: normal

2025-03-23 20:12:52,339 - 
检查信号数据: EarningsYield_Reverse_10D_9_combine
2025-03-23 20:12:52,339 - 数据路径: D:\Signal\signal_boost\prod\EarningsYield_Reverse_10D_9_combine
2025-03-23 20:12:52,500 - 所有工作日数据完整
2025-03-23 20:12:52,500 - 最新数据日期: 2025-03-21
2025-03-23 20:12:52,500 - 信号 EarningsYield_Reverse_10D_9_combine 检查完成，状态: normal

2025-03-23 20:12:58,087 - 
检查信号: LHBProportion
2025-03-23 20:12:58,095 - 文件 LHB_AMT_proportion.csv 数据完整
2025-03-23 20:12:58,108 - 文件 IndexAmt.csv 数据完整
2025-03-23 20:12:58,108 - 信号 LHBProportion 检查完成，状态: normal

2025-03-23 20:12:58,108 - 
检查信号数据: LHBProportion_1D_9_combine
2025-03-23 20:12:58,108 - 数据路径: D:\Signal\signal_boost\prod\LHBProportion_1D_9_combine
2025-03-23 20:12:58,267 - 所有工作日数据完整
2025-03-23 20:12:58,267 - 最新数据日期: 2025-03-21
2025-03-23 20:12:58,267 - 信号 LHBProportion_1D_9_combine 检查完成，状态: normal

2025-03-23 20:13:03,096 - 
检查信号: NLBP_difference
2025-03-23 20:13:03,105 - 文件 NetLeverageBuying.csv 数据完整
2025-03-23 20:13:03,105 - 信号 NLBP_difference 检查完成，状态: normal

2025-03-23 20:13:03,106 - 
检查信号数据: NLBP_difference_1D_9_combine
2025-03-23 20:13:03,106 - 数据路径: D:\Signal\signal_boost\prod\NLBP_difference_1D_9_combine
2025-03-23 20:13:03,268 - 所有工作日数据完整
2025-03-23 20:13:03,268 - 最新数据日期: 2025-03-21
2025-03-23 20:13:03,268 - 信号 NLBP_difference_1D_9_combine 检查完成，状态: normal

