2025-04-20 21:17:16,424 - 开始数据检查 - 检查期间: 2024-04-18 到 2025-04-18
2025-04-20 21:17:16,424 - 目标日期: 2025-04-18
2025-04-20 21:17:16,424 - 
检查信号: CreditSpread_9M
2025-04-20 21:17:16,435 - 文件 ChinaDevelopmentBankBonds.csv 数据完整
2025-04-20 21:17:16,445 - 文件 ChinaMediumTermNotes.csv 数据完整
2025-04-20 21:17:16,445 - 信号 CreditSpread_9M 检查完成，状态: normal

2025-04-20 21:17:16,445 - 
检查信号数据: CreditSpread_9M_1D_9_combine
2025-04-20 21:17:16,445 - 数据路径: D:\Signal\signal_boost\prod\CreditSpread_9M_1D_9_combine
2025-04-20 21:17:16,610 - 所有工作日数据完整
2025-04-20 21:17:16,610 - 最新数据日期: 2025-04-18
2025-04-20 21:17:16,610 - 信号 CreditSpread_9M_1D_9_combine 检查完成，状态: normal

2025-04-20 21:17:21,578 - 
检查信号: CreditSpread_5Y
2025-04-20 21:17:21,589 - 文件 ChinaDevelopmentBankBonds.csv 数据完整
2025-04-20 21:17:21,598 - 文件 ChinaMediumTermNotes.csv 数据完整
2025-04-20 21:17:21,599 - 信号 CreditSpread_5Y 检查完成，状态: normal

2025-04-20 21:17:21,599 - 
检查信号数据: CreditSpread_5Y_1D_9_combine
2025-04-20 21:17:21,599 - 数据路径: D:\Signal\signal_boost\prod\CreditSpread_5Y_1D_9_combine
2025-04-20 21:17:21,761 - 所有工作日数据完整
2025-04-20 21:17:21,762 - 最新数据日期: 2025-04-18
2025-04-20 21:17:21,762 - 信号 CreditSpread_5Y_1D_9_combine 检查完成，状态: normal

2025-04-20 21:17:26,805 - 
检查信号: Shibor_2W
2025-04-20 21:17:26,815 - 文件 Shibor.csv 数据完整
2025-04-20 21:17:26,815 - 信号 Shibor_2W 检查完成，状态: normal

2025-04-20 21:17:26,815 - 
检查信号数据: Shibor_2W_45D_9_combine
2025-04-20 21:17:26,815 - 数据路径: D:\Signal\signal_boost\prod\Shibor_2W_45D_9_combine
2025-04-20 21:17:26,973 - 所有工作日数据完整
2025-04-20 21:17:26,974 - 最新数据日期: 2025-04-18
2025-04-20 21:17:26,974 - 信号 Shibor_2W_45D_9_combine 检查完成，状态: normal

2025-04-20 21:17:34,106 - 
检查信号: Shibor_9M
2025-04-20 21:17:34,116 - 文件 Shibor.csv 数据完整
2025-04-20 21:17:34,116 - 信号 Shibor_9M 检查完成，状态: normal

2025-04-20 21:17:34,116 - 
检查信号数据: Shibor_9M_45D_9_combine
2025-04-20 21:17:34,116 - 数据路径: D:\Signal\signal_boost\prod\Shibor_9M_45D_9_combine
2025-04-20 21:17:34,275 - 所有工作日数据完整
2025-04-20 21:17:34,275 - 最新数据日期: 2025-04-18
2025-04-20 21:17:34,275 - 信号 Shibor_9M_45D_9_combine 检查完成，状态: normal

2025-04-20 21:17:39,852 - 
检查信号: Bond_3Y
2025-04-20 21:17:39,862 - 文件 ChinaGovernmentBonds.csv 数据完整
2025-04-20 21:17:39,862 - 信号 Bond_3Y 检查完成，状态: normal

2025-04-20 21:17:39,862 - 
检查信号数据: Bond_3Y_90D_9_combine
2025-04-20 21:17:39,862 - 数据路径: D:\Signal\signal_boost\prod\Bond_3Y_90D_9_combine
2025-04-20 21:17:40,013 - 所有工作日数据完整
2025-04-20 21:17:40,014 - 最新数据日期: 2025-04-18
2025-04-20 21:17:40,014 - 信号 Bond_3Y_90D_9_combine 检查完成，状态: normal

2025-04-20 21:17:47,257 - 
检查信号: Bond_10Y
2025-04-20 21:17:47,267 - 文件 ChinaGovernmentBonds.csv 数据完整
2025-04-20 21:17:47,267 - 信号 Bond_10Y 检查完成，状态: normal

2025-04-20 21:17:47,267 - 
检查信号数据: Bond_10Y_90D_9_combine
2025-04-20 21:17:47,267 - 数据路径: D:\Signal\signal_boost\prod\Bond_10Y_90D_9_combine
2025-04-20 21:17:47,419 - 所有工作日数据完整
2025-04-20 21:17:47,419 - 最新数据日期: 2025-04-18
2025-04-20 21:17:47,419 - 信号 Bond_10Y_90D_9_combine 检查完成，状态: normal

2025-04-20 21:17:54,720 - 
检查信号: USDX
2025-04-20 21:17:54,729 - 文件 UsDollar.csv 数据完整
2025-04-20 21:17:54,729 - 信号 USDX 检查完成，状态: normal

2025-04-20 21:17:54,729 - 
检查信号数据: USDX_120D_9_combine
2025-04-20 21:17:54,729 - 数据路径: D:\Signal\signal_boost\prod\USDX_120D_9_combine
2025-04-20 21:17:54,877 - 所有工作日数据完整
2025-04-20 21:17:54,877 - 最新数据日期: 2025-04-18
2025-04-20 21:17:54,877 - 信号 USDX_120D_9_combine 检查完成，状态: normal

2025-04-20 21:18:02,314 - 
检查信号: TermSpread_9Y
2025-04-20 21:18:02,323 - 文件 ChinaDevelopmentBankBonds.csv 数据完整
2025-04-20 21:18:02,323 - 信号 TermSpread_9Y 检查完成，状态: normal

2025-04-20 21:18:02,324 - 
检查信号数据: TermSpread_9Y_120D_9_combine
2025-04-20 21:18:02,324 - 数据路径: D:\Signal\signal_boost\prod\TermSpread_9Y_120D_9_combine
2025-04-20 21:18:02,472 - 所有工作日数据完整
2025-04-20 21:18:02,472 - 最新数据日期: 2025-04-18
2025-04-20 21:18:02,472 - 信号 TermSpread_9Y_120D_9_combine 检查完成，状态: normal

2025-04-20 21:18:09,771 - 
检查信号: M1M2
2025-04-20 21:18:09,783 - 文件 M1M2.csv 数据完整
2025-04-20 21:18:09,783 - 信号 M1M2 检查完成，状态: normal

2025-04-20 21:18:09,783 - 
检查信号数据: M1M2_90D_9_combine
2025-04-20 21:18:09,783 - 数据路径: D:\Signal\signal_boost\prod\M1M2_90D_9_combine
2025-04-20 21:18:09,936 - 所有工作日数据完整
2025-04-20 21:18:09,936 - 最新数据日期: 2025-04-18
2025-04-20 21:18:09,936 - 信号 M1M2_90D_9_combine 检查完成，状态: normal

2025-04-20 21:18:16,854 - 
检查信号: RelativeVolume_std
2025-04-20 21:18:16,866 - 文件 IndexVolume.csv 数据完整
2025-04-20 21:18:16,867 - 信号 RelativeVolume_std 检查完成，状态: normal

2025-04-20 21:18:16,867 - 
检查信号数据: RelativeVolume_std_20D_9_combine
2025-04-20 21:18:16,867 - 数据路径: D:\Signal\signal_boost\prod\RelativeVolume_std_20D_9_combine
2025-04-20 21:18:17,029 - 所有工作日数据完整
2025-04-20 21:18:17,029 - 最新数据日期: 2025-04-18
2025-04-20 21:18:17,029 - 信号 RelativeVolume_std_20D_9_combine 检查完成，状态: normal

2025-04-20 21:18:22,143 - 
检查信号: RelativeReturn_std
2025-04-20 21:18:22,182 - 文件 index_return.csv 数据完整
2025-04-20 21:18:22,182 - 信号 RelativeReturn_std 检查完成，状态: normal

2025-04-20 21:18:22,182 - 
检查信号数据: RelativeReturn_std_20D_9_combine
2025-04-20 21:18:22,182 - 数据路径: D:\Signal\signal_boost\prod\RelativeReturn_std_20D_9_combine
2025-04-20 21:18:22,342 - 所有工作日数据完整
2025-04-20 21:18:22,342 - 最新数据日期: 2025-04-18
2025-04-20 21:18:22,342 - 信号 RelativeReturn_std_20D_9_combine 检查完成，状态: normal

2025-04-20 21:18:27,597 - 
检查信号: EarningsYield_Reverse
2025-04-20 21:18:27,611 - 文件 ygData.csv 数据完整
2025-04-20 21:18:27,611 - 信号 EarningsYield_Reverse 检查完成，状态: normal

2025-04-20 21:18:27,611 - 
检查信号数据: EarningsYield_Reverse_1D_9_combine
2025-04-20 21:18:27,611 - 数据路径: D:\Signal\signal_boost\prod\EarningsYield_Reverse_1D_9_combine
2025-04-20 21:18:27,916 - 所有工作日数据完整
2025-04-20 21:18:27,916 - 最新数据日期: 2025-04-18
2025-04-20 21:18:27,916 - 信号 EarningsYield_Reverse_1D_9_combine 检查完成，状态: normal

2025-04-20 21:18:32,951 - 
检查信号: Growth
2025-04-20 21:18:32,965 - 文件 ygData.csv 数据完整
2025-04-20 21:18:32,965 - 信号 Growth 检查完成，状态: normal

2025-04-20 21:18:32,965 - 
检查信号数据: Growth_1D_9_combine
2025-04-20 21:18:32,965 - 数据路径: D:\Signal\signal_boost\prod\Growth_1D_9_combine
2025-04-20 21:18:33,270 - 所有工作日数据完整
2025-04-20 21:18:33,270 - 最新数据日期: 2025-04-18
2025-04-20 21:18:33,270 - 信号 Growth_1D_9_combine 检查完成，状态: normal

2025-04-20 21:18:38,273 - 
检查信号: LHBProportion
2025-04-20 21:18:38,282 - 文件 LHB_AMT_proportion.csv 数据完整
2025-04-20 21:18:38,297 - 文件 IndexAmt.csv 数据完整
2025-04-20 21:18:38,297 - 信号 LHBProportion 检查完成，状态: normal

2025-04-20 21:18:38,297 - 
检查信号数据: LHBProportion_1D_9_combine
2025-04-20 21:18:38,297 - 数据路径: D:\Signal\signal_boost\prod\LHBProportion_1D_9_combine
2025-04-20 21:18:38,463 - 所有工作日数据完整
2025-04-20 21:18:38,463 - 最新数据日期: 2025-04-18
2025-04-20 21:18:38,463 - 信号 LHBProportion_1D_9_combine 检查完成，状态: normal

2025-04-20 21:18:43,374 - 
检查信号: NLBP_difference
2025-04-20 21:18:43,383 - 文件 NetLeverageBuying.csv 数据完整
2025-04-20 21:18:43,383 - 信号 NLBP_difference 检查完成，状态: normal

2025-04-20 21:18:43,383 - 
检查信号数据: NLBP_difference_1D_9_combine
2025-04-20 21:18:43,383 - 数据路径: D:\Signal\signal_boost\prod\NLBP_difference_1D_9_combine
2025-04-20 21:18:43,548 - 所有工作日数据完整
2025-04-20 21:18:43,548 - 最新数据日期: 2025-04-18
2025-04-20 21:18:43,548 - 信号 NLBP_difference_1D_9_combine 检查完成，状态: normal

2025-04-20 21:18:48,399 - 
检查信号: LargeOrder_difference
2025-04-20 21:18:48,409 - 文件 LargeOrderInflow.csv 数据完整
2025-04-20 21:18:48,409 - 信号 LargeOrder_difference 检查完成，状态: normal

2025-04-20 21:18:48,409 - 
检查信号数据: LargeOrder_difference_1D_9_combine
2025-04-20 21:18:48,409 - 数据路径: D:\Signal\signal_boost\prod\LargeOrder_difference_1D_9_combine
2025-04-20 21:18:48,691 - 所有工作日数据完整
2025-04-20 21:18:48,691 - 最新数据日期: 2025-04-18
2025-04-20 21:18:48,691 - 信号 LargeOrder_difference_1D_9_combine 检查完成，状态: normal

2025-04-20 21:18:52,792 - 
检查信号: Monthly_effect
2025-04-20 21:18:52,815 - 文件 index_return.csv 数据完整
2025-04-20 21:18:52,815 - 信号 Monthly_effect 检查完成，状态: normal

2025-04-20 21:18:52,815 - 
检查信号数据: Monthly_effect_1D_9_combine
2025-04-20 21:18:52,816 - 数据路径: D:\Signal\signal_boost\prod\Monthly_effect_1D_9_combine
2025-04-20 21:18:53,139 - 所有工作日数据完整
2025-04-20 21:18:53,139 - 最新数据日期: 2025-04-18
2025-04-20 21:18:53,139 - 信号 Monthly_effect_1D_9_combine 检查完成，状态: normal

2025-04-20 21:19:01,553 - 
检查信号: CPI
2025-04-20 21:19:01,564 - 文件 CPI.csv 数据完整
2025-04-20 21:19:01,564 - 信号 CPI 检查完成，状态: normal

2025-04-20 21:19:01,564 - 
检查信号数据: CPI_1D_9_combine
2025-04-20 21:19:01,564 - 数据路径: D:\Signal\signal_boost\prod\CPI_1D_9_combine
2025-04-20 21:19:01,878 - 所有工作日数据完整
2025-04-20 21:19:01,879 - 最新数据日期: 2025-04-18
2025-04-20 21:19:01,879 - 信号 CPI_1D_9_combine 检查完成，状态: normal

2025-04-20 21:19:07,520 - 
检查信号: PPI
2025-04-20 21:19:07,531 - 文件 PPI.csv 数据完整
2025-04-20 21:19:07,531 - 信号 PPI 检查完成，状态: normal

2025-04-20 21:19:07,531 - 
检查信号数据: PPI_1D_9_combine
2025-04-20 21:19:07,531 - 数据路径: D:\Signal\signal_boost\prod\PPI_1D_9_combine
2025-04-20 21:19:07,846 - 所有工作日数据完整
2025-04-20 21:19:07,846 - 最新数据日期: 2025-04-18
2025-04-20 21:19:07,846 - 信号 PPI_1D_9_combine 检查完成，状态: normal

2025-04-20 21:19:13,410 - 
检查信号: PMI
2025-04-20 21:19:13,421 - 文件 PMI.csv 数据完整
2025-04-20 21:19:13,421 - 信号 PMI 检查完成，状态: normal

2025-04-20 21:19:13,421 - 
检查信号数据: PMI_1D_9_combine
2025-04-20 21:19:13,421 - 数据路径: D:\Signal\signal_boost\prod\PMI_1D_9_combine
2025-04-20 21:19:13,738 - 所有工作日数据完整
2025-04-20 21:19:13,738 - 最新数据日期: 2025-04-18
2025-04-20 21:19:13,738 - 信号 PMI_1D_9_combine 检查完成，状态: normal

2025-04-20 21:19:19,362 - 
检查信号: Stock_HL
2025-04-20 21:19:21,608 - 文件 stock_close.csv 数据完整
2025-04-20 21:19:21,609 - 信号 Stock_HL 检查完成，状态: normal

2025-04-20 21:19:21,609 - 
检查信号数据: Stock_HL_1D_9_combine
2025-04-20 21:19:21,609 - 数据路径: D:\Signal\signal_boost\prod\Stock_HL_1D_9_combine
2025-04-20 21:19:21,882 - 所有工作日数据完整
2025-04-20 21:19:21,882 - 最新数据日期: 2025-04-18
2025-04-20 21:19:21,882 - 信号 Stock_HL_1D_9_combine 检查完成，状态: normal

2025-04-20 21:19:49,344 - 
检查信号: Rsi_difference
2025-04-20 21:19:51,586 - 文件 stock_close.csv 数据完整
2025-04-20 21:19:51,586 - 信号 Rsi_difference 检查完成，状态: normal

2025-04-20 21:19:51,586 - 
检查信号数据: Rsi_difference_1D_9_combine
2025-04-20 21:19:51,586 - 数据路径: D:\Signal\signal_boost\prod\Rsi_difference_1D_9_combine
2025-04-20 21:19:51,870 - 所有工作日数据完整
2025-04-20 21:19:51,870 - 最新数据日期: 2025-04-18
2025-04-20 21:19:51,870 - 信号 Rsi_difference_1D_9_combine 检查完成，状态: normal

2025-04-20 21:20:19,481 - 
检查信号: RaisingTrend_proportion
2025-04-20 21:20:21,723 - 文件 stock_close.csv 数据完整
2025-04-20 21:20:21,723 - 信号 RaisingTrend_proportion 检查完成，状态: normal

2025-04-20 21:20:21,724 - 
检查信号数据: RaisingTrend_proportion_1D_9_combine
2025-04-20 21:20:21,724 - 数据路径: D:\Signal\signal_boost\prod\RaisingTrend_proportion_1D_9_combine
2025-04-20 21:20:21,977 - 所有工作日数据完整
2025-04-20 21:20:21,978 - 最新数据日期: 2025-04-18
2025-04-20 21:20:21,978 - 信号 RaisingTrend_proportion_1D_9_combine 检查完成，状态: normal

2025-04-20 21:20:38,282 - 
检查信号: TargetIndex_MACD
2025-04-20 21:20:38,308 - 文件 index_return.csv 数据完整
2025-04-20 21:20:38,308 - 信号 TargetIndex_MACD 检查完成，状态: normal

2025-04-20 21:20:38,308 - 
检查信号数据: TargetIndex_MACD_1D_9_combine
2025-04-20 21:20:38,308 - 数据路径: D:\Signal\signal_boost\prod\TargetIndex_MACD_1D_9_combine
2025-04-20 21:20:38,628 - 所有工作日数据完整
2025-04-20 21:20:38,628 - 最新数据日期: 2025-04-18
2025-04-20 21:20:38,628 - 信号 TargetIndex_MACD_1D_9_combine 检查完成，状态: normal

2025-04-20 21:20:43,792 - 
检查信号: TargetIndex_BBANDS
2025-04-20 21:20:43,814 - 文件 index_return.csv 数据完整
2025-04-20 21:20:43,814 - 信号 TargetIndex_BBANDS 检查完成，状态: normal

2025-04-20 21:20:43,815 - 
检查信号数据: TargetIndex_BBANDS_1D_9_combine
2025-04-20 21:20:43,815 - 数据路径: D:\Signal\signal_boost\prod\TargetIndex_BBANDS_1D_9_combine
2025-04-20 21:20:44,135 - 所有工作日数据完整
2025-04-20 21:20:44,135 - 最新数据日期: 2025-04-18
2025-04-20 21:20:44,135 - 信号 TargetIndex_BBANDS_1D_9_combine 检查完成，状态: normal

2025-04-20 21:20:49,362 - 
检查信号: TargetIndex_MOMENTUM
2025-04-20 21:20:49,386 - 文件 index_return.csv 数据完整
2025-04-20 21:20:49,386 - 信号 TargetIndex_MOMENTUM 检查完成，状态: normal

2025-04-20 21:20:49,386 - 
检查信号数据: TargetIndex_MOMENTUM_1D_9_combine
2025-04-20 21:20:49,386 - 数据路径: D:\Signal\signal_boost\prod\TargetIndex_MOMENTUM_1D_9_combine
2025-04-20 21:20:49,704 - 所有工作日数据完整
2025-04-20 21:20:49,704 - 最新数据日期: 2025-04-18
2025-04-20 21:20:49,704 - 信号 TargetIndex_MOMENTUM_1D_9_combine 检查完成，状态: normal

2025-04-20 21:20:54,873 - 
检查信号: TargetIndex_PSA
2025-04-20 21:20:54,886 - 文件 IndexClose.csv 数据完整
2025-04-20 21:20:54,899 - 文件 IndexHigh.csv 数据完整
2025-04-20 21:20:54,912 - 文件 IndexLow.csv 数据完整
2025-04-20 21:20:54,912 - 信号 TargetIndex_PSA 检查完成，状态: normal

2025-04-20 21:20:54,912 - 
检查信号数据: TargetIndex_PSA_1D_9_combine
2025-04-20 21:20:54,912 - 数据路径: D:\Signal\signal_boost\prod\TargetIndex_PSA_1D_9_combine
2025-04-20 21:20:55,230 - 所有工作日数据完整
2025-04-20 21:20:55,230 - 最新数据日期: 2025-04-18
2025-04-20 21:20:55,230 - 信号 TargetIndex_PSA_1D_9_combine 检查完成，状态: normal

2025-04-20 21:21:00,672 - 
检查信号: TargetIndex_MOMENTUM2
2025-04-20 21:21:00,694 - 文件 index_return.csv 数据完整
2025-04-20 21:21:00,694 - 信号 TargetIndex_MOMENTUM2 检查完成，状态: normal

2025-04-20 21:21:00,694 - 
检查信号数据: TargetIndex_MOMENTUM2_1D_9_combine
2025-04-20 21:21:00,694 - 数据路径: D:\Signal\signal_boost\prod\TargetIndex_MOMENTUM2_1D_9_combine
2025-04-20 21:21:01,013 - 所有工作日数据完整
2025-04-20 21:21:01,013 - 最新数据日期: 2025-04-18
2025-04-20 21:21:01,013 - 信号 TargetIndex_MOMENTUM2_1D_9_combine 检查完成，状态: normal

2025-04-20 21:21:07,484 - 
检查信号: TargetIndex_REVERSE
2025-04-20 21:21:07,507 - 文件 index_return.csv 数据完整
2025-04-20 21:21:07,507 - 信号 TargetIndex_REVERSE 检查完成，状态: normal

2025-04-20 21:21:07,507 - 
检查信号数据: TargetIndex_REVERSE_1D_9_combine
2025-04-20 21:21:07,507 - 数据路径: D:\Signal\signal_boost\prod\TargetIndex_REVERSE_1D_9_combine
2025-04-20 21:21:07,507 - 信号数据文件夹不存在: D:\Signal\signal_boost\prod\TargetIndex_REVERSE_1D_9_combine
2025-04-20 21:26:45,031 - 开始数据检查 - 检查期间: 2024-04-18 到 2025-04-18
2025-04-20 21:26:45,032 - 目标日期: 2025-04-18
2025-04-20 21:26:45,032 - 
检查信号: CreditSpread_9M
2025-04-20 21:26:45,043 - 文件 ChinaDevelopmentBankBonds.csv 数据完整
2025-04-20 21:26:45,053 - 文件 ChinaMediumTermNotes.csv 数据完整
2025-04-20 21:26:45,053 - 信号 CreditSpread_9M 检查完成，状态: normal

2025-04-20 21:26:45,053 - 
检查信号数据: CreditSpread_9M_1D_9_combine
2025-04-20 21:26:45,053 - 数据路径: D:\Signal\signal_boost\prod\CreditSpread_9M_1D_9_combine
2025-04-20 21:26:45,217 - 所有工作日数据完整
2025-04-20 21:26:45,217 - 最新数据日期: 2025-04-21
2025-04-20 21:26:45,217 - 信号 CreditSpread_9M_1D_9_combine 检查完成，状态: normal

2025-04-20 21:26:50,291 - 
检查信号: CreditSpread_5Y
2025-04-20 21:26:50,301 - 文件 ChinaDevelopmentBankBonds.csv 数据完整
2025-04-20 21:26:50,312 - 文件 ChinaMediumTermNotes.csv 数据完整
2025-04-20 21:26:50,312 - 信号 CreditSpread_5Y 检查完成，状态: normal

2025-04-20 21:26:50,312 - 
检查信号数据: CreditSpread_5Y_1D_9_combine
2025-04-20 21:26:50,312 - 数据路径: D:\Signal\signal_boost\prod\CreditSpread_5Y_1D_9_combine
2025-04-20 21:26:50,474 - 所有工作日数据完整
2025-04-20 21:26:50,474 - 最新数据日期: 2025-04-21
2025-04-20 21:26:50,474 - 信号 CreditSpread_5Y_1D_9_combine 检查完成，状态: normal

2025-04-20 21:26:55,575 - 
检查信号: Shibor_2W
2025-04-20 21:26:55,585 - 文件 Shibor.csv 数据完整
2025-04-20 21:26:55,585 - 信号 Shibor_2W 检查完成，状态: normal

2025-04-20 21:26:55,585 - 
检查信号数据: Shibor_2W_45D_9_combine
2025-04-20 21:26:55,585 - 数据路径: D:\Signal\signal_boost\prod\Shibor_2W_45D_9_combine
2025-04-20 21:26:55,742 - 所有工作日数据完整
2025-04-20 21:26:55,742 - 最新数据日期: 2025-04-21
2025-04-20 21:26:55,742 - 信号 Shibor_2W_45D_9_combine 检查完成，状态: normal

2025-04-20 21:27:02,644 - 
检查信号: Shibor_9M
2025-04-20 21:27:02,653 - 文件 Shibor.csv 数据完整
2025-04-20 21:27:02,653 - 信号 Shibor_9M 检查完成，状态: normal

2025-04-20 21:27:02,653 - 
检查信号数据: Shibor_9M_45D_9_combine
2025-04-20 21:27:02,653 - 数据路径: D:\Signal\signal_boost\prod\Shibor_9M_45D_9_combine
2025-04-20 21:27:02,811 - 所有工作日数据完整
2025-04-20 21:27:02,811 - 最新数据日期: 2025-04-21
2025-04-20 21:27:02,811 - 信号 Shibor_9M_45D_9_combine 检查完成，状态: normal

2025-04-20 21:27:08,142 - 
检查信号: Bond_3Y
2025-04-20 21:27:08,151 - 文件 ChinaGovernmentBonds.csv 数据完整
2025-04-20 21:27:08,151 - 信号 Bond_3Y 检查完成，状态: normal

2025-04-20 21:27:08,151 - 
检查信号数据: Bond_3Y_90D_9_combine
2025-04-20 21:27:08,151 - 数据路径: D:\Signal\signal_boost\prod\Bond_3Y_90D_9_combine
2025-04-20 21:27:08,303 - 所有工作日数据完整
2025-04-20 21:27:08,303 - 最新数据日期: 2025-04-21
2025-04-20 21:27:08,303 - 信号 Bond_3Y_90D_9_combine 检查完成，状态: normal

2025-04-20 21:27:14,990 - 
检查信号: Bond_10Y
2025-04-20 21:27:14,999 - 文件 ChinaGovernmentBonds.csv 数据完整
2025-04-20 21:27:15,000 - 信号 Bond_10Y 检查完成，状态: normal

2025-04-20 21:27:15,000 - 
检查信号数据: Bond_10Y_90D_9_combine
2025-04-20 21:27:15,000 - 数据路径: D:\Signal\signal_boost\prod\Bond_10Y_90D_9_combine
2025-04-20 21:27:15,151 - 所有工作日数据完整
2025-04-20 21:27:15,151 - 最新数据日期: 2025-04-21
2025-04-20 21:27:15,152 - 信号 Bond_10Y_90D_9_combine 检查完成，状态: normal

2025-04-20 21:27:21,841 - 
检查信号: USDX
2025-04-20 21:27:21,851 - 文件 UsDollar.csv 数据完整
2025-04-20 21:27:21,851 - 信号 USDX 检查完成，状态: normal

2025-04-20 21:27:21,851 - 
检查信号数据: USDX_120D_9_combine
2025-04-20 21:27:21,851 - 数据路径: D:\Signal\signal_boost\prod\USDX_120D_9_combine
2025-04-20 21:27:21,999 - 所有工作日数据完整
2025-04-20 21:27:21,999 - 最新数据日期: 2025-04-21
2025-04-20 21:27:21,999 - 信号 USDX_120D_9_combine 检查完成，状态: normal

2025-04-20 21:27:28,643 - 
检查信号: TermSpread_9Y
2025-04-20 21:27:28,653 - 文件 ChinaDevelopmentBankBonds.csv 数据完整
2025-04-20 21:27:28,653 - 信号 TermSpread_9Y 检查完成，状态: normal

2025-04-20 21:27:28,653 - 
检查信号数据: TermSpread_9Y_120D_9_combine
2025-04-20 21:27:28,654 - 数据路径: D:\Signal\signal_boost\prod\TermSpread_9Y_120D_9_combine
2025-04-20 21:27:28,802 - 所有工作日数据完整
2025-04-20 21:27:28,802 - 最新数据日期: 2025-04-21
2025-04-20 21:27:28,802 - 信号 TermSpread_9Y_120D_9_combine 检查完成，状态: normal

2025-04-20 21:27:35,378 - 
检查信号: M1M2
2025-04-20 21:27:35,389 - 文件 M1M2.csv 数据完整
2025-04-20 21:27:35,389 - 信号 M1M2 检查完成，状态: normal

2025-04-20 21:27:35,389 - 
检查信号数据: M1M2_90D_9_combine
2025-04-20 21:27:35,390 - 数据路径: D:\Signal\signal_boost\prod\M1M2_90D_9_combine
2025-04-20 21:27:35,540 - 所有工作日数据完整
2025-04-20 21:27:35,540 - 最新数据日期: 2025-04-21
2025-04-20 21:27:35,540 - 信号 M1M2_90D_9_combine 检查完成，状态: normal

2025-04-20 21:27:42,003 - 
检查信号: RelativeVolume_std
2025-04-20 21:27:42,016 - 文件 IndexVolume.csv 数据完整
2025-04-20 21:27:42,016 - 信号 RelativeVolume_std 检查完成，状态: normal

2025-04-20 21:27:42,016 - 
检查信号数据: RelativeVolume_std_20D_9_combine
2025-04-20 21:27:42,016 - 数据路径: D:\Signal\signal_boost\prod\RelativeVolume_std_20D_9_combine
2025-04-20 21:27:42,176 - 所有工作日数据完整
2025-04-20 21:27:42,176 - 最新数据日期: 2025-04-21
2025-04-20 21:27:42,176 - 信号 RelativeVolume_std_20D_9_combine 检查完成，状态: normal

2025-04-20 21:27:47,341 - 
检查信号: RelativeReturn_std
2025-04-20 21:27:47,364 - 文件 index_return.csv 数据完整
2025-04-20 21:27:47,364 - 信号 RelativeReturn_std 检查完成，状态: normal

2025-04-20 21:27:47,364 - 
检查信号数据: RelativeReturn_std_20D_9_combine
2025-04-20 21:27:47,364 - 数据路径: D:\Signal\signal_boost\prod\RelativeReturn_std_20D_9_combine
2025-04-20 21:27:47,525 - 所有工作日数据完整
2025-04-20 21:27:47,525 - 最新数据日期: 2025-04-21
2025-04-20 21:27:47,525 - 信号 RelativeReturn_std_20D_9_combine 检查完成，状态: normal

2025-04-20 21:27:52,620 - 
检查信号: EarningsYield_Reverse
2025-04-20 21:27:52,634 - 文件 ygData.csv 数据完整
2025-04-20 21:27:52,634 - 信号 EarningsYield_Reverse 检查完成，状态: normal

2025-04-20 21:27:52,634 - 
检查信号数据: EarningsYield_Reverse_1D_9_combine
2025-04-20 21:27:52,634 - 数据路径: D:\Signal\signal_boost\prod\EarningsYield_Reverse_1D_9_combine
2025-04-20 21:27:52,936 - 所有工作日数据完整
2025-04-20 21:27:52,936 - 最新数据日期: 2025-04-21
2025-04-20 21:27:52,936 - 信号 EarningsYield_Reverse_1D_9_combine 检查完成，状态: normal

2025-04-20 21:27:58,137 - 
检查信号: Growth
2025-04-20 21:27:58,151 - 文件 ygData.csv 数据完整
2025-04-20 21:27:58,151 - 信号 Growth 检查完成，状态: normal

2025-04-20 21:27:58,151 - 
检查信号数据: Growth_1D_9_combine
2025-04-20 21:27:58,151 - 数据路径: D:\Signal\signal_boost\prod\Growth_1D_9_combine
2025-04-20 21:27:58,453 - 所有工作日数据完整
2025-04-20 21:27:58,454 - 最新数据日期: 2025-04-21
2025-04-20 21:27:58,454 - 信号 Growth_1D_9_combine 检查完成，状态: normal

2025-04-20 21:28:03,588 - 
检查信号: LHBProportion
2025-04-20 21:28:03,596 - 文件 LHB_AMT_proportion.csv 数据完整
2025-04-20 21:28:03,610 - 文件 IndexAmt.csv 数据完整
2025-04-20 21:28:03,610 - 信号 LHBProportion 检查完成，状态: normal

2025-04-20 21:28:03,610 - 
检查信号数据: LHBProportion_1D_9_combine
2025-04-20 21:28:03,610 - 数据路径: D:\Signal\signal_boost\prod\LHBProportion_1D_9_combine
2025-04-20 21:28:03,773 - 所有工作日数据完整
2025-04-20 21:28:03,774 - 最新数据日期: 2025-04-21
2025-04-20 21:28:03,774 - 信号 LHBProportion_1D_9_combine 检查完成，状态: normal

2025-04-20 21:28:08,743 - 
检查信号: NLBP_difference
2025-04-20 21:28:08,752 - 文件 NetLeverageBuying.csv 数据完整
2025-04-20 21:28:08,752 - 信号 NLBP_difference 检查完成，状态: normal

2025-04-20 21:28:08,752 - 
检查信号数据: NLBP_difference_1D_9_combine
2025-04-20 21:28:08,752 - 数据路径: D:\Signal\signal_boost\prod\NLBP_difference_1D_9_combine
2025-04-20 21:28:08,916 - 所有工作日数据完整
2025-04-20 21:28:08,916 - 最新数据日期: 2025-04-21
2025-04-20 21:28:08,916 - 信号 NLBP_difference_1D_9_combine 检查完成，状态: normal

2025-04-20 21:28:13,888 - 
检查信号: LargeOrder_difference
2025-04-20 21:28:13,897 - 文件 LargeOrderInflow.csv 数据完整
2025-04-20 21:28:13,897 - 信号 LargeOrder_difference 检查完成，状态: normal

2025-04-20 21:28:13,898 - 
检查信号数据: LargeOrder_difference_1D_9_combine
2025-04-20 21:28:13,898 - 数据路径: D:\Signal\signal_boost\prod\LargeOrder_difference_1D_9_combine
2025-04-20 21:28:14,177 - 所有工作日数据完整
2025-04-20 21:28:14,177 - 最新数据日期: 2025-04-21
2025-04-20 21:28:14,177 - 信号 LargeOrder_difference_1D_9_combine 检查完成，状态: normal

2025-04-20 21:28:18,318 - 
检查信号: Monthly_effect
2025-04-20 21:28:18,341 - 文件 index_return.csv 数据完整
2025-04-20 21:28:18,342 - 信号 Monthly_effect 检查完成，状态: normal

2025-04-20 21:28:18,342 - 
检查信号数据: Monthly_effect_1D_9_combine
2025-04-20 21:28:18,342 - 数据路径: D:\Signal\signal_boost\prod\Monthly_effect_1D_9_combine
2025-04-20 21:28:18,657 - 所有工作日数据完整
2025-04-20 21:28:18,658 - 最新数据日期: 2025-04-21
2025-04-20 21:28:18,658 - 信号 Monthly_effect_1D_9_combine 检查完成，状态: normal

2025-04-20 21:28:27,123 - 
检查信号: CPI
2025-04-20 21:28:27,134 - 文件 CPI.csv 数据完整
2025-04-20 21:28:27,134 - 信号 CPI 检查完成，状态: normal

2025-04-20 21:28:27,134 - 
检查信号数据: CPI_1D_9_combine
2025-04-20 21:28:27,134 - 数据路径: D:\Signal\signal_boost\prod\CPI_1D_9_combine
2025-04-20 21:28:27,446 - 所有工作日数据完整
2025-04-20 21:28:27,446 - 最新数据日期: 2025-04-21
2025-04-20 21:28:27,446 - 信号 CPI_1D_9_combine 检查完成，状态: normal

2025-04-20 21:28:33,105 - 
检查信号: PPI
2025-04-20 21:28:33,115 - 文件 PPI.csv 数据完整
2025-04-20 21:28:33,116 - 信号 PPI 检查完成，状态: normal

2025-04-20 21:28:33,116 - 
检查信号数据: PPI_1D_9_combine
2025-04-20 21:28:33,116 - 数据路径: D:\Signal\signal_boost\prod\PPI_1D_9_combine
2025-04-20 21:28:33,427 - 所有工作日数据完整
2025-04-20 21:28:33,427 - 最新数据日期: 2025-04-21
2025-04-20 21:28:33,427 - 信号 PPI_1D_9_combine 检查完成，状态: normal

2025-04-20 21:28:39,079 - 
检查信号: PMI
2025-04-20 21:28:39,089 - 文件 PMI.csv 数据完整
2025-04-20 21:28:39,090 - 信号 PMI 检查完成，状态: normal

2025-04-20 21:28:39,090 - 
检查信号数据: PMI_1D_9_combine
2025-04-20 21:28:39,090 - 数据路径: D:\Signal\signal_boost\prod\PMI_1D_9_combine
2025-04-20 21:28:39,402 - 所有工作日数据完整
2025-04-20 21:28:39,403 - 最新数据日期: 2025-04-21
2025-04-20 21:28:39,403 - 信号 PMI_1D_9_combine 检查完成，状态: normal

2025-04-20 21:28:45,060 - 
检查信号: Stock_HL
2025-04-20 21:28:47,302 - 文件 stock_close.csv 数据完整
2025-04-20 21:28:47,302 - 信号 Stock_HL 检查完成，状态: normal

2025-04-20 21:28:47,302 - 
检查信号数据: Stock_HL_1D_9_combine
2025-04-20 21:28:47,302 - 数据路径: D:\Signal\signal_boost\prod\Stock_HL_1D_9_combine
2025-04-20 21:28:47,578 - 所有工作日数据完整
2025-04-20 21:28:47,578 - 最新数据日期: 2025-04-21
2025-04-20 21:28:47,578 - 信号 Stock_HL_1D_9_combine 检查完成，状态: normal

2025-04-20 21:29:15,077 - 
检查信号: Rsi_difference
2025-04-20 21:29:17,315 - 文件 stock_close.csv 数据完整
2025-04-20 21:29:17,315 - 信号 Rsi_difference 检查完成，状态: normal

2025-04-20 21:29:17,315 - 
检查信号数据: Rsi_difference_1D_9_combine
2025-04-20 21:29:17,315 - 数据路径: D:\Signal\signal_boost\prod\Rsi_difference_1D_9_combine
2025-04-20 21:29:17,599 - 所有工作日数据完整
2025-04-20 21:29:17,600 - 最新数据日期: 2025-04-21
2025-04-20 21:29:17,600 - 信号 Rsi_difference_1D_9_combine 检查完成，状态: normal

2025-04-20 21:29:45,317 - 
检查信号: RaisingTrend_proportion
2025-04-20 21:29:47,554 - 文件 stock_close.csv 数据完整
2025-04-20 21:29:47,554 - 信号 RaisingTrend_proportion 检查完成，状态: normal

2025-04-20 21:29:47,554 - 
检查信号数据: RaisingTrend_proportion_1D_9_combine
2025-04-20 21:29:47,555 - 数据路径: D:\Signal\signal_boost\prod\RaisingTrend_proportion_1D_9_combine
2025-04-20 21:29:47,806 - 所有工作日数据完整
2025-04-20 21:29:47,806 - 最新数据日期: 2025-04-21
2025-04-20 21:29:47,807 - 信号 RaisingTrend_proportion_1D_9_combine 检查完成，状态: normal

2025-04-20 21:30:04,226 - 
检查信号: TargetIndex_MACD
2025-04-20 21:30:04,250 - 文件 index_return.csv 数据完整
2025-04-20 21:30:04,250 - 信号 TargetIndex_MACD 检查完成，状态: normal

2025-04-20 21:30:04,251 - 
检查信号数据: TargetIndex_MACD_1D_9_combine
2025-04-20 21:30:04,251 - 数据路径: D:\Signal\signal_boost\prod\TargetIndex_MACD_1D_9_combine
2025-04-20 21:30:04,570 - 所有工作日数据完整
2025-04-20 21:30:04,570 - 最新数据日期: 2025-04-21
2025-04-20 21:30:04,570 - 信号 TargetIndex_MACD_1D_9_combine 检查完成，状态: normal

2025-04-20 21:30:09,859 - 
检查信号: TargetIndex_BBANDS
2025-04-20 21:30:09,882 - 文件 index_return.csv 数据完整
2025-04-20 21:30:09,882 - 信号 TargetIndex_BBANDS 检查完成，状态: normal

2025-04-20 21:30:09,882 - 
检查信号数据: TargetIndex_BBANDS_1D_9_combine
2025-04-20 21:30:09,882 - 数据路径: D:\Signal\signal_boost\prod\TargetIndex_BBANDS_1D_9_combine
2025-04-20 21:30:10,202 - 所有工作日数据完整
2025-04-20 21:30:10,202 - 最新数据日期: 2025-04-21
2025-04-20 21:30:10,202 - 信号 TargetIndex_BBANDS_1D_9_combine 检查完成，状态: normal

2025-04-20 21:30:15,470 - 
检查信号: TargetIndex_MOMENTUM
2025-04-20 21:30:15,493 - 文件 index_return.csv 数据完整
2025-04-20 21:30:15,493 - 信号 TargetIndex_MOMENTUM 检查完成，状态: normal

2025-04-20 21:30:15,493 - 
检查信号数据: TargetIndex_MOMENTUM_1D_9_combine
2025-04-20 21:30:15,493 - 数据路径: D:\Signal\signal_boost\prod\TargetIndex_MOMENTUM_1D_9_combine
2025-04-20 21:30:15,807 - 所有工作日数据完整
2025-04-20 21:30:15,807 - 最新数据日期: 2025-04-21
2025-04-20 21:30:15,807 - 信号 TargetIndex_MOMENTUM_1D_9_combine 检查完成，状态: normal

2025-04-20 21:30:21,087 - 
检查信号: TargetIndex_PSA
2025-04-20 21:30:21,100 - 文件 IndexClose.csv 数据完整
2025-04-20 21:30:21,112 - 文件 IndexHigh.csv 数据完整
2025-04-20 21:30:21,125 - 文件 IndexLow.csv 数据完整
2025-04-20 21:30:21,125 - 信号 TargetIndex_PSA 检查完成，状态: normal

2025-04-20 21:30:21,126 - 
检查信号数据: TargetIndex_PSA_1D_9_combine
2025-04-20 21:30:21,126 - 数据路径: D:\Signal\signal_boost\prod\TargetIndex_PSA_1D_9_combine
2025-04-20 21:30:21,441 - 所有工作日数据完整
2025-04-20 21:30:21,442 - 最新数据日期: 2025-04-21
2025-04-20 21:30:21,442 - 信号 TargetIndex_PSA_1D_9_combine 检查完成，状态: normal

2025-04-20 21:30:26,938 - 
检查信号: TargetIndex_MOMENTUM2
2025-04-20 21:30:26,961 - 文件 index_return.csv 数据完整
2025-04-20 21:30:26,962 - 信号 TargetIndex_MOMENTUM2 检查完成，状态: normal

2025-04-20 21:30:26,962 - 
检查信号数据: TargetIndex_MOMENTUM2_1D_9_combine
2025-04-20 21:30:26,962 - 数据路径: D:\Signal\signal_boost\prod\TargetIndex_MOMENTUM2_1D_9_combine
2025-04-20 21:30:27,278 - 所有工作日数据完整
2025-04-20 21:30:27,278 - 最新数据日期: 2025-04-21
2025-04-20 21:30:27,278 - 信号 TargetIndex_MOMENTUM2_1D_9_combine 检查完成，状态: normal

2025-04-20 21:30:33,893 - 
检查信号: TargetIndex_REVERSE
2025-04-20 21:30:33,916 - 文件 index_return.csv 数据完整
2025-04-20 21:30:33,916 - 信号 TargetIndex_REVERSE 检查完成，状态: normal

2025-04-20 21:30:33,916 - 
检查信号数据: TargetIndex_REVERSE_1D_9_combine
2025-04-20 21:30:33,916 - 数据路径: D:\Signal\signal_boost\prod\TargetIndex_REVERSE_1D_9_combine
2025-04-20 21:30:33,916 - 信号数据文件夹不存在: D:\Signal\signal_boost\prod\TargetIndex_REVERSE_1D_9_combine
