2025-03-21 09:34:04,272 - 开始数据检查 - 检查期间: 2024-03-20 到 2025-03-20
2025-03-21 09:34:04,272 - 目标日期: 2025-03-20
2025-03-21 09:34:04,272 - 
检查信号: CreditSpread_9M
2025-03-21 09:34:04,284 - 文件 ChinaDevelopmentBankBonds.csv 数据完整
2025-03-21 09:34:04,294 - 文件 ChinaMediumTermNotes.csv 数据完整
2025-03-21 09:34:04,295 - 信号 CreditSpread_9M 检查完成，状态: normal

2025-03-21 09:34:04,295 - 
检查信号数据: CreditSpread_9M_1D_9_combine
2025-03-21 09:34:04,295 - 数据路径: D:\Signal\signal_boost\prod\CreditSpread_9M_1D_9_combine
2025-03-21 09:34:04,461 - 所有工作日数据完整
2025-03-21 09:34:04,461 - 最新数据日期: 2025-03-21
2025-03-21 09:34:04,461 - 信号 CreditSpread_9M_1D_9_combine 检查完成，状态: normal

2025-03-21 09:34:09,195 - 
检查信号: CreditSpread_5Y
2025-03-21 09:34:09,206 - 文件 ChinaDevelopmentBankBonds.csv 数据完整
2025-03-21 09:34:09,216 - 文件 ChinaMediumTermNotes.csv 数据完整
2025-03-21 09:34:09,217 - 信号 CreditSpread_5Y 检查完成，状态: normal

2025-03-21 09:34:09,217 - 
检查信号数据: CreditSpread_5Y_1D_9_combine
2025-03-21 09:34:09,217 - 数据路径: D:\Signal\signal_boost\prod\CreditSpread_5Y_1D_9_combine
2025-03-21 09:34:09,387 - 所有工作日数据完整
2025-03-21 09:34:09,387 - 最新数据日期: 2025-03-21
2025-03-21 09:34:09,388 - 信号 CreditSpread_5Y_1D_9_combine 检查完成，状态: normal

2025-03-21 09:34:14,314 - 
检查信号: Shibor_2W
2025-03-21 09:34:14,324 - 文件 Shibor.csv 数据完整
2025-03-21 09:34:14,324 - 信号 Shibor_2W 检查完成，状态: normal

2025-03-21 09:34:14,324 - 
检查信号数据: Shibor_2W_45D_9_combine
2025-03-21 09:34:14,324 - 数据路径: D:\Signal\signal_boost\prod\Shibor_2W_45D_9_combine
2025-03-21 09:34:14,485 - 所有工作日数据完整
2025-03-21 09:34:14,485 - 最新数据日期: 2025-03-21
2025-03-21 09:34:14,485 - 信号 Shibor_2W_45D_9_combine 检查完成，状态: normal

2025-03-21 09:34:21,398 - 
检查信号: Shibor_9M
2025-03-21 09:34:21,408 - 文件 Shibor.csv 数据完整
2025-03-21 09:34:21,408 - 信号 Shibor_9M 检查完成，状态: normal

2025-03-21 09:34:21,408 - 
检查信号数据: Shibor_9M_45D_9_combine
2025-03-21 09:34:21,408 - 数据路径: D:\Signal\signal_boost\prod\Shibor_9M_45D_9_combine
2025-03-21 09:34:21,570 - 所有工作日数据完整
2025-03-21 09:34:21,570 - 最新数据日期: 2025-03-21
2025-03-21 09:34:21,570 - 信号 Shibor_9M_45D_9_combine 检查完成，状态: normal

2025-03-21 09:34:26,726 - 
检查信号: Bond_3Y
2025-03-21 09:34:26,735 - 文件 ChinaGovernmentBonds.csv 数据完整
2025-03-21 09:34:26,735 - 信号 Bond_3Y 检查完成，状态: normal

2025-03-21 09:34:26,735 - 
检查信号数据: Bond_3Y_90D_9_combine
2025-03-21 09:34:26,736 - 数据路径: D:\Signal\signal_boost\prod\Bond_3Y_90D_9_combine
2025-03-21 09:34:26,891 - 所有工作日数据完整
2025-03-21 09:34:26,891 - 最新数据日期: 2025-03-21
2025-03-21 09:34:26,891 - 信号 Bond_3Y_90D_9_combine 检查完成，状态: normal

2025-03-21 09:34:33,552 - 
检查信号: Bond_10Y
2025-03-21 09:34:33,562 - 文件 ChinaGovernmentBonds.csv 数据完整
2025-03-21 09:34:33,563 - 信号 Bond_10Y 检查完成，状态: normal

2025-03-21 09:34:33,563 - 
检查信号数据: Bond_10Y_90D_9_combine
2025-03-21 09:34:33,563 - 数据路径: D:\Signal\signal_boost\prod\Bond_10Y_90D_9_combine
2025-03-21 09:34:33,719 - 所有工作日数据完整
2025-03-21 09:34:33,719 - 最新数据日期: 2025-03-21
2025-03-21 09:34:33,719 - 信号 Bond_10Y_90D_9_combine 检查完成，状态: normal

2025-03-21 09:34:40,351 - 
检查信号: USDX
2025-03-21 09:34:40,361 - 文件 UsDollar.csv 数据完整
2025-03-21 09:34:40,361 - 信号 USDX 检查完成，状态: normal

2025-03-21 09:34:40,361 - 
检查信号数据: USDX_120D_9_combine
2025-03-21 09:34:40,361 - 数据路径: D:\Signal\signal_boost\prod\USDX_120D_9_combine
2025-03-21 09:34:40,513 - 所有工作日数据完整
2025-03-21 09:34:40,513 - 最新数据日期: 2025-03-21
2025-03-21 09:34:40,513 - 信号 USDX_120D_9_combine 检查完成，状态: normal

2025-03-21 09:34:47,136 - 
检查信号: TermSpread_9Y
2025-03-21 09:34:47,147 - 文件 ChinaDevelopmentBankBonds.csv 数据完整
2025-03-21 09:34:47,147 - 信号 TermSpread_9Y 检查完成，状态: normal

2025-03-21 09:34:47,147 - 
检查信号数据: TermSpread_9Y_120D_9_combine
2025-03-21 09:34:47,147 - 数据路径: D:\Signal\signal_boost\prod\TermSpread_9Y_120D_9_combine
2025-03-21 09:34:47,299 - 所有工作日数据完整
2025-03-21 09:34:47,299 - 最新数据日期: 2025-03-21
2025-03-21 09:34:47,299 - 信号 TermSpread_9Y_120D_9_combine 检查完成，状态: normal

2025-03-21 09:34:53,797 - 
检查信号: M1M2
2025-03-21 09:34:53,809 - 文件 M1M2.csv 数据完整
2025-03-21 09:34:53,810 - 信号 M1M2 检查完成，状态: normal

2025-03-21 09:34:53,810 - 
检查信号数据: M1M2_90D_9_combine
2025-03-21 09:34:53,810 - 数据路径: D:\Signal\signal_boost\prod\M1M2_90D_9_combine
2025-03-21 09:34:53,966 - 所有工作日数据完整
2025-03-21 09:34:53,966 - 最新数据日期: 2025-03-21
2025-03-21 09:34:53,966 - 信号 M1M2_90D_9_combine 检查完成，状态: normal

2025-03-21 09:35:00,266 - 
检查信号: RelativeVolume_std
2025-03-21 09:35:00,279 - 文件 IndexVolume.csv 数据完整
2025-03-21 09:35:00,279 - 信号 RelativeVolume_std 检查完成，状态: normal

2025-03-21 09:35:00,279 - 
检查信号数据: RelativeVolume_std_20D_9_combine
2025-03-21 09:35:00,279 - 数据路径: D:\Signal\signal_boost\prod\RelativeVolume_std_20D_9_combine
2025-03-21 09:35:00,444 - 所有工作日数据完整
2025-03-21 09:35:00,444 - 最新数据日期: 2025-03-21
2025-03-21 09:35:00,445 - 信号 RelativeVolume_std_20D_9_combine 检查完成，状态: normal

2025-03-21 09:35:05,375 - 
检查信号: RelativeReturn_std
2025-03-21 09:35:05,389 - 文件 index_return.csv 数据完整
2025-03-21 09:35:05,389 - 信号 RelativeReturn_std 检查完成，状态: normal

2025-03-21 09:35:05,389 - 
检查信号数据: RelativeReturn_std_20D_9_combine
2025-03-21 09:35:05,389 - 数据路径: D:\Signal\signal_boost\prod\RelativeReturn_std_20D_9_combine
2025-03-21 09:35:05,551 - 所有工作日数据完整
2025-03-21 09:35:05,551 - 最新数据日期: 2025-03-21
2025-03-21 09:35:05,552 - 信号 RelativeReturn_std_20D_9_combine 检查完成，状态: normal

2025-03-21 09:35:10,469 - 
检查信号: EarningsYield_Reverse
2025-03-21 09:35:10,512 - 文件 hs300因子风险暴露.csv 数据完整
2025-03-21 09:35:10,558 - 文件 gz2000因子风险暴露.csv 数据完整
2025-03-21 09:35:10,558 - 信号 EarningsYield_Reverse 检查完成，状态: normal

2025-03-21 09:35:10,558 - 
检查信号数据: EarningsYield_Reverse_10D_9_combine
2025-03-21 09:35:10,558 - 数据路径: D:\Signal\signal_boost\prod\EarningsYield_Reverse_10D_9_combine
2025-03-21 09:35:10,725 - 所有工作日数据完整
2025-03-21 09:35:10,725 - 最新数据日期: 2025-03-21
2025-03-21 09:35:10,725 - 信号 EarningsYield_Reverse_10D_9_combine 检查完成，状态: normal

2025-03-21 09:35:16,328 - 
检查信号: LHBProportion
2025-03-21 09:35:16,336 - 文件 LHB_AMT_proportion.csv 数据完整
2025-03-21 09:35:16,350 - 文件 IndexAmt.csv 数据完整
2025-03-21 09:35:16,350 - 信号 LHBProportion 检查完成，状态: normal

2025-03-21 09:35:16,350 - 
检查信号数据: LHBProportion_1D_9_combine
2025-03-21 09:35:16,350 - 数据路径: D:\Signal\signal_boost\prod\LHBProportion_1D_9_combine
2025-03-21 09:35:16,517 - 所有工作日数据完整
2025-03-21 09:35:16,517 - 最新数据日期: 2025-03-21
2025-03-21 09:35:16,517 - 信号 LHBProportion_1D_9_combine 检查完成，状态: normal

2025-03-21 09:35:21,378 - 
检查信号: NLBP_difference
2025-03-21 09:35:21,387 - 文件 NetLeverageBuying.csv 数据完整
2025-03-21 09:35:21,388 - 信号 NLBP_difference 检查完成，状态: normal

2025-03-21 09:35:21,388 - 
检查信号数据: NLBP_difference_1D_9_combine
2025-03-21 09:35:21,388 - 数据路径: D:\Signal\signal_boost\prod\NLBP_difference_1D_9_combine
2025-03-21 09:35:21,555 - 所有工作日数据完整
2025-03-21 09:35:21,555 - 最新数据日期: 2025-03-21
2025-03-21 09:35:21,555 - 信号 NLBP_difference_1D_9_combine 检查完成，状态: normal

