2025-03-25 20:24:37,401 - 开始数据检查 - 检查期间: 2024-03-25 到 2025-03-25
2025-03-25 20:24:37,402 - 目标日期: 2025-03-25
2025-03-25 20:24:37,402 - 
检查信号: CreditSpread_9M
2025-03-25 20:24:37,413 - 文件 ChinaDevelopmentBankBonds.csv 数据完整
2025-03-25 20:24:37,423 - 文件 ChinaMediumTermNotes.csv 数据完整
2025-03-25 20:24:37,423 - 信号 CreditSpread_9M 检查完成，状态: normal

2025-03-25 20:24:37,424 - 
检查信号数据: CreditSpread_9M_1D_9_combine
2025-03-25 20:24:37,424 - 数据路径: D:\Signal\signal_boost\prod\CreditSpread_9M_1D_9_combine
2025-03-25 20:24:37,588 - 缺少以下日期的数据: ['2025-03-25']
2025-03-25 20:24:37,588 - 最新数据日期: 2025-03-24
2025-03-25 20:24:37,589 - 信号 CreditSpread_9M_1D_9_combine 检查完成，状态: error

2025-03-25 20:24:42,329 - 
检查信号: CreditSpread_5Y
2025-03-25 20:24:42,339 - 文件 ChinaDevelopmentBankBonds.csv 数据完整
2025-03-25 20:24:42,350 - 文件 ChinaMediumTermNotes.csv 数据完整
2025-03-25 20:24:42,350 - 信号 CreditSpread_5Y 检查完成，状态: normal

2025-03-25 20:24:42,350 - 
检查信号数据: CreditSpread_5Y_1D_9_combine
2025-03-25 20:24:42,350 - 数据路径: D:\Signal\signal_boost\prod\CreditSpread_5Y_1D_9_combine
2025-03-25 20:24:42,515 - 缺少以下日期的数据: ['2025-03-25']
2025-03-25 20:24:42,515 - 最新数据日期: 2025-03-24
2025-03-25 20:24:42,515 - 信号 CreditSpread_5Y_1D_9_combine 检查完成，状态: error

2025-03-25 20:24:53,811 - 开始数据检查 - 检查期间: 2024-03-24 到 2025-03-24
2025-03-25 20:24:53,811 - 目标日期: 2025-03-24
2025-03-25 20:24:53,811 - 
检查信号: CreditSpread_9M
2025-03-25 20:24:53,823 - 文件 ChinaDevelopmentBankBonds.csv 数据完整
2025-03-25 20:24:53,833 - 文件 ChinaMediumTermNotes.csv 数据完整
2025-03-25 20:24:53,833 - 信号 CreditSpread_9M 检查完成，状态: normal

2025-03-25 20:24:53,833 - 
检查信号数据: CreditSpread_9M_1D_9_combine
2025-03-25 20:24:53,834 - 数据路径: D:\Signal\signal_boost\prod\CreditSpread_9M_1D_9_combine
2025-03-25 20:24:54,001 - 所有工作日数据完整
2025-03-25 20:24:54,001 - 最新数据日期: 2025-03-26
2025-03-25 20:24:54,001 - 信号 CreditSpread_9M_1D_9_combine 检查完成，状态: normal

2025-03-25 20:24:58,678 - 
检查信号: CreditSpread_5Y
2025-03-25 20:24:58,689 - 文件 ChinaDevelopmentBankBonds.csv 数据完整
2025-03-25 20:24:58,699 - 文件 ChinaMediumTermNotes.csv 数据完整
2025-03-25 20:24:58,699 - 信号 CreditSpread_5Y 检查完成，状态: normal

2025-03-25 20:24:58,699 - 
检查信号数据: CreditSpread_5Y_1D_9_combine
2025-03-25 20:24:58,699 - 数据路径: D:\Signal\signal_boost\prod\CreditSpread_5Y_1D_9_combine
2025-03-25 20:24:58,863 - 所有工作日数据完整
2025-03-25 20:24:58,863 - 最新数据日期: 2025-03-24
2025-03-25 20:24:58,863 - 信号 CreditSpread_5Y_1D_9_combine 检查完成，状态: normal

2025-03-25 20:25:03,826 - 
检查信号: Shibor_2W
2025-03-25 20:25:03,836 - 文件 Shibor.csv 数据完整
2025-03-25 20:25:03,837 - 信号 Shibor_2W 检查完成，状态: normal

2025-03-25 20:25:03,837 - 
检查信号数据: Shibor_2W_45D_9_combine
2025-03-25 20:25:03,837 - 数据路径: D:\Signal\signal_boost\prod\Shibor_2W_45D_9_combine
2025-03-25 20:25:03,996 - 所有工作日数据完整
2025-03-25 20:25:03,996 - 最新数据日期: 2025-03-24
2025-03-25 20:25:03,996 - 信号 Shibor_2W_45D_9_combine 检查完成，状态: normal

2025-03-25 20:25:11,172 - 
检查信号: Shibor_9M
2025-03-25 20:25:11,182 - 文件 Shibor.csv 数据完整
2025-03-25 20:25:11,182 - 信号 Shibor_9M 检查完成，状态: normal

2025-03-25 20:25:11,182 - 
检查信号数据: Shibor_9M_45D_9_combine
2025-03-25 20:25:11,182 - 数据路径: D:\Signal\signal_boost\prod\Shibor_9M_45D_9_combine
2025-03-25 20:25:11,343 - 所有工作日数据完整
2025-03-25 20:25:11,344 - 最新数据日期: 2025-03-24
2025-03-25 20:25:11,344 - 信号 Shibor_9M_45D_9_combine 检查完成，状态: normal

2025-03-25 20:25:16,773 - 
检查信号: Bond_3Y
2025-03-25 20:25:16,783 - 文件 ChinaGovernmentBonds.csv 数据完整
2025-03-25 20:25:16,783 - 信号 Bond_3Y 检查完成，状态: normal

2025-03-25 20:25:16,783 - 
检查信号数据: Bond_3Y_90D_9_combine
2025-03-25 20:25:16,783 - 数据路径: D:\Signal\signal_boost\prod\Bond_3Y_90D_9_combine
2025-03-25 20:25:16,936 - 所有工作日数据完整
2025-03-25 20:25:16,936 - 最新数据日期: 2025-03-24
2025-03-25 20:25:16,936 - 信号 Bond_3Y_90D_9_combine 检查完成，状态: normal

2025-03-25 20:25:24,157 - 
检查信号: Bond_10Y
2025-03-25 20:25:24,167 - 文件 ChinaGovernmentBonds.csv 数据完整
2025-03-25 20:25:24,167 - 信号 Bond_10Y 检查完成，状态: normal

2025-03-25 20:25:24,167 - 
检查信号数据: Bond_10Y_90D_9_combine
2025-03-25 20:25:24,167 - 数据路径: D:\Signal\signal_boost\prod\Bond_10Y_90D_9_combine
2025-03-25 20:25:24,320 - 所有工作日数据完整
2025-03-25 20:25:24,320 - 最新数据日期: 2025-03-24
2025-03-25 20:25:24,320 - 信号 Bond_10Y_90D_9_combine 检查完成，状态: normal

2025-03-25 20:25:31,468 - 
检查信号: USDX
2025-03-25 20:25:31,477 - 文件 UsDollar.csv 数据完整
2025-03-25 20:25:31,477 - 信号 USDX 检查完成，状态: normal

2025-03-25 20:25:31,478 - 
检查信号数据: USDX_120D_9_combine
2025-03-25 20:25:31,478 - 数据路径: D:\Signal\signal_boost\prod\USDX_120D_9_combine
2025-03-25 20:25:31,628 - 所有工作日数据完整
2025-03-25 20:25:31,628 - 最新数据日期: 2025-03-24
2025-03-25 20:25:31,629 - 信号 USDX_120D_9_combine 检查完成，状态: normal

2025-03-25 20:25:38,942 - 
检查信号: TermSpread_9Y
2025-03-25 20:25:38,953 - 文件 ChinaDevelopmentBankBonds.csv 数据完整
2025-03-25 20:25:38,953 - 信号 TermSpread_9Y 检查完成，状态: normal

2025-03-25 20:25:38,953 - 
检查信号数据: TermSpread_9Y_120D_9_combine
2025-03-25 20:25:38,953 - 数据路径: D:\Signal\signal_boost\prod\TermSpread_9Y_120D_9_combine
2025-03-25 20:25:39,102 - 所有工作日数据完整
2025-03-25 20:25:39,102 - 最新数据日期: 2025-03-24
2025-03-25 20:25:39,102 - 信号 TermSpread_9Y_120D_9_combine 检查完成，状态: normal

2025-03-25 20:25:46,321 - 
检查信号: M1M2
2025-03-25 20:25:46,332 - 文件 M1M2.csv 数据完整
2025-03-25 20:25:46,332 - 信号 M1M2 检查完成，状态: normal

2025-03-25 20:25:46,332 - 
检查信号数据: M1M2_90D_9_combine
2025-03-25 20:25:46,333 - 数据路径: D:\Signal\signal_boost\prod\M1M2_90D_9_combine
2025-03-25 20:25:46,486 - 所有工作日数据完整
2025-03-25 20:25:46,487 - 最新数据日期: 2025-03-24
2025-03-25 20:25:46,487 - 信号 M1M2_90D_9_combine 检查完成，状态: normal

2025-03-25 20:25:53,287 - 
检查信号: RelativeVolume_std
2025-03-25 20:25:53,300 - 文件 IndexVolume.csv 数据完整
2025-03-25 20:25:53,300 - 信号 RelativeVolume_std 检查完成，状态: normal

2025-03-25 20:25:53,300 - 
检查信号数据: RelativeVolume_std_20D_9_combine
2025-03-25 20:25:53,301 - 数据路径: D:\Signal\signal_boost\prod\RelativeVolume_std_20D_9_combine
2025-03-25 20:25:53,464 - 所有工作日数据完整
2025-03-25 20:25:53,464 - 最新数据日期: 2025-03-24
2025-03-25 20:25:53,464 - 信号 RelativeVolume_std_20D_9_combine 检查完成，状态: normal

2025-03-25 20:25:58,563 - 
检查信号: RelativeReturn_std
2025-03-25 20:25:58,577 - 文件 index_return.csv 数据完整
2025-03-25 20:25:58,577 - 信号 RelativeReturn_std 检查完成，状态: normal

2025-03-25 20:25:58,577 - 
检查信号数据: RelativeReturn_std_20D_9_combine
2025-03-25 20:25:58,577 - 数据路径: D:\Signal\signal_boost\prod\RelativeReturn_std_20D_9_combine
2025-03-25 20:25:58,740 - 所有工作日数据完整
2025-03-25 20:25:58,740 - 最新数据日期: 2025-03-24
2025-03-25 20:25:58,740 - 信号 RelativeReturn_std_20D_9_combine 检查完成，状态: normal

2025-03-25 20:26:03,793 - 
检查信号: EarningsYield_Reverse
2025-03-25 20:26:03,836 - 文件 hs300因子风险暴露.csv 数据完整
2025-03-25 20:26:03,881 - 文件 gz2000因子风险暴露.csv 数据完整
2025-03-25 20:26:03,882 - 信号 EarningsYield_Reverse 检查完成，状态: normal

2025-03-25 20:26:03,882 - 
检查信号数据: EarningsYield_Reverse_10D_9_combine
2025-03-25 20:26:03,882 - 数据路径: D:\Signal\signal_boost\prod\EarningsYield_Reverse_10D_9_combine
2025-03-25 20:26:04,046 - 所有工作日数据完整
2025-03-25 20:26:04,046 - 最新数据日期: 2025-03-24
2025-03-25 20:26:04,046 - 信号 EarningsYield_Reverse_10D_9_combine 检查完成，状态: normal

2025-03-25 20:26:09,718 - 
检查信号: LHBProportion
2025-03-25 20:26:09,725 - 文件 LHB_AMT_proportion.csv 数据完整
2025-03-25 20:26:09,737 - 文件 IndexAmt.csv 数据完整
2025-03-25 20:26:09,738 - 信号 LHBProportion 检查完成，状态: normal

2025-03-25 20:26:09,738 - 
检查信号数据: LHBProportion_1D_9_combine
2025-03-25 20:26:09,738 - 数据路径: D:\Signal\signal_boost\prod\LHBProportion_1D_9_combine
2025-03-25 20:26:09,903 - 所有工作日数据完整
2025-03-25 20:26:09,903 - 最新数据日期: 2025-03-24
2025-03-25 20:26:09,903 - 信号 LHBProportion_1D_9_combine 检查完成，状态: normal

2025-03-25 20:26:14,762 - 
检查信号: NLBP_difference
2025-03-25 20:26:14,771 - 文件 NetLeverageBuying.csv 数据完整
2025-03-25 20:26:14,772 - 信号 NLBP_difference 检查完成，状态: normal

2025-03-25 20:26:14,772 - 
检查信号数据: NLBP_difference_1D_9_combine
2025-03-25 20:26:14,772 - 数据路径: D:\Signal\signal_boost\prod\NLBP_difference_1D_9_combine
2025-03-25 20:26:14,935 - 所有工作日数据完整
2025-03-25 20:26:14,935 - 最新数据日期: 2025-03-24
2025-03-25 20:26:14,936 - 信号 NLBP_difference_1D_9_combine 检查完成，状态: normal

