2025-04-23 00:00:11,168 - 开始数据检查 - 检查期间: 2024-04-22 到 2025-04-22
2025-04-23 00:00:11,168 - 目标日期: 2025-04-22
2025-04-23 00:00:11,168 - 
检查信号: CreditSpread_9M
2025-04-23 00:00:11,179 - 文件 ChinaDevelopmentBankBonds.csv 数据完整
2025-04-23 00:00:11,189 - 文件 ChinaMediumTermNotes.csv 数据完整
2025-04-23 00:00:11,189 - 信号 CreditSpread_9M 检查完成，状态: normal

2025-04-23 00:00:11,189 - 
检查信号数据: CreditSpread_9M_1D_9_combine
2025-04-23 00:00:11,189 - 数据路径: D:\Signal\signal_boost\prod\CreditSpread_9M_1D_9_combine
2025-04-23 00:00:11,352 - 所有工作日数据完整
2025-04-23 00:00:11,353 - 最新数据日期: 2025-04-23
2025-04-23 00:00:11,354 - 信号 CreditSpread_9M_1D_9_combine 检查完成，状态: normal

2025-04-23 00:00:16,501 - 
检查信号: CreditSpread_5Y
2025-04-23 00:00:16,512 - 文件 ChinaDevelopmentBankBonds.csv 数据完整
2025-04-23 00:00:16,521 - 文件 ChinaMediumTermNotes.csv 数据完整
2025-04-23 00:00:16,521 - 信号 CreditSpread_5Y 检查完成，状态: normal

2025-04-23 00:00:16,521 - 
检查信号数据: CreditSpread_5Y_1D_9_combine
2025-04-23 00:00:16,521 - 数据路径: D:\Signal\signal_boost\prod\CreditSpread_5Y_1D_9_combine
2025-04-23 00:00:16,683 - 所有工作日数据完整
2025-04-23 00:00:16,684 - 最新数据日期: 2025-04-23
2025-04-23 00:00:16,684 - 信号 CreditSpread_5Y_1D_9_combine 检查完成，状态: normal

2025-04-23 00:00:21,674 - 
检查信号: Shibor_2W
2025-04-23 00:00:21,683 - 文件 Shibor.csv 数据完整
2025-04-23 00:00:21,683 - 信号 Shibor_2W 检查完成，状态: normal

2025-04-23 00:00:21,683 - 
检查信号数据: Shibor_2W_45D_9_combine
2025-04-23 00:00:21,683 - 数据路径: D:\Signal\signal_boost\prod\Shibor_2W_45D_9_combine
2025-04-23 00:00:21,838 - 所有工作日数据完整
2025-04-23 00:00:21,838 - 最新数据日期: 2025-04-23
2025-04-23 00:00:21,838 - 信号 Shibor_2W_45D_9_combine 检查完成，状态: normal

2025-04-23 00:00:28,970 - 
检查信号: Shibor_9M
2025-04-23 00:00:28,980 - 文件 Shibor.csv 数据完整
2025-04-23 00:00:28,980 - 信号 Shibor_9M 检查完成，状态: normal

2025-04-23 00:00:28,980 - 
检查信号数据: Shibor_9M_45D_9_combine
2025-04-23 00:00:28,980 - 数据路径: D:\Signal\signal_boost\prod\Shibor_9M_45D_9_combine
2025-04-23 00:00:29,137 - 所有工作日数据完整
2025-04-23 00:00:29,137 - 最新数据日期: 2025-04-23
2025-04-23 00:00:29,138 - 信号 Shibor_9M_45D_9_combine 检查完成，状态: normal

2025-04-23 00:00:34,684 - 
检查信号: Bond_3Y
2025-04-23 00:00:34,693 - 文件 ChinaGovernmentBonds.csv 数据完整
2025-04-23 00:00:34,693 - 信号 Bond_3Y 检查完成，状态: normal

2025-04-23 00:00:34,693 - 
检查信号数据: Bond_3Y_90D_9_combine
2025-04-23 00:00:34,693 - 数据路径: D:\Signal\signal_boost\prod\Bond_3Y_90D_9_combine
2025-04-23 00:00:34,844 - 所有工作日数据完整
2025-04-23 00:00:34,844 - 最新数据日期: 2025-04-23
2025-04-23 00:00:34,844 - 信号 Bond_3Y_90D_9_combine 检查完成，状态: normal

2025-04-23 00:00:41,581 - 
检查信号: Bond_10Y
2025-04-23 00:00:41,591 - 文件 ChinaGovernmentBonds.csv 数据完整
2025-04-23 00:00:41,591 - 信号 Bond_10Y 检查完成，状态: normal

2025-04-23 00:00:41,591 - 
检查信号数据: Bond_10Y_90D_9_combine
2025-04-23 00:00:41,591 - 数据路径: D:\Signal\signal_boost\prod\Bond_10Y_90D_9_combine
2025-04-23 00:00:41,742 - 所有工作日数据完整
2025-04-23 00:00:41,742 - 最新数据日期: 2025-04-23
2025-04-23 00:00:41,743 - 信号 Bond_10Y_90D_9_combine 检查完成，状态: normal

2025-04-23 00:00:48,490 - 
检查信号: USDX
2025-04-23 00:00:48,500 - 文件 UsDollar.csv 数据完整
2025-04-23 00:00:48,500 - 信号 USDX 检查完成，状态: normal

2025-04-23 00:00:48,500 - 
检查信号数据: USDX_120D_9_combine
2025-04-23 00:00:48,500 - 数据路径: D:\Signal\signal_boost\prod\USDX_120D_9_combine
2025-04-23 00:00:48,648 - 所有工作日数据完整
2025-04-23 00:00:48,648 - 最新数据日期: 2025-04-23
2025-04-23 00:00:48,648 - 信号 USDX_120D_9_combine 检查完成，状态: normal

2025-04-23 00:00:55,375 - 
检查信号: TermSpread_9Y
2025-04-23 00:00:55,386 - 文件 ChinaDevelopmentBankBonds.csv 数据完整
2025-04-23 00:00:55,386 - 信号 TermSpread_9Y 检查完成，状态: normal

2025-04-23 00:00:55,386 - 
检查信号数据: TermSpread_9Y_120D_9_combine
2025-04-23 00:00:55,386 - 数据路径: D:\Signal\signal_boost\prod\TermSpread_9Y_120D_9_combine
2025-04-23 00:00:55,534 - 所有工作日数据完整
2025-04-23 00:00:55,535 - 最新数据日期: 2025-04-23
2025-04-23 00:00:55,535 - 信号 TermSpread_9Y_120D_9_combine 检查完成，状态: normal

2025-04-23 00:01:02,199 - 
检查信号: M1M2
2025-04-23 00:01:02,210 - 文件 M1M2.csv 数据完整
2025-04-23 00:01:02,211 - 信号 M1M2 检查完成，状态: normal

2025-04-23 00:01:02,211 - 
检查信号数据: M1M2_90D_9_combine
2025-04-23 00:01:02,211 - 数据路径: D:\Signal\signal_boost\prod\M1M2_90D_9_combine
2025-04-23 00:01:02,363 - 所有工作日数据完整
2025-04-23 00:01:02,363 - 最新数据日期: 2025-04-23
2025-04-23 00:01:02,363 - 信号 M1M2_90D_9_combine 检查完成，状态: normal

2025-04-23 00:01:08,906 - 
检查信号: RelativeVolume_std
2025-04-23 00:01:08,919 - 文件 IndexVolume.csv 数据完整
2025-04-23 00:01:08,920 - 信号 RelativeVolume_std 检查完成，状态: normal

2025-04-23 00:01:08,920 - 
检查信号数据: RelativeVolume_std_20D_9_combine
2025-04-23 00:01:08,920 - 数据路径: D:\Signal\signal_boost\prod\RelativeVolume_std_20D_9_combine
2025-04-23 00:01:09,081 - 所有工作日数据完整
2025-04-23 00:01:09,081 - 最新数据日期: 2025-04-23
2025-04-23 00:01:09,081 - 信号 RelativeVolume_std_20D_9_combine 检查完成，状态: normal

2025-04-23 00:01:14,287 - 
检查信号: RelativeReturn_std
2025-04-23 00:01:14,309 - 文件 index_return.csv 数据完整
2025-04-23 00:01:14,309 - 信号 RelativeReturn_std 检查完成，状态: normal

2025-04-23 00:01:14,310 - 
检查信号数据: RelativeReturn_std_20D_9_combine
2025-04-23 00:01:14,310 - 数据路径: D:\Signal\signal_boost\prod\RelativeReturn_std_20D_9_combine
2025-04-23 00:01:14,471 - 所有工作日数据完整
2025-04-23 00:01:14,471 - 最新数据日期: 2025-04-23
2025-04-23 00:01:14,471 - 信号 RelativeReturn_std_20D_9_combine 检查完成，状态: normal

2025-04-23 00:01:19,669 - 
检查信号: EarningsYield_Reverse
2025-04-23 00:01:19,682 - 文件 ygData.csv 数据完整
2025-04-23 00:01:19,682 - 信号 EarningsYield_Reverse 检查完成，状态: normal

2025-04-23 00:01:19,683 - 
检查信号数据: EarningsYield_Reverse_1D_9_combine
2025-04-23 00:01:19,683 - 数据路径: D:\Signal\signal_boost\prod\EarningsYield_Reverse_1D_9_combine
2025-04-23 00:01:19,983 - 所有工作日数据完整
2025-04-23 00:01:19,984 - 最新数据日期: 2025-04-23
2025-04-23 00:01:19,984 - 信号 EarningsYield_Reverse_1D_9_combine 检查完成，状态: normal

2025-04-23 00:01:25,122 - 
检查信号: Growth
2025-04-23 00:01:25,136 - 文件 ygData.csv 数据完整
2025-04-23 00:01:25,136 - 信号 Growth 检查完成，状态: normal

2025-04-23 00:01:25,136 - 
检查信号数据: Growth_1D_9_combine
2025-04-23 00:01:25,136 - 数据路径: D:\Signal\signal_boost\prod\Growth_1D_9_combine
2025-04-23 00:01:25,436 - 所有工作日数据完整
2025-04-23 00:01:25,436 - 最新数据日期: 2025-04-23
2025-04-23 00:01:25,437 - 信号 Growth_1D_9_combine 检查完成，状态: normal

2025-04-23 00:01:30,553 - 
检查信号: LHBProportion
2025-04-23 00:01:30,561 - 文件 LHB_AMT_proportion.csv 数据完整
2025-04-23 00:01:30,574 - 文件 IndexAmt.csv 数据完整
2025-04-23 00:01:30,574 - 信号 LHBProportion 检查完成，状态: normal

2025-04-23 00:01:30,574 - 
检查信号数据: LHBProportion_1D_9_combine
2025-04-23 00:01:30,574 - 数据路径: D:\Signal\signal_boost\prod\LHBProportion_1D_9_combine
2025-04-23 00:01:30,736 - 所有工作日数据完整
2025-04-23 00:01:30,736 - 最新数据日期: 2025-04-23
2025-04-23 00:01:30,736 - 信号 LHBProportion_1D_9_combine 检查完成，状态: normal

2025-04-23 00:01:35,730 - 
检查信号: NLBP_difference
2025-04-23 00:01:35,739 - 文件 NetLeverageBuying.csv 数据完整
2025-04-23 00:01:35,739 - 信号 NLBP_difference 检查完成，状态: normal

2025-04-23 00:01:35,739 - 
检查信号数据: NLBP_difference_1D_9_combine
2025-04-23 00:01:35,739 - 数据路径: D:\Signal\signal_boost\prod\NLBP_difference_1D_9_combine
2025-04-23 00:01:35,902 - 所有工作日数据完整
2025-04-23 00:01:35,902 - 最新数据日期: 2025-04-23
2025-04-23 00:01:35,902 - 信号 NLBP_difference_1D_9_combine 检查完成，状态: normal

2025-04-23 00:01:40,880 - 
检查信号: LargeOrder_difference
2025-04-23 00:01:40,890 - 文件 LargeOrderInflow.csv 数据完整
2025-04-23 00:01:40,890 - 信号 LargeOrder_difference 检查完成，状态: normal

2025-04-23 00:01:40,890 - 
检查信号数据: LargeOrder_difference_1D_9_combine
2025-04-23 00:01:40,890 - 数据路径: D:\Signal\signal_boost\prod\LargeOrder_difference_1D_9_combine
2025-04-23 00:01:41,168 - 所有工作日数据完整
2025-04-23 00:01:41,169 - 最新数据日期: 2025-04-23
2025-04-23 00:01:41,169 - 信号 LargeOrder_difference_1D_9_combine 检查完成，状态: normal

2025-04-23 00:01:45,343 - 
检查信号: Monthly_effect
2025-04-23 00:01:45,366 - 文件 index_return.csv 数据完整
2025-04-23 00:01:45,366 - 信号 Monthly_effect 检查完成，状态: normal

2025-04-23 00:01:45,366 - 
检查信号数据: Monthly_effect_1D_9_combine
2025-04-23 00:01:45,366 - 数据路径: D:\Signal\signal_boost\prod\Monthly_effect_1D_9_combine
2025-04-23 00:01:45,680 - 所有工作日数据完整
2025-04-23 00:01:45,680 - 最新数据日期: 2025-04-23
2025-04-23 00:01:45,681 - 信号 Monthly_effect_1D_9_combine 检查完成，状态: normal

2025-04-23 00:01:54,164 - 
检查信号: CPI
2025-04-23 00:01:54,175 - 文件 CPI.csv 数据完整
2025-04-23 00:01:54,175 - 信号 CPI 检查完成，状态: normal

2025-04-23 00:01:54,176 - 
检查信号数据: CPI_1D_9_combine
2025-04-23 00:01:54,176 - 数据路径: D:\Signal\signal_boost\prod\CPI_1D_9_combine
2025-04-23 00:01:54,487 - 所有工作日数据完整
2025-04-23 00:01:54,488 - 最新数据日期: 2025-04-23
2025-04-23 00:01:54,488 - 信号 CPI_1D_9_combine 检查完成，状态: normal

2025-04-23 00:02:00,161 - 
检查信号: PPI
2025-04-23 00:02:00,172 - 文件 PPI.csv 数据完整
2025-04-23 00:02:00,172 - 信号 PPI 检查完成，状态: normal

2025-04-23 00:02:00,172 - 
检查信号数据: PPI_1D_9_combine
2025-04-23 00:02:00,172 - 数据路径: D:\Signal\signal_boost\prod\PPI_1D_9_combine
2025-04-23 00:02:00,482 - 所有工作日数据完整
2025-04-23 00:02:00,482 - 最新数据日期: 2025-04-23
2025-04-23 00:02:00,482 - 信号 PPI_1D_9_combine 检查完成，状态: normal

2025-04-23 00:02:06,142 - 
检查信号: PMI
2025-04-23 00:02:06,152 - 文件 PMI.csv 数据完整
2025-04-23 00:02:06,153 - 信号 PMI 检查完成，状态: normal

2025-04-23 00:02:06,153 - 
检查信号数据: PMI_1D_9_combine
2025-04-23 00:02:06,153 - 数据路径: D:\Signal\signal_boost\prod\PMI_1D_9_combine
2025-04-23 00:02:06,464 - 所有工作日数据完整
2025-04-23 00:02:06,464 - 最新数据日期: 2025-04-23
2025-04-23 00:02:06,464 - 信号 PMI_1D_9_combine 检查完成，状态: normal

2025-04-23 00:02:12,101 - 
检查信号: Stock_HL
2025-04-23 00:02:14,343 - 文件 stock_close.csv 数据完整
2025-04-23 00:02:14,343 - 信号 Stock_HL 检查完成，状态: normal

2025-04-23 00:02:14,343 - 
检查信号数据: Stock_HL_1D_9_combine
2025-04-23 00:02:14,344 - 数据路径: D:\Signal\signal_boost\prod\Stock_HL_1D_9_combine
2025-04-23 00:02:14,617 - 所有工作日数据完整
2025-04-23 00:02:14,618 - 最新数据日期: 2025-04-23
2025-04-23 00:02:14,618 - 信号 Stock_HL_1D_9_combine 检查完成，状态: normal

2025-04-23 00:02:42,093 - 
检查信号: Rsi_difference
2025-04-23 00:02:44,324 - 文件 stock_close.csv 数据完整
2025-04-23 00:02:44,324 - 信号 Rsi_difference 检查完成，状态: normal

2025-04-23 00:02:44,324 - 
检查信号数据: Rsi_difference_1D_9_combine
2025-04-23 00:02:44,324 - 数据路径: D:\Signal\signal_boost\prod\Rsi_difference_1D_9_combine
2025-04-23 00:02:44,607 - 所有工作日数据完整
2025-04-23 00:02:44,608 - 最新数据日期: 2025-04-23
2025-04-23 00:02:44,608 - 信号 Rsi_difference_1D_9_combine 检查完成，状态: normal

2025-04-23 00:03:12,235 - 
检查信号: RaisingTrend_proportion
2025-04-23 00:03:14,474 - 文件 stock_close.csv 数据完整
2025-04-23 00:03:14,474 - 信号 RaisingTrend_proportion 检查完成，状态: normal

2025-04-23 00:03:14,474 - 
检查信号数据: RaisingTrend_proportion_1D_9_combine
2025-04-23 00:03:14,474 - 数据路径: D:\Signal\signal_boost\prod\RaisingTrend_proportion_1D_9_combine
2025-04-23 00:03:14,725 - 所有工作日数据完整
2025-04-23 00:03:14,725 - 最新数据日期: 2025-04-23
2025-04-23 00:03:14,725 - 信号 RaisingTrend_proportion_1D_9_combine 检查完成，状态: normal

2025-04-23 00:03:31,083 - 
检查信号: TargetIndex_MACD
2025-04-23 00:03:31,106 - 文件 index_return.csv 数据完整
2025-04-23 00:03:31,106 - 信号 TargetIndex_MACD 检查完成，状态: normal

2025-04-23 00:03:31,106 - 
检查信号数据: TargetIndex_MACD_1D_9_combine
2025-04-23 00:03:31,106 - 数据路径: D:\Signal\signal_boost\prod\TargetIndex_MACD_1D_9_combine
2025-04-23 00:03:31,422 - 所有工作日数据完整
2025-04-23 00:03:31,422 - 最新数据日期: 2025-04-23
2025-04-23 00:03:31,422 - 信号 TargetIndex_MACD_1D_9_combine 检查完成，状态: normal

2025-04-23 00:03:36,704 - 
检查信号: TargetIndex_BBANDS
2025-04-23 00:03:36,727 - 文件 index_return.csv 数据完整
2025-04-23 00:03:36,727 - 信号 TargetIndex_BBANDS 检查完成，状态: normal

2025-04-23 00:03:36,728 - 
检查信号数据: TargetIndex_BBANDS_1D_9_combine
2025-04-23 00:03:36,728 - 数据路径: D:\Signal\signal_boost\prod\TargetIndex_BBANDS_1D_9_combine
2025-04-23 00:03:37,043 - 所有工作日数据完整
2025-04-23 00:03:37,044 - 最新数据日期: 2025-04-23
2025-04-23 00:03:37,044 - 信号 TargetIndex_BBANDS_1D_9_combine 检查完成，状态: normal

2025-04-23 00:03:42,305 - 
检查信号: TargetIndex_MOMENTUM
2025-04-23 00:03:42,328 - 文件 index_return.csv 数据完整
2025-04-23 00:03:42,328 - 信号 TargetIndex_MOMENTUM 检查完成，状态: normal

2025-04-23 00:03:42,328 - 
检查信号数据: TargetIndex_MOMENTUM_1D_9_combine
2025-04-23 00:03:42,328 - 数据路径: D:\Signal\signal_boost\prod\TargetIndex_MOMENTUM_1D_9_combine
2025-04-23 00:03:42,641 - 所有工作日数据完整
2025-04-23 00:03:42,641 - 最新数据日期: 2025-04-23
2025-04-23 00:03:42,641 - 信号 TargetIndex_MOMENTUM_1D_9_combine 检查完成，状态: normal

2025-04-23 00:03:47,902 - 
检查信号: TargetIndex_PSA
2025-04-23 00:03:47,915 - 文件 IndexClose.csv 数据完整
2025-04-23 00:03:47,928 - 文件 IndexHigh.csv 数据完整
2025-04-23 00:03:47,940 - 文件 IndexLow.csv 数据完整
2025-04-23 00:03:47,940 - 信号 TargetIndex_PSA 检查完成，状态: normal

2025-04-23 00:03:47,940 - 
检查信号数据: TargetIndex_PSA_1D_9_combine
2025-04-23 00:03:47,940 - 数据路径: D:\Signal\signal_boost\prod\TargetIndex_PSA_1D_9_combine
2025-04-23 00:03:48,255 - 所有工作日数据完整
2025-04-23 00:03:48,255 - 最新数据日期: 2025-04-23
2025-04-23 00:03:48,255 - 信号 TargetIndex_PSA_1D_9_combine 检查完成，状态: normal

2025-04-23 00:03:53,739 - 
检查信号: TargetIndex_MOMENTUM2
2025-04-23 00:03:53,761 - 文件 index_return.csv 数据完整
2025-04-23 00:03:53,761 - 信号 TargetIndex_MOMENTUM2 检查完成，状态: normal

2025-04-23 00:03:53,761 - 
检查信号数据: TargetIndex_MOMENTUM2_1D_9_combine
2025-04-23 00:03:53,761 - 数据路径: D:\Signal\signal_boost\prod\TargetIndex_MOMENTUM2_1D_9_combine
2025-04-23 00:03:54,075 - 所有工作日数据完整
2025-04-23 00:03:54,076 - 最新数据日期: 2025-04-23
2025-04-23 00:03:54,076 - 信号 TargetIndex_MOMENTUM2_1D_9_combine 检查完成，状态: normal

2025-04-23 00:04:00,648 - 
检查信号: TargetIndex_REVERSE
2025-04-23 00:04:00,671 - 文件 index_return.csv 数据完整
2025-04-23 00:04:00,671 - 信号 TargetIndex_REVERSE 检查完成，状态: normal

2025-04-23 00:04:00,671 - 
检查信号数据: TargetIndex_REVERSE_1D_9_combine
2025-04-23 00:04:00,671 - 数据路径: D:\Signal\signal_boost\prod\TargetIndex_REVERSE_1D_9_combine
2025-04-23 00:04:00,985 - 所有工作日数据完整
2025-04-23 00:04:00,986 - 最新数据日期: 2025-04-23
2025-04-23 00:04:00,986 - 信号 TargetIndex_REVERSE_1D_9_combine 检查完成，状态: normal

2025-04-23 21:24:43,243 - 开始数据检查 - 检查期间: 2024-04-23 到 2025-04-23
2025-04-23 21:24:43,243 - 目标日期: 2025-04-23
2025-04-23 21:24:43,243 - 
检查信号: CreditSpread_9M
2025-04-23 21:24:43,254 - 文件 ChinaDevelopmentBankBonds.csv 数据完整
2025-04-23 21:24:43,264 - 文件 ChinaMediumTermNotes.csv 数据完整
2025-04-23 21:24:43,264 - 信号 CreditSpread_9M 检查完成，状态: normal

2025-04-23 21:24:43,264 - 
检查信号数据: CreditSpread_9M_1D_9_combine
2025-04-23 21:24:43,264 - 数据路径: D:\Signal\signal_boost\prod\CreditSpread_9M_1D_9_combine
2025-04-23 21:24:43,427 - 所有工作日数据完整
2025-04-23 21:24:43,427 - 最新数据日期: 2025-04-23
2025-04-23 21:24:43,428 - 信号 CreditSpread_9M_1D_9_combine 检查完成，状态: normal

2025-04-23 23:20:03,595 - 开始数据检查 - 检查期间: 2024-04-23 到 2025-04-23
2025-04-23 23:20:03,596 - 目标日期: 2025-04-23
2025-04-23 23:20:03,609 - 
检查信号: CreditSpread_9M
2025-04-23 23:20:03,620 - 文件 ChinaDevelopmentBankBonds.csv 数据完整
2025-04-23 23:20:03,634 - 文件 ChinaMediumTermNotes.csv 数据完整
2025-04-23 23:20:03,635 - 信号 CreditSpread_9M 检查完成，状态: normal

2025-04-23 23:20:03,636 - 
检查信号数据: CreditSpread_9M_1D_9_combine
2025-04-23 23:20:03,636 - 数据路径: D:\Signal\signal_boost\prod\CreditSpread_9M_1D_9_combine
2025-04-23 23:20:03,799 - 所有工作日数据完整
2025-04-23 23:20:03,799 - 最新数据日期: 2025-04-23
2025-04-23 23:20:03,802 - 信号 CreditSpread_9M_1D_9_combine 检查完成，状态: normal

2025-04-23 23:20:08,932 - 
检查信号: CreditSpread_5Y
2025-04-23 23:20:08,942 - 文件 ChinaDevelopmentBankBonds.csv 数据完整
2025-04-23 23:20:08,951 - 文件 ChinaMediumTermNotes.csv 数据完整
2025-04-23 23:20:08,952 - 信号 CreditSpread_5Y 检查完成，状态: normal

2025-04-23 23:20:08,952 - 
检查信号数据: CreditSpread_5Y_1D_9_combine
2025-04-23 23:20:08,952 - 数据路径: D:\Signal\signal_boost\prod\CreditSpread_5Y_1D_9_combine
2025-04-23 23:20:09,114 - 所有工作日数据完整
2025-04-23 23:20:09,115 - 最新数据日期: 2025-04-23
2025-04-23 23:20:09,115 - 信号 CreditSpread_5Y_1D_9_combine 检查完成，状态: normal

2025-04-23 23:20:14,122 - 
检查信号: Shibor_2W
2025-04-23 23:20:14,132 - 文件 Shibor.csv 数据完整
2025-04-23 23:20:14,132 - 信号 Shibor_2W 检查完成，状态: normal

2025-04-23 23:20:14,132 - 
检查信号数据: Shibor_2W_45D_9_combine
2025-04-23 23:20:14,133 - 数据路径: D:\Signal\signal_boost\prod\Shibor_2W_45D_9_combine
2025-04-23 23:20:14,290 - 所有工作日数据完整
2025-04-23 23:20:14,291 - 最新数据日期: 2025-04-23
2025-04-23 23:20:14,292 - 信号 Shibor_2W_45D_9_combine 检查完成，状态: normal

2025-04-23 23:20:21,556 - 
检查信号: Shibor_9M
2025-04-23 23:20:21,565 - 文件 Shibor.csv 数据完整
2025-04-23 23:20:21,565 - 信号 Shibor_9M 检查完成，状态: normal

2025-04-23 23:20:21,566 - 
检查信号数据: Shibor_9M_45D_9_combine
2025-04-23 23:20:21,566 - 数据路径: D:\Signal\signal_boost\prod\Shibor_9M_45D_9_combine
2025-04-23 23:20:21,724 - 所有工作日数据完整
2025-04-23 23:20:21,724 - 最新数据日期: 2025-04-23
2025-04-23 23:20:21,725 - 信号 Shibor_9M_45D_9_combine 检查完成，状态: normal

2025-04-23 23:20:27,302 - 
检查信号: Bond_3Y
2025-04-23 23:20:27,312 - 文件 ChinaGovernmentBonds.csv 数据完整
2025-04-23 23:20:27,312 - 信号 Bond_3Y 检查完成，状态: normal

2025-04-23 23:20:27,312 - 
检查信号数据: Bond_3Y_90D_9_combine
2025-04-23 23:20:27,313 - 数据路径: D:\Signal\signal_boost\prod\Bond_3Y_90D_9_combine
2025-04-23 23:20:27,462 - 所有工作日数据完整
2025-04-23 23:20:27,463 - 最新数据日期: 2025-04-23
2025-04-23 23:20:27,464 - 信号 Bond_3Y_90D_9_combine 检查完成，状态: normal

2025-04-23 23:20:34,667 - 
检查信号: Bond_10Y
2025-04-23 23:20:34,677 - 文件 ChinaGovernmentBonds.csv 数据完整
2025-04-23 23:20:34,677 - 信号 Bond_10Y 检查完成，状态: normal

2025-04-23 23:20:34,678 - 
检查信号数据: Bond_10Y_90D_9_combine
2025-04-23 23:20:34,678 - 数据路径: D:\Signal\signal_boost\prod\Bond_10Y_90D_9_combine
2025-04-23 23:20:34,830 - 所有工作日数据完整
2025-04-23 23:20:34,830 - 最新数据日期: 2025-04-23
2025-04-23 23:20:34,831 - 信号 Bond_10Y_90D_9_combine 检查完成，状态: normal

2025-04-23 23:20:42,065 - 
检查信号: USDX
2025-04-23 23:20:42,074 - 文件 UsDollar.csv 数据完整
2025-04-23 23:20:42,074 - 信号 USDX 检查完成，状态: normal

2025-04-23 23:20:42,076 - 
检查信号数据: USDX_120D_9_combine
2025-04-23 23:20:42,076 - 数据路径: D:\Signal\signal_boost\prod\USDX_120D_9_combine
2025-04-23 23:20:42,235 - 所有工作日数据完整
2025-04-23 23:20:42,236 - 最新数据日期: 2025-04-23
2025-04-23 23:20:42,240 - 信号 USDX_120D_9_combine 检查完成，状态: normal

2025-04-23 23:20:49,597 - 
检查信号: TermSpread_9Y
2025-04-23 23:20:49,608 - 文件 ChinaDevelopmentBankBonds.csv 数据完整
2025-04-23 23:20:49,608 - 信号 TermSpread_9Y 检查完成，状态: normal

2025-04-23 23:20:49,608 - 
检查信号数据: TermSpread_9Y_120D_9_combine
2025-04-23 23:20:49,608 - 数据路径: D:\Signal\signal_boost\prod\TermSpread_9Y_120D_9_combine
2025-04-23 23:20:49,758 - 所有工作日数据完整
2025-04-23 23:20:49,758 - 最新数据日期: 2025-04-23
2025-04-23 23:20:49,759 - 信号 TermSpread_9Y_120D_9_combine 检查完成，状态: normal

2025-04-23 23:20:57,041 - 
检查信号: M1M2
2025-04-23 23:20:57,052 - 文件 M1M2.csv 数据完整
2025-04-23 23:20:57,052 - 信号 M1M2 检查完成，状态: normal

2025-04-23 23:20:57,052 - 
检查信号数据: M1M2_90D_9_combine
2025-04-23 23:20:57,053 - 数据路径: D:\Signal\signal_boost\prod\M1M2_90D_9_combine
2025-04-23 23:20:57,205 - 所有工作日数据完整
2025-04-23 23:20:57,205 - 最新数据日期: 2025-04-23
2025-04-23 23:20:57,206 - 信号 M1M2_90D_9_combine 检查完成，状态: normal

2025-04-23 23:21:04,219 - 
检查信号: RelativeVolume_std
2025-04-23 23:21:04,233 - 文件 IndexVolume.csv 数据完整
2025-04-23 23:21:04,233 - 信号 RelativeVolume_std 检查完成，状态: normal

2025-04-23 23:21:04,233 - 
检查信号数据: RelativeVolume_std_20D_9_combine
2025-04-23 23:21:04,234 - 数据路径: D:\Signal\signal_boost\prod\RelativeVolume_std_20D_9_combine
2025-04-23 23:21:04,394 - 所有工作日数据完整
2025-04-23 23:21:04,395 - 最新数据日期: 2025-04-23
2025-04-23 23:21:04,396 - 信号 RelativeVolume_std_20D_9_combine 检查完成，状态: normal

2025-04-23 23:21:09,684 - 
检查信号: RelativeReturn_std
2025-04-23 23:21:09,707 - 文件 index_return.csv 数据完整
2025-04-23 23:21:09,707 - 信号 RelativeReturn_std 检查完成，状态: normal

2025-04-23 23:21:09,709 - 
检查信号数据: RelativeReturn_std_20D_9_combine
2025-04-23 23:21:09,709 - 数据路径: D:\Signal\signal_boost\prod\RelativeReturn_std_20D_9_combine
2025-04-23 23:21:09,870 - 所有工作日数据完整
2025-04-23 23:21:09,870 - 最新数据日期: 2025-04-23
2025-04-23 23:21:09,871 - 信号 RelativeReturn_std_20D_9_combine 检查完成，状态: normal

2025-04-23 23:21:15,324 - 
检查信号: EarningsYield_Reverse
2025-04-23 23:21:15,338 - 文件 ygData.csv 数据完整
2025-04-23 23:21:15,338 - 信号 EarningsYield_Reverse 检查完成，状态: normal

2025-04-23 23:21:15,338 - 
检查信号数据: EarningsYield_Reverse_1D_9_combine
2025-04-23 23:21:15,339 - 数据路径: D:\Signal\signal_boost\prod\EarningsYield_Reverse_1D_9_combine
2025-04-23 23:21:15,641 - 所有工作日数据完整
2025-04-23 23:21:15,641 - 最新数据日期: 2025-04-23
2025-04-23 23:21:15,642 - 信号 EarningsYield_Reverse_1D_9_combine 检查完成，状态: normal

2025-04-23 23:21:20,833 - 
检查信号: Growth
2025-04-23 23:21:20,847 - 文件 ygData.csv 数据完整
2025-04-23 23:21:20,847 - 信号 Growth 检查完成，状态: normal

2025-04-23 23:21:20,847 - 
检查信号数据: Growth_1D_9_combine
2025-04-23 23:21:20,847 - 数据路径: D:\Signal\signal_boost\prod\Growth_1D_9_combine
2025-04-23 23:21:21,150 - 所有工作日数据完整
2025-04-23 23:21:21,150 - 最新数据日期: 2025-04-23
2025-04-23 23:21:21,151 - 信号 Growth_1D_9_combine 检查完成，状态: normal

2025-04-23 23:21:26,284 - 
检查信号: LHBProportion
2025-04-23 23:21:26,292 - 文件 LHB_AMT_proportion.csv 数据完整
2025-04-23 23:21:26,306 - 文件 IndexAmt.csv 数据完整
2025-04-23 23:21:26,306 - 信号 LHBProportion 检查完成，状态: normal

2025-04-23 23:21:26,307 - 
检查信号数据: LHBProportion_1D_9_combine
2025-04-23 23:21:26,308 - 数据路径: D:\Signal\signal_boost\prod\LHBProportion_1D_9_combine
2025-04-23 23:21:26,471 - 所有工作日数据完整
2025-04-23 23:21:26,471 - 最新数据日期: 2025-04-23
2025-04-23 23:21:26,472 - 信号 LHBProportion_1D_9_combine 检查完成，状态: normal

2025-04-23 23:21:31,437 - 
检查信号: NLBP_difference
2025-04-23 23:21:31,446 - 文件 NetLeverageBuying.csv 数据完整
2025-04-23 23:21:31,446 - 信号 NLBP_difference 检查完成，状态: normal

2025-04-23 23:21:31,447 - 
检查信号数据: NLBP_difference_1D_9_combine
2025-04-23 23:21:31,447 - 数据路径: D:\Signal\signal_boost\prod\NLBP_difference_1D_9_combine
2025-04-23 23:21:31,609 - 所有工作日数据完整
2025-04-23 23:21:31,610 - 最新数据日期: 2025-04-23
2025-04-23 23:21:31,611 - 信号 NLBP_difference_1D_9_combine 检查完成，状态: normal

2025-04-23 23:21:36,590 - 
检查信号: LargeOrder_difference
2025-04-23 23:21:36,600 - 文件 LargeOrderInflow.csv 数据完整
2025-04-23 23:21:36,600 - 信号 LargeOrder_difference 检查完成，状态: normal

2025-04-23 23:21:36,600 - 
检查信号数据: LargeOrder_difference_1D_9_combine
2025-04-23 23:21:36,601 - 数据路径: D:\Signal\signal_boost\prod\LargeOrder_difference_1D_9_combine
2025-04-23 23:21:36,881 - 所有工作日数据完整
2025-04-23 23:21:36,881 - 最新数据日期: 2025-04-23
2025-04-23 23:21:36,882 - 信号 LargeOrder_difference_1D_9_combine 检查完成，状态: normal

2025-04-23 23:21:41,043 - 
检查信号: Monthly_effect
2025-04-23 23:21:41,066 - 文件 index_return.csv 数据完整
2025-04-23 23:21:41,066 - 信号 Monthly_effect 检查完成，状态: normal

2025-04-23 23:21:41,067 - 
检查信号数据: Monthly_effect_1D_9_combine
2025-04-23 23:21:41,067 - 数据路径: D:\Signal\signal_boost\prod\Monthly_effect_1D_9_combine
2025-04-23 23:21:41,381 - 所有工作日数据完整
2025-04-23 23:21:41,382 - 最新数据日期: 2025-04-23
2025-04-23 23:21:41,383 - 信号 Monthly_effect_1D_9_combine 检查完成，状态: normal

2025-04-23 23:21:49,851 - 
检查信号: CPI
2025-04-23 23:21:49,862 - 文件 CPI.csv 数据完整
2025-04-23 23:21:49,862 - 信号 CPI 检查完成，状态: normal

2025-04-23 23:21:49,862 - 
检查信号数据: CPI_1D_9_combine
2025-04-23 23:21:49,863 - 数据路径: D:\Signal\signal_boost\prod\CPI_1D_9_combine
2025-04-23 23:21:50,176 - 所有工作日数据完整
2025-04-23 23:21:50,176 - 最新数据日期: 2025-04-23
2025-04-23 23:21:50,177 - 信号 CPI_1D_9_combine 检查完成，状态: normal

2025-04-23 23:21:55,844 - 
检查信号: PPI
2025-04-23 23:21:55,854 - 文件 PPI.csv 数据完整
2025-04-23 23:21:55,855 - 信号 PPI 检查完成，状态: normal

2025-04-23 23:21:55,855 - 
检查信号数据: PPI_1D_9_combine
2025-04-23 23:21:55,855 - 数据路径: D:\Signal\signal_boost\prod\PPI_1D_9_combine
2025-04-23 23:21:56,168 - 所有工作日数据完整
2025-04-23 23:21:56,168 - 最新数据日期: 2025-04-23
2025-04-23 23:21:56,169 - 信号 PPI_1D_9_combine 检查完成，状态: normal

2025-04-23 23:22:01,836 - 
检查信号: PMI
2025-04-23 23:22:01,847 - 文件 PMI.csv 数据完整
2025-04-23 23:22:01,847 - 信号 PMI 检查完成，状态: normal

2025-04-23 23:22:01,847 - 
检查信号数据: PMI_1D_9_combine
2025-04-23 23:22:01,848 - 数据路径: D:\Signal\signal_boost\prod\PMI_1D_9_combine
2025-04-23 23:22:02,162 - 所有工作日数据完整
2025-04-23 23:22:02,162 - 最新数据日期: 2025-04-23
2025-04-23 23:22:02,163 - 信号 PMI_1D_9_combine 检查完成，状态: normal

2025-04-23 23:22:07,909 - 
检查信号: Stock_HL
2025-04-23 23:22:10,130 - 文件 stock_close.csv 数据不完整: 缺少以下日期: ['2025-04-23']
2025-04-23 23:22:10,130 - 信号 Stock_HL 检查完成，状态: error

2025-04-23 23:22:10,135 - 
检查信号: Rsi_difference
2025-04-23 23:22:12,362 - 文件 stock_close.csv 数据不完整: 缺少以下日期: ['2025-04-23']
2025-04-23 23:22:12,362 - 信号 Rsi_difference 检查完成，状态: error

2025-04-23 23:22:12,364 - 
检查信号: RaisingTrend_proportion
2025-04-23 23:22:14,575 - 文件 stock_close.csv 数据不完整: 缺少以下日期: ['2025-04-23']
2025-04-23 23:22:14,576 - 信号 RaisingTrend_proportion 检查完成，状态: error

2025-04-23 23:22:14,577 - 
检查信号: TargetIndex_MACD
2025-04-23 23:22:14,602 - 文件 index_return.csv 数据完整
2025-04-23 23:22:14,602 - 信号 TargetIndex_MACD 检查完成，状态: normal

2025-04-23 23:22:14,603 - 
检查信号数据: TargetIndex_MACD_1D_9_combine
2025-04-23 23:22:14,603 - 数据路径: D:\Signal\signal_boost\prod\TargetIndex_MACD_1D_9_combine
2025-04-23 23:22:14,921 - 所有工作日数据完整
2025-04-23 23:22:14,921 - 最新数据日期: 2025-04-23
2025-04-23 23:22:14,923 - 信号 TargetIndex_MACD_1D_9_combine 检查完成，状态: normal

2025-04-23 23:22:20,192 - 
检查信号: TargetIndex_BBANDS
2025-04-23 23:22:20,215 - 文件 index_return.csv 数据完整
2025-04-23 23:22:20,215 - 信号 TargetIndex_BBANDS 检查完成，状态: normal

2025-04-23 23:22:20,216 - 
检查信号数据: TargetIndex_BBANDS_1D_9_combine
2025-04-23 23:22:20,216 - 数据路径: D:\Signal\signal_boost\prod\TargetIndex_BBANDS_1D_9_combine
2025-04-23 23:22:20,532 - 所有工作日数据完整
2025-04-23 23:22:20,533 - 最新数据日期: 2025-04-23
2025-04-23 23:22:20,534 - 信号 TargetIndex_BBANDS_1D_9_combine 检查完成，状态: normal

2025-04-23 23:22:25,718 - 
检查信号: TargetIndex_MOMENTUM
2025-04-23 23:22:25,740 - 文件 index_return.csv 数据完整
2025-04-23 23:22:25,740 - 信号 TargetIndex_MOMENTUM 检查完成，状态: normal

2025-04-23 23:22:25,741 - 
检查信号数据: TargetIndex_MOMENTUM_1D_9_combine
2025-04-23 23:22:25,742 - 数据路径: D:\Signal\signal_boost\prod\TargetIndex_MOMENTUM_1D_9_combine
2025-04-23 23:22:26,058 - 所有工作日数据完整
2025-04-23 23:22:26,058 - 最新数据日期: 2025-04-23
2025-04-23 23:22:26,059 - 信号 TargetIndex_MOMENTUM_1D_9_combine 检查完成，状态: normal

2025-04-23 23:22:31,418 - 
检查信号: TargetIndex_PSA
2025-04-23 23:22:31,431 - 文件 IndexClose.csv 数据完整
2025-04-23 23:22:31,444 - 文件 IndexHigh.csv 数据完整
2025-04-23 23:22:31,455 - 文件 IndexLow.csv 数据完整
2025-04-23 23:22:31,455 - 信号 TargetIndex_PSA 检查完成，状态: normal

2025-04-23 23:22:31,456 - 
检查信号数据: TargetIndex_PSA_1D_9_combine
2025-04-23 23:22:31,456 - 数据路径: D:\Signal\signal_boost\prod\TargetIndex_PSA_1D_9_combine
2025-04-23 23:22:31,771 - 所有工作日数据完整
2025-04-23 23:22:31,772 - 最新数据日期: 2025-04-23
2025-04-23 23:22:31,772 - 信号 TargetIndex_PSA_1D_9_combine 检查完成，状态: normal

2025-04-23 23:22:37,288 - 
检查信号: TargetIndex_MOMENTUM2
2025-04-23 23:22:37,311 - 文件 index_return.csv 数据完整
2025-04-23 23:22:37,311 - 信号 TargetIndex_MOMENTUM2 检查完成，状态: normal

2025-04-23 23:22:37,312 - 
检查信号数据: TargetIndex_MOMENTUM2_1D_9_combine
2025-04-23 23:22:37,312 - 数据路径: D:\Signal\signal_boost\prod\TargetIndex_MOMENTUM2_1D_9_combine
2025-04-23 23:22:37,630 - 所有工作日数据完整
2025-04-23 23:22:37,630 - 最新数据日期: 2025-04-23
2025-04-23 23:22:37,631 - 信号 TargetIndex_MOMENTUM2_1D_9_combine 检查完成，状态: normal

2025-04-23 23:22:44,237 - 
检查信号: TargetIndex_REVERSE
2025-04-23 23:22:44,260 - 文件 index_return.csv 数据完整
2025-04-23 23:22:44,260 - 信号 TargetIndex_REVERSE 检查完成，状态: normal

2025-04-23 23:22:44,261 - 
检查信号数据: TargetIndex_REVERSE_1D_9_combine
2025-04-23 23:22:44,262 - 数据路径: D:\Signal\signal_boost\prod\TargetIndex_REVERSE_1D_9_combine
2025-04-23 23:22:44,578 - 所有工作日数据完整
2025-04-23 23:22:44,578 - 最新数据日期: 2025-04-23
2025-04-23 23:22:44,579 - 信号 TargetIndex_REVERSE_1D_9_combine 检查完成，状态: normal

